000 (4946000.000.000) 01/25 07:20:35 Job submitted from host: <188.185.121.235:9618?addrs=188.185.121.235-9618+[2001-1458-d00-49--100-36e]-9618&alias=bigbird22.cern.ch&noUDP&sock=schedd_849351_b7ee>
...
000 (4946000.001.000) 01/25 07:20:35 Job submitted from host: <188.185.121.235:9618?addrs=188.185.121.235-9618+[2001-1458-d00-49--100-36e]-9618&alias=bigbird22.cern.ch&noUDP&sock=schedd_849351_b7ee>
...
000 (4946000.002.000) 01/25 07:20:35 Job submitted from host: <188.185.121.235:9618?addrs=188.185.121.235-9618+[2001-1458-d00-49--100-36e]-9618&alias=bigbird22.cern.ch&noUDP&sock=schedd_849351_b7ee>
...
000 (4946000.003.000) 01/25 07:20:35 Job submitted from host: <188.185.121.235:9618?addrs=188.185.121.235-9618+[2001-1458-d00-49--100-36e]-9618&alias=bigbird22.cern.ch&noUDP&sock=schedd_849351_b7ee>
...
000 (4946000.004.000) 01/25 07:20:35 Job submitted from host: <188.185.121.235:9618?addrs=188.185.121.235-9618+[2001-1458-d00-49--100-36e]-9618&alias=bigbird22.cern.ch&noUDP&sock=schedd_849351_b7ee>
...
000 (4946000.005.000) 01/25 07:20:35 Job submitted from host: <188.185.121.235:9618?addrs=188.185.121.235-9618+[2001-1458-d00-49--100-36e]-9618&alias=bigbird22.cern.ch&noUDP&sock=schedd_849351_b7ee>
...
000 (4946000.006.000) 01/25 07:20:35 Job submitted from host: <188.185.121.235:9618?addrs=188.185.121.235-9618+[2001-1458-d00-49--100-36e]-9618&alias=bigbird22.cern.ch&noUDP&sock=schedd_849351_b7ee>
...
000 (4946000.007.000) 01/25 07:20:35 Job submitted from host: <188.185.121.235:9618?addrs=188.185.121.235-9618+[2001-1458-d00-49--100-36e]-9618&alias=bigbird22.cern.ch&noUDP&sock=schedd_849351_b7ee>
...
000 (4946000.008.000) 01/25 07:20:35 Job submitted from host: <188.185.121.235:9618?addrs=188.185.121.235-9618+[2001-1458-d00-49--100-36e]-9618&alias=bigbird22.cern.ch&noUDP&sock=schedd_849351_b7ee>
...
000 (4946000.009.000) 01/25 07:20:35 Job submitted from host: <188.185.121.235:9618?addrs=188.185.121.235-9618+[2001-1458-d00-49--100-36e]-9618&alias=bigbird22.cern.ch&noUDP&sock=schedd_849351_b7ee>
...
000 (4946000.010.000) 01/25 07:20:35 Job submitted from host: <188.185.121.235:9618?addrs=188.185.121.235-9618+[2001-1458-d00-49--100-36e]-9618&alias=bigbird22.cern.ch&noUDP&sock=schedd_849351_b7ee>
...
000 (4946000.011.000) 01/25 07:20:35 Job submitted from host: <188.185.121.235:9618?addrs=188.185.121.235-9618+[2001-1458-d00-49--100-36e]-9618&alias=bigbird22.cern.ch&noUDP&sock=schedd_849351_b7ee>
...
000 (4946000.012.000) 01/25 07:20:35 Job submitted from host: <188.185.121.235:9618?addrs=188.185.121.235-9618+[2001-1458-d00-49--100-36e]-9618&alias=bigbird22.cern.ch&noUDP&sock=schedd_849351_b7ee>
...
000 (4946000.013.000) 01/25 07:20:35 Job submitted from host: <188.185.121.235:9618?addrs=188.185.121.235-9618+[2001-1458-d00-49--100-36e]-9618&alias=bigbird22.cern.ch&noUDP&sock=schedd_849351_b7ee>
...
000 (4946000.014.000) 01/25 07:20:35 Job submitted from host: <188.185.121.235:9618?addrs=188.185.121.235-9618+[2001-1458-d00-49--100-36e]-9618&alias=bigbird22.cern.ch&noUDP&sock=schedd_849351_b7ee>
...
000 (4946000.015.000) 01/25 07:20:35 Job submitted from host: <188.185.121.235:9618?addrs=188.185.121.235-9618+[2001-1458-d00-49--100-36e]-9618&alias=bigbird22.cern.ch&noUDP&sock=schedd_849351_b7ee>
...
000 (4946000.016.000) 01/25 07:20:35 Job submitted from host: <188.185.121.235:9618?addrs=188.185.121.235-9618+[2001-1458-d00-49--100-36e]-9618&alias=bigbird22.cern.ch&noUDP&sock=schedd_849351_b7ee>
...
000 (4946000.017.000) 01/25 07:20:35 Job submitted from host: <188.185.121.235:9618?addrs=188.185.121.235-9618+[2001-1458-d00-49--100-36e]-9618&alias=bigbird22.cern.ch&noUDP&sock=schedd_849351_b7ee>
...
000 (4946000.018.000) 01/25 07:20:35 Job submitted from host: <188.185.121.235:9618?addrs=188.185.121.235-9618+[2001-1458-d00-49--100-36e]-9618&alias=bigbird22.cern.ch&noUDP&sock=schedd_849351_b7ee>
...
000 (4946000.019.000) 01/25 07:20:35 Job submitted from host: <188.185.121.235:9618?addrs=188.185.121.235-9618+[2001-1458-d00-49--100-36e]-9618&alias=bigbird22.cern.ch&noUDP&sock=schedd_849351_b7ee>
...
000 (4946000.020.000) 01/25 07:20:35 Job submitted from host: <188.185.121.235:9618?addrs=188.185.121.235-9618+[2001-1458-d00-49--100-36e]-9618&alias=bigbird22.cern.ch&noUDP&sock=schedd_849351_b7ee>
...
000 (4946000.021.000) 01/25 07:20:35 Job submitted from host: <188.185.121.235:9618?addrs=188.185.121.235-9618+[2001-1458-d00-49--100-36e]-9618&alias=bigbird22.cern.ch&noUDP&sock=schedd_849351_b7ee>
...
000 (4946000.022.000) 01/25 07:20:35 Job submitted from host: <188.185.121.235:9618?addrs=188.185.121.235-9618+[2001-1458-d00-49--100-36e]-9618&alias=bigbird22.cern.ch&noUDP&sock=schedd_849351_b7ee>
...
000 (4946000.023.000) 01/25 07:20:35 Job submitted from host: <188.185.121.235:9618?addrs=188.185.121.235-9618+[2001-1458-d00-49--100-36e]-9618&alias=bigbird22.cern.ch&noUDP&sock=schedd_849351_b7ee>
...
040 (4946000.000.000) 01/25 07:26:33 Started transferring input files
	Transferring to host: <128.142.63.35:9618?addrs=128.142.63.35-9618+[2001-1458-301-38--100-20]-9618&alias=b9s08p8065.cern.ch&noUDP&sock=slot1_28_2620_c6e4_3779>
...
040 (4946000.000.000) 01/25 07:26:33 Finished transferring input files
...
001 (4946000.000.000) 01/25 07:26:34 Job executing on host: <128.142.63.35:9618?addrs=128.142.63.35-9618+[2001-1458-301-38--100-20]-9618&alias=b9s08p8065.cern.ch&noUDP&sock=startd_2546_ec36>
...
040 (4946000.004.000) 01/25 07:26:35 Started transferring input files
	Transferring to host: <128.142.60.69:9618?addrs=128.142.60.69-9618+[2001-1458-301-22--100-44]-9618&alias=b9s05p5480.cern.ch&noUDP&sock=slot1_35_568672_9e4e_9320>
...
040 (4946000.004.000) 01/25 07:26:35 Finished transferring input files
...
040 (4946000.002.000) 01/25 07:26:35 Started transferring input files
	Transferring to host: <128.142.33.205:9618?addrs=128.142.33.205-9618+[2001-1458-301-39--100-a]-9618&alias=b9g24p6994.cern.ch&noUDP&sock=slot1_1_8697_92bb_85430>
...
040 (4946000.002.000) 01/25 07:26:35 Finished transferring input files
...
040 (4946000.003.000) 01/25 07:26:35 Started transferring input files
	Transferring to host: <128.142.194.166:9618?addrs=128.142.194.166-9618+[2001-1458-301-13--100-26]-9618&alias=b9g30p3868.cern.ch&noUDP&sock=slot1_13_33502_f08b_15676>
...
040 (4946000.003.000) 01/25 07:26:35 Finished transferring input files
...
040 (4946000.001.000) 01/25 07:26:35 Started transferring input files
	Transferring to host: <128.142.63.66:9618?addrs=128.142.63.66-9618+[2001-1458-301-38--100-3f]-9618&alias=b9s08p5486.cern.ch&noUDP&sock=slot1_21_827110_919b_9310>
...
040 (4946000.001.000) 01/25 07:26:35 Finished transferring input files
...
040 (4946000.007.000) 01/25 07:26:36 Started transferring input files
	Transferring to host: <128.142.33.212:9618?addrs=128.142.33.212-9618+[2001-1458-301-39--100-11]-9618&alias=b9g24p7653.cern.ch&noUDP&sock=slot1_21_4192197_c7c3_16617>
...
040 (4946000.007.000) 01/25 07:26:36 Finished transferring input files
...
040 (4946000.005.000) 01/25 07:26:36 Started transferring input files
	Transferring to host: <128.142.61.95:9618?addrs=128.142.61.95-9618+[2001-1458-301-23--100-5e]-9618&alias=b9s06p7175.cern.ch&noUDP&sock=slot1_4_499611_e576_8616>
...
040 (4946000.005.000) 01/25 07:26:36 Finished transferring input files
...
001 (4946000.004.000) 01/25 07:26:36 Job executing on host: <128.142.60.69:9618?addrs=128.142.60.69-9618+[2001-1458-301-22--100-44]-9618&alias=b9s05p5480.cern.ch&noUDP&sock=startd_568633_8505>
...
040 (4946000.006.000) 01/25 07:26:36 Started transferring input files
	Transferring to host: <128.142.61.36:9618?addrs=128.142.61.36-9618+[2001-1458-301-23--100-23]-9618&alias=b9s06p9321.cern.ch&noUDP&sock=slot1_3_57068_518a_8814>
...
040 (4946000.006.000) 01/25 07:26:36 Finished transferring input files
...
001 (4946000.002.000) 01/25 07:26:36 Job executing on host: <128.142.33.205:9618?addrs=128.142.33.205-9618+[2001-1458-301-39--100-a]-9618&alias=b9g24p6994.cern.ch&noUDP&sock=startd_7533_9704>
...
001 (4946000.003.000) 01/25 07:26:36 Job executing on host: <128.142.194.166:9618?addrs=128.142.194.166-9618+[2001-1458-301-13--100-26]-9618&alias=b9g30p3868.cern.ch&noUDP&sock=startd_33443_b1de>
...
001 (4946000.001.000) 01/25 07:26:36 Job executing on host: <128.142.63.66:9618?addrs=128.142.63.66-9618+[2001-1458-301-38--100-3f]-9618&alias=b9s08p5486.cern.ch&noUDP&sock=startd_827072_2d75>
...
001 (4946000.007.000) 01/25 07:26:37 Job executing on host: <128.142.33.212:9618?addrs=128.142.33.212-9618+[2001-1458-301-39--100-11]-9618&alias=b9g24p7653.cern.ch&noUDP&sock=startd_6664_8737>
...
001 (4946000.005.000) 01/25 07:26:37 Job executing on host: <128.142.61.95:9618?addrs=128.142.61.95-9618+[2001-1458-301-23--100-5e]-9618&alias=b9s06p7175.cern.ch&noUDP&sock=startd_499573_1a91>
...
040 (4946000.009.000) 01/25 07:26:37 Started transferring input files
	Transferring to host: <128.142.194.140:9618?addrs=128.142.194.140-9618+[2001-1458-301-13--100-c]-9618&alias=b9g30p8940.cern.ch&noUDP&sock=slot1_41_14692_97cf_45874>
...
040 (4946000.009.000) 01/25 07:26:37 Finished transferring input files
...
001 (4946000.006.000) 01/25 07:26:37 Job executing on host: <128.142.61.36:9618?addrs=128.142.61.36-9618+[2001-1458-301-23--100-23]-9618&alias=b9s06p9321.cern.ch&noUDP&sock=startd_57028_0b07>
...
040 (4946000.008.000) 01/25 07:26:37 Started transferring input files
	Transferring to host: <128.142.63.78:9618?addrs=128.142.63.78-9618+[2001-1458-301-38--100-4b]-9618&alias=b9s08p3972.cern.ch&noUDP&sock=slot1_12_409569_2968_9439>
...
040 (4946000.008.000) 01/25 07:26:37 Finished transferring input files
...
040 (4946000.014.000) 01/25 07:26:38 Started transferring input files
	Transferring to host: <188.184.163.147:9618?addrs=188.184.163.147-9618+[2001-1458-301-4d--100-8d]-9618&alias=b9s12p1379.cern.ch&noUDP&sock=slot1_21_466895_83c3_9047>
...
040 (4946000.014.000) 01/25 07:26:38 Finished transferring input files
...
040 (4946000.016.000) 01/25 07:26:38 Started transferring input files
	Transferring to host: <188.184.164.95:9618?addrs=188.184.164.95-9618+[2001-1458-301-4e--100-59]-9618&alias=b9s13p8811.cern.ch&noUDP&sock=slot1_5_119596_f378_8656>
...
040 (4946000.016.000) 01/25 07:26:38 Finished transferring input files
...
001 (4946000.009.000) 01/25 07:26:38 Job executing on host: <128.142.194.140:9618?addrs=128.142.194.140-9618+[2001-1458-301-13--100-c]-9618&alias=b9g30p8940.cern.ch&noUDP&sock=startd_13484_7b1d>
...
040 (4946000.010.000) 01/25 07:26:38 Started transferring input files
	Transferring to host: <128.142.63.47:9618?addrs=128.142.63.47-9618+[2001-1458-301-38--100-2c]-9618&alias=b9s08p8407.cern.ch&noUDP&sock=slot1_4_502109_f69b_9379>
...
040 (4946000.010.000) 01/25 07:26:38 Finished transferring input files
...
001 (4946000.008.000) 01/25 07:26:38 Job executing on host: <128.142.63.78:9618?addrs=128.142.63.78-9618+[2001-1458-301-38--100-4b]-9618&alias=b9s08p3972.cern.ch&noUDP&sock=startd_409531_c7f9>
...
040 (4946000.012.000) 01/25 07:26:38 Started transferring input files
	Transferring to host: <128.142.63.50:9618?addrs=128.142.63.50-9618+[2001-1458-301-38--100-2f]-9618&alias=b9s08p7336.cern.ch&noUDP&sock=slot1_20_90097_3ca9_9110>
...
040 (4946000.012.000) 01/25 07:26:38 Finished transferring input files
...
040 (4946000.013.000) 01/25 07:26:38 Started transferring input files
	Transferring to host: <128.142.61.53:9618?addrs=128.142.61.53-9618+[2001-1458-301-23--100-34]-9618&alias=b9s06p9941.cern.ch&noUDP&sock=slot1_26_539084_321b_8712>
...
040 (4946000.013.000) 01/25 07:26:38 Finished transferring input files
...
001 (4946000.014.000) 01/25 07:26:39 Job executing on host: <188.184.163.147:9618?addrs=188.184.163.147-9618+[2001-1458-301-4d--100-8d]-9618&alias=b9s12p1379.cern.ch&noUDP&sock=startd_466738_065e>
...
001 (4946000.016.000) 01/25 07:26:39 Job executing on host: <188.184.164.95:9618?addrs=188.184.164.95-9618+[2001-1458-301-4e--100-59]-9618&alias=b9s13p8811.cern.ch&noUDP&sock=startd_119557_bc74>
...
040 (4946000.015.000) 01/25 07:26:39 Started transferring input files
	Transferring to host: <188.184.162.199:9618?addrs=188.184.162.199-9618+[2001-1458-301-4a--100-c1]-9618&alias=b9s11p4483.cern.ch&noUDP&sock=slot1_1_502917_45bc_9581>
...
040 (4946000.015.000) 01/25 07:26:39 Finished transferring input files
...
001 (4946000.010.000) 01/25 07:26:39 Job executing on host: <128.142.63.47:9618?addrs=128.142.63.47-9618+[2001-1458-301-38--100-2c]-9618&alias=b9s08p8407.cern.ch&noUDP&sock=startd_502070_d68c>
...
001 (4946000.012.000) 01/25 07:26:39 Job executing on host: <128.142.63.50:9618?addrs=128.142.63.50-9618+[2001-1458-301-38--100-2f]-9618&alias=b9s08p7336.cern.ch&noUDP&sock=startd_90057_309a>
...
001 (4946000.013.000) 01/25 07:26:39 Job executing on host: <128.142.61.53:9618?addrs=128.142.61.53-9618+[2001-1458-301-23--100-34]-9618&alias=b9s06p9941.cern.ch&noUDP&sock=startd_539044_ed3d>
...
040 (4946000.017.000) 01/25 07:26:40 Started transferring input files
	Transferring to host: <188.184.165.65:9618?addrs=188.184.165.65-9618+[2001-1458-301-51--100-3c]-9618&alias=b9s14p4415.cern.ch&noUDP&sock=slot1_9_3545_85e9_428>
...
040 (4946000.017.000) 01/25 07:26:40 Finished transferring input files
...
040 (4946000.019.000) 01/25 07:26:40 Started transferring input files
	Transferring to host: <188.184.162.161:9618?addrs=188.184.162.161-9618+[2001-1458-301-4a--100-9b]-9618&alias=b9s11p2214.cern.ch&noUDP&sock=slot1_48_577609_8b19_9216>
...
040 (4946000.019.000) 01/25 07:26:40 Finished transferring input files
...
040 (4946000.018.000) 01/25 07:26:40 Started transferring input files
	Transferring to host: <128.142.248.203:9618?addrs=128.142.248.203-9618+[2001-1458-301-73--100-ca]-9618&alias=b9g23p3344.cern.ch&noUDP&sock=slot1_2_2714612_7aae_2722>
...
040 (4946000.018.000) 01/25 07:26:40 Finished transferring input files
...
001 (4946000.015.000) 01/25 07:26:40 Job executing on host: <188.184.162.199:9618?addrs=188.184.162.199-9618+[2001-1458-301-4a--100-c1]-9618&alias=b9s11p4483.cern.ch&noUDP&sock=startd_502879_beaa>
...
001 (4946000.017.000) 01/25 07:26:41 Job executing on host: <188.184.165.65:9618?addrs=188.184.165.65-9618+[2001-1458-301-51--100-3c]-9618&alias=b9s14p4415.cern.ch&noUDP&sock=startd_3502_a8c0>
...
040 (4946000.020.000) 01/25 07:26:41 Started transferring input files
	Transferring to host: <188.184.162.43:9618?addrs=188.184.162.43-9618+[2001-1458-301-4a--100-25]-9618&alias=b9s11p2129.cern.ch&noUDP&sock=slot1_39_97987_74aa_8801>
...
040 (4946000.020.000) 01/25 07:26:41 Finished transferring input files
...
001 (4946000.019.000) 01/25 07:26:41 Job executing on host: <188.184.162.161:9618?addrs=188.184.162.161-9618+[2001-1458-301-4a--100-9b]-9618&alias=b9s11p2214.cern.ch&noUDP&sock=startd_577570_8eea>
...
001 (4946000.018.000) 01/25 07:26:41 Job executing on host: <128.142.248.203:9618?addrs=128.142.248.203-9618+[2001-1458-301-73--100-ca]-9618&alias=b9g23p3344.cern.ch&noUDP&sock=startd_118618_a906>
...
040 (4946000.021.000) 01/25 07:26:41 Started transferring input files
	Transferring to host: <188.184.163.22:9618?addrs=188.184.163.22-9618+[2001-1458-301-4d--100-10]-9618&alias=b9s12p5282.cern.ch&noUDP&sock=slot1_3_274200_7487_9535>
...
040 (4946000.021.000) 01/25 07:26:41 Finished transferring input files
...
040 (4946000.022.000) 01/25 07:26:41 Started transferring input files
	Transferring to host: <188.184.163.19:9618?addrs=188.184.163.19-9618+[2001-1458-301-4d--100-d]-9618&alias=b9s12p7826.cern.ch&noUDP&sock=slot1_15_403415_1cae_8351>
...
040 (4946000.022.000) 01/25 07:26:41 Finished transferring input files
...
040 (4946000.023.000) 01/25 07:26:42 Started transferring input files
	Transferring to host: <188.184.160.154:9618?addrs=188.184.160.154-9618+[2001-1458-301-48--100-94]-9618&alias=b9s09p2355.cern.ch&noUDP&sock=slot1_52_4451_e1ce_3233>
...
040 (4946000.023.000) 01/25 07:26:42 Finished transferring input files
...
001 (4946000.020.000) 01/25 07:26:42 Job executing on host: <188.184.162.43:9618?addrs=188.184.162.43-9618+[2001-1458-301-4a--100-25]-9618&alias=b9s11p2129.cern.ch&noUDP&sock=startd_97948_c26f>
...
006 (4946000.000.000) 01/25 07:26:42 Image size of job updated: 460220
	449  -  MemoryUsage of job (MB)
	459740  -  ResidentSetSize of job (KB)
...
001 (4946000.021.000) 01/25 07:26:42 Job executing on host: <188.184.163.22:9618?addrs=188.184.163.22-9618+[2001-1458-301-4d--100-10]-9618&alias=b9s12p5282.cern.ch&noUDP&sock=startd_274161_3882>
...
001 (4946000.022.000) 01/25 07:26:42 Job executing on host: <188.184.163.19:9618?addrs=188.184.163.19-9618+[2001-1458-301-4d--100-d]-9618&alias=b9s12p7826.cern.ch&noUDP&sock=startd_403375_46f5>
...
001 (4946000.023.000) 01/25 07:26:43 Job executing on host: <188.184.160.154:9618?addrs=188.184.160.154-9618+[2001-1458-301-48--100-94]-9618&alias=b9s09p2355.cern.ch&noUDP&sock=startd_3736_29ea>
...
006 (4946000.004.000) 01/25 07:26:44 Image size of job updated: 191632
	187  -  MemoryUsage of job (MB)
	191064  -  ResidentSetSize of job (KB)
...
006 (4946000.007.000) 01/25 07:26:45 Image size of job updated: 132180
	130  -  MemoryUsage of job (MB)
	132180  -  ResidentSetSize of job (KB)
...
006 (4946000.005.000) 01/25 07:26:45 Image size of job updated: 174084
	170  -  MemoryUsage of job (MB)
	173960  -  ResidentSetSize of job (KB)
...
006 (4946000.002.000) 01/25 07:26:45 Image size of job updated: 495612
	484  -  MemoryUsage of job (MB)
	495612  -  ResidentSetSize of job (KB)
...
006 (4946000.003.000) 01/25 07:26:45 Image size of job updated: 438532
	428  -  MemoryUsage of job (MB)
	437368  -  ResidentSetSize of job (KB)
...
006 (4946000.001.000) 01/25 07:26:45 Image size of job updated: 196880
	186  -  MemoryUsage of job (MB)
	190268  -  ResidentSetSize of job (KB)
...
006 (4946000.006.000) 01/25 07:26:46 Image size of job updated: 256580
	251  -  MemoryUsage of job (MB)
	256580  -  ResidentSetSize of job (KB)
...
006 (4946000.014.000) 01/25 07:26:47 Image size of job updated: 136488
	133  -  MemoryUsage of job (MB)
	135896  -  ResidentSetSize of job (KB)
...
006 (4946000.016.000) 01/25 07:26:47 Image size of job updated: 133296
	130  -  MemoryUsage of job (MB)
	133092  -  ResidentSetSize of job (KB)
...
006 (4946000.009.000) 01/25 07:26:47 Image size of job updated: 507728
	496  -  MemoryUsage of job (MB)
	507548  -  ResidentSetSize of job (KB)
...
006 (4946000.008.000) 01/25 07:26:47 Image size of job updated: 97964
	96  -  MemoryUsage of job (MB)
	97728  -  ResidentSetSize of job (KB)
...
006 (4946000.015.000) 01/25 07:26:48 Image size of job updated: 190400
	185  -  MemoryUsage of job (MB)
	188640  -  ResidentSetSize of job (KB)
...
006 (4946000.010.000) 01/25 07:26:48 Image size of job updated: 495496
	484  -  MemoryUsage of job (MB)
	495336  -  ResidentSetSize of job (KB)
...
006 (4946000.012.000) 01/25 07:26:48 Image size of job updated: 323380
	316  -  MemoryUsage of job (MB)
	323260  -  ResidentSetSize of job (KB)
...
006 (4946000.013.000) 01/25 07:26:48 Image size of job updated: 245416
	240  -  MemoryUsage of job (MB)
	245124  -  ResidentSetSize of job (KB)
...
006 (4946000.017.000) 01/25 07:26:49 Image size of job updated: 446220
	436  -  MemoryUsage of job (MB)
	446220  -  ResidentSetSize of job (KB)
...
006 (4946000.019.000) 01/25 07:26:49 Image size of job updated: 186444
	183  -  MemoryUsage of job (MB)
	186444  -  ResidentSetSize of job (KB)
...
006 (4946000.018.000) 01/25 07:26:49 Image size of job updated: 2976
	3  -  MemoryUsage of job (MB)
	2616  -  ResidentSetSize of job (KB)
...
006 (4946000.020.000) 01/25 07:26:50 Image size of job updated: 458128
	448  -  MemoryUsage of job (MB)
	458128  -  ResidentSetSize of job (KB)
...
006 (4946000.023.000) 01/25 07:26:51 Image size of job updated: 463000
	453  -  MemoryUsage of job (MB)
	462992  -  ResidentSetSize of job (KB)
...
006 (4946000.021.000) 01/25 07:26:51 Image size of job updated: 225652
	221  -  MemoryUsage of job (MB)
	225444  -  ResidentSetSize of job (KB)
...
006 (4946000.022.000) 01/25 07:26:51 Image size of job updated: 211148
	207  -  MemoryUsage of job (MB)
	211148  -  ResidentSetSize of job (KB)
...
040 (4946000.011.000) 01/25 07:26:52 Started transferring input files
	Transferring to host: <128.142.63.50:9618?addrs=128.142.63.50-9618+[2001-1458-301-38--100-2f]-9618&alias=b9s08p7336.cern.ch&noUDP&sock=slot1_26_90097_3ca9_9111>
...
040 (4946000.011.000) 01/25 07:26:52 Finished transferring input files
...
001 (4946000.011.000) 01/25 07:26:53 Job executing on host: <128.142.63.50:9618?addrs=128.142.63.50-9618+[2001-1458-301-38--100-2f]-9618&alias=b9s08p7336.cern.ch&noUDP&sock=startd_90057_309a>
...
006 (4946000.011.000) 01/25 07:27:01 Image size of job updated: 166472
	163  -  MemoryUsage of job (MB)
	165908  -  ResidentSetSize of job (KB)
...
006 (4946000.007.000) 01/25 07:27:13 Image size of job updated: 190852
	130  -  MemoryUsage of job (MB)
	132180  -  ResidentSetSize of job (KB)
...
040 (4946000.007.000) 01/25 07:27:14 Started transferring output files
...
040 (4946000.007.000) 01/25 07:27:14 Finished transferring output files
...
005 (4946000.007.000) 01/25 07:27:14 Job terminated.
	(1) Normal termination (return value 0)
		Usr 0 00:00:10, Sys 0 00:00:02  -  Run Remote Usage
		Usr 0 00:00:00, Sys 0 00:00:00  -  Run Local Usage
		Usr 0 00:00:10, Sys 0 00:00:02  -  Total Remote Usage
		Usr 0 00:00:00, Sys 0 00:00:00  -  Total Local Usage
	19920  -  Run Bytes Sent By Job
	11491  -  Run Bytes Received By Job
	19920  -  Total Bytes Sent By Job
	11491  -  Total Bytes Received By Job
	Partitionable Resources :    Usage  Request Allocated 
	   Cpus                 :                 1         1 
	   Disk (KB)            :      117        1   2721855 
	   Memory (MB)          :      130     2000      2000 

	Job terminated of its own accord at 2024-01-25T06:27:13Z.
...
006 (4946000.004.000) 01/25 07:27:30 Image size of job updated: 257868
	187  -  MemoryUsage of job (MB)
	191064  -  ResidentSetSize of job (KB)
...
040 (4946000.004.000) 01/25 07:27:30 Started transferring output files
...
040 (4946000.004.000) 01/25 07:27:30 Finished transferring output files
...
005 (4946000.004.000) 01/25 07:27:30 Job terminated.
	(1) Normal termination (return value 0)
		Usr 0 00:00:15, Sys 0 00:00:04  -  Run Remote Usage
		Usr 0 00:00:00, Sys 0 00:00:00  -  Run Local Usage
		Usr 0 00:00:15, Sys 0 00:00:04  -  Total Remote Usage
		Usr 0 00:00:00, Sys 0 00:00:00  -  Total Local Usage
	19974  -  Run Bytes Sent By Job
	11491  -  Run Bytes Received By Job
	19974  -  Total Bytes Sent By Job
	11491  -  Total Bytes Received By Job
	Partitionable Resources :    Usage  Request Allocated 
	   Cpus                 :        0        1         1 
	   Disk (KB)            :      124        1   2875948 
	   Memory (MB)          :      187     2000      2000 

	Job terminated of its own accord at 2024-01-25T06:27:30Z.
...
006 (4946000.013.000) 01/25 07:28:52 Image size of job updated: 544368
	351  -  MemoryUsage of job (MB)
	359364  -  ResidentSetSize of job (KB)
...
040 (4946000.013.000) 01/25 07:28:52 Started transferring output files
...
040 (4946000.013.000) 01/25 07:28:52 Finished transferring output files
...
005 (4946000.013.000) 01/25 07:28:52 Job terminated.
	(1) Normal termination (return value 0)
		Usr 0 00:00:34, Sys 0 00:00:07  -  Run Remote Usage
		Usr 0 00:00:00, Sys 0 00:00:00  -  Run Local Usage
		Usr 0 00:00:34, Sys 0 00:00:07  -  Total Remote Usage
		Usr 0 00:00:00, Sys 0 00:00:00  -  Total Local Usage
	20113  -  Run Bytes Sent By Job
	11491  -  Run Bytes Received By Job
	20113  -  Total Bytes Sent By Job
	11491  -  Total Bytes Received By Job
	Partitionable Resources :    Usage  Request Allocated 
	   Cpus                 :     0.08        1         1 
	   Disk (KB)            :   105           1   2849867 
	   Memory (MB)          :   351        2000      2000 

	Job terminated of its own accord at 2024-01-25T06:28:52Z.
...
006 (4946000.019.000) 01/25 07:29:58 Image size of job updated: 539620
	348  -  MemoryUsage of job (MB)
	356288  -  ResidentSetSize of job (KB)
...
040 (4946000.019.000) 01/25 07:29:58 Started transferring output files
...
040 (4946000.019.000) 01/25 07:29:58 Finished transferring output files
...
005 (4946000.019.000) 01/25 07:29:58 Job terminated.
	(1) Normal termination (return value 0)
		Usr 0 00:01:16, Sys 0 00:00:07  -  Run Remote Usage
		Usr 0 00:00:00, Sys 0 00:00:00  -  Run Local Usage
		Usr 0 00:01:16, Sys 0 00:00:07  -  Total Remote Usage
		Usr 0 00:00:00, Sys 0 00:00:00  -  Total Local Usage
	20181  -  Run Bytes Sent By Job
	11491  -  Run Bytes Received By Job
	20181  -  Total Bytes Sent By Job
	11491  -  Total Bytes Received By Job
	Partitionable Resources :    Usage  Request Allocated 
	   Cpus                 :        0        1         1 
	   Disk (KB)            :      105        1   2859018 
	   Memory (MB)          :      348     2000      2000 

	Job terminated of its own accord at 2024-01-25T06:29:58Z.
...
006 (4946000.000.000) 01/25 07:30:25 Image size of job updated: 546444
	449  -  MemoryUsage of job (MB)
	459740  -  ResidentSetSize of job (KB)
...
040 (4946000.000.000) 01/25 07:30:25 Started transferring output files
...
040 (4946000.000.000) 01/25 07:30:25 Finished transferring output files
...
005 (4946000.000.000) 01/25 07:30:25 Job terminated.
	(1) Normal termination (return value 0)
		Usr 0 00:01:03, Sys 0 00:00:12  -  Run Remote Usage
		Usr 0 00:00:00, Sys 0 00:00:00  -  Run Local Usage
		Usr 0 00:01:03, Sys 0 00:00:12  -  Total Remote Usage
		Usr 0 00:00:00, Sys 0 00:00:00  -  Total Local Usage
	20297  -  Run Bytes Sent By Job
	11491  -  Run Bytes Received By Job
	20297  -  Total Bytes Sent By Job
	11491  -  Total Bytes Received By Job
	Partitionable Resources :    Usage  Request Allocated 
	   Cpus                 :        0        1         1 
	   Disk (KB)            :      105        1   2819084 
	   Memory (MB)          :      449     2000      2000 

	Job terminated of its own accord at 2024-01-25T06:30:25Z.
...
006 (4946000.001.000) 01/25 07:31:42 Image size of job updated: 547104
	349  -  MemoryUsage of job (MB)
	356968  -  ResidentSetSize of job (KB)
...
040 (4946000.001.000) 01/25 07:31:42 Started transferring output files
...
040 (4946000.001.000) 01/25 07:31:42 Finished transferring output files
...
005 (4946000.001.000) 01/25 07:31:43 Job terminated.
	(1) Normal termination (return value 0)
		Usr 0 00:01:21, Sys 0 00:00:14  -  Run Remote Usage
		Usr 0 00:00:00, Sys 0 00:00:00  -  Run Local Usage
		Usr 0 00:01:21, Sys 0 00:00:14  -  Total Remote Usage
		Usr 0 00:00:00, Sys 0 00:00:00  -  Total Local Usage
	20447  -  Run Bytes Sent By Job
	11491  -  Run Bytes Received By Job
	20447  -  Total Bytes Sent By Job
	11491  -  Total Bytes Received By Job
	Partitionable Resources :    Usage  Request Allocated 
	   Cpus                 :        0        1         1 
	   Disk (KB)            :      105        1   2856005 
	   Memory (MB)          :      349     2000      2000 

	Job terminated of its own accord at 2024-01-25T06:31:42Z.
...
006 (4946000.005.000) 01/25 07:31:45 Image size of job updated: 548892
	534  -  MemoryUsage of job (MB)
	546316  -  ResidentSetSize of job (KB)
...
006 (4946000.002.000) 01/25 07:31:46 Image size of job updated: 555772
	543  -  MemoryUsage of job (MB)
	555772  -  ResidentSetSize of job (KB)
...
006 (4946000.003.000) 01/25 07:31:46 Image size of job updated: 568216
	541  -  MemoryUsage of job (MB)
	553664  -  ResidentSetSize of job (KB)
...
006 (4946000.014.000) 01/25 07:31:47 Image size of job updated: 199108
	193  -  MemoryUsage of job (MB)
	197016  -  ResidentSetSize of job (KB)
...
006 (4946000.016.000) 01/25 07:31:47 Image size of job updated: 194480
	187  -  MemoryUsage of job (MB)
	191452  -  ResidentSetSize of job (KB)
...
006 (4946000.006.000) 01/25 07:31:47 Image size of job updated: 551772
	537  -  MemoryUsage of job (MB)
	549028  -  ResidentSetSize of job (KB)
...
006 (4946000.009.000) 01/25 07:31:48 Image size of job updated: 567252
	553  -  MemoryUsage of job (MB)
	565724  -  ResidentSetSize of job (KB)
...
006 (4946000.008.000) 01/25 07:31:48 Image size of job updated: 552796
	537  -  MemoryUsage of job (MB)
	549492  -  ResidentSetSize of job (KB)
...
006 (4946000.017.000) 01/25 07:31:49 Image size of job updated: 555500
	521  -  MemoryUsage of job (MB)
	533336  -  ResidentSetSize of job (KB)
...
006 (4946000.018.000) 01/25 07:31:49 Image size of job updated: 546432
	528  -  MemoryUsage of job (MB)
	540000  -  ResidentSetSize of job (KB)
...
006 (4946000.015.000) 01/25 07:31:49 Image size of job updated: 564496
	550  -  MemoryUsage of job (MB)
	562180  -  ResidentSetSize of job (KB)
...
006 (4946000.010.000) 01/25 07:31:49 Image size of job updated: 568316
	553  -  MemoryUsage of job (MB)
	565324  -  ResidentSetSize of job (KB)
...
006 (4946000.012.000) 01/25 07:31:49 Image size of job updated: 554412
	539  -  MemoryUsage of job (MB)
	551464  -  ResidentSetSize of job (KB)
...
006 (4946000.020.000) 01/25 07:31:50 Image size of job updated: 551188
	536  -  MemoryUsage of job (MB)
	548036  -  ResidentSetSize of job (KB)
...
006 (4946000.023.000) 01/25 07:31:51 Image size of job updated: 550008
	536  -  MemoryUsage of job (MB)
	548048  -  ResidentSetSize of job (KB)
...
006 (4946000.021.000) 01/25 07:31:52 Image size of job updated: 569216
	554  -  MemoryUsage of job (MB)
	566296  -  ResidentSetSize of job (KB)
...
006 (4946000.022.000) 01/25 07:31:52 Image size of job updated: 556036
	542  -  MemoryUsage of job (MB)
	554180  -  ResidentSetSize of job (KB)
...
006 (4946000.011.000) 01/25 07:32:01 Image size of job updated: 214856
	209  -  MemoryUsage of job (MB)
	213000  -  ResidentSetSize of job (KB)
...
040 (4946000.008.000) 01/25 07:33:20 Started transferring output files
...
040 (4946000.008.000) 01/25 07:33:20 Finished transferring output files
...
005 (4946000.008.000) 01/25 07:33:20 Job terminated.
	(1) Normal termination (return value 0)
		Usr 0 00:01:48, Sys 0 00:00:18  -  Run Remote Usage
		Usr 0 00:00:00, Sys 0 00:00:00  -  Run Local Usage
		Usr 0 00:01:48, Sys 0 00:00:18  -  Total Remote Usage
		Usr 0 00:00:00, Sys 0 00:00:00  -  Total Local Usage
	20638  -  Run Bytes Sent By Job
	11491  -  Run Bytes Received By Job
	20638  -  Total Bytes Sent By Job
	11491  -  Total Bytes Received By Job
	Partitionable Resources :    Usage  Request Allocated 
	   Cpus                 :     0.32        1         1 
	   Disk (KB)            :   125           1   2874200 
	   Memory (MB)          :   537        2000      2000 

	Job terminated of its own accord at 2024-01-25T06:33:20Z.
...
006 (4946000.016.000) 01/25 07:33:59 Image size of job updated: 194500
	187  -  MemoryUsage of job (MB)
	191452  -  ResidentSetSize of job (KB)
...
040 (4946000.016.000) 01/25 07:33:59 Started transferring output files
...
040 (4946000.016.000) 01/25 07:33:59 Finished transferring output files
...
005 (4946000.016.000) 01/25 07:33:59 Job terminated.
	(1) Normal termination (return value 0)
		Usr 0 00:03:03, Sys 0 00:00:15  -  Run Remote Usage
		Usr 0 00:00:00, Sys 0 00:00:00  -  Run Local Usage
		Usr 0 00:03:03, Sys 0 00:00:15  -  Total Remote Usage
		Usr 0 00:00:00, Sys 0 00:00:00  -  Total Local Usage
	20638  -  Run Bytes Sent By Job
	11491  -  Run Bytes Received By Job
	20638  -  Total Bytes Sent By Job
	11491  -  Total Bytes Received By Job
	Partitionable Resources :    Usage  Request Allocated 
	   Cpus                 :        0        1         1 
	   Disk (KB)            :      125        1   2947717 
	   Memory (MB)          :      187     2000      2000 

	Job terminated of its own accord at 2024-01-25T06:33:59Z.
...
040 (4946000.005.000) 01/25 07:34:08 Started transferring output files
...
040 (4946000.005.000) 01/25 07:34:08 Finished transferring output files
...
005 (4946000.005.000) 01/25 07:34:08 Job terminated.
	(1) Normal termination (return value 0)
		Usr 0 00:02:07, Sys 0 00:00:20  -  Run Remote Usage
		Usr 0 00:00:00, Sys 0 00:00:00  -  Run Local Usage
		Usr 0 00:02:07, Sys 0 00:00:20  -  Total Remote Usage
		Usr 0 00:00:00, Sys 0 00:00:00  -  Total Local Usage
	20783  -  Run Bytes Sent By Job
	11491  -  Run Bytes Received By Job
	20783  -  Total Bytes Sent By Job
	11491  -  Total Bytes Received By Job
	Partitionable Resources :    Usage  Request Allocated 
	   Cpus                 :        0        1         1 
	   Disk (KB)            :      125        1   2948973 
	   Memory (MB)          :      534     2000      2000 

	Job terminated of its own accord at 2024-01-25T06:34:08Z.
...
040 (4946000.023.000) 01/25 07:34:12 Started transferring output files
...
040 (4946000.023.000) 01/25 07:34:12 Finished transferring output files
...
005 (4946000.023.000) 01/25 07:34:12 Job terminated.
	(1) Normal termination (return value 0)
		Usr 0 00:03:06, Sys 0 00:00:15  -  Run Remote Usage
		Usr 0 00:00:00, Sys 0 00:00:00  -  Run Local Usage
		Usr 0 00:03:06, Sys 0 00:00:15  -  Total Remote Usage
		Usr 0 00:00:00, Sys 0 00:00:00  -  Total Local Usage
	20628  -  Run Bytes Sent By Job
	11491  -  Run Bytes Received By Job
	20628  -  Total Bytes Sent By Job
	11491  -  Total Bytes Received By Job
	Partitionable Resources :    Usage  Request Allocated 
	   Cpus                 :     0.38        1         1 
	   Disk (KB)            :   125           1   3027219 
	   Memory (MB)          :   536        2000      2000 

	Job terminated of its own accord at 2024-01-25T06:34:12Z.
...
006 (4946000.006.000) 01/25 07:36:48 Image size of job updated: 551772
	537  -  MemoryUsage of job (MB)
	549384  -  ResidentSetSize of job (KB)
...
006 (4946000.009.000) 01/25 07:36:49 Image size of job updated: 567744
	553  -  MemoryUsage of job (MB)
	565736  -  ResidentSetSize of job (KB)
...
006 (4946000.018.000) 01/25 07:36:50 Image size of job updated: 546432
	528  -  MemoryUsage of job (MB)
	540400  -  ResidentSetSize of job (KB)
...
006 (4946000.015.000) 01/25 07:36:50 Image size of job updated: 564888
	550  -  MemoryUsage of job (MB)
	562180  -  ResidentSetSize of job (KB)
...
006 (4946000.010.000) 01/25 07:36:50 Image size of job updated: 568316
	553  -  MemoryUsage of job (MB)
	565328  -  ResidentSetSize of job (KB)
...
006 (4946000.020.000) 01/25 07:36:51 Image size of job updated: 551404
	536  -  MemoryUsage of job (MB)
	548288  -  ResidentSetSize of job (KB)
...
006 (4946000.022.000) 01/25 07:36:53 Image size of job updated: 556728
	542  -  MemoryUsage of job (MB)
	554180  -  ResidentSetSize of job (KB)
...
006 (4946000.011.000) 01/25 07:37:02 Image size of job updated: 214968
	209  -  MemoryUsage of job (MB)
	213000  -  ResidentSetSize of job (KB)
...
006 (4946000.006.000) 01/25 07:37:26 Image size of job updated: 551772
	537  -  MemoryUsage of job (MB)
	549640  -  ResidentSetSize of job (KB)
...
040 (4946000.006.000) 01/25 07:37:26 Started transferring output files
...
040 (4946000.006.000) 01/25 07:37:26 Finished transferring output files
...
005 (4946000.006.000) 01/25 07:37:26 Job terminated.
	(1) Normal termination (return value 0)
		Usr 0 00:03:02, Sys 0 00:00:27  -  Run Remote Usage
		Usr 0 00:00:00, Sys 0 00:00:00  -  Run Local Usage
		Usr 0 00:03:02, Sys 0 00:00:27  -  Total Remote Usage
		Usr 0 00:00:00, Sys 0 00:00:00  -  Total Local Usage
	21214  -  Run Bytes Sent By Job
	11491  -  Run Bytes Received By Job
	21214  -  Total Bytes Sent By Job
	11491  -  Total Bytes Received By Job
	Partitionable Resources :    Usage  Request Allocated 
	   Cpus                 :     0.32        1         1 
	   Disk (KB)            :   126           1   2867196 
	   Memory (MB)          :   537        2000      2000 

	Job terminated of its own accord at 2024-01-25T06:37:26Z.
...
040 (4946000.014.000) 01/25 07:38:27 Started transferring output files
...
040 (4946000.014.000) 01/25 07:38:27 Finished transferring output files
...
005 (4946000.014.000) 01/25 07:38:27 Job terminated.
	(1) Normal termination (return value 0)
		Usr 0 00:05:01, Sys 0 00:00:18  -  Run Remote Usage
		Usr 0 00:00:00, Sys 0 00:00:00  -  Run Local Usage
		Usr 0 00:05:01, Sys 0 00:00:18  -  Total Remote Usage
		Usr 0 00:00:00, Sys 0 00:00:00  -  Total Local Usage
	21119  -  Run Bytes Sent By Job
	11491  -  Run Bytes Received By Job
	21119  -  Total Bytes Sent By Job
	11491  -  Total Bytes Received By Job
	Partitionable Resources :    Usage  Request Allocated 
	   Cpus                 :     0.41        1         1 
	   Disk (KB)            :   126           1   2934904 
	   Memory (MB)          :   193        2000      2000 

	Job terminated of its own accord at 2024-01-25T06:38:27Z.
...
040 (4946000.018.000) 01/25 07:39:23 Started transferring output files
...
040 (4946000.018.000) 01/25 07:39:23 Finished transferring output files
...
005 (4946000.018.000) 01/25 07:39:23 Job terminated.
	(1) Normal termination (return value 0)
		Usr 0 00:04:58, Sys 0 00:00:15  -  Run Remote Usage
		Usr 0 00:00:00, Sys 0 00:00:00  -  Run Local Usage
		Usr 0 00:04:58, Sys 0 00:00:15  -  Total Remote Usage
		Usr 0 00:00:00, Sys 0 00:00:00  -  Total Local Usage
	21239  -  Run Bytes Sent By Job
	11491  -  Run Bytes Received By Job
	21239  -  Total Bytes Sent By Job
	11491  -  Total Bytes Received By Job
	Partitionable Resources :    Usage  Request Allocated 
	   Cpus                 :     0.30        1         1 
	   Disk (KB)            :   126           1   2859518 
	   Memory (MB)          :   528        2000      2000 

	Job terminated of its own accord at 2024-01-25T06:39:23Z.
...
040 (4946000.002.000) 01/25 07:40:45 Started transferring output files
...
040 (4946000.002.000) 01/25 07:40:45 Finished transferring output files
...
005 (4946000.002.000) 01/25 07:40:45 Job terminated.
	(1) Normal termination (return value 0)
		Usr 0 00:04:30, Sys 0 00:00:31  -  Run Remote Usage
		Usr 0 00:00:00, Sys 0 00:00:00  -  Run Local Usage
		Usr 0 00:04:30, Sys 0 00:00:31  -  Total Remote Usage
		Usr 0 00:00:00, Sys 0 00:00:00  -  Total Local Usage
	21623  -  Run Bytes Sent By Job
	11491  -  Run Bytes Received By Job
	21623  -  Total Bytes Sent By Job
	11491  -  Total Bytes Received By Job
	Partitionable Resources :    Usage  Request Allocated 
	   Cpus                 :     0.33        1         1 
	   Disk (KB)            :   126           1   2748629 
	   Memory (MB)          :   543        2000      2000 

	Job terminated of its own accord at 2024-01-25T06:40:45Z.
...
040 (4946000.022.000) 01/25 07:40:46 Started transferring output files
...
040 (4946000.022.000) 01/25 07:40:46 Finished transferring output files
...
005 (4946000.022.000) 01/25 07:40:46 Job terminated.
	(1) Normal termination (return value 0)
		Usr 0 00:05:38, Sys 0 00:00:21  -  Run Remote Usage
		Usr 0 00:00:00, Sys 0 00:00:00  -  Run Local Usage
		Usr 0 00:05:38, Sys 0 00:00:21  -  Total Remote Usage
		Usr 0 00:00:00, Sys 0 00:00:00  -  Total Local Usage
	21331  -  Run Bytes Sent By Job
	11491  -  Run Bytes Received By Job
	21331  -  Total Bytes Sent By Job
	11491  -  Total Bytes Received By Job
	Partitionable Resources :    Usage  Request Allocated 
	   Cpus                 :     0.43        1         1 
	   Disk (KB)            :   126           1   2943556 
	   Memory (MB)          :   542        2000      2000 

	Job terminated of its own accord at 2024-01-25T06:40:46Z.
...
040 (4946000.020.000) 01/25 07:41:18 Started transferring output files
...
040 (4946000.020.000) 01/25 07:41:18 Finished transferring output files
...
005 (4946000.020.000) 01/25 07:41:18 Job terminated.
	(1) Normal termination (return value 0)
		Usr 0 00:05:59, Sys 0 00:00:26  -  Run Remote Usage
		Usr 0 00:00:00, Sys 0 00:00:00  -  Run Local Usage
		Usr 0 00:05:59, Sys 0 00:00:26  -  Total Remote Usage
		Usr 0 00:00:00, Sys 0 00:00:00  -  Total Local Usage
	21382  -  Run Bytes Sent By Job
	11491  -  Run Bytes Received By Job
	21382  -  Total Bytes Sent By Job
	11491  -  Total Bytes Received By Job
	Partitionable Resources :    Usage  Request Allocated 
	   Cpus                 :     0.50        1         1 
	   Disk (KB)            :   126           1   2878784 
	   Memory (MB)          :   536        2000      2000 

	Job terminated of its own accord at 2024-01-25T06:41:18Z.
...
006 (4946000.010.000) 01/25 07:41:50 Image size of job updated: 568316
	553  -  MemoryUsage of job (MB)
	565672  -  ResidentSetSize of job (KB)
...
006 (4946000.011.000) 01/25 07:42:02 Image size of job updated: 215344
	209  -  MemoryUsage of job (MB)
	213000  -  ResidentSetSize of job (KB)
...
040 (4946000.012.000) 01/25 07:42:14 Started transferring output files
...
040 (4946000.012.000) 01/25 07:42:14 Finished transferring output files
...
005 (4946000.012.000) 01/25 07:42:14 Job terminated.
	(1) Normal termination (return value 0)
		Usr 0 00:04:22, Sys 0 00:00:34  -  Run Remote Usage
		Usr 0 00:00:00, Sys 0 00:00:00  -  Run Local Usage
		Usr 0 00:04:22, Sys 0 00:00:34  -  Total Remote Usage
		Usr 0 00:00:00, Sys 0 00:00:00  -  Total Local Usage
	21815  -  Run Bytes Sent By Job
	11491  -  Run Bytes Received By Job
	21815  -  Total Bytes Sent By Job
	11491  -  Total Bytes Received By Job
	Partitionable Resources :    Usage  Request Allocated 
	   Cpus                 :     0.32        1         1 
	   Disk (KB)            :   126           1   2757312 
	   Memory (MB)          :   539        2000      2000 

	Job terminated of its own accord at 2024-01-25T06:42:14Z.
...
040 (4946000.017.000) 01/25 07:42:31 Started transferring output files
...
040 (4946000.017.000) 01/25 07:42:31 Finished transferring output files
...
005 (4946000.017.000) 01/25 07:42:31 Job terminated.
	(1) Normal termination (return value 0)
		Usr 0 00:06:22, Sys 0 00:00:22  -  Run Remote Usage
		Usr 0 00:00:00, Sys 0 00:00:00  -  Run Local Usage
		Usr 0 00:06:22, Sys 0 00:00:22  -  Total Remote Usage
		Usr 0 00:00:00, Sys 0 00:00:00  -  Total Local Usage
	21647  -  Run Bytes Sent By Job
	11491  -  Run Bytes Received By Job
	21647  -  Total Bytes Sent By Job
	11491  -  Total Bytes Received By Job
	Partitionable Resources :    Usage  Request Allocated 
	   Cpus                 :     0.46        1         1 
	   Disk (KB)            :   126           1   2961510 
	   Memory (MB)          :   521        2000      2000 

	Job terminated of its own accord at 2024-01-25T06:42:31Z.
...
006 (4946000.011.000) 01/25 07:47:02 Image size of job updated: 220896
	215  -  MemoryUsage of job (MB)
	219600  -  ResidentSetSize of job (KB)
...
040 (4946000.009.000) 01/25 07:50:26 Started transferring output files
...
040 (4946000.009.000) 01/25 07:50:26 Finished transferring output files
...
005 (4946000.009.000) 01/25 07:50:26 Job terminated.
	(1) Normal termination (return value 0)
		Usr 0 00:07:13, Sys 0 00:00:46  -  Run Remote Usage
		Usr 0 00:00:00, Sys 0 00:00:00  -  Run Local Usage
		Usr 0 00:07:13, Sys 0 00:00:46  -  Total Remote Usage
		Usr 0 00:00:00, Sys 0 00:00:00  -  Total Local Usage
	22991  -  Run Bytes Sent By Job
	11491  -  Run Bytes Received By Job
	22991  -  Total Bytes Sent By Job
	11491  -  Total Bytes Received By Job
	Partitionable Resources :    Usage  Request Allocated 
	   Cpus                 :     0.31        1         1 
	   Disk (KB)            :   127           1   2714728 
	   Memory (MB)          :   553        2000      2000 

	Job terminated of its own accord at 2024-01-25T06:50:26Z.
...
040 (4946000.010.000) 01/25 07:50:50 Started transferring output files
...
040 (4946000.010.000) 01/25 07:50:50 Finished transferring output files
...
005 (4946000.010.000) 01/25 07:50:50 Job terminated.
	(1) Normal termination (return value 0)
		Usr 0 00:06:54, Sys 0 00:00:53  -  Run Remote Usage
		Usr 0 00:00:00, Sys 0 00:00:00  -  Run Local Usage
		Usr 0 00:06:54, Sys 0 00:00:53  -  Total Remote Usage
		Usr 0 00:00:00, Sys 0 00:00:00  -  Total Local Usage
	22943  -  Run Bytes Sent By Job
	11491  -  Run Bytes Received By Job
	22943  -  Total Bytes Sent By Job
	11491  -  Total Bytes Received By Job
	Partitionable Resources :    Usage  Request Allocated 
	   Cpus                 :     0.32        1         1 
	   Disk (KB)            :   127           1   2798312 
	   Memory (MB)          :   553        2000      2000 

	Job terminated of its own accord at 2024-01-25T06:50:50Z.
...
006 (4946000.011.000) 01/25 07:52:04 Image size of job updated: 222028
	216  -  MemoryUsage of job (MB)
	220580  -  ResidentSetSize of job (KB)
...
040 (4946000.003.000) 01/25 07:54:43 Started transferring output files
...
040 (4946000.003.000) 01/25 07:54:43 Finished transferring output files
...
005 (4946000.003.000) 01/25 07:54:43 Job terminated.
	(1) Normal termination (return value 0)
		Usr 0 00:08:05, Sys 0 00:00:45  -  Run Remote Usage
		Usr 0 00:00:00, Sys 0 00:00:00  -  Run Local Usage
		Usr 0 00:08:05, Sys 0 00:00:45  -  Total Remote Usage
		Usr 0 00:00:00, Sys 0 00:00:00  -  Total Local Usage
	23471  -  Run Bytes Sent By Job
	11491  -  Run Bytes Received By Job
	23471  -  Total Bytes Sent By Job
	11491  -  Total Bytes Received By Job
	Partitionable Resources :    Usage  Request Allocated 
	   Cpus                 :     0.30        1         1 
	   Disk (KB)            :   128           1   2839522 
	   Memory (MB)          :   541        2000      2000 

	Job terminated of its own accord at 2024-01-25T06:54:43Z.
...
006 (4946000.011.000) 01/25 07:56:17 Image size of job updated: 341444
	249  -  MemoryUsage of job (MB)
	254224  -  ResidentSetSize of job (KB)
...
040 (4946000.011.000) 01/25 07:56:17 Started transferring output files
...
040 (4946000.011.000) 01/25 07:56:17 Finished transferring output files
...
005 (4946000.011.000) 01/25 07:56:17 Job terminated.
	(1) Normal termination (return value 0)
		Usr 0 00:08:38, Sys 0 00:01:00  -  Run Remote Usage
		Usr 0 00:00:00, Sys 0 00:00:00  -  Run Local Usage
		Usr 0 00:08:38, Sys 0 00:01:00  -  Total Remote Usage
		Usr 0 00:00:00, Sys 0 00:00:00  -  Total Local Usage
	23705  -  Run Bytes Sent By Job
	11491  -  Run Bytes Received By Job
	23705  -  Total Bytes Sent By Job
	11491  -  Total Bytes Received By Job
	Partitionable Resources :    Usage  Request Allocated 
	   Cpus                 :     0.32        1         1 
	   Disk (KB)            :   127           1   2756873 
	   Memory (MB)          :   249        2000      2000 

	Job terminated of its own accord at 2024-01-25T06:56:17Z.
...
040 (4946000.015.000) 01/25 07:57:06 Started transferring output files
...
040 (4946000.015.000) 01/25 07:57:06 Finished transferring output files
...
005 (4946000.015.000) 01/25 07:57:06 Job terminated.
	(1) Normal termination (return value 0)
		Usr 0 00:12:51, Sys 0 00:00:51  -  Run Remote Usage
		Usr 0 00:00:00, Sys 0 00:00:00  -  Run Local Usage
		Usr 0 00:12:51, Sys 0 00:00:51  -  Total Remote Usage
		Usr 0 00:00:00, Sys 0 00:00:00  -  Total Local Usage
	22943  -  Run Bytes Sent By Job
	11491  -  Run Bytes Received By Job
	22943  -  Total Bytes Sent By Job
	11491  -  Total Bytes Received By Job
	Partitionable Resources :    Usage  Request Allocated 
	   Cpus                 :     0.41        1         1 
	   Disk (KB)            :   128           1   3082922 
	   Memory (MB)          :   550        2000      2000 

	Job terminated of its own accord at 2024-01-25T06:57:06Z.
...
040 (4946000.021.000) 01/25 07:57:39 Started transferring output files
...
040 (4946000.021.000) 01/25 07:57:39 Finished transferring output files
...
005 (4946000.021.000) 01/25 07:57:39 Job terminated.
	(1) Normal termination (return value 0)
		Usr 0 00:13:04, Sys 0 00:00:44  -  Run Remote Usage
		Usr 0 00:00:00, Sys 0 00:00:00  -  Run Local Usage
		Usr 0 00:13:04, Sys 0 00:00:44  -  Total Remote Usage
		Usr 0 00:00:00, Sys 0 00:00:00  -  Total Local Usage
	23029  -  Run Bytes Sent By Job
	11491  -  Run Bytes Received By Job
	23029  -  Total Bytes Sent By Job
	11491  -  Total Bytes Received By Job
	Partitionable Resources :    Usage  Request Allocated 
	   Cpus                 :     0.43        1         1 
	   Disk (KB)            :   127           1   2722563 
	   Memory (MB)          :   554        2000      2000 

	Job terminated of its own accord at 2024-01-25T06:57:39Z.
...
