000 (4945993.000.000) 01/25 07:20:28 Job submitted from host: <188.185.121.235:9618?addrs=188.185.121.235-9618+[2001-1458-d00-49--100-36e]-9618&alias=bigbird22.cern.ch&noUDP&sock=schedd_849351_b7ee>
...
000 (4945993.001.000) 01/25 07:20:28 Job submitted from host: <188.185.121.235:9618?addrs=188.185.121.235-9618+[2001-1458-d00-49--100-36e]-9618&alias=bigbird22.cern.ch&noUDP&sock=schedd_849351_b7ee>
...
000 (4945993.002.000) 01/25 07:20:28 Job submitted from host: <188.185.121.235:9618?addrs=188.185.121.235-9618+[2001-1458-d00-49--100-36e]-9618&alias=bigbird22.cern.ch&noUDP&sock=schedd_849351_b7ee>
...
000 (4945993.003.000) 01/25 07:20:28 Job submitted from host: <188.185.121.235:9618?addrs=188.185.121.235-9618+[2001-1458-d00-49--100-36e]-9618&alias=bigbird22.cern.ch&noUDP&sock=schedd_849351_b7ee>
...
000 (4945993.004.000) 01/25 07:20:28 Job submitted from host: <188.185.121.235:9618?addrs=188.185.121.235-9618+[2001-1458-d00-49--100-36e]-9618&alias=bigbird22.cern.ch&noUDP&sock=schedd_849351_b7ee>
...
000 (4945993.005.000) 01/25 07:20:28 Job submitted from host: <188.185.121.235:9618?addrs=188.185.121.235-9618+[2001-1458-d00-49--100-36e]-9618&alias=bigbird22.cern.ch&noUDP&sock=schedd_849351_b7ee>
...
000 (4945993.006.000) 01/25 07:20:28 Job submitted from host: <188.185.121.235:9618?addrs=188.185.121.235-9618+[2001-1458-d00-49--100-36e]-9618&alias=bigbird22.cern.ch&noUDP&sock=schedd_849351_b7ee>
...
000 (4945993.007.000) 01/25 07:20:28 Job submitted from host: <188.185.121.235:9618?addrs=188.185.121.235-9618+[2001-1458-d00-49--100-36e]-9618&alias=bigbird22.cern.ch&noUDP&sock=schedd_849351_b7ee>
...
000 (4945993.008.000) 01/25 07:20:28 Job submitted from host: <188.185.121.235:9618?addrs=188.185.121.235-9618+[2001-1458-d00-49--100-36e]-9618&alias=bigbird22.cern.ch&noUDP&sock=schedd_849351_b7ee>
...
000 (4945993.009.000) 01/25 07:20:28 Job submitted from host: <188.185.121.235:9618?addrs=188.185.121.235-9618+[2001-1458-d00-49--100-36e]-9618&alias=bigbird22.cern.ch&noUDP&sock=schedd_849351_b7ee>
...
000 (4945993.010.000) 01/25 07:20:28 Job submitted from host: <188.185.121.235:9618?addrs=188.185.121.235-9618+[2001-1458-d00-49--100-36e]-9618&alias=bigbird22.cern.ch&noUDP&sock=schedd_849351_b7ee>
...
000 (4945993.011.000) 01/25 07:20:28 Job submitted from host: <188.185.121.235:9618?addrs=188.185.121.235-9618+[2001-1458-d00-49--100-36e]-9618&alias=bigbird22.cern.ch&noUDP&sock=schedd_849351_b7ee>
...
000 (4945993.012.000) 01/25 07:20:28 Job submitted from host: <188.185.121.235:9618?addrs=188.185.121.235-9618+[2001-1458-d00-49--100-36e]-9618&alias=bigbird22.cern.ch&noUDP&sock=schedd_849351_b7ee>
...
000 (4945993.013.000) 01/25 07:20:28 Job submitted from host: <188.185.121.235:9618?addrs=188.185.121.235-9618+[2001-1458-d00-49--100-36e]-9618&alias=bigbird22.cern.ch&noUDP&sock=schedd_849351_b7ee>
...
000 (4945993.014.000) 01/25 07:20:28 Job submitted from host: <188.185.121.235:9618?addrs=188.185.121.235-9618+[2001-1458-d00-49--100-36e]-9618&alias=bigbird22.cern.ch&noUDP&sock=schedd_849351_b7ee>
...
000 (4945993.015.000) 01/25 07:20:28 Job submitted from host: <188.185.121.235:9618?addrs=188.185.121.235-9618+[2001-1458-d00-49--100-36e]-9618&alias=bigbird22.cern.ch&noUDP&sock=schedd_849351_b7ee>
...
000 (4945993.016.000) 01/25 07:20:28 Job submitted from host: <188.185.121.235:9618?addrs=188.185.121.235-9618+[2001-1458-d00-49--100-36e]-9618&alias=bigbird22.cern.ch&noUDP&sock=schedd_849351_b7ee>
...
000 (4945993.017.000) 01/25 07:20:28 Job submitted from host: <188.185.121.235:9618?addrs=188.185.121.235-9618+[2001-1458-d00-49--100-36e]-9618&alias=bigbird22.cern.ch&noUDP&sock=schedd_849351_b7ee>
...
000 (4945993.018.000) 01/25 07:20:28 Job submitted from host: <188.185.121.235:9618?addrs=188.185.121.235-9618+[2001-1458-d00-49--100-36e]-9618&alias=bigbird22.cern.ch&noUDP&sock=schedd_849351_b7ee>
...
040 (4945993.000.000) 01/25 07:24:25 Started transferring input files
	Transferring to host: <128.142.60.154:9618?addrs=128.142.60.154-9618+[2001-1458-301-22--100-99]-9618&alias=b9s05p3107.cern.ch&noUDP&sock=slot1_34_671936_72b5_12641>
...
040 (4945993.000.000) 01/25 07:24:25 Finished transferring input files
...
040 (4945993.001.000) 01/25 07:24:25 Started transferring input files
	Transferring to host: <128.142.60.114:9618?addrs=128.142.60.114-9618+[2001-1458-301-22--100-71]-9618&alias=b9s05p1636.cern.ch&noUDP&sock=slot1_41_430473_ebba_12679>
...
040 (4945993.001.000) 01/25 07:24:25 Finished transferring input files
...
040 (4945993.002.000) 01/25 07:24:26 Started transferring input files
	Transferring to host: <128.142.60.122:9618?addrs=128.142.60.122-9618+[2001-1458-301-22--100-79]-9618&alias=b9s05p3778.cern.ch&noUDP&sock=slot1_40_433447_5f73_12126>
...
040 (4945993.002.000) 01/25 07:24:26 Finished transferring input files
...
001 (4945993.000.000) 01/25 07:24:26 Job executing on host: <128.142.60.154:9618?addrs=128.142.60.154-9618+[2001-1458-301-22--100-99]-9618&alias=b9s05p3107.cern.ch&noUDP&sock=startd_671898_b86b>
...
040 (4945993.003.000) 01/25 07:24:26 Started transferring input files
	Transferring to host: <128.142.60.118:9618?addrs=128.142.60.118-9618+[2001-1458-301-22--100-75]-9618&alias=b9s05p1147.cern.ch&noUDP&sock=slot1_57_753213_727e_12272>
...
001 (4945993.001.000) 01/25 07:24:26 Job executing on host: <128.142.60.114:9618?addrs=128.142.60.114-9618+[2001-1458-301-22--100-71]-9618&alias=b9s05p1636.cern.ch&noUDP&sock=startd_430435_2fb9>
...
040 (4945993.003.000) 01/25 07:24:26 Finished transferring input files
...
001 (4945993.002.000) 01/25 07:24:27 Job executing on host: <128.142.60.122:9618?addrs=128.142.60.122-9618+[2001-1458-301-22--100-79]-9618&alias=b9s05p3778.cern.ch&noUDP&sock=startd_433406_0b99>
...
040 (4945993.005.000) 01/25 07:24:27 Started transferring input files
	Transferring to host: <128.142.60.83:9618?addrs=128.142.60.83-9618+[2001-1458-301-22--100-52]-9618&alias=b9s05p1025.cern.ch&noUDP&sock=slot1_10_76899_0d50_13090>
...
040 (4945993.005.000) 01/25 07:24:27 Finished transferring input files
...
040 (4945993.006.000) 01/25 07:24:27 Started transferring input files
	Transferring to host: <128.142.60.11:9618?addrs=128.142.60.11-9618+[2001-1458-301-22--100-a]-9618&alias=b9s05p4278.cern.ch&noUDP&sock=slot1_2_475903_7732_12452>
...
040 (4945993.006.000) 01/25 07:24:27 Finished transferring input files
...
040 (4945993.007.000) 01/25 07:24:27 Started transferring input files
	Transferring to host: <128.142.60.61:9618?addrs=128.142.60.61-9618+[2001-1458-301-22--100-3c]-9618&alias=b9s05p4143.cern.ch&noUDP&sock=slot1_31_689186_a233_11916>
...
040 (4945993.007.000) 01/25 07:24:27 Finished transferring input files
...
001 (4945993.003.000) 01/25 07:24:27 Job executing on host: <128.142.60.118:9618?addrs=128.142.60.118-9618+[2001-1458-301-22--100-75]-9618&alias=b9s05p1147.cern.ch&noUDP&sock=startd_753175_fb68>
...
040 (4945993.009.000) 01/25 07:24:28 Started transferring input files
	Transferring to host: <128.142.60.45:9618?addrs=128.142.60.45-9618+[2001-1458-301-22--100-2c]-9618&alias=b9s05p3973.cern.ch&noUDP&sock=slot1_5_633193_7fee_12805>
...
040 (4945993.009.000) 01/25 07:24:28 Finished transferring input files
...
040 (4945993.008.000) 01/25 07:24:28 Started transferring input files
	Transferring to host: <128.142.60.54:9618?addrs=128.142.60.54-9618+[2001-1458-301-22--100-35]-9618&alias=b9s05p1341.cern.ch&noUDP&sock=slot1_19_516227_5f19_12684>
...
001 (4945993.005.000) 01/25 07:24:28 Job executing on host: <128.142.60.83:9618?addrs=128.142.60.83-9618+[2001-1458-301-22--100-52]-9618&alias=b9s05p1025.cern.ch&noUDP&sock=startd_76859_75a9>
...
040 (4945993.008.000) 01/25 07:24:28 Finished transferring input files
...
040 (4945993.010.000) 01/25 07:24:28 Started transferring input files
	Transferring to host: <128.142.60.145:9618?addrs=128.142.60.145-9618+[2001-1458-301-22--100-90]-9618&alias=b9s05p2653.cern.ch&noUDP&sock=slot1_1_670895_f82b_13054>
...
040 (4945993.010.000) 01/25 07:24:28 Finished transferring input files
...
001 (4945993.006.000) 01/25 07:24:28 Job executing on host: <128.142.60.11:9618?addrs=128.142.60.11-9618+[2001-1458-301-22--100-a]-9618&alias=b9s05p4278.cern.ch&noUDP&sock=startd_475865_6341>
...
001 (4945993.007.000) 01/25 07:24:28 Job executing on host: <128.142.60.61:9618?addrs=128.142.60.61-9618+[2001-1458-301-22--100-3c]-9618&alias=b9s05p4143.cern.ch&noUDP&sock=startd_689147_1985>
...
040 (4945993.011.000) 01/25 07:24:29 Started transferring input files
	Transferring to host: <128.142.60.105:9618?addrs=128.142.60.105-9618+[2001-1458-301-22--100-68]-9618&alias=b9s05p4541.cern.ch&noUDP&sock=slot1_6_131980_9970_12399>
...
040 (4945993.011.000) 01/25 07:24:29 Finished transferring input files
...
001 (4945993.009.000) 01/25 07:24:29 Job executing on host: <128.142.60.45:9618?addrs=128.142.60.45-9618+[2001-1458-301-22--100-2c]-9618&alias=b9s05p3973.cern.ch&noUDP&sock=startd_633154_8f19>
...
001 (4945993.008.000) 01/25 07:24:29 Job executing on host: <128.142.60.54:9618?addrs=128.142.60.54-9618+[2001-1458-301-22--100-35]-9618&alias=b9s05p1341.cern.ch&noUDP&sock=startd_516189_4c37>
...
040 (4945993.012.000) 01/25 07:24:29 Started transferring input files
	Transferring to host: <128.142.60.74:9618?addrs=128.142.60.74-9618+[2001-1458-301-22--100-49]-9618&alias=b9s05p4341.cern.ch&noUDP&sock=slot1_10_656817_beae_12947>
...
040 (4945993.012.000) 01/25 07:24:29 Finished transferring input files
...
001 (4945993.010.000) 01/25 07:24:29 Job executing on host: <128.142.60.145:9618?addrs=128.142.60.145-9618+[2001-1458-301-22--100-90]-9618&alias=b9s05p2653.cern.ch&noUDP&sock=startd_670856_febc>
...
040 (4945993.013.000) 01/25 07:24:29 Started transferring input files
	Transferring to host: <188.184.162.162:9618?addrs=188.184.162.162-9618+[2001-1458-301-4a--100-9c]-9618&alias=b9s11p9773.cern.ch&noUDP&sock=slot1_13_422329_bc6f_9913>
...
040 (4945993.013.000) 01/25 07:24:29 Finished transferring input files
...
040 (4945993.014.000) 01/25 07:24:30 Started transferring input files
	Transferring to host: <128.142.60.16:9618?addrs=128.142.60.16-9618+[2001-1458-301-22--100-f]-9618&alias=b9s05p1098.cern.ch&noUDP&sock=slot1_7_693739_a24c_12610>
...
040 (4945993.014.000) 01/25 07:24:30 Finished transferring input files
...
001 (4945993.011.000) 01/25 07:24:30 Job executing on host: <128.142.60.105:9618?addrs=128.142.60.105-9618+[2001-1458-301-22--100-68]-9618&alias=b9s05p4541.cern.ch&noUDP&sock=startd_131941_214d>
...
001 (4945993.012.000) 01/25 07:24:30 Job executing on host: <128.142.60.74:9618?addrs=128.142.60.74-9618+[2001-1458-301-22--100-49]-9618&alias=b9s05p4341.cern.ch&noUDP&sock=startd_656777_f8dc>
...
040 (4945993.016.000) 01/25 07:24:30 Started transferring input files
	Transferring to host: <128.142.60.166:9618?addrs=128.142.60.166-9618+[2001-1458-301-22--100-a5]-9618&alias=b9s05p4957.cern.ch&noUDP&sock=slot1_6_347539_6a4e_12524>
...
040 (4945993.016.000) 01/25 07:24:30 Finished transferring input files
...
040 (4945993.015.000) 01/25 07:24:30 Started transferring input files
	Transferring to host: <128.142.60.37:9618?addrs=128.142.60.37-9618+[2001-1458-301-22--100-24]-9618&alias=b9s05p1781.cern.ch&noUDP&sock=slot1_17_117885_6593_12556>
...
040 (4945993.015.000) 01/25 07:24:30 Finished transferring input files
...
001 (4945993.013.000) 01/25 07:24:30 Job executing on host: <188.184.162.162:9618?addrs=188.184.162.162-9618+[2001-1458-301-4a--100-9c]-9618&alias=b9s11p9773.cern.ch&noUDP&sock=startd_422291_146e>
...
001 (4945993.014.000) 01/25 07:24:31 Job executing on host: <128.142.60.16:9618?addrs=128.142.60.16-9618+[2001-1458-301-22--100-f]-9618&alias=b9s05p1098.cern.ch&noUDP&sock=startd_693698_b507>
...
001 (4945993.016.000) 01/25 07:24:31 Job executing on host: <128.142.60.166:9618?addrs=128.142.60.166-9618+[2001-1458-301-22--100-a5]-9618&alias=b9s05p4957.cern.ch&noUDP&sock=startd_347499_fd1e>
...
001 (4945993.015.000) 01/25 07:24:31 Job executing on host: <128.142.60.37:9618?addrs=128.142.60.37-9618+[2001-1458-301-22--100-24]-9618&alias=b9s05p1781.cern.ch&noUDP&sock=startd_117845_7251>
...
040 (4945993.018.000) 01/25 07:24:31 Started transferring input files
	Transferring to host: <128.142.60.34:9618?addrs=128.142.60.34-9618+[2001-1458-301-22--100-21]-9618&alias=b9s05p1331.cern.ch&noUDP&sock=slot1_15_729598_8b1e_12448>
...
040 (4945993.018.000) 01/25 07:24:31 Finished transferring input files
...
040 (4945993.017.000) 01/25 07:24:31 Started transferring input files
	Transferring to host: <128.142.60.22:9618?addrs=128.142.60.22-9618+[2001-1458-301-22--100-15]-9618&alias=b9s05p2108.cern.ch&noUDP&sock=slot1_30_443580_fcef_13299>
...
040 (4945993.017.000) 01/25 07:24:31 Finished transferring input files
...
040 (4945993.004.000) 01/25 07:24:31 Started transferring input files
	Transferring to host: <128.142.60.68:9618?addrs=128.142.60.68-9618+[2001-1458-301-22--100-43]-9618&alias=b9s05p3989.cern.ch&noUDP&sock=slot1_14_73074_fe55_12669>
...
040 (4945993.004.000) 01/25 07:24:31 Finished transferring input files
...
001 (4945993.018.000) 01/25 07:24:32 Job executing on host: <128.142.60.34:9618?addrs=128.142.60.34-9618+[2001-1458-301-22--100-21]-9618&alias=b9s05p1331.cern.ch&noUDP&sock=startd_729559_5ed0>
...
001 (4945993.017.000) 01/25 07:24:32 Job executing on host: <128.142.60.22:9618?addrs=128.142.60.22-9618+[2001-1458-301-22--100-15]-9618&alias=b9s05p2108.cern.ch&noUDP&sock=startd_443542_7f8c>
...
001 (4945993.004.000) 01/25 07:24:32 Job executing on host: <128.142.60.68:9618?addrs=128.142.60.68-9618+[2001-1458-301-22--100-43]-9618&alias=b9s05p3989.cern.ch&noUDP&sock=startd_73036_3319>
...
006 (4945993.000.000) 01/25 07:24:34 Image size of job updated: 150924
	147  -  MemoryUsage of job (MB)
	149784  -  ResidentSetSize of job (KB)
...
006 (4945993.001.000) 01/25 07:24:34 Image size of job updated: 140804
	138  -  MemoryUsage of job (MB)
	140804  -  ResidentSetSize of job (KB)
...
006 (4945993.002.000) 01/25 07:24:35 Image size of job updated: 146752
	133  -  MemoryUsage of job (MB)
	136156  -  ResidentSetSize of job (KB)
...
006 (4945993.003.000) 01/25 07:24:35 Image size of job updated: 152512
	149  -  MemoryUsage of job (MB)
	151984  -  ResidentSetSize of job (KB)
...
006 (4945993.005.000) 01/25 07:24:36 Image size of job updated: 115044
	113  -  MemoryUsage of job (MB)
	114852  -  ResidentSetSize of job (KB)
...
006 (4945993.006.000) 01/25 07:24:36 Image size of job updated: 152580
	150  -  MemoryUsage of job (MB)
	152580  -  ResidentSetSize of job (KB)
...
006 (4945993.007.000) 01/25 07:24:36 Image size of job updated: 146928
	132  -  MemoryUsage of job (MB)
	134696  -  ResidentSetSize of job (KB)
...
006 (4945993.009.000) 01/25 07:24:37 Image size of job updated: 132268
	129  -  MemoryUsage of job (MB)
	132044  -  ResidentSetSize of job (KB)
...
006 (4945993.008.000) 01/25 07:24:37 Image size of job updated: 139428
	128  -  MemoryUsage of job (MB)
	130064  -  ResidentSetSize of job (KB)
...
006 (4945993.010.000) 01/25 07:24:37 Image size of job updated: 164056
	161  -  MemoryUsage of job (MB)
	164056  -  ResidentSetSize of job (KB)
...
006 (4945993.011.000) 01/25 07:24:38 Image size of job updated: 145972
	143  -  MemoryUsage of job (MB)
	145588  -  ResidentSetSize of job (KB)
...
006 (4945993.012.000) 01/25 07:24:38 Image size of job updated: 161624
	158  -  MemoryUsage of job (MB)
	161452  -  ResidentSetSize of job (KB)
...
006 (4945993.013.000) 01/25 07:24:38 Image size of job updated: 151696
	147  -  MemoryUsage of job (MB)
	150036  -  ResidentSetSize of job (KB)
...
006 (4945993.014.000) 01/25 07:24:39 Image size of job updated: 137784
	126  -  MemoryUsage of job (MB)
	128252  -  ResidentSetSize of job (KB)
...
006 (4945993.016.000) 01/25 07:24:39 Image size of job updated: 143384
	130  -  MemoryUsage of job (MB)
	132104  -  ResidentSetSize of job (KB)
...
006 (4945993.015.000) 01/25 07:24:39 Image size of job updated: 174892
	161  -  MemoryUsage of job (MB)
	164200  -  ResidentSetSize of job (KB)
...
006 (4945993.018.000) 01/25 07:24:41 Image size of job updated: 145516
	143  -  MemoryUsage of job (MB)
	145516  -  ResidentSetSize of job (KB)
...
006 (4945993.017.000) 01/25 07:24:41 Image size of job updated: 153392
	149  -  MemoryUsage of job (MB)
	151700  -  ResidentSetSize of job (KB)
...
006 (4945993.004.000) 01/25 07:24:41 Image size of job updated: 151416
	133  -  MemoryUsage of job (MB)
	136128  -  ResidentSetSize of job (KB)
...
006 (4945993.000.000) 01/25 07:29:34 Image size of job updated: 225528
	219  -  MemoryUsage of job (MB)
	223356  -  ResidentSetSize of job (KB)
...
006 (4945993.001.000) 01/25 07:29:34 Image size of job updated: 230032
	222  -  MemoryUsage of job (MB)
	227316  -  ResidentSetSize of job (KB)
...
006 (4945993.002.000) 01/25 07:29:35 Image size of job updated: 234788
	229  -  MemoryUsage of job (MB)
	234292  -  ResidentSetSize of job (KB)
...
006 (4945993.003.000) 01/25 07:29:35 Image size of job updated: 229464
	222  -  MemoryUsage of job (MB)
	226976  -  ResidentSetSize of job (KB)
...
006 (4945993.005.000) 01/25 07:29:36 Image size of job updated: 234560
	227  -  MemoryUsage of job (MB)
	232324  -  ResidentSetSize of job (KB)
...
006 (4945993.006.000) 01/25 07:29:36 Image size of job updated: 227352
	220  -  MemoryUsage of job (MB)
	224924  -  ResidentSetSize of job (KB)
...
006 (4945993.007.000) 01/25 07:29:36 Image size of job updated: 238320
	231  -  MemoryUsage of job (MB)
	236048  -  ResidentSetSize of job (KB)
...
006 (4945993.009.000) 01/25 07:29:37 Image size of job updated: 219312
	213  -  MemoryUsage of job (MB)
	217380  -  ResidentSetSize of job (KB)
...
006 (4945993.008.000) 01/25 07:29:37 Image size of job updated: 228816
	222  -  MemoryUsage of job (MB)
	226424  -  ResidentSetSize of job (KB)
...
006 (4945993.010.000) 01/25 07:29:37 Image size of job updated: 225920
	218  -  MemoryUsage of job (MB)
	223004  -  ResidentSetSize of job (KB)
...
006 (4945993.011.000) 01/25 07:29:38 Image size of job updated: 224488
	217  -  MemoryUsage of job (MB)
	221492  -  ResidentSetSize of job (KB)
...
006 (4945993.012.000) 01/25 07:29:38 Image size of job updated: 237856
	230  -  MemoryUsage of job (MB)
	234804  -  ResidentSetSize of job (KB)
...
006 (4945993.013.000) 01/25 07:29:38 Image size of job updated: 227956
	220  -  MemoryUsage of job (MB)
	225044  -  ResidentSetSize of job (KB)
...
006 (4945993.014.000) 01/25 07:29:39 Image size of job updated: 223860
	217  -  MemoryUsage of job (MB)
	221868  -  ResidentSetSize of job (KB)
...
006 (4945993.016.000) 01/25 07:29:39 Image size of job updated: 231768
	226  -  MemoryUsage of job (MB)
	231044  -  ResidentSetSize of job (KB)
...
006 (4945993.015.000) 01/25 07:29:39 Image size of job updated: 265008
	257  -  MemoryUsage of job (MB)
	262896  -  ResidentSetSize of job (KB)
...
006 (4945993.018.000) 01/25 07:29:42 Image size of job updated: 221792
	215  -  MemoryUsage of job (MB)
	219852  -  ResidentSetSize of job (KB)
...
006 (4945993.017.000) 01/25 07:29:42 Image size of job updated: 225772
	220  -  MemoryUsage of job (MB)
	225204  -  ResidentSetSize of job (KB)
...
006 (4945993.004.000) 01/25 07:29:42 Image size of job updated: 241396
	235  -  MemoryUsage of job (MB)
	240056  -  ResidentSetSize of job (KB)
...
006 (4945993.001.000) 01/25 07:34:35 Image size of job updated: 231412
	223  -  MemoryUsage of job (MB)
	227476  -  ResidentSetSize of job (KB)
...
006 (4945993.000.000) 01/25 07:34:35 Image size of job updated: 225920
	219  -  MemoryUsage of job (MB)
	223368  -  ResidentSetSize of job (KB)
...
006 (4945993.003.000) 01/25 07:34:36 Image size of job updated: 229576
	222  -  MemoryUsage of job (MB)
	227172  -  ResidentSetSize of job (KB)
...
006 (4945993.002.000) 01/25 07:34:36 Image size of job updated: 235320
	229  -  MemoryUsage of job (MB)
	234292  -  ResidentSetSize of job (KB)
...
006 (4945993.006.000) 01/25 07:34:37 Image size of job updated: 227580
	221  -  MemoryUsage of job (MB)
	225364  -  ResidentSetSize of job (KB)
...
006 (4945993.007.000) 01/25 07:34:37 Image size of job updated: 238452
	231  -  MemoryUsage of job (MB)
	236344  -  ResidentSetSize of job (KB)
...
006 (4945993.005.000) 01/25 07:34:37 Image size of job updated: 234568
	227  -  MemoryUsage of job (MB)
	232324  -  ResidentSetSize of job (KB)
...
006 (4945993.010.000) 01/25 07:34:38 Image size of job updated: 225920
	219  -  MemoryUsage of job (MB)
	223432  -  ResidentSetSize of job (KB)
...
006 (4945993.009.000) 01/25 07:34:38 Image size of job updated: 219508
	213  -  MemoryUsage of job (MB)
	217380  -  ResidentSetSize of job (KB)
...
006 (4945993.008.000) 01/25 07:34:38 Image size of job updated: 228864
	222  -  MemoryUsage of job (MB)
	226608  -  ResidentSetSize of job (KB)
...
006 (4945993.012.000) 01/25 07:34:39 Image size of job updated: 237856
	230  -  MemoryUsage of job (MB)
	235152  -  ResidentSetSize of job (KB)
...
006 (4945993.013.000) 01/25 07:34:39 Image size of job updated: 228780
	221  -  MemoryUsage of job (MB)
	225472  -  ResidentSetSize of job (KB)
...
006 (4945993.011.000) 01/25 07:34:39 Image size of job updated: 225000
	218  -  MemoryUsage of job (MB)
	222296  -  ResidentSetSize of job (KB)
...
006 (4945993.016.000) 01/25 07:34:40 Image size of job updated: 232088
	227  -  MemoryUsage of job (MB)
	231452  -  ResidentSetSize of job (KB)
...
006 (4945993.015.000) 01/25 07:34:40 Image size of job updated: 265604
	258  -  MemoryUsage of job (MB)
	263500  -  ResidentSetSize of job (KB)
...
006 (4945993.014.000) 01/25 07:34:40 Image size of job updated: 224864
	218  -  MemoryUsage of job (MB)
	222776  -  ResidentSetSize of job (KB)
...
006 (4945993.018.000) 01/25 07:34:43 Image size of job updated: 222884
	216  -  MemoryUsage of job (MB)
	220800  -  ResidentSetSize of job (KB)
...
006 (4945993.017.000) 01/25 07:34:43 Image size of job updated: 228344
	221  -  MemoryUsage of job (MB)
	226020  -  ResidentSetSize of job (KB)
...
006 (4945993.004.000) 01/25 07:34:43 Image size of job updated: 242500
	235  -  MemoryUsage of job (MB)
	240336  -  ResidentSetSize of job (KB)
...
006 (4945993.001.000) 01/25 07:39:35 Image size of job updated: 231412
	223  -  MemoryUsage of job (MB)
	227660  -  ResidentSetSize of job (KB)
...
006 (4945993.000.000) 01/25 07:39:36 Image size of job updated: 225920
	219  -  MemoryUsage of job (MB)
	223376  -  ResidentSetSize of job (KB)
...
006 (4945993.003.000) 01/25 07:39:36 Image size of job updated: 229668
	222  -  MemoryUsage of job (MB)
	227172  -  ResidentSetSize of job (KB)
...
006 (4945993.002.000) 01/25 07:39:37 Image size of job updated: 235388
	230  -  MemoryUsage of job (MB)
	234680  -  ResidentSetSize of job (KB)
...
006 (4945993.006.000) 01/25 07:39:37 Image size of job updated: 228176
	221  -  MemoryUsage of job (MB)
	225620  -  ResidentSetSize of job (KB)
...
006 (4945993.007.000) 01/25 07:39:37 Image size of job updated: 238956
	232  -  MemoryUsage of job (MB)
	236736  -  ResidentSetSize of job (KB)
...
006 (4945993.010.000) 01/25 07:39:38 Image size of job updated: 225920
	219  -  MemoryUsage of job (MB)
	223892  -  ResidentSetSize of job (KB)
...
006 (4945993.008.000) 01/25 07:39:39 Image size of job updated: 229212
	222  -  MemoryUsage of job (MB)
	226920  -  ResidentSetSize of job (KB)
...
006 (4945993.013.000) 01/25 07:39:39 Image size of job updated: 228780
	221  -  MemoryUsage of job (MB)
	225788  -  ResidentSetSize of job (KB)
...
006 (4945993.016.000) 01/25 07:39:40 Image size of job updated: 232348
	227  -  MemoryUsage of job (MB)
	231592  -  ResidentSetSize of job (KB)
...
006 (4945993.015.000) 01/25 07:39:40 Image size of job updated: 265604
	258  -  MemoryUsage of job (MB)
	263864  -  ResidentSetSize of job (KB)
...
006 (4945993.014.000) 01/25 07:39:41 Image size of job updated: 225084
	218  -  MemoryUsage of job (MB)
	222884  -  ResidentSetSize of job (KB)
...
006 (4945993.018.000) 01/25 07:39:43 Image size of job updated: 222884
	216  -  MemoryUsage of job (MB)
	221052  -  ResidentSetSize of job (KB)
...
006 (4945993.017.000) 01/25 07:39:43 Image size of job updated: 228344
	221  -  MemoryUsage of job (MB)
	226032  -  ResidentSetSize of job (KB)
...
006 (4945993.004.000) 01/25 07:39:43 Image size of job updated: 242544
	235  -  MemoryUsage of job (MB)
	240336  -  ResidentSetSize of job (KB)
...
040 (4945993.011.000) 01/25 07:44:15 Started transferring output files
...
040 (4945993.011.000) 01/25 07:44:15 Finished transferring output files
...
005 (4945993.011.000) 01/25 07:44:15 Job terminated.
	(1) Normal termination (return value 0)
		Usr 0 00:05:30, Sys 0 00:00:48  -  Run Remote Usage
		Usr 0 00:00:00, Sys 0 00:00:00  -  Run Local Usage
		Usr 0 00:05:30, Sys 0 00:00:48  -  Total Remote Usage
		Usr 0 00:00:00, Sys 0 00:00:00  -  Total Local Usage
	24483  -  Run Bytes Sent By Job
	11485  -  Run Bytes Received By Job
	24483  -  Total Bytes Sent By Job
	11485  -  Total Bytes Received By Job
	Partitionable Resources :    Usage  Request Allocated 
	   Cpus                 :     0.30        1         1 
	   Disk (KB)            :   128           1   2991587 
	   Memory (MB)          :   218        2000      2000 

	Job terminated of its own accord at 2024-01-25T06:44:15Z.
...
006 (4945993.001.000) 01/25 07:44:35 Image size of job updated: 235388
	229  -  MemoryUsage of job (MB)
	234388  -  ResidentSetSize of job (KB)
...
006 (4945993.000.000) 01/25 07:44:36 Image size of job updated: 229200
	223  -  MemoryUsage of job (MB)
	228216  -  ResidentSetSize of job (KB)
...
006 (4945993.003.000) 01/25 07:44:36 Image size of job updated: 235868
	229  -  MemoryUsage of job (MB)
	233560  -  ResidentSetSize of job (KB)
...
006 (4945993.002.000) 01/25 07:44:37 Image size of job updated: 235552
	230  -  MemoryUsage of job (MB)
	234808  -  ResidentSetSize of job (KB)
...
006 (4945993.006.000) 01/25 07:44:37 Image size of job updated: 228296
	223  -  MemoryUsage of job (MB)
	227784  -  ResidentSetSize of job (KB)
...
006 (4945993.007.000) 01/25 07:44:37 Image size of job updated: 239092
	232  -  MemoryUsage of job (MB)
	236956  -  ResidentSetSize of job (KB)
...
006 (4945993.005.000) 01/25 07:44:38 Image size of job updated: 234568
	228  -  MemoryUsage of job (MB)
	232556  -  ResidentSetSize of job (KB)
...
006 (4945993.010.000) 01/25 07:44:38 Image size of job updated: 228756
	223  -  MemoryUsage of job (MB)
	227744  -  ResidentSetSize of job (KB)
...
006 (4945993.008.000) 01/25 07:44:39 Image size of job updated: 229212
	223  -  MemoryUsage of job (MB)
	227372  -  ResidentSetSize of job (KB)
...
006 (4945993.013.000) 01/25 07:44:39 Image size of job updated: 228780
	221  -  MemoryUsage of job (MB)
	225800  -  ResidentSetSize of job (KB)
...
006 (4945993.016.000) 01/25 07:44:40 Image size of job updated: 232356
	227  -  MemoryUsage of job (MB)
	231596  -  ResidentSetSize of job (KB)
...
006 (4945993.018.000) 01/25 07:44:43 Image size of job updated: 223160
	216  -  MemoryUsage of job (MB)
	221052  -  ResidentSetSize of job (KB)
...
006 (4945993.017.000) 01/25 07:44:44 Image size of job updated: 228344
	221  -  MemoryUsage of job (MB)
	226244  -  ResidentSetSize of job (KB)
...
006 (4945993.004.000) 01/25 07:44:44 Image size of job updated: 242544
	236  -  MemoryUsage of job (MB)
	240688  -  ResidentSetSize of job (KB)
...
006 (4945993.010.000) 01/25 07:45:57 Image size of job updated: 330216
	238  -  MemoryUsage of job (MB)
	243368  -  ResidentSetSize of job (KB)
...
040 (4945993.010.000) 01/25 07:45:57 Started transferring output files
...
040 (4945993.010.000) 01/25 07:45:57 Finished transferring output files
...
005 (4945993.010.000) 01/25 07:45:57 Job terminated.
	(1) Normal termination (return value 0)
		Usr 0 00:06:05, Sys 0 00:00:48  -  Run Remote Usage
		Usr 0 00:00:00, Sys 0 00:00:00  -  Run Local Usage
		Usr 0 00:06:05, Sys 0 00:00:48  -  Total Remote Usage
		Usr 0 00:00:00, Sys 0 00:00:00  -  Total Local Usage
	25151  -  Run Bytes Sent By Job
	11485  -  Run Bytes Received By Job
	25151  -  Total Bytes Sent By Job
	11485  -  Total Bytes Received By Job
	Partitionable Resources :    Usage  Request Allocated 
	   Cpus                 :     0.33        1         1 
	   Disk (KB)            :   129           1   2839638 
	   Memory (MB)          :   238        2000      2000 

	Job terminated of its own accord at 2024-01-25T06:45:57Z.
...
006 (4945993.000.000) 01/25 07:49:37 Image size of job updated: 232260
	225  -  MemoryUsage of job (MB)
	230120  -  ResidentSetSize of job (KB)
...
006 (4945993.003.000) 01/25 07:49:37 Image size of job updated: 235880
	229  -  MemoryUsage of job (MB)
	233812  -  ResidentSetSize of job (KB)
...
006 (4945993.002.000) 01/25 07:49:38 Image size of job updated: 241608
	234  -  MemoryUsage of job (MB)
	239564  -  ResidentSetSize of job (KB)
...
006 (4945993.006.000) 01/25 07:49:38 Image size of job updated: 229948
	223  -  MemoryUsage of job (MB)
	227784  -  ResidentSetSize of job (KB)
...
006 (4945993.007.000) 01/25 07:49:38 Image size of job updated: 239092
	233  -  MemoryUsage of job (MB)
	237988  -  ResidentSetSize of job (KB)
...
006 (4945993.005.000) 01/25 07:49:39 Image size of job updated: 235684
	230  -  MemoryUsage of job (MB)
	234712  -  ResidentSetSize of job (KB)
...
006 (4945993.009.000) 01/25 07:49:40 Image size of job updated: 219508
	213  -  MemoryUsage of job (MB)
	217400  -  ResidentSetSize of job (KB)
...
006 (4945993.008.000) 01/25 07:49:40 Image size of job updated: 230968
	226  -  MemoryUsage of job (MB)
	230564  -  ResidentSetSize of job (KB)
...
006 (4945993.013.000) 01/25 07:49:40 Image size of job updated: 230272
	224  -  MemoryUsage of job (MB)
	229008  -  ResidentSetSize of job (KB)
...
006 (4945993.016.000) 01/25 07:49:41 Image size of job updated: 232480
	227  -  MemoryUsage of job (MB)
	231708  -  ResidentSetSize of job (KB)
...
006 (4945993.004.000) 01/25 07:49:45 Image size of job updated: 242972
	236  -  MemoryUsage of job (MB)
	240928  -  ResidentSetSize of job (KB)
...
040 (4945993.012.000) 01/25 07:53:57 Started transferring output files
...
040 (4945993.012.000) 01/25 07:53:57 Finished transferring output files
...
005 (4945993.012.000) 01/25 07:53:57 Job terminated.
	(1) Normal termination (return value 0)
		Usr 0 00:08:17, Sys 0 00:01:01  -  Run Remote Usage
		Usr 0 00:00:00, Sys 0 00:00:00  -  Run Local Usage
		Usr 0 00:08:17, Sys 0 00:01:01  -  Total Remote Usage
		Usr 0 00:00:00, Sys 0 00:00:00  -  Total Local Usage
	26882  -  Run Bytes Sent By Job
	11485  -  Run Bytes Received By Job
	26882  -  Total Bytes Sent By Job
	11485  -  Total Bytes Received By Job
	Partitionable Resources :    Usage  Request Allocated 
	   Cpus                 :     0.26        1         1 
	   Disk (KB)            :   130           1   2966668 
	   Memory (MB)          :   230        2000      2000 

	Job terminated of its own accord at 2024-01-25T06:53:57Z.
...
006 (4945993.001.000) 01/25 07:54:37 Image size of job updated: 235812
	230  -  MemoryUsage of job (MB)
	234584  -  ResidentSetSize of job (KB)
...
006 (4945993.007.000) 01/25 07:54:39 Image size of job updated: 240500
	233  -  MemoryUsage of job (MB)
	238236  -  ResidentSetSize of job (KB)
...
006 (4945993.005.000) 01/25 07:54:40 Image size of job updated: 236776
	230  -  MemoryUsage of job (MB)
	234732  -  ResidentSetSize of job (KB)
...
006 (4945993.009.000) 01/25 07:54:41 Image size of job updated: 219508
	213  -  MemoryUsage of job (MB)
	217464  -  ResidentSetSize of job (KB)
...
006 (4945993.008.000) 01/25 07:54:41 Image size of job updated: 232348
	226  -  MemoryUsage of job (MB)
	230564  -  ResidentSetSize of job (KB)
...
006 (4945993.013.000) 01/25 07:54:41 Image size of job updated: 231512
	224  -  MemoryUsage of job (MB)
	229008  -  ResidentSetSize of job (KB)
...
006 (4945993.016.000) 01/25 07:54:42 Image size of job updated: 232652
	227  -  MemoryUsage of job (MB)
	231892  -  ResidentSetSize of job (KB)
...
006 (4945993.004.000) 01/25 07:54:45 Image size of job updated: 242984
	236  -  MemoryUsage of job (MB)
	240928  -  ResidentSetSize of job (KB)
...
006 (4945993.013.000) 01/25 07:55:56 Image size of job updated: 332820
	241  -  MemoryUsage of job (MB)
	245984  -  ResidentSetSize of job (KB)
...
040 (4945993.013.000) 01/25 07:55:56 Started transferring output files
...
040 (4945993.013.000) 01/25 07:55:56 Finished transferring output files
...
005 (4945993.013.000) 01/25 07:55:56 Job terminated.
	(1) Normal termination (return value 0)
		Usr 0 00:13:22, Sys 0 00:00:45  -  Run Remote Usage
		Usr 0 00:00:00, Sys 0 00:00:00  -  Run Local Usage
		Usr 0 00:13:22, Sys 0 00:00:45  -  Total Remote Usage
		Usr 0 00:00:00, Sys 0 00:00:00  -  Total Local Usage
	25726  -  Run Bytes Sent By Job
	11485  -  Run Bytes Received By Job
	25726  -  Total Bytes Sent By Job
	11485  -  Total Bytes Received By Job
	Partitionable Resources :    Usage  Request Allocated 
	   Cpus                 :     0.38        1         1 
	   Disk (KB)            :   130           1   2954276 
	   Memory (MB)          :   241        2000      2000 

	Job terminated of its own accord at 2024-01-25T06:55:56Z.
...
006 (4945993.001.000) 01/25 07:59:37 Image size of job updated: 236692
	230  -  MemoryUsage of job (MB)
	234588  -  ResidentSetSize of job (KB)
...
006 (4945993.003.000) 01/25 07:59:38 Image size of job updated: 236116
	229  -  MemoryUsage of job (MB)
	233812  -  ResidentSetSize of job (KB)
...
006 (4945993.002.000) 01/25 07:59:39 Image size of job updated: 241608
	235  -  MemoryUsage of job (MB)
	239628  -  ResidentSetSize of job (KB)
...
006 (4945993.005.000) 01/25 07:59:40 Image size of job updated: 237204
	230  -  MemoryUsage of job (MB)
	234904  -  ResidentSetSize of job (KB)
...
006 (4945993.004.000) 01/25 07:59:45 Image size of job updated: 243000
	236  -  MemoryUsage of job (MB)
	240928  -  ResidentSetSize of job (KB)
...
006 (4945993.000.000) 01/25 08:04:38 Image size of job updated: 232340
	225  -  MemoryUsage of job (MB)
	230336  -  ResidentSetSize of job (KB)
...
006 (4945993.001.000) 01/25 08:04:38 Image size of job updated: 236692
	230  -  MemoryUsage of job (MB)
	234844  -  ResidentSetSize of job (KB)
...
006 (4945993.002.000) 01/25 08:04:39 Image size of job updated: 241608
	235  -  MemoryUsage of job (MB)
	239880  -  ResidentSetSize of job (KB)
...
006 (4945993.003.000) 01/25 08:04:39 Image size of job updated: 236348
	229  -  MemoryUsage of job (MB)
	233812  -  ResidentSetSize of job (KB)
...
006 (4945993.005.000) 01/25 08:04:41 Image size of job updated: 237260
	230  -  MemoryUsage of job (MB)
	234956  -  ResidentSetSize of job (KB)
...
006 (4945993.009.000) 01/25 08:04:42 Image size of job updated: 219508
	213  -  MemoryUsage of job (MB)
	217468  -  ResidentSetSize of job (KB)
...
006 (4945993.016.000) 01/25 08:04:43 Image size of job updated: 232904
	227  -  MemoryUsage of job (MB)
	231896  -  ResidentSetSize of job (KB)
...
006 (4945993.004.000) 01/25 08:04:46 Image size of job updated: 243236
	236  -  MemoryUsage of job (MB)
	240928  -  ResidentSetSize of job (KB)
...
006 (4945993.000.000) 01/25 08:09:39 Image size of job updated: 232524
	226  -  MemoryUsage of job (MB)
	230480  -  ResidentSetSize of job (KB)
...
006 (4945993.016.000) 01/25 08:09:44 Image size of job updated: 233944
	227  -  MemoryUsage of job (MB)
	231896  -  ResidentSetSize of job (KB)
...
006 (4945993.004.000) 01/25 08:09:46 Image size of job updated: 243308
	236  -  MemoryUsage of job (MB)
	241136  -  ResidentSetSize of job (KB)
...
006 (4945993.006.000) 01/25 08:14:40 Image size of job updated: 230032
	223  -  MemoryUsage of job (MB)
	227784  -  ResidentSetSize of job (KB)
...
006 (4945993.003.000) 01/25 08:14:40 Image size of job updated: 236360
	229  -  MemoryUsage of job (MB)
	233812  -  ResidentSetSize of job (KB)
...
006 (4945993.007.000) 01/25 08:14:41 Image size of job updated: 240520
	233  -  MemoryUsage of job (MB)
	238236  -  ResidentSetSize of job (KB)
...
006 (4945993.000.000) 01/25 08:19:39 Image size of job updated: 233036
	226  -  MemoryUsage of job (MB)
	230516  -  ResidentSetSize of job (KB)
...
006 (4945993.001.000) 01/25 08:19:39 Image size of job updated: 236992
	230  -  MemoryUsage of job (MB)
	234844  -  ResidentSetSize of job (KB)
...
006 (4945993.003.000) 01/25 08:19:40 Image size of job updated: 236360
	229  -  MemoryUsage of job (MB)
	233820  -  ResidentSetSize of job (KB)
...
006 (4945993.007.000) 01/25 08:19:41 Image size of job updated: 240520
	233  -  MemoryUsage of job (MB)
	238260  -  ResidentSetSize of job (KB)
...
006 (4945993.009.000) 01/25 08:19:43 Image size of job updated: 219548
	213  -  MemoryUsage of job (MB)
	217468  -  ResidentSetSize of job (KB)
...
006 (4945993.008.000) 01/25 08:19:43 Image size of job updated: 232436
	226  -  MemoryUsage of job (MB)
	230564  -  ResidentSetSize of job (KB)
...
006 (4945993.016.000) 01/25 08:19:44 Image size of job updated: 234088
	227  -  MemoryUsage of job (MB)
	231896  -  ResidentSetSize of job (KB)
...
006 (4945993.004.000) 01/25 08:19:48 Image size of job updated: 243460
	236  -  MemoryUsage of job (MB)
	241136  -  ResidentSetSize of job (KB)
...
006 (4945993.000.000) 01/25 08:22:52 Image size of job updated: 335816
	243  -  MemoryUsage of job (MB)
	248768  -  ResidentSetSize of job (KB)
...
040 (4945993.000.000) 01/25 08:22:52 Started transferring output files
...
040 (4945993.000.000) 01/25 08:22:52 Finished transferring output files
...
005 (4945993.000.000) 01/25 08:22:52 Job terminated.
	(1) Normal termination (return value 0)
		Usr 0 00:07:19, Sys 0 00:00:58  -  Run Remote Usage
		Usr 0 00:00:00, Sys 0 00:00:00  -  Run Local Usage
		Usr 0 00:07:19, Sys 0 00:00:58  -  Total Remote Usage
		Usr 0 00:00:00, Sys 0 00:00:00  -  Total Local Usage
	25723  -  Run Bytes Sent By Job
	11485  -  Run Bytes Received By Job
	25723  -  Total Bytes Sent By Job
	11485  -  Total Bytes Received By Job
	Partitionable Resources :    Usage  Request Allocated 
	   Cpus                 :     0.12        1         1 
	   Disk (KB)            :   129           1   2990590 
	   Memory (MB)          :   243        2000      2000 

	Job terminated of its own accord at 2024-01-25T07:22:52Z.
...
006 (4945993.001.000) 01/25 08:24:40 Image size of job updated: 236992
	230  -  MemoryUsage of job (MB)
	234932  -  ResidentSetSize of job (KB)
...
006 (4945993.006.000) 01/25 08:24:41 Image size of job updated: 230184
	223  -  MemoryUsage of job (MB)
	227784  -  ResidentSetSize of job (KB)
...
006 (4945993.002.000) 01/25 08:24:41 Image size of job updated: 241692
	235  -  MemoryUsage of job (MB)
	239880  -  ResidentSetSize of job (KB)
...
006 (4945993.007.000) 01/25 08:24:42 Image size of job updated: 240572
	233  -  MemoryUsage of job (MB)
	238268  -  ResidentSetSize of job (KB)
...
006 (4945993.009.000) 01/25 08:24:44 Image size of job updated: 219548
	213  -  MemoryUsage of job (MB)
	217592  -  ResidentSetSize of job (KB)
...
006 (4945993.016.000) 01/25 08:24:45 Image size of job updated: 234088
	227  -  MemoryUsage of job (MB)
	231992  -  ResidentSetSize of job (KB)
...
006 (4945993.004.000) 01/25 08:24:48 Image size of job updated: 243672
	236  -  MemoryUsage of job (MB)
	241164  -  ResidentSetSize of job (KB)
...
006 (4945993.001.000) 01/25 08:29:40 Image size of job updated: 237244
	230  -  MemoryUsage of job (MB)
	234932  -  ResidentSetSize of job (KB)
...
006 (4945993.005.000) 01/25 08:29:43 Image size of job updated: 237260
	230  -  MemoryUsage of job (MB)
	235132  -  ResidentSetSize of job (KB)
...
006 (4945993.009.000) 01/25 08:29:44 Image size of job updated: 219548
	213  -  MemoryUsage of job (MB)
	217688  -  ResidentSetSize of job (KB)
...
006 (4945993.016.000) 01/25 08:29:45 Image size of job updated: 234204
	227  -  MemoryUsage of job (MB)
	231992  -  ResidentSetSize of job (KB)
...
006 (4945993.006.000) 01/25 08:34:41 Image size of job updated: 230184
	223  -  MemoryUsage of job (MB)
	227788  -  ResidentSetSize of job (KB)
...
006 (4945993.003.000) 01/25 08:34:41 Image size of job updated: 236360
	229  -  MemoryUsage of job (MB)
	233904  -  ResidentSetSize of job (KB)
...
006 (4945993.007.000) 01/25 08:34:42 Image size of job updated: 240572
	233  -  MemoryUsage of job (MB)
	238284  -  ResidentSetSize of job (KB)
...
006 (4945993.005.000) 01/25 08:34:43 Image size of job updated: 237388
	230  -  MemoryUsage of job (MB)
	235388  -  ResidentSetSize of job (KB)
...
006 (4945993.009.000) 01/25 08:34:44 Image size of job updated: 219732
	213  -  MemoryUsage of job (MB)
	217688  -  ResidentSetSize of job (KB)
...
006 (4945993.016.000) 01/25 08:34:45 Image size of job updated: 234520
	227  -  MemoryUsage of job (MB)
	232244  -  ResidentSetSize of job (KB)
...
006 (4945993.014.000) 01/25 08:34:46 Image size of job updated: 225084
	218  -  MemoryUsage of job (MB)
	223000  -  ResidentSetSize of job (KB)
...
040 (4945993.003.000) 01/25 08:36:46 Started transferring output files
...
040 (4945993.003.000) 01/25 08:36:46 Finished transferring output files
...
005 (4945993.003.000) 01/25 08:36:46 Job terminated.
	(1) Normal termination (return value 0)
		Usr 0 00:08:09, Sys 0 00:01:13  -  Run Remote Usage
		Usr 0 00:00:00, Sys 0 00:00:00  -  Run Local Usage
		Usr 0 00:08:09, Sys 0 00:01:13  -  Total Remote Usage
		Usr 0 00:00:00, Sys 0 00:00:00  -  Total Local Usage
	26254  -  Run Bytes Sent By Job
	11485  -  Run Bytes Received By Job
	26254  -  Total Bytes Sent By Job
	11485  -  Total Bytes Received By Job
	Partitionable Resources :    Usage  Request Allocated 
	   Cpus                 :     0.07        1         1 
	   Disk (KB)            :   130           1   2943190 
	   Memory (MB)          :   229        2000      2000 

	Job terminated of its own accord at 2024-01-25T07:36:46Z.
...
006 (4945993.009.000) 01/25 08:39:45 Image size of job updated: 219848
	213  -  MemoryUsage of job (MB)
	217688  -  ResidentSetSize of job (KB)
...
006 (4945993.004.000) 01/25 08:39:50 Image size of job updated: 243672
	236  -  MemoryUsage of job (MB)
	241368  -  ResidentSetSize of job (KB)
...
040 (4945993.006.000) 01/25 08:41:12 Started transferring output files
...
040 (4945993.006.000) 01/25 08:41:12 Finished transferring output files
...
005 (4945993.006.000) 01/25 08:41:12 Job terminated.
	(1) Normal termination (return value 0)
		Usr 0 00:08:01, Sys 0 00:01:04  -  Run Remote Usage
		Usr 0 00:00:00, Sys 0 00:00:00  -  Run Local Usage
		Usr 0 00:08:01, Sys 0 00:01:04  -  Total Remote Usage
		Usr 0 00:00:00, Sys 0 00:00:00  -  Total Local Usage
	26395  -  Run Bytes Sent By Job
	11485  -  Run Bytes Received By Job
	26395  -  Total Bytes Sent By Job
	11485  -  Total Bytes Received By Job
	Partitionable Resources :    Usage  Request Allocated 
	   Cpus                 :     0.07        1         1 
	   Disk (KB)            :   130           1   2991579 
	   Memory (MB)          :   223        2000      2000 

	Job terminated of its own accord at 2024-01-25T07:41:12Z.
...
006 (4945993.005.000) 01/25 08:44:45 Image size of job updated: 237540
	230  -  MemoryUsage of job (MB)
	235388  -  ResidentSetSize of job (KB)
...
006 (4945993.008.000) 01/25 08:44:46 Image size of job updated: 234896
	228  -  MemoryUsage of job (MB)
	232688  -  ResidentSetSize of job (KB)
...
006 (4945993.014.000) 01/25 08:44:48 Image size of job updated: 225084
	218  -  MemoryUsage of job (MB)
	223060  -  ResidentSetSize of job (KB)
...
006 (4945993.008.000) 01/25 08:45:58 Image size of job updated: 335052
	242  -  MemoryUsage of job (MB)
	247544  -  ResidentSetSize of job (KB)
...
040 (4945993.008.000) 01/25 08:45:58 Started transferring output files
...
040 (4945993.008.000) 01/25 08:45:58 Finished transferring output files
...
005 (4945993.008.000) 01/25 08:45:58 Job terminated.
	(1) Normal termination (return value 0)
		Usr 0 00:07:47, Sys 0 00:00:59  -  Run Remote Usage
		Usr 0 00:00:00, Sys 0 00:00:00  -  Run Local Usage
		Usr 0 00:07:47, Sys 0 00:00:59  -  Total Remote Usage
		Usr 0 00:00:00, Sys 0 00:00:00  -  Total Local Usage
	26129  -  Run Bytes Sent By Job
	11485  -  Run Bytes Received By Job
	26129  -  Total Bytes Sent By Job
	11485  -  Total Bytes Received By Job
	Partitionable Resources :    Usage  Request Allocated 
	   Cpus                 :     0.05        1         1 
	   Disk (KB)            :   130           1   2992201 
	   Memory (MB)          :   242        2000      2000 

	Job terminated of its own accord at 2024-01-25T07:45:58Z.
...
006 (4945993.001.000) 01/25 08:49:42 Image size of job updated: 237244
	230  -  MemoryUsage of job (MB)
	234956  -  ResidentSetSize of job (KB)
...
006 (4945993.002.000) 01/25 08:49:44 Image size of job updated: 243120
	236  -  MemoryUsage of job (MB)
	241528  -  ResidentSetSize of job (KB)
...
006 (4945993.007.000) 01/25 08:49:44 Image size of job updated: 243164
	236  -  MemoryUsage of job (MB)
	241116  -  ResidentSetSize of job (KB)
...
006 (4945993.005.000) 01/25 08:49:45 Image size of job updated: 239316
	233  -  MemoryUsage of job (MB)
	238196  -  ResidentSetSize of job (KB)
...
006 (4945993.009.000) 01/25 08:49:46 Image size of job updated: 222492
	216  -  MemoryUsage of job (MB)
	220192  -  ResidentSetSize of job (KB)
...
006 (4945993.016.000) 01/25 08:49:47 Image size of job updated: 234520
	227  -  MemoryUsage of job (MB)
	232448  -  ResidentSetSize of job (KB)
...
006 (4945993.014.000) 01/25 08:49:48 Image size of job updated: 225872
	220  -  MemoryUsage of job (MB)
	225096  -  ResidentSetSize of job (KB)
...
006 (4945993.004.000) 01/25 08:49:51 Image size of job updated: 244472
	237  -  MemoryUsage of job (MB)
	242228  -  ResidentSetSize of job (KB)
...
006 (4945993.001.000) 01/25 08:50:48 Image size of job updated: 335828
	244  -  MemoryUsage of job (MB)
	248924  -  ResidentSetSize of job (KB)
...
040 (4945993.001.000) 01/25 08:50:48 Started transferring output files
...
040 (4945993.001.000) 01/25 08:50:48 Finished transferring output files
...
005 (4945993.001.000) 01/25 08:50:48 Job terminated.
	(1) Normal termination (return value 0)
		Usr 0 00:08:27, Sys 0 00:01:06  -  Run Remote Usage
		Usr 0 00:00:00, Sys 0 00:00:00  -  Run Local Usage
		Usr 0 00:08:27, Sys 0 00:01:06  -  Total Remote Usage
		Usr 0 00:00:00, Sys 0 00:00:00  -  Total Local Usage
	26529  -  Run Bytes Sent By Job
	11485  -  Run Bytes Received By Job
	26529  -  Total Bytes Sent By Job
	11485  -  Total Bytes Received By Job
	Partitionable Resources :    Usage  Request Allocated 
	   Cpus                 :     0.11        1         1 
	   Disk (KB)            :   130           1   2986935 
	   Memory (MB)          :   244        2000      2000 

	Job terminated of its own accord at 2024-01-25T07:50:48Z.
...
006 (4945993.002.000) 01/25 08:54:45 Image size of job updated: 243572
	236  -  MemoryUsage of job (MB)
	241528  -  ResidentSetSize of job (KB)
...
006 (4945993.007.000) 01/25 08:54:45 Image size of job updated: 243780
	236  -  MemoryUsage of job (MB)
	241476  -  ResidentSetSize of job (KB)
...
006 (4945993.009.000) 01/25 08:54:47 Image size of job updated: 222628
	217  -  MemoryUsage of job (MB)
	221292  -  ResidentSetSize of job (KB)
...
006 (4945993.014.000) 01/25 08:54:49 Image size of job updated: 227184
	220  -  MemoryUsage of job (MB)
	225132  -  ResidentSetSize of job (KB)
...
006 (4945993.017.000) 01/25 08:54:51 Image size of job updated: 229844
	223  -  MemoryUsage of job (MB)
	227800  -  ResidentSetSize of job (KB)
...
006 (4945993.004.000) 01/25 08:54:52 Image size of job updated: 247396
	242  -  MemoryUsage of job (MB)
	246888  -  ResidentSetSize of job (KB)
...
006 (4945993.002.000) 01/25 08:59:46 Image size of job updated: 243572
	236  -  MemoryUsage of job (MB)
	241596  -  ResidentSetSize of job (KB)
...
006 (4945993.014.000) 01/25 08:59:50 Image size of job updated: 227428
	220  -  MemoryUsage of job (MB)
	225140  -  ResidentSetSize of job (KB)
...
006 (4945993.017.000) 01/25 08:59:51 Image size of job updated: 229848
	223  -  MemoryUsage of job (MB)
	227800  -  ResidentSetSize of job (KB)
...
006 (4945993.004.000) 01/25 08:59:52 Image size of job updated: 247864
	242  -  MemoryUsage of job (MB)
	246888  -  ResidentSetSize of job (KB)
...
006 (4945993.007.000) 01/25 09:04:46 Image size of job updated: 244012
	236  -  MemoryUsage of job (MB)
	241476  -  ResidentSetSize of job (KB)
...
006 (4945993.009.000) 01/25 09:04:48 Image size of job updated: 222628
	217  -  MemoryUsage of job (MB)
	221352  -  ResidentSetSize of job (KB)
...
006 (4945993.016.000) 01/25 09:04:49 Image size of job updated: 234520
	228  -  MemoryUsage of job (MB)
	232476  -  ResidentSetSize of job (KB)
...
006 (4945993.014.000) 01/25 09:04:50 Image size of job updated: 227428
	221  -  MemoryUsage of job (MB)
	225392  -  ResidentSetSize of job (KB)
...
006 (4945993.017.000) 01/25 09:04:51 Image size of job updated: 229848
	223  -  MemoryUsage of job (MB)
	228020  -  ResidentSetSize of job (KB)
...
006 (4945993.004.000) 01/25 09:04:52 Image size of job updated: 249152
	242  -  MemoryUsage of job (MB)
	246888  -  ResidentSetSize of job (KB)
...
006 (4945993.002.000) 01/25 09:09:46 Image size of job updated: 243572
	236  -  MemoryUsage of job (MB)
	241628  -  ResidentSetSize of job (KB)
...
006 (4945993.017.000) 01/25 09:09:52 Image size of job updated: 229848
	223  -  MemoryUsage of job (MB)
	228056  -  ResidentSetSize of job (KB)
...
006 (4945993.002.000) 01/25 09:14:47 Image size of job updated: 243572
	236  -  MemoryUsage of job (MB)
	241640  -  ResidentSetSize of job (KB)
...
006 (4945993.016.000) 01/25 09:14:50 Image size of job updated: 234524
	228  -  MemoryUsage of job (MB)
	232476  -  ResidentSetSize of job (KB)
...
006 (4945993.017.000) 01/25 09:14:53 Image size of job updated: 230352
	223  -  MemoryUsage of job (MB)
	228056  -  ResidentSetSize of job (KB)
...
006 (4945993.007.000) 01/25 09:15:55 Image size of job updated: 336940
	241  -  MemoryUsage of job (MB)
	246560  -  ResidentSetSize of job (KB)
...
040 (4945993.007.000) 01/25 09:15:55 Started transferring output files
...
040 (4945993.007.000) 01/25 09:15:55 Finished transferring output files
...
005 (4945993.007.000) 01/25 09:15:55 Job terminated.
	(1) Normal termination (return value 0)
		Usr 0 00:11:38, Sys 0 00:01:32  -  Run Remote Usage
		Usr 0 00:00:00, Sys 0 00:00:00  -  Run Local Usage
		Usr 0 00:11:38, Sys 0 00:01:32  -  Total Remote Usage
		Usr 0 00:00:00, Sys 0 00:00:00  -  Total Local Usage
	29029  -  Run Bytes Sent By Job
	11485  -  Run Bytes Received By Job
	29029  -  Total Bytes Sent By Job
	11485  -  Total Bytes Received By Job
	Partitionable Resources :    Usage  Request Allocated 
	   Cpus                 :     0.16        1         1 
	   Disk (KB)            :   133           1   2955887 
	   Memory (MB)          :   241        2000      2000 

	Job terminated of its own accord at 2024-01-25T08:15:55Z.
...
006 (4945993.002.000) 01/25 09:19:47 Image size of job updated: 243572
	237  -  MemoryUsage of job (MB)
	241984  -  ResidentSetSize of job (KB)
...
006 (4945993.016.000) 01/25 09:19:50 Image size of job updated: 234524
	228  -  MemoryUsage of job (MB)
	232660  -  ResidentSetSize of job (KB)
...
006 (4945993.009.000) 01/25 09:24:49 Image size of job updated: 222628
	217  -  MemoryUsage of job (MB)
	221536  -  ResidentSetSize of job (KB)
...
006 (4945993.016.000) 01/25 09:24:50 Image size of job updated: 234524
	228  -  MemoryUsage of job (MB)
	232920  -  ResidentSetSize of job (KB)
...
006 (4945993.004.000) 01/25 09:24:54 Image size of job updated: 274788
	267  -  MemoryUsage of job (MB)
	272500  -  ResidentSetSize of job (KB)
...
006 (4945993.009.000) 01/25 09:29:51 Image size of job updated: 222628
	217  -  MemoryUsage of job (MB)
	221604  -  ResidentSetSize of job (KB)
...
006 (4945993.014.000) 01/25 09:29:52 Image size of job updated: 255340
	248  -  MemoryUsage of job (MB)
	253292  -  ResidentSetSize of job (KB)
...
006 (4945993.014.000) 01/25 09:34:53 Image size of job updated: 255664
	248  -  MemoryUsage of job (MB)
	253360  -  ResidentSetSize of job (KB)
...
006 (4945993.009.000) 01/25 09:39:51 Image size of job updated: 222628
	217  -  MemoryUsage of job (MB)
	221644  -  ResidentSetSize of job (KB)
...
006 (4945993.016.000) 01/25 09:39:51 Image size of job updated: 234524
	228  -  MemoryUsage of job (MB)
	232928  -  ResidentSetSize of job (KB)
...
006 (4945993.014.000) 01/25 09:39:53 Image size of job updated: 255664
	249  -  MemoryUsage of job (MB)
	254356  -  ResidentSetSize of job (KB)
...
006 (4945993.017.000) 01/25 09:39:56 Image size of job updated: 230352
	223  -  MemoryUsage of job (MB)
	228140  -  ResidentSetSize of job (KB)
...
006 (4945993.018.000) 01/25 09:43:46 Image size of job updated: 332484
	239  -  MemoryUsage of job (MB)
	244736  -  ResidentSetSize of job (KB)
...
040 (4945993.018.000) 01/25 09:43:46 Started transferring output files
...
040 (4945993.018.000) 01/25 09:43:46 Finished transferring output files
...
005 (4945993.018.000) 01/25 09:43:46 Job terminated.
	(1) Normal termination (return value 0)
		Usr 0 00:03:26, Sys 0 00:00:31  -  Run Remote Usage
		Usr 0 00:00:00, Sys 0 00:00:00  -  Run Local Usage
		Usr 0 00:03:26, Sys 0 00:00:31  -  Total Remote Usage
		Usr 0 00:00:00, Sys 0 00:00:00  -  Total Local Usage
	22584  -  Run Bytes Sent By Job
	11485  -  Run Bytes Received By Job
	22584  -  Total Bytes Sent By Job
	11485  -  Total Bytes Received By Job
	Partitionable Resources :    Usage  Request Allocated 
	   Cpus                 :     0.01        1         1 
	   Disk (KB)            :   127           1   2976273 
	   Memory (MB)          :   239        2000      2000 

	Job terminated of its own accord at 2024-01-25T08:43:46Z.
...
040 (4945993.005.000) 01/25 09:44:24 Started transferring output files
...
040 (4945993.005.000) 01/25 09:44:24 Finished transferring output files
...
005 (4945993.005.000) 01/25 09:44:24 Job terminated.
	(1) Normal termination (return value 0)
		Usr 0 00:11:25, Sys 0 00:01:29  -  Run Remote Usage
		Usr 0 00:00:00, Sys 0 00:00:00  -  Run Local Usage
		Usr 0 00:11:25, Sys 0 00:01:29  -  Total Remote Usage
		Usr 0 00:00:00, Sys 0 00:00:00  -  Total Local Usage
	28885  -  Run Bytes Sent By Job
	11485  -  Run Bytes Received By Job
	28885  -  Total Bytes Sent By Job
	11485  -  Total Bytes Received By Job
	Partitionable Resources :    Usage  Request Allocated 
	   Cpus                 :     0.06        1         1 
	   Disk (KB)            :   133           1   2994998 
	   Memory (MB)          :   233        2000      2000 

	Job terminated of its own accord at 2024-01-25T08:44:24Z.
...
006 (4945993.002.000) 01/25 09:44:50 Image size of job updated: 243948
	237  -  MemoryUsage of job (MB)
	241984  -  ResidentSetSize of job (KB)
...
006 (4945993.016.000) 01/25 09:49:53 Image size of job updated: 234524
	229  -  MemoryUsage of job (MB)
	233888  -  ResidentSetSize of job (KB)
...
006 (4945993.014.000) 01/25 09:49:55 Image size of job updated: 256380
	249  -  MemoryUsage of job (MB)
	254356  -  ResidentSetSize of job (KB)
...
006 (4945993.016.000) 01/25 09:54:53 Image size of job updated: 234616
	229  -  MemoryUsage of job (MB)
	233968  -  ResidentSetSize of job (KB)
...
006 (4945993.014.000) 01/25 09:54:55 Image size of job updated: 256380
	249  -  MemoryUsage of job (MB)
	254408  -  ResidentSetSize of job (KB)
...
006 (4945993.004.000) 01/25 09:56:31 Image size of job updated: 364104
	267  -  MemoryUsage of job (MB)
	272500  -  ResidentSetSize of job (KB)
...
040 (4945993.004.000) 01/25 09:56:31 Started transferring output files
...
040 (4945993.004.000) 01/25 09:56:31 Finished transferring output files
...
005 (4945993.004.000) 01/25 09:56:31 Job terminated.
	(1) Normal termination (return value 0)
		Usr 0 00:13:20, Sys 0 00:01:40  -  Run Remote Usage
		Usr 0 00:00:00, Sys 0 00:00:00  -  Run Local Usage
		Usr 0 00:13:20, Sys 0 00:01:40  -  Total Remote Usage
		Usr 0 00:00:00, Sys 0 00:00:00  -  Total Local Usage
	30824  -  Run Bytes Sent By Job
	11485  -  Run Bytes Received By Job
	30824  -  Total Bytes Sent By Job
	11485  -  Total Bytes Received By Job
	Partitionable Resources :    Usage  Request Allocated 
	   Cpus                 :     0.16        1         1 
	   Disk (KB)            :   135           1   2960476 
	   Memory (MB)          :   267        2000      2000 

	Job terminated of its own accord at 2024-01-25T08:56:31Z.
...
006 (4945993.016.000) 01/25 09:59:54 Image size of job updated: 234616
	229  -  MemoryUsage of job (MB)
	234032  -  ResidentSetSize of job (KB)
...
006 (4945993.014.000) 01/25 09:59:55 Image size of job updated: 256940
	249  -  MemoryUsage of job (MB)
	254408  -  ResidentSetSize of job (KB)
...
006 (4945993.016.000) 01/25 10:04:55 Image size of job updated: 234648
	229  -  MemoryUsage of job (MB)
	234032  -  ResidentSetSize of job (KB)
...
006 (4945993.017.000) 01/25 10:04:58 Image size of job updated: 253960
	246  -  MemoryUsage of job (MB)
	251880  -  ResidentSetSize of job (KB)
...
006 (4945993.016.000) 01/25 10:09:55 Image size of job updated: 234792
	229  -  MemoryUsage of job (MB)
	234032  -  ResidentSetSize of job (KB)
...
006 (4945993.017.000) 01/25 10:09:58 Image size of job updated: 253960
	247  -  MemoryUsage of job (MB)
	251972  -  ResidentSetSize of job (KB)
...
006 (4945993.002.000) 01/25 10:14:52 Image size of job updated: 243948
	237  -  MemoryUsage of job (MB)
	242172  -  ResidentSetSize of job (KB)
...
006 (4945993.014.000) 01/25 10:14:56 Image size of job updated: 256940
	249  -  MemoryUsage of job (MB)
	254512  -  ResidentSetSize of job (KB)
...
006 (4945993.017.000) 01/25 10:14:59 Image size of job updated: 254020
	247  -  MemoryUsage of job (MB)
	251972  -  ResidentSetSize of job (KB)
...
006 (4945993.002.000) 01/25 10:19:53 Image size of job updated: 244164
	237  -  MemoryUsage of job (MB)
	242172  -  ResidentSetSize of job (KB)
...
006 (4945993.002.000) 01/25 10:24:54 Image size of job updated: 244164
	237  -  MemoryUsage of job (MB)
	242196  -  ResidentSetSize of job (KB)
...
006 (4945993.017.000) 01/25 10:25:00 Image size of job updated: 254512
	247  -  MemoryUsage of job (MB)
	251972  -  ResidentSetSize of job (KB)
...
006 (4945993.002.000) 01/25 10:39:56 Image size of job updated: 258980
	252  -  MemoryUsage of job (MB)
	257780  -  ResidentSetSize of job (KB)
...
006 (4945993.017.000) 01/25 10:40:02 Image size of job updated: 254532
	247  -  MemoryUsage of job (MB)
	251972  -  ResidentSetSize of job (KB)
...
006 (4945993.002.000) 01/25 10:44:56 Image size of job updated: 269688
	261  -  MemoryUsage of job (MB)
	267208  -  ResidentSetSize of job (KB)
...
006 (4945993.009.000) 01/25 10:44:58 Image size of job updated: 248596
	241  -  MemoryUsage of job (MB)
	246292  -  ResidentSetSize of job (KB)
...
006 (4945993.016.000) 01/25 10:44:58 Image size of job updated: 235308
	229  -  MemoryUsage of job (MB)
	234032  -  ResidentSetSize of job (KB)
...
006 (4945993.017.000) 01/25 10:45:02 Image size of job updated: 254532
	247  -  MemoryUsage of job (MB)
	252208  -  ResidentSetSize of job (KB)
...
006 (4945993.009.000) 01/25 10:49:59 Image size of job updated: 248788
	241  -  MemoryUsage of job (MB)
	246292  -  ResidentSetSize of job (KB)
...
006 (4945993.016.000) 01/25 10:49:59 Image size of job updated: 236580
	229  -  MemoryUsage of job (MB)
	234220  -  ResidentSetSize of job (KB)
...
006 (4945993.017.000) 01/25 10:50:03 Image size of job updated: 255260
	248  -  MemoryUsage of job (MB)
	252960  -  ResidentSetSize of job (KB)
...
006 (4945993.009.000) 01/25 10:51:11 Image size of job updated: 339852
	241  -  MemoryUsage of job (MB)
	246292  -  ResidentSetSize of job (KB)
...
040 (4945993.009.000) 01/25 10:51:11 Started transferring output files
...
040 (4945993.009.000) 01/25 10:51:11 Finished transferring output files
...
005 (4945993.009.000) 01/25 10:51:11 Job terminated.
	(1) Normal termination (return value 0)
		Usr 0 00:05:11, Sys 0 00:00:45  -  Run Remote Usage
		Usr 0 00:00:00, Sys 0 00:00:00  -  Run Local Usage
		Usr 0 00:05:11, Sys 0 00:00:45  -  Total Remote Usage
		Usr 0 00:00:00, Sys 0 00:00:00  -  Total Local Usage
	23882  -  Run Bytes Sent By Job
	11485  -  Run Bytes Received By Job
	23882  -  Total Bytes Sent By Job
	11485  -  Total Bytes Received By Job
	Partitionable Resources :    Usage  Request Allocated 
	   Cpus                 :     0.01        1         1 
	   Disk (KB)            :   128           1   2858981 
	   Memory (MB)          :   241        2000      2000 

	Job terminated of its own accord at 2024-01-25T09:51:11Z.
...
006 (4945993.002.000) 01/25 10:54:58 Image size of job updated: 269688
	262  -  MemoryUsage of job (MB)
	267316  -  ResidentSetSize of job (KB)
...
006 (4945993.016.000) 01/25 11:00:00 Image size of job updated: 236772
	230  -  MemoryUsage of job (MB)
	234780  -  ResidentSetSize of job (KB)
...
006 (4945993.017.000) 01/25 11:05:05 Image size of job updated: 255260
	248  -  MemoryUsage of job (MB)
	253192  -  ResidentSetSize of job (KB)
...
006 (4945993.002.000) 01/25 11:15:00 Image size of job updated: 269688
	262  -  MemoryUsage of job (MB)
	267344  -  ResidentSetSize of job (KB)
...
006 (4945993.016.000) 01/25 11:20:02 Image size of job updated: 260516
	252  -  MemoryUsage of job (MB)
	257956  -  ResidentSetSize of job (KB)
...
006 (4945993.017.000) 01/25 11:20:06 Image size of job updated: 255260
	248  -  MemoryUsage of job (MB)
	253256  -  ResidentSetSize of job (KB)
...
006 (4945993.016.000) 01/25 11:25:03 Image size of job updated: 260516
	253  -  MemoryUsage of job (MB)
	258204  -  ResidentSetSize of job (KB)
...
006 (4945993.002.000) 01/25 11:30:02 Image size of job updated: 269880
	262  -  MemoryUsage of job (MB)
	267344  -  ResidentSetSize of job (KB)
...
006 (4945993.016.000) 01/25 11:30:04 Image size of job updated: 261684
	254  -  MemoryUsage of job (MB)
	259640  -  ResidentSetSize of job (KB)
...
006 (4945993.015.000) 01/25 11:30:04 Image size of job updated: 266184
	258  -  MemoryUsage of job (MB)
	263864  -  ResidentSetSize of job (KB)
...
006 (4945993.017.000) 01/25 11:30:08 Image size of job updated: 255368
	248  -  MemoryUsage of job (MB)
	253256  -  ResidentSetSize of job (KB)
...
006 (4945993.002.000) 01/25 11:35:02 Image size of job updated: 269880
	262  -  MemoryUsage of job (MB)
	267348  -  ResidentSetSize of job (KB)
...
006 (4945993.016.000) 01/25 11:35:04 Image size of job updated: 261692
	254  -  MemoryUsage of job (MB)
	259640  -  ResidentSetSize of job (KB)
...
006 (4945993.015.000) 01/25 11:35:04 Image size of job updated: 266240
	258  -  MemoryUsage of job (MB)
	264000  -  ResidentSetSize of job (KB)
...
006 (4945993.017.000) 01/25 11:35:08 Image size of job updated: 255728
	248  -  MemoryUsage of job (MB)
	253476  -  ResidentSetSize of job (KB)
...
006 (4945993.016.000) 01/25 11:40:04 Image size of job updated: 262060
	254  -  MemoryUsage of job (MB)
	259640  -  ResidentSetSize of job (KB)
...
006 (4945993.017.000) 01/25 11:40:09 Image size of job updated: 255728
	248  -  MemoryUsage of job (MB)
	253748  -  ResidentSetSize of job (KB)
...
006 (4945993.002.000) 01/25 11:45:04 Image size of job updated: 269880
	262  -  MemoryUsage of job (MB)
	267596  -  ResidentSetSize of job (KB)
...
006 (4945993.016.000) 01/25 11:45:05 Image size of job updated: 262372
	254  -  MemoryUsage of job (MB)
	259640  -  ResidentSetSize of job (KB)
...
006 (4945993.015.000) 01/25 11:45:06 Image size of job updated: 266308
	258  -  MemoryUsage of job (MB)
	264000  -  ResidentSetSize of job (KB)
...
006 (4945993.017.000) 01/25 11:45:10 Image size of job updated: 257148
	251  -  MemoryUsage of job (MB)
	256136  -  ResidentSetSize of job (KB)
...
006 (4945993.015.000) 01/25 11:50:06 Image size of job updated: 267024
	259  -  MemoryUsage of job (MB)
	264892  -  ResidentSetSize of job (KB)
...
006 (4945993.017.000) 01/25 11:50:10 Image size of job updated: 258684
	251  -  MemoryUsage of job (MB)
	256136  -  ResidentSetSize of job (KB)
...
006 (4945993.015.000) 01/25 11:55:06 Image size of job updated: 267204
	259  -  MemoryUsage of job (MB)
	265144  -  ResidentSetSize of job (KB)
...
006 (4945993.017.000) 01/25 11:55:10 Image size of job updated: 258684
	251  -  MemoryUsage of job (MB)
	256144  -  ResidentSetSize of job (KB)
...
006 (4945993.017.000) 01/25 12:00:11 Image size of job updated: 258684
	251  -  MemoryUsage of job (MB)
	256212  -  ResidentSetSize of job (KB)
...
006 (4945993.017.000) 01/25 12:05:11 Image size of job updated: 258764
	251  -  MemoryUsage of job (MB)
	256212  -  ResidentSetSize of job (KB)
...
006 (4945993.017.000) 01/25 12:10:11 Image size of job updated: 258764
	251  -  MemoryUsage of job (MB)
	256708  -  ResidentSetSize of job (KB)
...
006 (4945993.015.000) 01/25 12:15:08 Image size of job updated: 267448
	259  -  MemoryUsage of job (MB)
	265144  -  ResidentSetSize of job (KB)
...
006 (4945993.002.000) 01/25 12:20:08 Image size of job updated: 269900
	262  -  MemoryUsage of job (MB)
	267596  -  ResidentSetSize of job (KB)
...
006 (4945993.015.000) 01/25 12:30:10 Image size of job updated: 267448
	260  -  MemoryUsage of job (MB)
	265224  -  ResidentSetSize of job (KB)
...
006 (4945993.017.000) 01/25 12:31:41 Image size of job updated: 351908
	251  -  MemoryUsage of job (MB)
	256708  -  ResidentSetSize of job (KB)
...
040 (4945993.017.000) 01/25 12:31:41 Started transferring output files
...
040 (4945993.017.000) 01/25 12:31:43 Finished transferring output files
...
005 (4945993.017.000) 01/25 12:31:43 Job terminated.
	(1) Normal termination (return value 0)
		Usr 0 00:07:19, Sys 0 00:01:01  -  Run Remote Usage
		Usr 0 00:00:00, Sys 0 00:00:00  -  Run Local Usage
		Usr 0 00:07:19, Sys 0 00:01:01  -  Total Remote Usage
		Usr 0 00:00:00, Sys 0 00:00:00  -  Total Local Usage
	25904  -  Run Bytes Sent By Job
	11485  -  Run Bytes Received By Job
	25904  -  Total Bytes Sent By Job
	11485  -  Total Bytes Received By Job
	Partitionable Resources :    Usage  Request Allocated 
	   Cpus                 :     0.04        1         1 
	   Disk (KB)            :   130           1   2989527 
	   Memory (MB)          :   251        2000      2000 

	Job terminated of its own accord at 2024-01-25T11:31:41Z.
...
006 (4945993.002.000) 01/25 12:40:10 Image size of job updated: 270212
	262  -  MemoryUsage of job (MB)
	267596  -  ResidentSetSize of job (KB)
...
006 (4945993.002.000) 01/25 12:55:12 Image size of job updated: 270212
	262  -  MemoryUsage of job (MB)
	267704  -  ResidentSetSize of job (KB)
...
040 (4945993.014.000) 01/25 13:08:59 Started transferring output files
...
040 (4945993.014.000) 01/25 13:08:59 Finished transferring output files
...
005 (4945993.014.000) 01/25 13:08:59 Job terminated.
	(1) Normal termination (return value 0)
		Usr 0 00:08:13, Sys 0 00:01:16  -  Run Remote Usage
		Usr 0 00:00:00, Sys 0 00:00:00  -  Run Local Usage
		Usr 0 00:08:13, Sys 0 00:01:16  -  Total Remote Usage
		Usr 0 00:00:00, Sys 0 00:00:00  -  Total Local Usage
	26654  -  Run Bytes Sent By Job
	11485  -  Run Bytes Received By Job
	26654  -  Total Bytes Sent By Job
	11485  -  Total Bytes Received By Job
	Partitionable Resources :    Usage  Request Allocated 
	   Cpus                 :     0.01        1         1 
	   Disk (KB)            :   131           1   2970366 
	   Memory (MB)          :   249        2000      2000 

	Job terminated of its own accord at 2024-01-25T12:08:59Z.
...
006 (4945993.002.000) 01/25 13:10:14 Image size of job updated: 270212
	262  -  MemoryUsage of job (MB)
	268264  -  ResidentSetSize of job (KB)
...
006 (4945993.002.000) 01/25 13:30:16 Image size of job updated: 270444
	262  -  MemoryUsage of job (MB)
	268264  -  ResidentSetSize of job (KB)
...
006 (4945993.015.000) 01/25 13:35:16 Image size of job updated: 267448
	260  -  MemoryUsage of job (MB)
	265272  -  ResidentSetSize of job (KB)
...
040 (4945993.015.000) 01/25 14:00:45 Started transferring output files
...
040 (4945993.015.000) 01/25 14:00:46 Finished transferring output files
...
005 (4945993.015.000) 01/25 14:00:46 Job terminated.
	(1) Normal termination (return value 0)
		Usr 0 00:09:49, Sys 0 00:01:27  -  Run Remote Usage
		Usr 0 00:00:00, Sys 0 00:00:00  -  Run Local Usage
		Usr 0 00:09:49, Sys 0 00:01:27  -  Total Remote Usage
		Usr 0 00:00:00, Sys 0 00:00:00  -  Total Local Usage
	27735  -  Run Bytes Sent By Job
	11485  -  Run Bytes Received By Job
	27735  -  Total Bytes Sent By Job
	11485  -  Total Bytes Received By Job
	Partitionable Resources :    Usage  Request Allocated 
	   Cpus                 :     0.01        1         1 
	   Disk (KB)            :   132           1   3019033 
	   Memory (MB)          :   260        2000      2000 

	Job terminated of its own accord at 2024-01-25T13:00:45Z.
...
040 (4945993.016.000) 01/25 14:08:06 Started transferring output files
...
040 (4945993.016.000) 01/25 14:08:07 Finished transferring output files
...
005 (4945993.016.000) 01/25 14:08:07 Job terminated.
	(1) Normal termination (return value 0)
		Usr 0 00:09:44, Sys 0 00:01:21  -  Run Remote Usage
		Usr 0 00:00:00, Sys 0 00:00:00  -  Run Local Usage
		Usr 0 00:09:44, Sys 0 00:01:21  -  Total Remote Usage
		Usr 0 00:00:00, Sys 0 00:00:00  -  Total Local Usage
	27899  -  Run Bytes Sent By Job
	11485  -  Run Bytes Received By Job
	27899  -  Total Bytes Sent By Job
	11485  -  Total Bytes Received By Job
	Partitionable Resources :    Usage  Request Allocated 
	   Cpus                 :     0.01        1         1 
	   Disk (KB)            :   132           1   2941056 
	   Memory (MB)          :   254        2000      2000 

	Job terminated of its own accord at 2024-01-25T13:08:06Z.
...
006 (4945993.002.000) 01/25 14:50:25 Image size of job updated: 271464
	262  -  MemoryUsage of job (MB)
	268264  -  ResidentSetSize of job (KB)
...
006 (4945993.002.000) 01/25 15:12:37 Image size of job updated: 363208
	262  -  MemoryUsage of job (MB)
	268264  -  ResidentSetSize of job (KB)
...
040 (4945993.002.000) 01/25 15:12:37 Started transferring output files
...
040 (4945993.002.000) 01/25 15:12:38 Finished transferring output files
...
005 (4945993.002.000) 01/25 15:12:38 Job terminated.
	(1) Normal termination (return value 0)
		Usr 0 00:11:20, Sys 0 00:01:36  -  Run Remote Usage
		Usr 0 00:00:00, Sys 0 00:00:00  -  Run Local Usage
		Usr 0 00:11:20, Sys 0 00:01:36  -  Total Remote Usage
		Usr 0 00:00:00, Sys 0 00:00:00  -  Total Local Usage
	29235  -  Run Bytes Sent By Job
	11485  -  Run Bytes Received By Job
	29235  -  Total Bytes Sent By Job
	11485  -  Total Bytes Received By Job
	Partitionable Resources :    Usage  Request Allocated 
	   Cpus                 :     0.01        1         1 
	   Disk (KB)            :   133           1   2958917 
	   Memory (MB)          :   262        2000      2000 

	Job terminated of its own accord at 2024-01-25T14:12:37Z.
...
