000 (4945991.000.000) 01/25 07:20:26 Job submitted from host: <188.185.121.235:9618?addrs=188.185.121.235-9618+[2001-1458-d00-49--100-36e]-9618&alias=bigbird22.cern.ch&noUDP&sock=schedd_849351_b7ee>
...
000 (4945991.001.000) 01/25 07:20:26 Job submitted from host: <188.185.121.235:9618?addrs=188.185.121.235-9618+[2001-1458-d00-49--100-36e]-9618&alias=bigbird22.cern.ch&noUDP&sock=schedd_849351_b7ee>
...
000 (4945991.002.000) 01/25 07:20:26 Job submitted from host: <188.185.121.235:9618?addrs=188.185.121.235-9618+[2001-1458-d00-49--100-36e]-9618&alias=bigbird22.cern.ch&noUDP&sock=schedd_849351_b7ee>
...
000 (4945991.003.000) 01/25 07:20:26 Job submitted from host: <188.185.121.235:9618?addrs=188.185.121.235-9618+[2001-1458-d00-49--100-36e]-9618&alias=bigbird22.cern.ch&noUDP&sock=schedd_849351_b7ee>
...
000 (4945991.004.000) 01/25 07:20:26 Job submitted from host: <188.185.121.235:9618?addrs=188.185.121.235-9618+[2001-1458-d00-49--100-36e]-9618&alias=bigbird22.cern.ch&noUDP&sock=schedd_849351_b7ee>
...
000 (4945991.005.000) 01/25 07:20:26 Job submitted from host: <188.185.121.235:9618?addrs=188.185.121.235-9618+[2001-1458-d00-49--100-36e]-9618&alias=bigbird22.cern.ch&noUDP&sock=schedd_849351_b7ee>
...
000 (4945991.006.000) 01/25 07:20:26 Job submitted from host: <188.185.121.235:9618?addrs=188.185.121.235-9618+[2001-1458-d00-49--100-36e]-9618&alias=bigbird22.cern.ch&noUDP&sock=schedd_849351_b7ee>
...
000 (4945991.007.000) 01/25 07:20:26 Job submitted from host: <188.185.121.235:9618?addrs=188.185.121.235-9618+[2001-1458-d00-49--100-36e]-9618&alias=bigbird22.cern.ch&noUDP&sock=schedd_849351_b7ee>
...
000 (4945991.008.000) 01/25 07:20:26 Job submitted from host: <188.185.121.235:9618?addrs=188.185.121.235-9618+[2001-1458-d00-49--100-36e]-9618&alias=bigbird22.cern.ch&noUDP&sock=schedd_849351_b7ee>
...
000 (4945991.009.000) 01/25 07:20:26 Job submitted from host: <188.185.121.235:9618?addrs=188.185.121.235-9618+[2001-1458-d00-49--100-36e]-9618&alias=bigbird22.cern.ch&noUDP&sock=schedd_849351_b7ee>
...
000 (4945991.010.000) 01/25 07:20:26 Job submitted from host: <188.185.121.235:9618?addrs=188.185.121.235-9618+[2001-1458-d00-49--100-36e]-9618&alias=bigbird22.cern.ch&noUDP&sock=schedd_849351_b7ee>
...
000 (4945991.011.000) 01/25 07:20:26 Job submitted from host: <188.185.121.235:9618?addrs=188.185.121.235-9618+[2001-1458-d00-49--100-36e]-9618&alias=bigbird22.cern.ch&noUDP&sock=schedd_849351_b7ee>
...
000 (4945991.012.000) 01/25 07:20:26 Job submitted from host: <188.185.121.235:9618?addrs=188.185.121.235-9618+[2001-1458-d00-49--100-36e]-9618&alias=bigbird22.cern.ch&noUDP&sock=schedd_849351_b7ee>
...
000 (4945991.013.000) 01/25 07:20:26 Job submitted from host: <188.185.121.235:9618?addrs=188.185.121.235-9618+[2001-1458-d00-49--100-36e]-9618&alias=bigbird22.cern.ch&noUDP&sock=schedd_849351_b7ee>
...
040 (4945991.000.000) 01/25 07:24:05 Started transferring input files
	Transferring to host: <128.142.60.171:9618?addrs=128.142.60.171-9618+[2001-1458-301-22--100-aa]-9618&alias=b9s05p1613.cern.ch&noUDP&sock=slot1_17_738900_a4d8_12299>
...
040 (4945991.000.000) 01/25 07:24:05 Finished transferring input files
...
040 (4945991.001.000) 01/25 07:24:05 Started transferring input files
	Transferring to host: <128.142.60.88:9618?addrs=128.142.60.88-9618+[2001-1458-301-22--100-57]-9618&alias=b9s05p4982.cern.ch&noUDP&sock=slot1_18_692463_9398_12511>
...
040 (4945991.001.000) 01/25 07:24:05 Finished transferring input files
...
040 (4945991.004.000) 01/25 07:24:06 Started transferring input files
	Transferring to host: <128.142.60.120:9618?addrs=128.142.60.120-9618+[2001-1458-301-22--100-77]-9618&alias=b9s05p4936.cern.ch&noUDP&sock=slot1_11_678109_e290_12923>
...
040 (4945991.004.000) 01/25 07:24:06 Finished transferring input files
...
040 (4945991.003.000) 01/25 07:24:06 Started transferring input files
	Transferring to host: <128.142.60.86:9618?addrs=128.142.60.86-9618+[2001-1458-301-22--100-55]-9618&alias=b9s05p3487.cern.ch&noUDP&sock=slot1_20_732816_ea61_12732>
...
040 (4945991.002.000) 01/25 07:24:06 Started transferring input files
	Transferring to host: <128.142.60.76:9618?addrs=128.142.60.76-9618+[2001-1458-301-22--100-4b]-9618&alias=b9s05p4491.cern.ch&noUDP&sock=slot1_31_609045_0c98_12775>
...
040 (4945991.003.000) 01/25 07:24:06 Finished transferring input files
...
040 (4945991.002.000) 01/25 07:24:06 Finished transferring input files
...
001 (4945991.000.000) 01/25 07:24:06 Job executing on host: <128.142.60.171:9618?addrs=128.142.60.171-9618+[2001-1458-301-22--100-aa]-9618&alias=b9s05p1613.cern.ch&noUDP&sock=startd_738862_745e>
...
001 (4945991.001.000) 01/25 07:24:06 Job executing on host: <128.142.60.88:9618?addrs=128.142.60.88-9618+[2001-1458-301-22--100-57]-9618&alias=b9s05p4982.cern.ch&noUDP&sock=startd_692425_88f8>
...
040 (4945991.005.000) 01/25 07:24:07 Started transferring input files
	Transferring to host: <128.142.60.160:9618?addrs=128.142.60.160-9618+[2001-1458-301-22--100-9f]-9618&alias=b9s05p1905.cern.ch&noUDP&sock=slot1_45_400676_3d1e_13816>
...
040 (4945991.005.000) 01/25 07:24:07 Finished transferring input files
...
001 (4945991.004.000) 01/25 07:24:07 Job executing on host: <128.142.60.120:9618?addrs=128.142.60.120-9618+[2001-1458-301-22--100-77]-9618&alias=b9s05p4936.cern.ch&noUDP&sock=startd_678069_835b>
...
001 (4945991.003.000) 01/25 07:24:07 Job executing on host: <128.142.60.86:9618?addrs=128.142.60.86-9618+[2001-1458-301-22--100-55]-9618&alias=b9s05p3487.cern.ch&noUDP&sock=startd_732777_a694>
...
001 (4945991.002.000) 01/25 07:24:07 Job executing on host: <128.142.60.76:9618?addrs=128.142.60.76-9618+[2001-1458-301-22--100-4b]-9618&alias=b9s05p4491.cern.ch&noUDP&sock=startd_609006_0a1e>
...
040 (4945991.007.000) 01/25 07:24:07 Started transferring input files
	Transferring to host: <128.142.60.135:9618?addrs=128.142.60.135-9618+[2001-1458-301-22--100-86]-9618&alias=b9s05p2697.cern.ch&noUDP&sock=slot1_14_658972_2326_12311>
...
040 (4945991.007.000) 01/25 07:24:07 Finished transferring input files
...
040 (4945991.006.000) 01/25 07:24:07 Started transferring input files
	Transferring to host: <128.142.60.77:9618?addrs=128.142.60.77-9618+[2001-1458-301-22--100-4c]-9618&alias=b9s05p4880.cern.ch&noUDP&sock=slot1_46_567381_fdf9_13276>
...
040 (4945991.006.000) 01/25 07:24:07 Finished transferring input files
...
001 (4945991.005.000) 01/25 07:24:08 Job executing on host: <128.142.60.160:9618?addrs=128.142.60.160-9618+[2001-1458-301-22--100-9f]-9618&alias=b9s05p1905.cern.ch&noUDP&sock=startd_400638_ec3f>
...
001 (4945991.007.000) 01/25 07:24:08 Job executing on host: <128.142.60.135:9618?addrs=128.142.60.135-9618+[2001-1458-301-22--100-86]-9618&alias=b9s05p2697.cern.ch&noUDP&sock=startd_658934_7ea4>
...
001 (4945991.006.000) 01/25 07:24:08 Job executing on host: <128.142.60.77:9618?addrs=128.142.60.77-9618+[2001-1458-301-22--100-4c]-9618&alias=b9s05p4880.cern.ch&noUDP&sock=startd_567343_afd9>
...
040 (4945991.010.000) 01/25 07:24:08 Started transferring input files
	Transferring to host: <128.142.248.106:9618?addrs=128.142.248.106-9618+[2001-1458-301-73--100-15a]-9618&alias=b9g23p1537.cern.ch&noUDP&sock=slot1_41_1643447_d5a7_55596>
...
040 (4945991.010.000) 01/25 07:24:08 Finished transferring input files
...
040 (4945991.009.000) 01/25 07:24:08 Started transferring input files
	Transferring to host: <188.184.163.70:9618?addrs=188.184.163.70-9618+[2001-1458-301-4d--100-40]-9618&alias=b9s12p9202.cern.ch&noUDP&sock=slot1_26_425663_d737_11784>
...
040 (4945991.009.000) 01/25 07:24:08 Finished transferring input files
...
040 (4945991.008.000) 01/25 07:24:09 Started transferring input files
	Transferring to host: <128.142.60.91:9618?addrs=128.142.60.91-9618+[2001-1458-301-22--100-5a]-9618&alias=b9s05p4677.cern.ch&noUDP&sock=slot1_25_206816_54d3_12763>
...
040 (4945991.008.000) 01/25 07:24:09 Finished transferring input files
...
040 (4945991.011.000) 01/25 07:24:09 Started transferring input files
	Transferring to host: <188.184.163.73:9618?addrs=188.184.163.73-9618+[2001-1458-301-4d--100-43]-9618&alias=b9s12p6578.cern.ch&noUDP&sock=slot1_29_46415_50f9_11105>
...
040 (4945991.011.000) 01/25 07:24:09 Finished transferring input files
...
001 (4945991.010.000) 01/25 07:24:09 Job executing on host: <128.142.248.106:9618?addrs=128.142.248.106-9618+[2001-1458-301-73--100-15a]-9618&alias=b9g23p1537.cern.ch&noUDP&sock=startd_118418_7a15>
...
001 (4945991.009.000) 01/25 07:24:09 Job executing on host: <188.184.163.70:9618?addrs=188.184.163.70-9618+[2001-1458-301-4d--100-40]-9618&alias=b9s12p9202.cern.ch&noUDP&sock=startd_425625_ed2f>
...
001 (4945991.008.000) 01/25 07:24:10 Job executing on host: <128.142.60.91:9618?addrs=128.142.60.91-9618+[2001-1458-301-22--100-5a]-9618&alias=b9s05p4677.cern.ch&noUDP&sock=startd_206775_0798>
...
040 (4945991.012.000) 01/25 07:24:10 Started transferring input files
	Transferring to host: <188.184.162.168:9618?addrs=188.184.162.168-9618+[2001-1458-301-4a--100-a2]-9618&alias=b9s11p9801.cern.ch&noUDP&sock=slot1_40_100661_87d6_11093>
...
040 (4945991.013.000) 01/25 07:24:10 Started transferring input files
	Transferring to host: <188.184.162.203:9618?addrs=188.184.162.203-9618+[2001-1458-301-4a--100-c5]-9618&alias=b9s11p9865.cern.ch&noUDP&sock=slot1_23_524329_f6a3_11597>
...
040 (4945991.012.000) 01/25 07:24:10 Finished transferring input files
...
040 (4945991.013.000) 01/25 07:24:10 Finished transferring input files
...
001 (4945991.011.000) 01/25 07:24:10 Job executing on host: <188.184.163.73:9618?addrs=188.184.163.73-9618+[2001-1458-301-4d--100-43]-9618&alias=b9s12p6578.cern.ch&noUDP&sock=startd_46377_57cf>
...
001 (4945991.013.000) 01/25 07:24:11 Job executing on host: <188.184.162.203:9618?addrs=188.184.162.203-9618+[2001-1458-301-4a--100-c5]-9618&alias=b9s11p9865.cern.ch&noUDP&sock=startd_524290_e8ef>
...
001 (4945991.012.000) 01/25 07:24:11 Job executing on host: <188.184.162.168:9618?addrs=188.184.162.168-9618+[2001-1458-301-4a--100-a2]-9618&alias=b9s11p9801.cern.ch&noUDP&sock=startd_100621_3716>
...
006 (4945991.000.000) 01/25 07:24:14 Image size of job updated: 216684
	212  -  MemoryUsage of job (MB)
	216684  -  ResidentSetSize of job (KB)
...
006 (4945991.004.000) 01/25 07:24:15 Image size of job updated: 233484
	228  -  MemoryUsage of job (MB)
	233372  -  ResidentSetSize of job (KB)
...
006 (4945991.003.000) 01/25 07:24:15 Image size of job updated: 223088
	218  -  MemoryUsage of job (MB)
	223088  -  ResidentSetSize of job (KB)
...
006 (4945991.002.000) 01/25 07:24:15 Image size of job updated: 209884
	205  -  MemoryUsage of job (MB)
	209884  -  ResidentSetSize of job (KB)
...
006 (4945991.001.000) 01/25 07:24:15 Image size of job updated: 200788
	197  -  MemoryUsage of job (MB)
	200788  -  ResidentSetSize of job (KB)
...
006 (4945991.005.000) 01/25 07:24:16 Image size of job updated: 220544
	216  -  MemoryUsage of job (MB)
	220544  -  ResidentSetSize of job (KB)
...
006 (4945991.007.000) 01/25 07:24:16 Image size of job updated: 220060
	215  -  MemoryUsage of job (MB)
	220056  -  ResidentSetSize of job (KB)
...
006 (4945991.006.000) 01/25 07:24:16 Image size of job updated: 203908
	200  -  MemoryUsage of job (MB)
	203908  -  ResidentSetSize of job (KB)
...
006 (4945991.008.000) 01/25 07:24:18 Image size of job updated: 86936
	85  -  MemoryUsage of job (MB)
	86936  -  ResidentSetSize of job (KB)
...
006 (4945991.010.000) 01/25 07:24:18 Image size of job updated: 200312
	194  -  MemoryUsage of job (MB)
	198048  -  ResidentSetSize of job (KB)
...
006 (4945991.009.000) 01/25 07:24:19 Image size of job updated: 183136
	179  -  MemoryUsage of job (MB)
	183132  -  ResidentSetSize of job (KB)
...
006 (4945991.013.000) 01/25 07:24:19 Image size of job updated: 187316
	183  -  MemoryUsage of job (MB)
	187140  -  ResidentSetSize of job (KB)
...
006 (4945991.012.000) 01/25 07:24:19 Image size of job updated: 197748
	193  -  MemoryUsage of job (MB)
	197548  -  ResidentSetSize of job (KB)
...
006 (4945991.011.000) 01/25 07:24:19 Image size of job updated: 208952
	205  -  MemoryUsage of job (MB)
	208952  -  ResidentSetSize of job (KB)
...
006 (4945991.013.000) 01/25 07:29:14 Image size of job updated: 913996
	710  -  MemoryUsage of job (MB)
	726196  -  ResidentSetSize of job (KB)
...
040 (4945991.013.000) 01/25 07:29:14 Started transferring output files
...
040 (4945991.013.000) 01/25 07:29:14 Finished transferring output files
...
005 (4945991.013.000) 01/25 07:29:14 Job terminated.
	(1) Normal termination (return value 0)
		Usr 0 00:04:48, Sys 0 00:00:04  -  Run Remote Usage
		Usr 0 00:00:00, Sys 0 00:00:00  -  Run Local Usage
		Usr 0 00:04:48, Sys 0 00:00:04  -  Total Remote Usage
		Usr 0 00:00:00, Sys 0 00:00:00  -  Total Local Usage
	23163  -  Run Bytes Sent By Job
	11467  -  Run Bytes Received By Job
	23163  -  Total Bytes Sent By Job
	11467  -  Total Bytes Received By Job
	Partitionable Resources :    Usage  Request Allocated 
	   Cpus                 :        0        1         1 
	   Disk (KB)            :      126        1   2946153 
	   Memory (MB)          :      710     2000      2000 

	Job terminated of its own accord at 2024-01-25T06:29:14Z.
...
006 (4945991.000.000) 01/25 07:29:14 Image size of job updated: 1430320
	1397  -  MemoryUsage of job (MB)
	1430292  -  ResidentSetSize of job (KB)
...
006 (4945991.004.000) 01/25 07:29:15 Image size of job updated: 1467836
	1434  -  MemoryUsage of job (MB)
	1467836  -  ResidentSetSize of job (KB)
...
006 (4945991.002.000) 01/25 07:29:15 Image size of job updated: 1415728
	1383  -  MemoryUsage of job (MB)
	1415728  -  ResidentSetSize of job (KB)
...
006 (4945991.003.000) 01/25 07:29:15 Image size of job updated: 1412852
	1380  -  MemoryUsage of job (MB)
	1412852  -  ResidentSetSize of job (KB)
...
006 (4945991.005.000) 01/25 07:29:16 Image size of job updated: 1430028
	1397  -  MemoryUsage of job (MB)
	1430008  -  ResidentSetSize of job (KB)
...
006 (4945991.007.000) 01/25 07:29:16 Image size of job updated: 1198824
	1171  -  MemoryUsage of job (MB)
	1198824  -  ResidentSetSize of job (KB)
...
006 (4945991.006.000) 01/25 07:29:16 Image size of job updated: 951940
	930  -  MemoryUsage of job (MB)
	951936  -  ResidentSetSize of job (KB)
...
006 (4945991.001.000) 01/25 07:29:16 Image size of job updated: 1310040
	1280  -  MemoryUsage of job (MB)
	1309952  -  ResidentSetSize of job (KB)
...
006 (4945991.008.000) 01/25 07:29:18 Image size of job updated: 1308796
	1279  -  MemoryUsage of job (MB)
	1308796  -  ResidentSetSize of job (KB)
...
006 (4945991.010.000) 01/25 07:29:19 Image size of job updated: 893864
	873  -  MemoryUsage of job (MB)
	893628  -  ResidentSetSize of job (KB)
...
006 (4945991.009.000) 01/25 07:29:19 Image size of job updated: 783328
	765  -  MemoryUsage of job (MB)
	783328  -  ResidentSetSize of job (KB)
...
006 (4945991.012.000) 01/25 07:29:19 Image size of job updated: 914984
	894  -  MemoryUsage of job (MB)
	914836  -  ResidentSetSize of job (KB)
...
006 (4945991.011.000) 01/25 07:29:20 Image size of job updated: 906088
	885  -  MemoryUsage of job (MB)
	906088  -  ResidentSetSize of job (KB)
...
006 (4945991.002.000) 01/25 07:29:26 Image size of job updated: 1451924
	1383  -  MemoryUsage of job (MB)
	1415728  -  ResidentSetSize of job (KB)
...
040 (4945991.002.000) 01/25 07:29:26 Started transferring output files
...
040 (4945991.002.000) 01/25 07:29:26 Finished transferring output files
...
005 (4945991.002.000) 01/25 07:29:26 Job terminated.
	(1) Normal termination (return value 0)
		Usr 0 00:04:37, Sys 0 00:00:05  -  Run Remote Usage
		Usr 0 00:00:00, Sys 0 00:00:00  -  Run Local Usage
		Usr 0 00:04:37, Sys 0 00:00:05  -  Total Remote Usage
		Usr 0 00:00:00, Sys 0 00:00:00  -  Total Local Usage
	24075  -  Run Bytes Sent By Job
	11467  -  Run Bytes Received By Job
	24075  -  Total Bytes Sent By Job
	11467  -  Total Bytes Received By Job
	Partitionable Resources :    Usage  Request Allocated 
	   Cpus                 :        0        1         1 
	   Disk (KB)            :      128        1   3013805 
	   Memory (MB)          :     1383     2000      2000 

	Job terminated of its own accord at 2024-01-25T06:29:26Z.
...
006 (4945991.008.000) 01/25 07:30:45 Image size of job updated: 1644916
	1418  -  MemoryUsage of job (MB)
	1451984  -  ResidentSetSize of job (KB)
...
040 (4945991.008.000) 01/25 07:30:45 Started transferring output files
...
040 (4945991.008.000) 01/25 07:30:45 Finished transferring output files
...
005 (4945991.008.000) 01/25 07:30:45 Job terminated.
	(1) Normal termination (return value 0)
		Usr 0 00:05:36, Sys 0 00:00:05  -  Run Remote Usage
		Usr 0 00:00:00, Sys 0 00:00:00  -  Run Local Usage
		Usr 0 00:05:36, Sys 0 00:00:05  -  Total Remote Usage
		Usr 0 00:00:00, Sys 0 00:00:00  -  Total Local Usage
	24411  -  Run Bytes Sent By Job
	11467  -  Run Bytes Received By Job
	24411  -  Total Bytes Sent By Job
	11467  -  Total Bytes Received By Job
	Partitionable Resources :    Usage  Request Allocated 
	   Cpus                 :        0        1         1 
	   Disk (KB)            :      128        1   3002242 
	   Memory (MB)          :     1418     2000      2000 

	Job terminated of its own accord at 2024-01-25T06:30:45Z.
...
006 (4945991.000.000) 01/25 07:31:12 Image size of job updated: 1881744
	1647  -  MemoryUsage of job (MB)
	1686136  -  ResidentSetSize of job (KB)
...
040 (4945991.000.000) 01/25 07:31:12 Started transferring output files
...
040 (4945991.000.000) 01/25 07:31:12 Finished transferring output files
...
005 (4945991.000.000) 01/25 07:31:12 Job terminated.
	(1) Normal termination (return value 0)
		Usr 0 00:06:08, Sys 0 00:00:07  -  Run Remote Usage
		Usr 0 00:00:00, Sys 0 00:00:00  -  Run Local Usage
		Usr 0 00:06:08, Sys 0 00:00:07  -  Total Remote Usage
		Usr 0 00:00:00, Sys 0 00:00:00  -  Total Local Usage
	24795  -  Run Bytes Sent By Job
	11467  -  Run Bytes Received By Job
	24795  -  Total Bytes Sent By Job
	11467  -  Total Bytes Received By Job
	Partitionable Resources :    Usage  Request Allocated 
	   Cpus                 :        0        1         1 
	   Disk (KB)            :      128        1   2968783 
	   Memory (MB)          :     1647     2000      2000 

	Job terminated of its own accord at 2024-01-25T06:31:12Z.
...
006 (4945991.005.000) 01/25 07:31:22 Image size of job updated: 2065000
	1825  -  MemoryUsage of job (MB)
	1868072  -  ResidentSetSize of job (KB)
...
040 (4945991.005.000) 01/25 07:31:22 Started transferring output files
...
040 (4945991.005.000) 01/25 07:31:22 Finished transferring output files
...
005 (4945991.005.000) 01/25 07:31:22 Job terminated.
	(1) Normal termination (return value 0)
		Usr 0 00:05:56, Sys 0 00:00:06  -  Run Remote Usage
		Usr 0 00:00:00, Sys 0 00:00:00  -  Run Local Usage
		Usr 0 00:05:56, Sys 0 00:00:06  -  Total Remote Usage
		Usr 0 00:00:00, Sys 0 00:00:00  -  Total Local Usage
	25107  -  Run Bytes Sent By Job
	11467  -  Run Bytes Received By Job
	25107  -  Total Bytes Sent By Job
	11467  -  Total Bytes Received By Job
	Partitionable Resources :    Usage  Request Allocated 
	   Cpus                 :        0        1         1 
	   Disk (KB)            :      128        1   2992870 
	   Memory (MB)          :     1825     2000      2000 

	Job terminated of its own accord at 2024-01-25T06:31:22Z.
...
006 (4945991.007.000) 01/25 07:33:11 Image size of job updated: 2198196
	1953  -  MemoryUsage of job (MB)
	1999208  -  ResidentSetSize of job (KB)
...
040 (4945991.007.000) 01/25 07:33:11 Started transferring output files
...
040 (4945991.007.000) 01/25 07:33:12 Finished transferring output files
...
005 (4945991.007.000) 01/25 07:33:12 Job terminated.
	(1) Normal termination (return value 0)
		Usr 0 00:07:28, Sys 0 00:00:06  -  Run Remote Usage
		Usr 0 00:00:00, Sys 0 00:00:00  -  Run Local Usage
		Usr 0 00:07:28, Sys 0 00:00:06  -  Total Remote Usage
		Usr 0 00:00:00, Sys 0 00:00:00  -  Total Local Usage
	25347  -  Run Bytes Sent By Job
	11467  -  Run Bytes Received By Job
	25347  -  Total Bytes Sent By Job
	11467  -  Total Bytes Received By Job
	Partitionable Resources :    Usage  Request Allocated 
	   Cpus                 :     0.98        1         1 
	   Disk (KB)            :   127           1   3008116 
	   Memory (MB)          :  1953        2000      2000 

	Job terminated of its own accord at 2024-01-25T06:33:11Z.
...
006 (4945991.003.000) 01/25 07:33:44 Image size of job updated: 2678984
	2415  -  MemoryUsage of job (MB)
	2472724  -  ResidentSetSize of job (KB)
...
040 (4945991.003.000) 01/25 07:33:44 Started transferring output files
...
040 (4945991.003.000) 01/25 07:33:44 Finished transferring output files
...
005 (4945991.003.000) 01/25 07:33:44 Job terminated.
	(1) Normal termination (return value 0)
		Usr 0 00:08:30, Sys 0 00:00:06  -  Run Remote Usage
		Usr 0 00:00:00, Sys 0 00:00:00  -  Run Local Usage
		Usr 0 00:08:30, Sys 0 00:00:06  -  Total Remote Usage
		Usr 0 00:00:00, Sys 0 00:00:00  -  Total Local Usage
	26139  -  Run Bytes Sent By Job
	11467  -  Run Bytes Received By Job
	26139  -  Total Bytes Sent By Job
	11467  -  Total Bytes Received By Job
	Partitionable Resources :    Usage  Request Allocated 
	   Cpus                 :        0        1         1 
	   Disk (KB)            :      128        1   2938710 
	   Memory (MB)          :     2415     2000      2000 

	Job terminated of its own accord at 2024-01-25T06:33:44Z.
...
006 (4945991.004.000) 01/25 07:34:16 Image size of job updated: 2880100
	2813  -  MemoryUsage of job (MB)
	2880100  -  ResidentSetSize of job (KB)
...
006 (4945991.006.000) 01/25 07:34:17 Image size of job updated: 1646912
	1608  -  MemoryUsage of job (MB)
	1646576  -  ResidentSetSize of job (KB)
...
006 (4945991.001.000) 01/25 07:34:17 Image size of job updated: 2157876
	2108  -  MemoryUsage of job (MB)
	2157876  -  ResidentSetSize of job (KB)
...
006 (4945991.010.000) 01/25 07:34:19 Image size of job updated: 1539584
	1504  -  MemoryUsage of job (MB)
	1539580  -  ResidentSetSize of job (KB)
...
006 (4945991.009.000) 01/25 07:34:19 Image size of job updated: 1224304
	1057  -  MemoryUsage of job (MB)
	1081392  -  ResidentSetSize of job (KB)
...
006 (4945991.012.000) 01/25 07:34:20 Image size of job updated: 1555940
	1520  -  MemoryUsage of job (MB)
	1555916  -  ResidentSetSize of job (KB)
...
006 (4945991.011.000) 01/25 07:34:21 Image size of job updated: 1707052
	1667  -  MemoryUsage of job (MB)
	1706916  -  ResidentSetSize of job (KB)
...
006 (4945991.012.000) 01/25 07:35:30 Image size of job updated: 1700248
	1520  -  MemoryUsage of job (MB)
	1555916  -  ResidentSetSize of job (KB)
...
040 (4945991.012.000) 01/25 07:35:30 Started transferring output files
...
040 (4945991.012.000) 01/25 07:35:30 Finished transferring output files
...
005 (4945991.012.000) 01/25 07:35:30 Job terminated.
	(1) Normal termination (return value 0)
		Usr 0 00:10:28, Sys 0 00:00:06  -  Run Remote Usage
		Usr 0 00:00:00, Sys 0 00:00:00  -  Run Local Usage
		Usr 0 00:10:28, Sys 0 00:00:06  -  Total Remote Usage
		Usr 0 00:00:00, Sys 0 00:00:00  -  Total Local Usage
	24507  -  Run Bytes Sent By Job
	11467  -  Run Bytes Received By Job
	24507  -  Total Bytes Sent By Job
	11467  -  Total Bytes Received By Job
	Partitionable Resources :    Usage  Request Allocated 
	   Cpus                 :     0.98        1         1 
	   Disk (KB)            :   128           1   2955180 
	   Memory (MB)          :  1520        2000      2000 

	Job terminated of its own accord at 2024-01-25T06:35:30Z.
...
006 (4945991.004.000) 01/25 07:35:33 Image size of job updated: 3207880
	2926  -  MemoryUsage of job (MB)
	2995616  -  ResidentSetSize of job (KB)
...
040 (4945991.004.000) 01/25 07:35:33 Started transferring output files
...
040 (4945991.004.000) 01/25 07:35:33 Finished transferring output files
...
005 (4945991.004.000) 01/25 07:35:33 Job terminated.
	(1) Normal termination (return value 0)
		Usr 0 00:10:28, Sys 0 00:00:08  -  Run Remote Usage
		Usr 0 00:00:00, Sys 0 00:00:00  -  Run Local Usage
		Usr 0 00:10:28, Sys 0 00:00:08  -  Total Remote Usage
		Usr 0 00:00:00, Sys 0 00:00:00  -  Total Local Usage
	27085  -  Run Bytes Sent By Job
	11467  -  Run Bytes Received By Job
	27085  -  Total Bytes Sent By Job
	11467  -  Total Bytes Received By Job
	Partitionable Resources :    Usage  Request Allocated 
	   Cpus                 :     0.98        1         1 
	   Disk (KB)            :   130           1   2964291 
	   Memory (MB)          :  2926        2000      2000 

	Job terminated of its own accord at 2024-01-25T06:35:33Z.
...
006 (4945991.011.000) 01/25 07:36:12 Image size of job updated: 1974772
	1733  -  MemoryUsage of job (MB)
	1773740  -  ResidentSetSize of job (KB)
...
040 (4945991.011.000) 01/25 07:36:12 Started transferring output files
...
040 (4945991.011.000) 01/25 07:36:12 Finished transferring output files
...
005 (4945991.011.000) 01/25 07:36:12 Job terminated.
	(1) Normal termination (return value 0)
		Usr 0 00:11:16, Sys 0 00:00:04  -  Run Remote Usage
		Usr 0 00:00:00, Sys 0 00:00:00  -  Run Local Usage
		Usr 0 00:11:16, Sys 0 00:00:04  -  Total Remote Usage
		Usr 0 00:00:00, Sys 0 00:00:00  -  Total Local Usage
	24963  -  Run Bytes Sent By Job
	11467  -  Run Bytes Received By Job
	24963  -  Total Bytes Sent By Job
	11467  -  Total Bytes Received By Job
	Partitionable Resources :    Usage  Request Allocated 
	   Cpus                 :     0.99        1         1 
	   Disk (KB)            :   128           1   2932874 
	   Memory (MB)          :  1733        2000      2000 

	Job terminated of its own accord at 2024-01-25T06:36:12Z.
...
006 (4945991.009.000) 01/25 07:37:16 Image size of job updated: 1370076
	1158  -  MemoryUsage of job (MB)
	1185260  -  ResidentSetSize of job (KB)
...
040 (4945991.009.000) 01/25 07:37:16 Started transferring output files
...
040 (4945991.009.000) 01/25 07:37:16 Finished transferring output files
...
005 (4945991.009.000) 01/25 07:37:16 Job terminated.
	(1) Normal termination (return value 0)
		Usr 0 00:11:42, Sys 0 00:00:06  -  Run Remote Usage
		Usr 0 00:00:00, Sys 0 00:00:00  -  Run Local Usage
		Usr 0 00:11:42, Sys 0 00:00:06  -  Total Remote Usage
		Usr 0 00:00:00, Sys 0 00:00:00  -  Total Local Usage
	24819  -  Run Bytes Sent By Job
	11467  -  Run Bytes Received By Job
	24819  -  Total Bytes Sent By Job
	11467  -  Total Bytes Received By Job
	Partitionable Resources :    Usage  Request Allocated 
	   Cpus                 :     0.97        1         1 
	   Disk (KB)            :   128           1   2943450 
	   Memory (MB)          :  1158        2000      2000 

	Job terminated of its own accord at 2024-01-25T06:37:16Z.
...
006 (4945991.010.000) 01/25 07:38:00 Image size of job updated: 2016892
	1779  -  MemoryUsage of job (MB)
	1820808  -  ResidentSetSize of job (KB)
...
040 (4945991.010.000) 01/25 07:38:01 Started transferring output files
...
040 (4945991.010.000) 01/25 07:38:01 Finished transferring output files
...
005 (4945991.010.000) 01/25 07:38:01 Job terminated.
	(1) Normal termination (return value 0)
		Usr 0 00:12:45, Sys 0 00:00:07  -  Run Remote Usage
		Usr 0 00:00:00, Sys 0 00:00:00  -  Run Local Usage
		Usr 0 00:12:45, Sys 0 00:00:07  -  Total Remote Usage
		Usr 0 00:00:00, Sys 0 00:00:00  -  Total Local Usage
	25035  -  Run Bytes Sent By Job
	11467  -  Run Bytes Received By Job
	25035  -  Total Bytes Sent By Job
	11467  -  Total Bytes Received By Job
	Partitionable Resources :    Usage  Request Allocated 
	   Cpus                 :     0.96        1         1 
	   Disk (KB)            :   128           1   2998523 
	   Memory (MB)          :  1779        2000      2000 

	Job terminated of its own accord at 2024-01-25T06:38:00Z.
...
006 (4945991.006.000) 01/25 07:39:17 Image size of job updated: 2694056
	2630  -  MemoryUsage of job (MB)
	2692240  -  ResidentSetSize of job (KB)
...
006 (4945991.001.000) 01/25 07:39:17 Image size of job updated: 3147772
	2945  -  MemoryUsage of job (MB)
	3014832  -  ResidentSetSize of job (KB)
...
040 (4945991.001.000) 01/25 07:39:18 Started transferring output files
...
040 (4945991.001.000) 01/25 07:39:18 Finished transferring output files
...
005 (4945991.001.000) 01/25 07:39:18 Job terminated.
	(1) Normal termination (return value 0)
		Usr 0 00:11:32, Sys 0 00:00:10  -  Run Remote Usage
		Usr 0 00:00:00, Sys 0 00:00:00  -  Run Local Usage
		Usr 0 00:11:32, Sys 0 00:00:10  -  Total Remote Usage
		Usr 0 00:00:00, Sys 0 00:00:00  -  Total Local Usage
	26960  -  Run Bytes Sent By Job
	11467  -  Run Bytes Received By Job
	26960  -  Total Bytes Sent By Job
	11467  -  Total Bytes Received By Job
	Partitionable Resources :    Usage  Request Allocated 
	   Cpus                 :     0.79        1         1 
	   Disk (KB)            :   213           1   2969866 
	   Memory (MB)          :  2945        2000      2000 

	Job terminated of its own accord at 2024-01-25T06:39:18Z.
...
006 (4945991.006.000) 01/25 07:39:29 Image size of job updated: 2720232
	2630  -  MemoryUsage of job (MB)
	2692240  -  ResidentSetSize of job (KB)
...
040 (4945991.006.000) 01/25 07:39:29 Started transferring output files
...
040 (4945991.006.000) 01/25 07:39:29 Finished transferring output files
...
005 (4945991.006.000) 01/25 07:39:29 Job terminated.
	(1) Normal termination (return value 0)
		Usr 0 00:10:00, Sys 0 00:00:09  -  Run Remote Usage
		Usr 0 00:00:00, Sys 0 00:00:00  -  Run Local Usage
		Usr 0 00:10:00, Sys 0 00:00:09  -  Total Remote Usage
		Usr 0 00:00:00, Sys 0 00:00:00  -  Total Local Usage
	26211  -  Run Bytes Sent By Job
	11467  -  Run Bytes Received By Job
	26211  -  Total Bytes Sent By Job
	11467  -  Total Bytes Received By Job
	Partitionable Resources :    Usage  Request Allocated 
	   Cpus                 :     0.47        1         1 
	   Disk (KB)            :   130           1   2973339 
	   Memory (MB)          :  2630        2000      2000 

	Job terminated of its own accord at 2024-01-25T06:39:29Z.
...
