000 (4945989.000.000) 01/25 07:20:24 Job submitted from host: <188.185.121.235:9618?addrs=188.185.121.235-9618+[2001-1458-d00-49--100-36e]-9618&alias=bigbird22.cern.ch&noUDP&sock=schedd_849351_b7ee>
...
000 (4945989.001.000) 01/25 07:20:24 Job submitted from host: <188.185.121.235:9618?addrs=188.185.121.235-9618+[2001-1458-d00-49--100-36e]-9618&alias=bigbird22.cern.ch&noUDP&sock=schedd_849351_b7ee>
...
000 (4945989.002.000) 01/25 07:20:24 Job submitted from host: <188.185.121.235:9618?addrs=188.185.121.235-9618+[2001-1458-d00-49--100-36e]-9618&alias=bigbird22.cern.ch&noUDP&sock=schedd_849351_b7ee>
...
000 (4945989.003.000) 01/25 07:20:24 Job submitted from host: <188.185.121.235:9618?addrs=188.185.121.235-9618+[2001-1458-d00-49--100-36e]-9618&alias=bigbird22.cern.ch&noUDP&sock=schedd_849351_b7ee>
...
000 (4945989.004.000) 01/25 07:20:24 Job submitted from host: <188.185.121.235:9618?addrs=188.185.121.235-9618+[2001-1458-d00-49--100-36e]-9618&alias=bigbird22.cern.ch&noUDP&sock=schedd_849351_b7ee>
...
000 (4945989.005.000) 01/25 07:20:24 Job submitted from host: <188.185.121.235:9618?addrs=188.185.121.235-9618+[2001-1458-d00-49--100-36e]-9618&alias=bigbird22.cern.ch&noUDP&sock=schedd_849351_b7ee>
...
000 (4945989.006.000) 01/25 07:20:24 Job submitted from host: <188.185.121.235:9618?addrs=188.185.121.235-9618+[2001-1458-d00-49--100-36e]-9618&alias=bigbird22.cern.ch&noUDP&sock=schedd_849351_b7ee>
...
000 (4945989.007.000) 01/25 07:20:24 Job submitted from host: <188.185.121.235:9618?addrs=188.185.121.235-9618+[2001-1458-d00-49--100-36e]-9618&alias=bigbird22.cern.ch&noUDP&sock=schedd_849351_b7ee>
...
000 (4945989.008.000) 01/25 07:20:24 Job submitted from host: <188.185.121.235:9618?addrs=188.185.121.235-9618+[2001-1458-d00-49--100-36e]-9618&alias=bigbird22.cern.ch&noUDP&sock=schedd_849351_b7ee>
...
000 (4945989.009.000) 01/25 07:20:24 Job submitted from host: <188.185.121.235:9618?addrs=188.185.121.235-9618+[2001-1458-d00-49--100-36e]-9618&alias=bigbird22.cern.ch&noUDP&sock=schedd_849351_b7ee>
...
000 (4945989.010.000) 01/25 07:20:24 Job submitted from host: <188.185.121.235:9618?addrs=188.185.121.235-9618+[2001-1458-d00-49--100-36e]-9618&alias=bigbird22.cern.ch&noUDP&sock=schedd_849351_b7ee>
...
000 (4945989.011.000) 01/25 07:20:24 Job submitted from host: <188.185.121.235:9618?addrs=188.185.121.235-9618+[2001-1458-d00-49--100-36e]-9618&alias=bigbird22.cern.ch&noUDP&sock=schedd_849351_b7ee>
...
000 (4945989.012.000) 01/25 07:20:24 Job submitted from host: <188.185.121.235:9618?addrs=188.185.121.235-9618+[2001-1458-d00-49--100-36e]-9618&alias=bigbird22.cern.ch&noUDP&sock=schedd_849351_b7ee>
...
040 (4945989.000.000) 01/25 07:23:46 Started transferring input files
	Transferring to host: <128.142.60.86:9618?addrs=128.142.60.86-9618+[2001-1458-301-22--100-55]-9618&alias=b9s05p3487.cern.ch&noUDP&sock=slot1_14_732816_ea61_12731>
...
040 (4945989.000.000) 01/25 07:23:46 Finished transferring input files
...
040 (4945989.001.000) 01/25 07:23:47 Started transferring input files
	Transferring to host: <128.142.60.120:9618?addrs=128.142.60.120-9618+[2001-1458-301-22--100-77]-9618&alias=b9s05p4936.cern.ch&noUDP&sock=slot1_8_678109_e290_12922>
...
040 (4945989.001.000) 01/25 07:23:47 Finished transferring input files
...
040 (4945989.002.000) 01/25 07:23:47 Started transferring input files
	Transferring to host: <128.142.60.160:9618?addrs=128.142.60.160-9618+[2001-1458-301-22--100-9f]-9618&alias=b9s05p1905.cern.ch&noUDP&sock=slot1_30_400676_3d1e_13815>
...
040 (4945989.002.000) 01/25 07:23:47 Finished transferring input files
...
040 (4945989.003.000) 01/25 07:23:47 Started transferring input files
	Transferring to host: <128.142.60.77:9618?addrs=128.142.60.77-9618+[2001-1458-301-22--100-4c]-9618&alias=b9s05p4880.cern.ch&noUDP&sock=slot1_4_567381_fdf9_13275>
...
040 (4945989.003.000) 01/25 07:23:47 Finished transferring input files
...
001 (4945989.000.000) 01/25 07:23:47 Job executing on host: <128.142.60.86:9618?addrs=128.142.60.86-9618+[2001-1458-301-22--100-55]-9618&alias=b9s05p3487.cern.ch&noUDP&sock=startd_732777_a694>
...
001 (4945989.001.000) 01/25 07:23:48 Job executing on host: <128.142.60.120:9618?addrs=128.142.60.120-9618+[2001-1458-301-22--100-77]-9618&alias=b9s05p4936.cern.ch&noUDP&sock=startd_678069_835b>
...
001 (4945989.002.000) 01/25 07:23:48 Job executing on host: <128.142.60.160:9618?addrs=128.142.60.160-9618+[2001-1458-301-22--100-9f]-9618&alias=b9s05p1905.cern.ch&noUDP&sock=startd_400638_ec3f>
...
001 (4945989.003.000) 01/25 07:23:48 Job executing on host: <128.142.60.77:9618?addrs=128.142.60.77-9618+[2001-1458-301-22--100-4c]-9618&alias=b9s05p4880.cern.ch&noUDP&sock=startd_567343_afd9>
...
040 (4945989.004.000) 01/25 07:23:48 Started transferring input files
	Transferring to host: <128.142.60.135:9618?addrs=128.142.60.135-9618+[2001-1458-301-22--100-86]-9618&alias=b9s05p2697.cern.ch&noUDP&sock=slot1_13_658972_2326_12310>
...
040 (4945989.004.000) 01/25 07:23:48 Finished transferring input files
...
040 (4945989.006.000) 01/25 07:23:48 Started transferring input files
	Transferring to host: <188.184.163.70:9618?addrs=188.184.163.70-9618+[2001-1458-301-4d--100-40]-9618&alias=b9s12p9202.cern.ch&noUDP&sock=slot1_21_425663_d737_11783>
...
040 (4945989.006.000) 01/25 07:23:48 Finished transferring input files
...
040 (4945989.005.000) 01/25 07:23:48 Started transferring input files
	Transferring to host: <128.142.60.91:9618?addrs=128.142.60.91-9618+[2001-1458-301-22--100-5a]-9618&alias=b9s05p4677.cern.ch&noUDP&sock=slot1_11_206816_54d3_12762>
...
040 (4945989.005.000) 01/25 07:23:48 Finished transferring input files
...
040 (4945989.008.000) 01/25 07:23:49 Started transferring input files
	Transferring to host: <188.184.163.73:9618?addrs=188.184.163.73-9618+[2001-1458-301-4d--100-43]-9618&alias=b9s12p6578.cern.ch&noUDP&sock=slot1_22_46415_50f9_11104>
...
040 (4945989.008.000) 01/25 07:23:49 Finished transferring input files
...
040 (4945989.009.000) 01/25 07:23:49 Started transferring input files
	Transferring to host: <188.184.162.168:9618?addrs=188.184.162.168-9618+[2001-1458-301-4a--100-a2]-9618&alias=b9s11p9801.cern.ch&noUDP&sock=slot1_22_100661_87d6_11092>
...
040 (4945989.009.000) 01/25 07:23:49 Finished transferring input files
...
040 (4945989.007.000) 01/25 07:23:49 Started transferring input files
	Transferring to host: <128.142.248.106:9618?addrs=128.142.248.106-9618+[2001-1458-301-73--100-15a]-9618&alias=b9g23p1537.cern.ch&noUDP&sock=slot1_24_1643447_d5a7_55595>
...
001 (4945989.004.000) 01/25 07:23:49 Job executing on host: <128.142.60.135:9618?addrs=128.142.60.135-9618+[2001-1458-301-22--100-86]-9618&alias=b9s05p2697.cern.ch&noUDP&sock=startd_658934_7ea4>
...
040 (4945989.007.000) 01/25 07:23:49 Finished transferring input files
...
001 (4945989.006.000) 01/25 07:23:49 Job executing on host: <188.184.163.70:9618?addrs=188.184.163.70-9618+[2001-1458-301-4d--100-40]-9618&alias=b9s12p9202.cern.ch&noUDP&sock=startd_425625_ed2f>
...
001 (4945989.005.000) 01/25 07:23:49 Job executing on host: <128.142.60.91:9618?addrs=128.142.60.91-9618+[2001-1458-301-22--100-5a]-9618&alias=b9s05p4677.cern.ch&noUDP&sock=startd_206775_0798>
...
001 (4945989.008.000) 01/25 07:23:50 Job executing on host: <188.184.163.73:9618?addrs=188.184.163.73-9618+[2001-1458-301-4d--100-43]-9618&alias=b9s12p6578.cern.ch&noUDP&sock=startd_46377_57cf>
...
040 (4945989.011.000) 01/25 07:23:50 Started transferring input files
	Transferring to host: <188.184.163.175:9618?addrs=188.184.163.175-9618+[2001-1458-301-4d--100-a9]-9618&alias=b9s12p8694.cern.ch&noUDP&sock=slot1_2_201351_be95_11372>
...
040 (4945989.011.000) 01/25 07:23:50 Finished transferring input files
...
040 (4945989.012.000) 01/25 07:23:50 Started transferring input files
	Transferring to host: <188.184.163.32:9618?addrs=188.184.163.32-9618+[2001-1458-301-4d--100-1a]-9618&alias=b9s12p9649.cern.ch&noUDP&sock=slot1_25_188526_5f2b_11678>
...
040 (4945989.012.000) 01/25 07:23:50 Finished transferring input files
...
001 (4945989.009.000) 01/25 07:23:50 Job executing on host: <188.184.162.168:9618?addrs=188.184.162.168-9618+[2001-1458-301-4a--100-a2]-9618&alias=b9s11p9801.cern.ch&noUDP&sock=startd_100621_3716>
...
040 (4945989.010.000) 01/25 07:23:50 Started transferring input files
	Transferring to host: <188.184.162.203:9618?addrs=188.184.162.203-9618+[2001-1458-301-4a--100-c5]-9618&alias=b9s11p9865.cern.ch&noUDP&sock=slot1_12_524329_f6a3_11596>
...
040 (4945989.010.000) 01/25 07:23:50 Finished transferring input files
...
001 (4945989.007.000) 01/25 07:23:50 Job executing on host: <128.142.248.106:9618?addrs=128.142.248.106-9618+[2001-1458-301-73--100-15a]-9618&alias=b9g23p1537.cern.ch&noUDP&sock=startd_118418_7a15>
...
001 (4945989.011.000) 01/25 07:23:51 Job executing on host: <188.184.163.175:9618?addrs=188.184.163.175-9618+[2001-1458-301-4d--100-a9]-9618&alias=b9s12p8694.cern.ch&noUDP&sock=startd_201312_ddb6>
...
001 (4945989.012.000) 01/25 07:23:51 Job executing on host: <188.184.163.32:9618?addrs=188.184.163.32-9618+[2001-1458-301-4d--100-1a]-9618&alias=b9s12p9649.cern.ch&noUDP&sock=startd_188487_fb98>
...
001 (4945989.010.000) 01/25 07:23:51 Job executing on host: <188.184.162.203:9618?addrs=188.184.162.203-9618+[2001-1458-301-4a--100-c5]-9618&alias=b9s11p9865.cern.ch&noUDP&sock=startd_524290_e8ef>
...
006 (4945989.001.000) 01/25 07:23:56 Image size of job updated: 138704
	136  -  MemoryUsage of job (MB)
	138704  -  ResidentSetSize of job (KB)
...
006 (4945989.002.000) 01/25 07:23:56 Image size of job updated: 168248
	164  -  MemoryUsage of job (MB)
	167524  -  ResidentSetSize of job (KB)
...
006 (4945989.003.000) 01/25 07:23:56 Image size of job updated: 114052
	111  -  MemoryUsage of job (MB)
	113088  -  ResidentSetSize of job (KB)
...
006 (4945989.000.000) 01/25 07:23:57 Image size of job updated: 149172
	146  -  MemoryUsage of job (MB)
	148820  -  ResidentSetSize of job (KB)
...
006 (4945989.008.000) 01/25 07:23:58 Image size of job updated: 173900
	170  -  MemoryUsage of job (MB)
	173832  -  ResidentSetSize of job (KB)
...
006 (4945989.009.000) 01/25 07:23:58 Image size of job updated: 182192
	177  -  MemoryUsage of job (MB)
	180484  -  ResidentSetSize of job (KB)
...
006 (4945989.004.000) 01/25 07:23:58 Image size of job updated: 174924
	171  -  MemoryUsage of job (MB)
	174920  -  ResidentSetSize of job (KB)
...
006 (4945989.006.000) 01/25 07:23:58 Image size of job updated: 455044
	445  -  MemoryUsage of job (MB)
	454784  -  ResidentSetSize of job (KB)
...
006 (4945989.005.000) 01/25 07:23:58 Image size of job updated: 79960
	79  -  MemoryUsage of job (MB)
	79960  -  ResidentSetSize of job (KB)
...
006 (4945989.011.000) 01/25 07:23:59 Image size of job updated: 136056
	133  -  MemoryUsage of job (MB)
	135804  -  ResidentSetSize of job (KB)
...
006 (4945989.012.000) 01/25 07:23:59 Image size of job updated: 497960
	485  -  MemoryUsage of job (MB)
	495624  -  ResidentSetSize of job (KB)
...
006 (4945989.007.000) 01/25 07:23:59 Image size of job updated: 177196
	173  -  MemoryUsage of job (MB)
	176884  -  ResidentSetSize of job (KB)
...
006 (4945989.010.000) 01/25 07:24:00 Image size of job updated: 176544
	173  -  MemoryUsage of job (MB)
	176164  -  ResidentSetSize of job (KB)
...
006 (4945989.002.000) 01/25 07:28:56 Image size of job updated: 218276
	212  -  MemoryUsage of job (MB)
	216296  -  ResidentSetSize of job (KB)
...
006 (4945989.001.000) 01/25 07:28:56 Image size of job updated: 204840
	199  -  MemoryUsage of job (MB)
	203088  -  ResidentSetSize of job (KB)
...
006 (4945989.003.000) 01/25 07:28:56 Image size of job updated: 221160
	216  -  MemoryUsage of job (MB)
	220188  -  ResidentSetSize of job (KB)
...
006 (4945989.000.000) 01/25 07:28:57 Image size of job updated: 203536
	196  -  MemoryUsage of job (MB)
	200668  -  ResidentSetSize of job (KB)
...
006 (4945989.008.000) 01/25 07:28:58 Image size of job updated: 222520
	216  -  MemoryUsage of job (MB)
	220232  -  ResidentSetSize of job (KB)
...
006 (4945989.009.000) 01/25 07:28:58 Image size of job updated: 229924
	222  -  MemoryUsage of job (MB)
	227184  -  ResidentSetSize of job (KB)
...
006 (4945989.011.000) 01/25 07:28:59 Image size of job updated: 192096
	185  -  MemoryUsage of job (MB)
	189276  -  ResidentSetSize of job (KB)
...
006 (4945989.012.000) 01/25 07:28:59 Image size of job updated: 569520
	554  -  MemoryUsage of job (MB)
	566704  -  ResidentSetSize of job (KB)
...
006 (4945989.004.000) 01/25 07:28:59 Image size of job updated: 223496
	217  -  MemoryUsage of job (MB)
	221480  -  ResidentSetSize of job (KB)
...
006 (4945989.006.000) 01/25 07:28:59 Image size of job updated: 547168
	522  -  MemoryUsage of job (MB)
	533832  -  ResidentSetSize of job (KB)
...
006 (4945989.005.000) 01/25 07:28:59 Image size of job updated: 208956
	202  -  MemoryUsage of job (MB)
	206780  -  ResidentSetSize of job (KB)
...
006 (4945989.007.000) 01/25 07:29:00 Image size of job updated: 220376
	212  -  MemoryUsage of job (MB)
	216956  -  ResidentSetSize of job (KB)
...
006 (4945989.010.000) 01/25 07:29:01 Image size of job updated: 222784
	215  -  MemoryUsage of job (MB)
	219980  -  ResidentSetSize of job (KB)
...
006 (4945989.003.000) 01/25 07:33:57 Image size of job updated: 222484
	216  -  MemoryUsage of job (MB)
	220208  -  ResidentSetSize of job (KB)
...
006 (4945989.002.000) 01/25 07:33:57 Image size of job updated: 218528
	212  -  MemoryUsage of job (MB)
	216296  -  ResidentSetSize of job (KB)
...
006 (4945989.001.000) 01/25 07:33:57 Image size of job updated: 205428
	199  -  MemoryUsage of job (MB)
	203088  -  ResidentSetSize of job (KB)
...
006 (4945989.011.000) 01/25 07:34:00 Image size of job updated: 192236
	186  -  MemoryUsage of job (MB)
	189544  -  ResidentSetSize of job (KB)
...
006 (4945989.012.000) 01/25 07:34:00 Image size of job updated: 569520
	554  -  MemoryUsage of job (MB)
	566880  -  ResidentSetSize of job (KB)
...
006 (4945989.007.000) 01/25 07:34:01 Image size of job updated: 220376
	212  -  MemoryUsage of job (MB)
	217072  -  ResidentSetSize of job (KB)
...
006 (4945989.003.000) 01/25 07:38:57 Image size of job updated: 222596
	216  -  MemoryUsage of job (MB)
	220548  -  ResidentSetSize of job (KB)
...
006 (4945989.001.000) 01/25 07:38:58 Image size of job updated: 205428
	199  -  MemoryUsage of job (MB)
	203328  -  ResidentSetSize of job (KB)
...
006 (4945989.000.000) 01/25 07:38:58 Image size of job updated: 203536
	196  -  MemoryUsage of job (MB)
	200672  -  ResidentSetSize of job (KB)
...
006 (4945989.012.000) 01/25 07:39:00 Image size of job updated: 569520
	554  -  MemoryUsage of job (MB)
	567136  -  ResidentSetSize of job (KB)
...
040 (4945989.011.000) 01/25 07:39:39 Started transferring output files
...
040 (4945989.011.000) 01/25 07:39:39 Finished transferring output files
...
005 (4945989.011.000) 01/25 07:39:39 Job terminated.
	(1) Normal termination (return value 0)
		Usr 0 00:04:45, Sys 0 00:00:20  -  Run Remote Usage
		Usr 0 00:00:00, Sys 0 00:00:00  -  Run Local Usage
		Usr 0 00:04:45, Sys 0 00:00:20  -  Total Remote Usage
		Usr 0 00:00:00, Sys 0 00:00:00  -  Total Local Usage
	20784  -  Run Bytes Sent By Job
	11475  -  Run Bytes Received By Job
	20784  -  Total Bytes Sent By Job
	11475  -  Total Bytes Received By Job
	Partitionable Resources :    Usage  Request Allocated 
	   Cpus                 :     0.33        1         1 
	   Disk (KB)            :   125           1   2934219 
	   Memory (MB)          :   186        2000      2000 

	Job terminated of its own accord at 2024-01-25T06:39:39Z.
...
006 (4945989.000.000) 01/25 07:43:59 Image size of job updated: 203536
	196  -  MemoryUsage of job (MB)
	200676  -  ResidentSetSize of job (KB)
...
006 (4945989.012.000) 01/25 07:44:00 Image size of job updated: 570100
	554  -  MemoryUsage of job (MB)
	567136  -  ResidentSetSize of job (KB)
...
006 (4945989.007.000) 01/25 07:44:01 Image size of job updated: 220376
	213  -  MemoryUsage of job (MB)
	217112  -  ResidentSetSize of job (KB)
...
006 (4945989.005.000) 01/25 07:44:01 Image size of job updated: 212104
	207  -  MemoryUsage of job (MB)
	211848  -  ResidentSetSize of job (KB)
...
006 (4945989.003.000) 01/25 07:48:58 Image size of job updated: 227928
	222  -  MemoryUsage of job (MB)
	226880  -  ResidentSetSize of job (KB)
...
006 (4945989.000.000) 01/25 07:48:59 Image size of job updated: 209448
	203  -  MemoryUsage of job (MB)
	206988  -  ResidentSetSize of job (KB)
...
006 (4945989.002.000) 01/25 07:48:59 Image size of job updated: 223648
	218  -  MemoryUsage of job (MB)
	222888  -  ResidentSetSize of job (KB)
...
006 (4945989.001.000) 01/25 07:48:59 Image size of job updated: 211544
	205  -  MemoryUsage of job (MB)
	209736  -  ResidentSetSize of job (KB)
...
006 (4945989.004.000) 01/25 07:49:01 Image size of job updated: 228388
	223  -  MemoryUsage of job (MB)
	227496  -  ResidentSetSize of job (KB)
...
006 (4945989.008.000) 01/25 07:49:01 Image size of job updated: 229040
	222  -  MemoryUsage of job (MB)
	226976  -  ResidentSetSize of job (KB)
...
006 (4945989.007.000) 01/25 07:49:02 Image size of job updated: 226044
	220  -  MemoryUsage of job (MB)
	225104  -  ResidentSetSize of job (KB)
...
006 (4945989.005.000) 01/25 07:49:02 Image size of job updated: 216192
	209  -  MemoryUsage of job (MB)
	213592  -  ResidentSetSize of job (KB)
...
006 (4945989.010.000) 01/25 07:49:03 Image size of job updated: 228224
	222  -  MemoryUsage of job (MB)
	226480  -  ResidentSetSize of job (KB)
...
006 (4945989.003.000) 01/25 07:53:59 Image size of job updated: 229072
	223  -  MemoryUsage of job (MB)
	227628  -  ResidentSetSize of job (KB)
...
006 (4945989.000.000) 01/25 07:53:59 Image size of job updated: 209528
	203  -  MemoryUsage of job (MB)
	207144  -  ResidentSetSize of job (KB)
...
006 (4945989.002.000) 01/25 07:54:00 Image size of job updated: 223648
	218  -  MemoryUsage of job (MB)
	222896  -  ResidentSetSize of job (KB)
...
006 (4945989.001.000) 01/25 07:54:00 Image size of job updated: 211800
	205  -  MemoryUsage of job (MB)
	209760  -  ResidentSetSize of job (KB)
...
006 (4945989.004.000) 01/25 07:54:01 Image size of job updated: 228408
	223  -  MemoryUsage of job (MB)
	227496  -  ResidentSetSize of job (KB)
...
006 (4945989.007.000) 01/25 07:54:02 Image size of job updated: 227328
	220  -  MemoryUsage of job (MB)
	225104  -  ResidentSetSize of job (KB)
...
006 (4945989.005.000) 01/25 07:54:02 Image size of job updated: 216192
	210  -  MemoryUsage of job (MB)
	214088  -  ResidentSetSize of job (KB)
...
006 (4945989.010.000) 01/25 07:54:03 Image size of job updated: 228604
	222  -  MemoryUsage of job (MB)
	227144  -  ResidentSetSize of job (KB)
...
006 (4945989.003.000) 01/25 07:58:59 Image size of job updated: 229180
	223  -  MemoryUsage of job (MB)
	227628  -  ResidentSetSize of job (KB)
...
006 (4945989.000.000) 01/25 07:59:00 Image size of job updated: 209960
	203  -  MemoryUsage of job (MB)
	207340  -  ResidentSetSize of job (KB)
...
006 (4945989.002.000) 01/25 07:59:00 Image size of job updated: 224928
	218  -  MemoryUsage of job (MB)
	222920  -  ResidentSetSize of job (KB)
...
006 (4945989.004.000) 01/25 07:59:01 Image size of job updated: 228420
	223  -  MemoryUsage of job (MB)
	227496  -  ResidentSetSize of job (KB)
...
006 (4945989.010.000) 01/25 07:59:03 Image size of job updated: 229296
	222  -  MemoryUsage of job (MB)
	227144  -  ResidentSetSize of job (KB)
...
006 (4945989.000.000) 01/25 08:04:00 Image size of job updated: 209960
	203  -  MemoryUsage of job (MB)
	207492  -  ResidentSetSize of job (KB)
...
006 (4945989.002.000) 01/25 08:04:00 Image size of job updated: 225156
	218  -  MemoryUsage of job (MB)
	222920  -  ResidentSetSize of job (KB)
...
006 (4945989.001.000) 01/25 08:04:00 Image size of job updated: 212016
	205  -  MemoryUsage of job (MB)
	209760  -  ResidentSetSize of job (KB)
...
006 (4945989.003.000) 01/25 08:04:00 Image size of job updated: 229524
	223  -  MemoryUsage of job (MB)
	227628  -  ResidentSetSize of job (KB)
...
006 (4945989.007.000) 01/25 08:04:04 Image size of job updated: 227372
	220  -  MemoryUsage of job (MB)
	225104  -  ResidentSetSize of job (KB)
...
006 (4945989.010.000) 01/25 08:04:04 Image size of job updated: 229620
	222  -  MemoryUsage of job (MB)
	227144  -  ResidentSetSize of job (KB)
...
006 (4945989.001.000) 01/25 08:09:01 Image size of job updated: 212016
	205  -  MemoryUsage of job (MB)
	209784  -  ResidentSetSize of job (KB)
...
006 (4945989.004.000) 01/25 08:09:03 Image size of job updated: 229440
	223  -  MemoryUsage of job (MB)
	227604  -  ResidentSetSize of job (KB)
...
006 (4945989.008.000) 01/25 08:09:04 Image size of job updated: 229428
	222  -  MemoryUsage of job (MB)
	227260  -  ResidentSetSize of job (KB)
...
006 (4945989.007.000) 01/25 08:09:04 Image size of job updated: 227372
	220  -  MemoryUsage of job (MB)
	225112  -  ResidentSetSize of job (KB)
...
006 (4945989.010.000) 01/25 08:09:05 Image size of job updated: 229852
	223  -  MemoryUsage of job (MB)
	227556  -  ResidentSetSize of job (KB)
...
006 (4945989.000.000) 01/25 08:14:01 Image size of job updated: 229504
	223  -  MemoryUsage of job (MB)
	228328  -  ResidentSetSize of job (KB)
...
006 (4945989.004.000) 01/25 08:14:03 Image size of job updated: 229704
	223  -  MemoryUsage of job (MB)
	227604  -  ResidentSetSize of job (KB)
...
006 (4945989.008.000) 01/25 08:14:04 Image size of job updated: 229816
	223  -  MemoryUsage of job (MB)
	227516  -  ResidentSetSize of job (KB)
...
006 (4945989.002.000) 01/25 08:19:01 Image size of job updated: 225212
	218  -  MemoryUsage of job (MB)
	222920  -  ResidentSetSize of job (KB)
...
006 (4945989.001.000) 01/25 08:19:01 Image size of job updated: 212016
	205  -  MemoryUsage of job (MB)
	209796  -  ResidentSetSize of job (KB)
...
006 (4945989.000.000) 01/25 08:19:02 Image size of job updated: 232404
	224  -  MemoryUsage of job (MB)
	229352  -  ResidentSetSize of job (KB)
...
006 (4945989.008.000) 01/25 08:19:04 Image size of job updated: 229816
	223  -  MemoryUsage of job (MB)
	228024  -  ResidentSetSize of job (KB)
...
006 (4945989.005.000) 01/25 08:19:05 Image size of job updated: 216192
	210  -  MemoryUsage of job (MB)
	214104  -  ResidentSetSize of job (KB)
...
006 (4945989.010.000) 01/25 08:19:06 Image size of job updated: 231288
	226  -  MemoryUsage of job (MB)
	230580  -  ResidentSetSize of job (KB)
...
006 (4945989.000.000) 01/25 08:24:02 Image size of job updated: 232404
	225  -  MemoryUsage of job (MB)
	229796  -  ResidentSetSize of job (KB)
...
006 (4945989.002.000) 01/25 08:24:02 Image size of job updated: 225484
	218  -  MemoryUsage of job (MB)
	222936  -  ResidentSetSize of job (KB)
...
006 (4945989.001.000) 01/25 08:24:02 Image size of job updated: 212016
	206  -  MemoryUsage of job (MB)
	210064  -  ResidentSetSize of job (KB)
...
006 (4945989.004.000) 01/25 08:24:05 Image size of job updated: 229712
	223  -  MemoryUsage of job (MB)
	227660  -  ResidentSetSize of job (KB)
...
006 (4945989.010.000) 01/25 08:24:07 Image size of job updated: 231932
	226  -  MemoryUsage of job (MB)
	230580  -  ResidentSetSize of job (KB)
...
006 (4945989.002.000) 01/25 08:29:03 Image size of job updated: 225680
	218  -  MemoryUsage of job (MB)
	222936  -  ResidentSetSize of job (KB)
...
006 (4945989.000.000) 01/25 08:29:03 Image size of job updated: 232404
	225  -  MemoryUsage of job (MB)
	229856  -  ResidentSetSize of job (KB)
...
006 (4945989.008.000) 01/25 08:34:05 Image size of job updated: 230000
	223  -  MemoryUsage of job (MB)
	228024  -  ResidentSetSize of job (KB)
...
006 (4945989.007.000) 01/25 08:34:07 Image size of job updated: 227488
	220  -  MemoryUsage of job (MB)
	225112  -  ResidentSetSize of job (KB)
...
006 (4945989.002.000) 01/25 08:39:04 Image size of job updated: 225680
	218  -  MemoryUsage of job (MB)
	223160  -  ResidentSetSize of job (KB)
...
006 (4945989.001.000) 01/25 08:39:04 Image size of job updated: 212076
	206  -  MemoryUsage of job (MB)
	210064  -  ResidentSetSize of job (KB)
...
006 (4945989.007.000) 01/25 08:39:08 Image size of job updated: 227556
	220  -  MemoryUsage of job (MB)
	225112  -  ResidentSetSize of job (KB)
...
006 (4945989.010.000) 01/25 08:39:09 Image size of job updated: 232964
	226  -  MemoryUsage of job (MB)
	230580  -  ResidentSetSize of job (KB)
...
040 (4945989.012.000) 01/25 08:40:48 Started transferring output files
...
040 (4945989.012.000) 01/25 08:40:48 Finished transferring output files
...
005 (4945989.012.000) 01/25 08:40:48 Job terminated.
	(1) Normal termination (return value 0)
		Usr 0 00:24:39, Sys 0 00:01:29  -  Run Remote Usage
		Usr 0 00:00:00, Sys 0 00:00:00  -  Run Local Usage
		Usr 0 00:24:39, Sys 0 00:01:29  -  Total Remote Usage
		Usr 0 00:00:00, Sys 0 00:00:00  -  Total Local Usage
	24432  -  Run Bytes Sent By Job
	11475  -  Run Bytes Received By Job
	24432  -  Total Bytes Sent By Job
	11475  -  Total Bytes Received By Job
	Partitionable Resources :    Usage  Request Allocated 
	   Cpus                 :     0.34        1         1 
	   Disk (KB)            :   129           1   2927904 
	   Memory (MB)          :   554        2000      2000 

	Job terminated of its own accord at 2024-01-25T07:40:48Z.
...
006 (4945989.008.000) 01/25 08:43:35 Image size of job updated: 338404
	247  -  MemoryUsage of job (MB)
	252284  -  ResidentSetSize of job (KB)
...
040 (4945989.008.000) 01/25 08:43:35 Started transferring output files
...
040 (4945989.008.000) 01/25 08:43:35 Finished transferring output files
...
005 (4945989.008.000) 01/25 08:43:35 Job terminated.
	(1) Normal termination (return value 0)
		Usr 0 00:25:21, Sys 0 00:01:24  -  Run Remote Usage
		Usr 0 00:00:00, Sys 0 00:00:00  -  Run Local Usage
		Usr 0 00:25:21, Sys 0 00:01:24  -  Total Remote Usage
		Usr 0 00:00:00, Sys 0 00:00:00  -  Total Local Usage
	24432  -  Run Bytes Sent By Job
	11475  -  Run Bytes Received By Job
	24432  -  Total Bytes Sent By Job
	11475  -  Total Bytes Received By Job
	Partitionable Resources :    Usage  Request Allocated 
	   Cpus                 :     0.43        1         1 
	   Disk (KB)            :   128           1   2932963 
	   Memory (MB)          :   247        2000      2000 

	Job terminated of its own accord at 2024-01-25T07:43:35Z.
...
040 (4945989.009.000) 01/25 08:43:46 Started transferring output files
...
040 (4945989.009.000) 01/25 08:43:46 Finished transferring output files
...
005 (4945989.009.000) 01/25 08:43:46 Job terminated.
	(1) Normal termination (return value 0)
		Usr 0 00:25:20, Sys 0 00:01:33  -  Run Remote Usage
		Usr 0 00:00:00, Sys 0 00:00:00  -  Run Local Usage
		Usr 0 00:25:20, Sys 0 00:01:33  -  Total Remote Usage
		Usr 0 00:00:00, Sys 0 00:00:00  -  Total Local Usage
	24432  -  Run Bytes Sent By Job
	11475  -  Run Bytes Received By Job
	24432  -  Total Bytes Sent By Job
	11475  -  Total Bytes Received By Job
	Partitionable Resources :    Usage  Request Allocated 
	   Cpus                 :     0.06        1         1 
	   Disk (KB)            :   128           1   2955208 
	   Memory (MB)          :   222        2000      2000 

	Job terminated of its own accord at 2024-01-25T07:43:46Z.
...
006 (4945989.007.000) 01/25 08:44:08 Image size of job updated: 227628
	221  -  MemoryUsage of job (MB)
	225604  -  ResidentSetSize of job (KB)
...
006 (4945989.010.000) 01/25 08:44:09 Image size of job updated: 327544
	226  -  MemoryUsage of job (MB)
	230580  -  ResidentSetSize of job (KB)
...
006 (4945989.010.000) 01/25 08:44:13 Image size of job updated: 341892
	249  -  MemoryUsage of job (MB)
	254360  -  ResidentSetSize of job (KB)
...
040 (4945989.010.000) 01/25 08:44:13 Started transferring output files
...
040 (4945989.010.000) 01/25 08:44:13 Finished transferring output files
...
005 (4945989.010.000) 01/25 08:44:13 Job terminated.
	(1) Normal termination (return value 0)
		Usr 0 00:25:27, Sys 0 00:01:24  -  Run Remote Usage
		Usr 0 00:00:00, Sys 0 00:00:00  -  Run Local Usage
		Usr 0 00:25:27, Sys 0 00:01:24  -  Total Remote Usage
		Usr 0 00:00:00, Sys 0 00:00:00  -  Total Local Usage
	24432  -  Run Bytes Sent By Job
	11475  -  Run Bytes Received By Job
	24432  -  Total Bytes Sent By Job
	11475  -  Total Bytes Received By Job
	Partitionable Resources :    Usage  Request Allocated 
	   Cpus                 :     0.33        1         1 
	   Disk (KB)            :   211           1   2946273 
	   Memory (MB)          :   249        2000      2000 

	Job terminated of its own accord at 2024-01-25T07:44:13Z.
...
006 (4945989.007.000) 01/25 08:44:14 Image size of job updated: 339048
	247  -  MemoryUsage of job (MB)
	252112  -  ResidentSetSize of job (KB)
...
040 (4945989.007.000) 01/25 08:44:14 Started transferring output files
...
040 (4945989.007.000) 01/25 08:44:14 Finished transferring output files
...
005 (4945989.007.000) 01/25 08:44:14 Job terminated.
	(1) Normal termination (return value 0)
		Usr 0 00:24:51, Sys 0 00:01:30  -  Run Remote Usage
		Usr 0 00:00:00, Sys 0 00:00:00  -  Run Local Usage
		Usr 0 00:24:51, Sys 0 00:01:30  -  Total Remote Usage
		Usr 0 00:00:00, Sys 0 00:00:00  -  Total Local Usage
	24432  -  Run Bytes Sent By Job
	11475  -  Run Bytes Received By Job
	24432  -  Total Bytes Sent By Job
	11475  -  Total Bytes Received By Job
	Partitionable Resources :    Usage  Request Allocated 
	   Cpus                 :     0.41        1         1 
	   Disk (KB)            :   129           1   2998588 
	   Memory (MB)          :   247        2000      2000 

	Job terminated of its own accord at 2024-01-25T07:44:14Z.
...
006 (4945989.004.000) 01/25 08:49:07 Image size of job updated: 229792
	223  -  MemoryUsage of job (MB)
	227792  -  ResidentSetSize of job (KB)
...
006 (4945989.005.000) 01/25 08:49:07 Image size of job updated: 216260
	210  -  MemoryUsage of job (MB)
	214104  -  ResidentSetSize of job (KB)
...
006 (4945989.000.000) 01/25 08:53:45 Image size of job updated: 336488
	244  -  MemoryUsage of job (MB)
	249128  -  ResidentSetSize of job (KB)
...
040 (4945989.000.000) 01/25 08:53:45 Started transferring output files
...
040 (4945989.000.000) 01/25 08:53:45 Finished transferring output files
...
005 (4945989.000.000) 01/25 08:53:45 Job terminated.
	(1) Normal termination (return value 0)
		Usr 0 00:06:44, Sys 0 00:01:03  -  Run Remote Usage
		Usr 0 00:00:00, Sys 0 00:00:00  -  Run Local Usage
		Usr 0 00:06:44, Sys 0 00:01:03  -  Total Remote Usage
		Usr 0 00:00:00, Sys 0 00:00:00  -  Total Local Usage
	21921  -  Run Bytes Sent By Job
	11475  -  Run Bytes Received By Job
	21921  -  Total Bytes Sent By Job
	11475  -  Total Bytes Received By Job
	Partitionable Resources :    Usage  Request Allocated 
	   Cpus                 :     0.15        1         1 
	   Disk (KB)            :   126           1   2938714 
	   Memory (MB)          :   244        2000      2000 

	Job terminated of its own accord at 2024-01-25T07:53:45Z.
...
006 (4945989.001.000) 01/25 09:05:54 Image size of job updated: 336388
	244  -  MemoryUsage of job (MB)
	249320  -  ResidentSetSize of job (KB)
...
040 (4945989.001.000) 01/25 09:05:54 Started transferring output files
...
040 (4945989.001.000) 01/25 09:05:54 Finished transferring output files
...
005 (4945989.001.000) 01/25 09:05:54 Job terminated.
	(1) Normal termination (return value 0)
		Usr 0 00:07:23, Sys 0 00:01:02  -  Run Remote Usage
		Usr 0 00:00:00, Sys 0 00:00:00  -  Run Local Usage
		Usr 0 00:07:23, Sys 0 00:01:02  -  Total Remote Usage
		Usr 0 00:00:00, Sys 0 00:00:00  -  Total Local Usage
	22185  -  Run Bytes Sent By Job
	11475  -  Run Bytes Received By Job
	22185  -  Total Bytes Sent By Job
	11475  -  Total Bytes Received By Job
	Partitionable Resources :    Usage  Request Allocated 
	   Cpus                 :     0.02        1         1 
	   Disk (KB)            :   126           1   2964264 
	   Memory (MB)          :   244        2000      2000 

	Job terminated of its own accord at 2024-01-25T08:05:54Z.
...
006 (4945989.003.000) 01/25 09:09:06 Image size of job updated: 229692
	223  -  MemoryUsage of job (MB)
	227628  -  ResidentSetSize of job (KB)
...
006 (4945989.004.000) 01/25 09:14:10 Image size of job updated: 250636
	243  -  MemoryUsage of job (MB)
	248336  -  ResidentSetSize of job (KB)
...
006 (4945989.005.000) 01/25 09:14:10 Image size of job updated: 216260
	210  -  MemoryUsage of job (MB)
	214112  -  ResidentSetSize of job (KB)
...
006 (4945989.005.000) 01/25 09:24:11 Image size of job updated: 216260
	210  -  MemoryUsage of job (MB)
	214348  -  ResidentSetSize of job (KB)
...
006 (4945989.002.000) 01/25 09:29:08 Image size of job updated: 225680
	218  -  MemoryUsage of job (MB)
	223184  -  ResidentSetSize of job (KB)
...
006 (4945989.005.000) 01/25 09:29:11 Image size of job updated: 216264
	210  -  MemoryUsage of job (MB)
	214348  -  ResidentSetSize of job (KB)
...
006 (4945989.005.000) 01/25 09:39:41 Image size of job updated: 337616
	245  -  MemoryUsage of job (MB)
	250316  -  ResidentSetSize of job (KB)
...
040 (4945989.005.000) 01/25 09:39:41 Started transferring output files
...
040 (4945989.005.000) 01/25 09:39:41 Finished transferring output files
...
005 (4945989.005.000) 01/25 09:39:41 Job terminated.
	(1) Normal termination (return value 0)
		Usr 0 00:10:09, Sys 0 00:01:29  -  Run Remote Usage
		Usr 0 00:00:00, Sys 0 00:00:00  -  Run Local Usage
		Usr 0 00:10:09, Sys 0 00:01:29  -  Total Remote Usage
		Usr 0 00:00:00, Sys 0 00:00:00  -  Total Local Usage
	22857  -  Run Bytes Sent By Job
	11475  -  Run Bytes Received By Job
	22857  -  Total Bytes Sent By Job
	11475  -  Total Bytes Received By Job
	Partitionable Resources :    Usage  Request Allocated 
	   Cpus                 :     0.06        1         1 
	   Disk (KB)            :   127           1   3002373 
	   Memory (MB)          :   245        2000      2000 

	Job terminated of its own accord at 2024-01-25T08:39:41Z.
...
006 (4945989.002.000) 01/25 09:44:10 Image size of job updated: 225680
	219  -  MemoryUsage of job (MB)
	223404  -  ResidentSetSize of job (KB)
...
040 (4945989.006.000) 01/25 09:45:10 Started transferring output files
...
040 (4945989.006.000) 01/25 09:45:10 Finished transferring output files
...
005 (4945989.006.000) 01/25 09:45:10 Job terminated.
	(1) Normal termination (return value 0)
		Usr 0 00:13:38, Sys 0 00:00:56  -  Run Remote Usage
		Usr 0 00:00:00, Sys 0 00:00:00  -  Run Local Usage
		Usr 0 00:13:38, Sys 0 00:00:56  -  Total Remote Usage
		Usr 0 00:00:00, Sys 0 00:00:00  -  Total Local Usage
	22977  -  Run Bytes Sent By Job
	11475  -  Run Bytes Received By Job
	22977  -  Total Bytes Sent By Job
	11475  -  Total Bytes Received By Job
	Partitionable Resources :    Usage  Request Allocated 
	   Cpus                 :     0.07        1         1 
	   Disk (KB)            :   128           1   2943634 
	   Memory (MB)          :   522        2000      2000 

	Job terminated of its own accord at 2024-01-25T08:45:10Z.
...
006 (4945989.003.000) 01/25 09:49:10 Image size of job updated: 229808
	223  -  MemoryUsage of job (MB)
	227628  -  ResidentSetSize of job (KB)
...
006 (4945989.003.000) 01/25 10:04:11 Image size of job updated: 230060
	223  -  MemoryUsage of job (MB)
	227628  -  ResidentSetSize of job (KB)
...
006 (4945989.003.000) 01/25 10:09:11 Image size of job updated: 230140
	223  -  MemoryUsage of job (MB)
	227892  -  ResidentSetSize of job (KB)
...
006 (4945989.004.000) 01/25 10:14:16 Image size of job updated: 250788
	243  -  MemoryUsage of job (MB)
	248336  -  ResidentSetSize of job (KB)
...
006 (4945989.003.000) 01/25 10:19:12 Image size of job updated: 249744
	242  -  MemoryUsage of job (MB)
	247488  -  ResidentSetSize of job (KB)
...
006 (4945989.003.000) 01/25 10:24:13 Image size of job updated: 249916
	242  -  MemoryUsage of job (MB)
	247488  -  ResidentSetSize of job (KB)
...
006 (4945989.002.000) 01/25 10:28:17 Image size of job updated: 336688
	244  -  MemoryUsage of job (MB)
	249548  -  ResidentSetSize of job (KB)
...
040 (4945989.002.000) 01/25 10:28:17 Started transferring output files
...
040 (4945989.002.000) 01/25 10:28:17 Finished transferring output files
...
005 (4945989.002.000) 01/25 10:28:17 Job terminated.
	(1) Normal termination (return value 0)
		Usr 0 00:13:45, Sys 0 00:01:58  -  Run Remote Usage
		Usr 0 00:00:00, Sys 0 00:00:00  -  Run Local Usage
		Usr 0 00:13:45, Sys 0 00:01:58  -  Total Remote Usage
		Usr 0 00:00:00, Sys 0 00:00:00  -  Total Local Usage
	24033  -  Run Bytes Sent By Job
	11475  -  Run Bytes Received By Job
	24033  -  Total Bytes Sent By Job
	11475  -  Total Bytes Received By Job
	Partitionable Resources :    Usage  Request Allocated 
	   Cpus                 :     0.15        1         1 
	   Disk (KB)            :   128           1   2992929 
	   Memory (MB)          :   244        2000      2000 

	Job terminated of its own accord at 2024-01-25T09:28:17Z.
...
006 (4945989.003.000) 01/25 10:34:14 Image size of job updated: 249988
	242  -  MemoryUsage of job (MB)
	247488  -  ResidentSetSize of job (KB)
...
006 (4945989.003.000) 01/25 10:39:15 Image size of job updated: 249988
	242  -  MemoryUsage of job (MB)
	247756  -  ResidentSetSize of job (KB)
...
006 (4945989.003.000) 01/25 10:40:03 Image size of job updated: 343028
	244  -  MemoryUsage of job (MB)
	249680  -  ResidentSetSize of job (KB)
...
040 (4945989.003.000) 01/25 10:40:03 Started transferring output files
...
040 (4945989.003.000) 01/25 10:40:03 Finished transferring output files
...
005 (4945989.003.000) 01/25 10:40:03 Job terminated.
	(1) Normal termination (return value 0)
		Usr 0 00:14:06, Sys 0 00:02:03  -  Run Remote Usage
		Usr 0 00:00:00, Sys 0 00:00:00  -  Run Local Usage
		Usr 0 00:14:06, Sys 0 00:02:03  -  Total Remote Usage
		Usr 0 00:00:00, Sys 0 00:00:00  -  Total Local Usage
	24297  -  Run Bytes Sent By Job
	11475  -  Run Bytes Received By Job
	24297  -  Total Bytes Sent By Job
	11475  -  Total Bytes Received By Job
	Partitionable Resources :    Usage  Request Allocated 
	   Cpus                 :     0.03        1         1 
	   Disk (KB)            :   129           1   2973553 
	   Memory (MB)          :   244        2000      2000 

	Job terminated of its own accord at 2024-01-25T09:40:03Z.
...
006 (4945989.004.000) 01/25 10:43:40 Image size of job updated: 343668
	245  -  MemoryUsage of job (MB)
	250068  -  ResidentSetSize of job (KB)
...
040 (4945989.004.000) 01/25 10:43:40 Started transferring output files
...
040 (4945989.004.000) 01/25 10:43:40 Finished transferring output files
...
005 (4945989.004.000) 01/25 10:43:40 Job terminated.
	(1) Normal termination (return value 0)
		Usr 0 00:14:38, Sys 0 00:01:57  -  Run Remote Usage
		Usr 0 00:00:00, Sys 0 00:00:00  -  Run Local Usage
		Usr 0 00:14:38, Sys 0 00:01:57  -  Total Remote Usage
		Usr 0 00:00:00, Sys 0 00:00:00  -  Total Local Usage
	24417  -  Run Bytes Sent By Job
	11475  -  Run Bytes Received By Job
	24417  -  Total Bytes Sent By Job
	11475  -  Total Bytes Received By Job
	Partitionable Resources :    Usage  Request Allocated 
	   Cpus                 :     0.06        1         1 
	   Disk (KB)            :   129           1   3008174 
	   Memory (MB)          :   245        2000      2000 

	Job terminated of its own accord at 2024-01-25T09:43:40Z.
...
