Error in <TNetXNGFile::Open>: [ERROR] Invalid redirect URL

 *** Break *** segmentation violation



===========================================================
There was a crash.
This is the entire stack trace of all threads:
===========================================================

Thread 6 (Thread 0x15342a7fb640 (LWP 344) "CLA.exe"):
#0  0x000015344349c39a in __futex_abstimed_wait_common () from /lib64/libc.so.6
#1  0x00001534434a7838 in __new_sem_wait_slow64.constprop.0 () from /lib64/libc.so.6
#2  0x000015342b1f03e6 in XrdCl::JobManager::RunJobs() () from /cvmfs/cms.cern.ch/el8_amd64_gcc10/cms/cmssw/CMSSW_12_6_5/external/el8_amd64_gcc10/lib/libXrdCl.so.3
#3  0x000015342b1f04a9 in RunRunnerThread () from /cvmfs/cms.cern.ch/el8_amd64_gcc10/cms/cmssw/CMSSW_12_6_5/external/el8_amd64_gcc10/lib/libXrdCl.so.3
#4  0x000015344349f802 in start_thread () from /lib64/libc.so.6
#5  0x000015344343f450 in clone3 () from /lib64/libc.so.6

Thread 5 (Thread 0x15342a9fc640 (LWP 343) "CLA.exe"):
#0  0x000015344349c39a in __futex_abstimed_wait_common () from /lib64/libc.so.6
#1  0x00001534434a7838 in __new_sem_wait_slow64.constprop.0 () from /lib64/libc.so.6
#2  0x000015342b1f03e6 in XrdCl::JobManager::RunJobs() () from /cvmfs/cms.cern.ch/el8_amd64_gcc10/cms/cmssw/CMSSW_12_6_5/external/el8_amd64_gcc10/lib/libXrdCl.so.3
#3  0x000015342b1f04a9 in RunRunnerThread () from /cvmfs/cms.cern.ch/el8_amd64_gcc10/cms/cmssw/CMSSW_12_6_5/external/el8_amd64_gcc10/lib/libXrdCl.so.3
#4  0x000015344349f802 in start_thread () from /lib64/libc.so.6
#5  0x000015344343f450 in clone3 () from /lib64/libc.so.6

Thread 4 (Thread 0x15342abfd640 (LWP 342) "CLA.exe"):
#0  0x000015344349c39a in __futex_abstimed_wait_common () from /lib64/libc.so.6
#1  0x00001534434a7838 in __new_sem_wait_slow64.constprop.0 () from /lib64/libc.so.6
#2  0x000015342b1f03e6 in XrdCl::JobManager::RunJobs() () from /cvmfs/cms.cern.ch/el8_amd64_gcc10/cms/cmssw/CMSSW_12_6_5/external/el8_amd64_gcc10/lib/libXrdCl.so.3
#3  0x000015342b1f04a9 in RunRunnerThread () from /cvmfs/cms.cern.ch/el8_amd64_gcc10/cms/cmssw/CMSSW_12_6_5/external/el8_amd64_gcc10/lib/libXrdCl.so.3
#4  0x000015344349f802 in start_thread () from /lib64/libc.so.6
#5  0x000015344343f450 in clone3 () from /lib64/libc.so.6

Thread 3 (Thread 0x15342adfe640 (LWP 341) "CLA.exe"):
#0  0x0000153443513975 in clock_nanosleep
GLIBC_2.2.5 () from /lib64/libc.so.6
#1  0x0000153443518527 in nanosleep () from /lib64/libc.so.6
#2  0x000015342b72d17f in XrdSysTimer::Wait(int) () from /cvmfs/cms.cern.ch/el8_amd64_gcc10/cms/cmssw/CMSSW_12_6_5/external/el8_amd64_gcc10/lib/libXrdUtils.so.3
#3  0x000015342b15e1e3 in XrdCl::TaskManager::RunTasks() () from /cvmfs/cms.cern.ch/el8_amd64_gcc10/cms/cmssw/CMSSW_12_6_5/external/el8_amd64_gcc10/lib/libXrdCl.so.3
#4  0x000015342b15e339 in RunRunnerThread () from /cvmfs/cms.cern.ch/el8_amd64_gcc10/cms/cmssw/CMSSW_12_6_5/external/el8_amd64_gcc10/lib/libXrdCl.so.3
#5  0x000015344349f802 in start_thread () from /lib64/libc.so.6
#6  0x000015344343f450 in clone3 () from /lib64/libc.so.6

Thread 2 (Thread 0x15342afff640 (LWP 340) "CLA.exe"):
#0  0x000015344354e84e in epoll_wait () from /lib64/libc.so.6
#1  0x000015342b727632 in XrdSys::IOEvents::PollE::Begin(XrdSysSemaphore*, int&, char const**) () from /cvmfs/cms.cern.ch/el8_amd64_gcc10/cms/cmssw/CMSSW_12_6_5/external/el8_amd64_gcc10/lib/libXrdUtils.so.3
#2  0x000015342b723dbd in XrdSys::IOEvents::BootStrap::Start(void*) () from /cvmfs/cms.cern.ch/el8_amd64_gcc10/cms/cmssw/CMSSW_12_6_5/external/el8_amd64_gcc10/lib/libXrdUtils.so.3
#3  0x000015342b72c888 in XrdSysThread_Xeq () from /cvmfs/cms.cern.ch/el8_amd64_gcc10/cms/cmssw/CMSSW_12_6_5/external/el8_amd64_gcc10/lib/libXrdUtils.so.3
#4  0x000015344349f802 in start_thread () from /lib64/libc.so.6
#5  0x000015344343f450 in clone3 () from /lib64/libc.so.6

Thread 1 (Thread 0x153443610f00 (LWP 317) "CLA.exe"):
#0  0x000015344351830f in wait4 () from /lib64/libc.so.6
#1  0x0000153443461953 in do_system () from /lib64/libc.so.6
#2  0x00001534452f5d1b in TUnixSystem::StackTrace() () from /cvmfs/cms.cern.ch/el8_amd64_gcc10/cms/cmssw/CMSSW_12_6_5/external/el8_amd64_gcc10/lib/libCore.so
#3  0x00001534452f32b5 in TUnixSystem::DispatchSignals(ESignals) () from /cvmfs/cms.cern.ch/el8_amd64_gcc10/cms/cmssw/CMSSW_12_6_5/external/el8_amd64_gcc10/lib/libCore.so
#4  <signal handler called>
#5  0x0000000000453275 in main (argc=<optimized out>, argv=0x7ffd1d27a090) at CLA.C:202
===========================================================


The lines below might hint at the cause of the crash.
You may get help by asking at the ROOT forum https://root.cern.ch/forum
Only if you are really convinced it is a bug in ROOT then please submit a
report at https://root.cern.ch/bugs Please post the ENTIRE stack trace
from above as an attachment in addition to anything else
that might help us fixing this issue.
===========================================================
#5  0x0000000000453275 in main (argc=<optimized out>, argv=0x7ffd1d27a090) at CLA.C:202
===========================================================


mv: cannot stat 'histoOut-ttHH_had_v2_6.root': No such file or directory
xrdcp: no such file or directory processing histoOut-QCD_HT200to300_37.root
mv: cannot stat 'ttHHcsv.csv': No such file or directory
xrdcp: no such file or directory processing QCD_HT200to300_table_37.csv
