Error in <TNetXNGFile::Open>: [ERROR] Invalid redirect URL

 *** Break *** segmentation violation



===========================================================
There was a crash.
This is the entire stack trace of all threads:
===========================================================

Thread 6 (Thread 0x145f0c3fb640 (LWP 344) "CLA.exe"):
#0  0x0000145f2509c39a in __futex_abstimed_wait_common () from /lib64/libc.so.6
#1  0x0000145f250a7838 in __new_sem_wait_slow64.constprop.0 () from /lib64/libc.so.6
#2  0x0000145f0cdf03e6 in XrdCl::JobManager::RunJobs() () from /cvmfs/cms.cern.ch/el8_amd64_gcc10/cms/cmssw/CMSSW_12_6_5/external/el8_amd64_gcc10/lib/libXrdCl.so.3
#3  0x0000145f0cdf04a9 in RunRunnerThread () from /cvmfs/cms.cern.ch/el8_amd64_gcc10/cms/cmssw/CMSSW_12_6_5/external/el8_amd64_gcc10/lib/libXrdCl.so.3
#4  0x0000145f2509f802 in start_thread () from /lib64/libc.so.6
#5  0x0000145f2503f450 in clone3 () from /lib64/libc.so.6

Thread 5 (Thread 0x145f0c5fc640 (LWP 343) "CLA.exe"):
#0  0x0000145f2509c39a in __futex_abstimed_wait_common () from /lib64/libc.so.6
#1  0x0000145f250a7838 in __new_sem_wait_slow64.constprop.0 () from /lib64/libc.so.6
#2  0x0000145f0cdf03e6 in XrdCl::JobManager::RunJobs() () from /cvmfs/cms.cern.ch/el8_amd64_gcc10/cms/cmssw/CMSSW_12_6_5/external/el8_amd64_gcc10/lib/libXrdCl.so.3
#3  0x0000145f0cdf04a9 in RunRunnerThread () from /cvmfs/cms.cern.ch/el8_amd64_gcc10/cms/cmssw/CMSSW_12_6_5/external/el8_amd64_gcc10/lib/libXrdCl.so.3
#4  0x0000145f2509f802 in start_thread () from /lib64/libc.so.6
#5  0x0000145f2503f450 in clone3 () from /lib64/libc.so.6

Thread 4 (Thread 0x145f0c7fd640 (LWP 342) "CLA.exe"):
#0  0x0000145f2509c39a in __futex_abstimed_wait_common () from /lib64/libc.so.6
#1  0x0000145f250a7838 in __new_sem_wait_slow64.constprop.0 () from /lib64/libc.so.6
#2  0x0000145f0cdf03e6 in XrdCl::JobManager::RunJobs() () from /cvmfs/cms.cern.ch/el8_amd64_gcc10/cms/cmssw/CMSSW_12_6_5/external/el8_amd64_gcc10/lib/libXrdCl.so.3
#3  0x0000145f0cdf04a9 in RunRunnerThread () from /cvmfs/cms.cern.ch/el8_amd64_gcc10/cms/cmssw/CMSSW_12_6_5/external/el8_amd64_gcc10/lib/libXrdCl.so.3
#4  0x0000145f2509f802 in start_thread () from /lib64/libc.so.6
#5  0x0000145f2503f450 in clone3 () from /lib64/libc.so.6

Thread 3 (Thread 0x145f0c9fe640 (LWP 341) "CLA.exe"):
#0  0x0000145f25113975 in clock_nanosleep
GLIBC_2.2.5 () from /lib64/libc.so.6
#1  0x0000145f25118527 in nanosleep () from /lib64/libc.so.6
#2  0x0000145f0d32d17f in XrdSysTimer::Wait(int) () from /cvmfs/cms.cern.ch/el8_amd64_gcc10/cms/cmssw/CMSSW_12_6_5/external/el8_amd64_gcc10/lib/libXrdUtils.so.3
#3  0x0000145f0cd5e1e3 in XrdCl::TaskManager::RunTasks() () from /cvmfs/cms.cern.ch/el8_amd64_gcc10/cms/cmssw/CMSSW_12_6_5/external/el8_amd64_gcc10/lib/libXrdCl.so.3
#4  0x0000145f0cd5e339 in RunRunnerThread () from /cvmfs/cms.cern.ch/el8_amd64_gcc10/cms/cmssw/CMSSW_12_6_5/external/el8_amd64_gcc10/lib/libXrdCl.so.3
#5  0x0000145f2509f802 in start_thread () from /lib64/libc.so.6
#6  0x0000145f2503f450 in clone3 () from /lib64/libc.so.6

Thread 2 (Thread 0x145f0cbff640 (LWP 340) "CLA.exe"):
#0  0x0000145f2514e84e in epoll_wait () from /lib64/libc.so.6
#1  0x0000145f0d327632 in XrdSys::IOEvents::PollE::Begin(XrdSysSemaphore*, int&, char const**) () from /cvmfs/cms.cern.ch/el8_amd64_gcc10/cms/cmssw/CMSSW_12_6_5/external/el8_amd64_gcc10/lib/libXrdUtils.so.3
#2  0x0000145f0d323dbd in XrdSys::IOEvents::BootStrap::Start(void*) () from /cvmfs/cms.cern.ch/el8_amd64_gcc10/cms/cmssw/CMSSW_12_6_5/external/el8_amd64_gcc10/lib/libXrdUtils.so.3
#3  0x0000145f0d32c888 in XrdSysThread_Xeq () from /cvmfs/cms.cern.ch/el8_amd64_gcc10/cms/cmssw/CMSSW_12_6_5/external/el8_amd64_gcc10/lib/libXrdUtils.so.3
#4  0x0000145f2509f802 in start_thread () from /lib64/libc.so.6
#5  0x0000145f2503f450 in clone3 () from /lib64/libc.so.6

Thread 1 (Thread 0x145f24f2df00 (LWP 317) "CLA.exe"):
#0  0x0000145f2511830f in wait4 () from /lib64/libc.so.6
#1  0x0000145f25061953 in do_system () from /lib64/libc.so.6
#2  0x0000145f26ef5d1b in TUnixSystem::StackTrace() () from /cvmfs/cms.cern.ch/el8_amd64_gcc10/cms/cmssw/CMSSW_12_6_5/external/el8_amd64_gcc10/lib/libCore.so
#3  0x0000145f26ef32b5 in TUnixSystem::DispatchSignals(ESignals) () from /cvmfs/cms.cern.ch/el8_amd64_gcc10/cms/cmssw/CMSSW_12_6_5/external/el8_amd64_gcc10/lib/libCore.so
#4  <signal handler called>
#5  0x0000000000453275 in main (argc=<optimized out>, argv=0x7ffc65b34350) at CLA.C:202
===========================================================


The lines below might hint at the cause of the crash.
You may get help by asking at the ROOT forum https://root.cern.ch/forum
Only if you are really convinced it is a bug in ROOT then please submit a
report at https://root.cern.ch/bugs Please post the ENTIRE stack trace
from above as an attachment in addition to anything else
that might help us fixing this issue.
===========================================================
#5  0x0000000000453275 in main (argc=<optimized out>, argv=0x7ffc65b34350) at CLA.C:202
===========================================================


mv: cannot stat 'histoOut-ttHH_had_v2_6.root': No such file or directory
xrdcp: no such file or directory processing histoOut-QCD_HT500to700_53.root
mv: cannot stat 'ttHHcsv.csv': No such file or directory
xrdcp: no such file or directory processing QCD_HT500to700_table_53.csv
