Error in <TNetXNGFile::Open>: [ERROR] Invalid redirect URL

 *** Break *** segmentation violation



===========================================================
There was a crash.
This is the entire stack trace of all threads:
===========================================================

Thread 6 (Thread 0x14a5e03fb640 (LWP 344) "CLA.exe"):
#0  0x000014a5f909c39a in __futex_abstimed_wait_common () from /lib64/libc.so.6
#1  0x000014a5f90a7838 in __new_sem_wait_slow64.constprop.0 () from /lib64/libc.so.6
#2  0x000014a5e0df03e6 in XrdCl::JobManager::RunJobs() () from /cvmfs/cms.cern.ch/el8_amd64_gcc10/cms/cmssw/CMSSW_12_6_5/external/el8_amd64_gcc10/lib/libXrdCl.so.3
#3  0x000014a5e0df04a9 in RunRunnerThread () from /cvmfs/cms.cern.ch/el8_amd64_gcc10/cms/cmssw/CMSSW_12_6_5/external/el8_amd64_gcc10/lib/libXrdCl.so.3
#4  0x000014a5f909f802 in start_thread () from /lib64/libc.so.6
#5  0x000014a5f903f450 in clone3 () from /lib64/libc.so.6

Thread 5 (Thread 0x14a5e05fc640 (LWP 343) "CLA.exe"):
#0  0x000014a5f909c39a in __futex_abstimed_wait_common () from /lib64/libc.so.6
#1  0x000014a5f90a7838 in __new_sem_wait_slow64.constprop.0 () from /lib64/libc.so.6
#2  0x000014a5e0df03e6 in XrdCl::JobManager::RunJobs() () from /cvmfs/cms.cern.ch/el8_amd64_gcc10/cms/cmssw/CMSSW_12_6_5/external/el8_amd64_gcc10/lib/libXrdCl.so.3
#3  0x000014a5e0df04a9 in RunRunnerThread () from /cvmfs/cms.cern.ch/el8_amd64_gcc10/cms/cmssw/CMSSW_12_6_5/external/el8_amd64_gcc10/lib/libXrdCl.so.3
#4  0x000014a5f909f802 in start_thread () from /lib64/libc.so.6
#5  0x000014a5f903f450 in clone3 () from /lib64/libc.so.6

Thread 4 (Thread 0x14a5e07fd640 (LWP 342) "CLA.exe"):
#0  0x000014a5f909c39a in __futex_abstimed_wait_common () from /lib64/libc.so.6
#1  0x000014a5f90a7838 in __new_sem_wait_slow64.constprop.0 () from /lib64/libc.so.6
#2  0x000014a5e0df03e6 in XrdCl::JobManager::RunJobs() () from /cvmfs/cms.cern.ch/el8_amd64_gcc10/cms/cmssw/CMSSW_12_6_5/external/el8_amd64_gcc10/lib/libXrdCl.so.3
#3  0x000014a5e0df04a9 in RunRunnerThread () from /cvmfs/cms.cern.ch/el8_amd64_gcc10/cms/cmssw/CMSSW_12_6_5/external/el8_amd64_gcc10/lib/libXrdCl.so.3
#4  0x000014a5f909f802 in start_thread () from /lib64/libc.so.6
#5  0x000014a5f903f450 in clone3 () from /lib64/libc.so.6

Thread 3 (Thread 0x14a5e09fe640 (LWP 341) "CLA.exe"):
#0  0x000014a5f9113975 in clock_nanosleep
GLIBC_2.2.5 () from /lib64/libc.so.6
#1  0x000014a5f9118527 in nanosleep () from /lib64/libc.so.6
#2  0x000014a5e132d17f in XrdSysTimer::Wait(int) () from /cvmfs/cms.cern.ch/el8_amd64_gcc10/cms/cmssw/CMSSW_12_6_5/external/el8_amd64_gcc10/lib/libXrdUtils.so.3
#3  0x000014a5e0d5e1e3 in XrdCl::TaskManager::RunTasks() () from /cvmfs/cms.cern.ch/el8_amd64_gcc10/cms/cmssw/CMSSW_12_6_5/external/el8_amd64_gcc10/lib/libXrdCl.so.3
#4  0x000014a5e0d5e339 in RunRunnerThread () from /cvmfs/cms.cern.ch/el8_amd64_gcc10/cms/cmssw/CMSSW_12_6_5/external/el8_amd64_gcc10/lib/libXrdCl.so.3
#5  0x000014a5f909f802 in start_thread () from /lib64/libc.so.6
#6  0x000014a5f903f450 in clone3 () from /lib64/libc.so.6

Thread 2 (Thread 0x14a5e0bff640 (LWP 340) "CLA.exe"):
#0  0x000014a5f914e84e in epoll_wait () from /lib64/libc.so.6
#1  0x000014a5e1327632 in XrdSys::IOEvents::PollE::Begin(XrdSysSemaphore*, int&, char const**) () from /cvmfs/cms.cern.ch/el8_amd64_gcc10/cms/cmssw/CMSSW_12_6_5/external/el8_amd64_gcc10/lib/libXrdUtils.so.3
#2  0x000014a5e1323dbd in XrdSys::IOEvents::BootStrap::Start(void*) () from /cvmfs/cms.cern.ch/el8_amd64_gcc10/cms/cmssw/CMSSW_12_6_5/external/el8_amd64_gcc10/lib/libXrdUtils.so.3
#3  0x000014a5e132c888 in XrdSysThread_Xeq () from /cvmfs/cms.cern.ch/el8_amd64_gcc10/cms/cmssw/CMSSW_12_6_5/external/el8_amd64_gcc10/lib/libXrdUtils.so.3
#4  0x000014a5f909f802 in start_thread () from /lib64/libc.so.6
#5  0x000014a5f903f450 in clone3 () from /lib64/libc.so.6

Thread 1 (Thread 0x14a5f9217f00 (LWP 317) "CLA.exe"):
#0  0x000014a5f911830f in wait4 () from /lib64/libc.so.6
#1  0x000014a5f9061953 in do_system () from /lib64/libc.so.6
#2  0x000014a5fb0f5d1b in TUnixSystem::StackTrace() () from /cvmfs/cms.cern.ch/el8_amd64_gcc10/cms/cmssw/CMSSW_12_6_5/external/el8_amd64_gcc10/lib/libCore.so
#3  0x000014a5fb0f32b5 in TUnixSystem::DispatchSignals(ESignals) () from /cvmfs/cms.cern.ch/el8_amd64_gcc10/cms/cmssw/CMSSW_12_6_5/external/el8_amd64_gcc10/lib/libCore.so
#4  <signal handler called>
#5  0x0000000000453275 in main (argc=<optimized out>, argv=0x7ffd3f5654a0) at CLA.C:202
===========================================================


The lines below might hint at the cause of the crash.
You may get help by asking at the ROOT forum https://root.cern.ch/forum
Only if you are really convinced it is a bug in ROOT then please submit a
report at https://root.cern.ch/bugs Please post the ENTIRE stack trace
from above as an attachment in addition to anything else
that might help us fixing this issue.
===========================================================
#5  0x0000000000453275 in main (argc=<optimized out>, argv=0x7ffd3f5654a0) at CLA.C:202
===========================================================


mv: cannot stat 'histoOut-ttHH_had_v2_6.root': No such file or directory
xrdcp: no such file or directory processing histoOut-QCD_HT200to300_0.root
mv: cannot stat 'ttHHcsv.csv': No such file or directory
xrdcp: no such file or directory processing QCD_HT200to300_table_0.csv
