Error in <TFile::TFile>: file /eos/cms/store/user/gsokmen/tt4b/5B347590-B572-1545-B1F0-0BCE01A13407.root does not exist

 *** Break *** segmentation violation



===========================================================
There was a crash.
This is the entire stack trace of all threads:
===========================================================
#0  0x000014b4a3d182ca in wait4 () from /lib64/libc.so.6
#1  0x000014b4a3c61953 in do_system () from /lib64/libc.so.6
#2  0x000014b4a5af5d1b in TUnixSystem::StackTrace() () from /cvmfs/cms.cern.ch/el8_amd64_gcc10/cms/cmssw/CMSSW_12_6_5/external/el8_amd64_gcc10/lib/libCore.so
#3  0x000014b4a5af32b5 in TUnixSystem::DispatchSignals(ESignals) () from /cvmfs/cms.cern.ch/el8_amd64_gcc10/cms/cmssw/CMSSW_12_6_5/external/el8_amd64_gcc10/lib/libCore.so
#4  <signal handler called>
#5  0x0000000000453275 in main (argc=<optimized out>, argv=0x7fff64a0b2c0) at CLA.C:202
===========================================================


The lines below might hint at the cause of the crash.
You may get help by asking at the ROOT forum https://root.cern.ch/forum
Only if you are really convinced it is a bug in ROOT then please submit a
report at https://root.cern.ch/bugs Please post the ENTIRE stack trace
from above as an attachment in addition to anything else
that might help us fixing this issue.
===========================================================
#5  0x0000000000453275 in main (argc=<optimized out>, argv=0x7fff64a0b2c0) at CLA.C:202
===========================================================


mv: cannot stat 'histoOut-ttHH_had_v2_6.root': No such file or directory
xrdcp: no such file or directory processing histoOut-tt4b_5.root
mv: cannot stat 'ttHHcsv.csv': No such file or directory
xrdcp: no such file or directory processing tt4b_table_5.csv
