[31mroot://xrootd-cms.infn.it//store/mc/RunIISummer20UL17NanoAODv9/QCD_HT1000to1500_TuneCP5_PSWeights_13TeV-madgraph-pythia8/NANOAODSIM/106X_mc2017_realistic_v9-v1/80000/511C73D3-2B6A-4543-842B-2808B7820DC8.root does not exist.
(B[mAnalysis with Multiple Regions
A region, ID:  0 named:            [presel] 	 is defined in lines from 1 to 8
A region, ID:  1 named:[baselineForHTHisto] 	 is defined in lines from 8 to 14
   this region depends on: presel
A region, ID:  2 named: [baselineForWHisto] 	 is defined in lines from 14 to 18
   this region depends on: presel
A region, ID:  3 named:          [baseline] 	 is defined in lines from 18 to 22
   this region depends on: presel
A region, ID:  4 named:    [baselineHistos] 	 is defined in lines from 22 to 42
   this region depends on: baseline
A region, ID:  5 named:       [channelChi2] 	 is defined in lines from 42 to 66
   this region depends on: baseline
/afs/cern.ch/user/j/junghyun/ttHH_analysis/test/CMSSW_12_6_5/src/CutLang/CLA/CLA.exe root://xrootd-cms.infn.it//store/mc/RunIISummer20UL17NanoAODv9/QCD_HT1000to1500_TuneCP5_PSWeights_13TeV-madgraph-pythia8/NANOAODSIM/106X_mc2017_realistic_v9-v1/80000/511C73D3-2B6A-4543-842B-2808B7820DC8.root -inp CMSNANO -BP 6 -EVT 0 -V 5000 -ST 0 -S 0 w
CLA v2.50.0	compiled on Tue Jan 23 20:13:46 CET 2024	 
Analysis run count is 6
~Now using CMS NanoAOD files.~~~~~~ beta!
Processing tree: Events	 Addr:0x5603050
Processing tree: LuminosityBlocks	 Addr:0x4b33b80
Processing tree: Runs	 Addr:0x4b58fd0
Processing tree: MetaData	 Addr:0x42df7f0
Processing tree: ParameterSets	 Addr:0x49efb90
open root://xrootd-cms.infn.it//store/mc/RunIISummer20UL17NanoAODv9/QCD_HT1000to1500_TuneCP5_PSWeights_13TeV-madgraph-pythia8/NANOAODSIM/106X_mc2017_realistic_v9-v1/80000/511C73D3-2B6A-4543-842B-2808B7820DC8.root
RetVal:1
initialized with the chain...372392
 #systematic included:0
	 REGION/ALGO:presel
This is a run with name: nominal algo:presel.
==Parsing started:
           jetID is an NTUPLE variable for CMSNANO
   btagDeepFlavB is an NTUPLE variable for CMSNANO
   btagDeepFlavB is an NTUPLE variable for CMSNANO
 mvaFall17V2Iso_WP90 is an NTUPLE variable for CMSNANO
  pfRelIso03_all is an NTUPLE variable for CMSNANO
         tightId is an NTUPLE variable for CMSNANO
  pfRelIso04_all is an NTUPLE variable for CMSNANO
  Parsing finished.==
We have 5 CutLang Cuts, 6 CutLang objects and 0 Bins
TRGe:1  TRGm:0
 => 0 BP_1
	 REGION/ALGO:baselineForHTHisto
This is a run with name: nominal algo:baselineForHTHisto.
==Parsing started:
           jetID is an NTUPLE variable for CMSNANO
   btagDeepFlavB is an NTUPLE variable for CMSNANO
   btagDeepFlavB is an NTUPLE variable for CMSNANO
 mvaFall17V2Iso_WP90 is an NTUPLE variable for CMSNANO
  pfRelIso03_all is an NTUPLE variable for CMSNANO
         tightId is an NTUPLE variable for CMSNANO
  pfRelIso04_all is an NTUPLE variable for CMSNANO
  Parsing finished.==
We have 8 CutLang Cuts, 6 CutLang objects and 0 Bins
TRGe:1  TRGm:0
 => 1 BP_2
	 REGION/ALGO:baselineForWHisto
This is a run with name: nominal algo:baselineForWHisto.
==Parsing started:
           jetID is an NTUPLE variable for CMSNANO
   btagDeepFlavB is an NTUPLE variable for CMSNANO
   btagDeepFlavB is an NTUPLE variable for CMSNANO
 mvaFall17V2Iso_WP90 is an NTUPLE variable for CMSNANO
  pfRelIso03_all is an NTUPLE variable for CMSNANO
         tightId is an NTUPLE variable for CMSNANO
  pfRelIso04_all is an NTUPLE variable for CMSNANO
  Parsing finished.==
We have 6 CutLang Cuts, 6 CutLang objects and 0 Bins
TRGe:1  TRGm:0
 => 2 BP_3
	 REGION/ALGO:baseline
This is a run with name: nominal algo:baseline.
==Parsing started:
           jetID is an NTUPLE variable for CMSNANO
   btagDeepFlavB is an NTUPLE variable for CMSNANO
   btagDeepFlavB is an NTUPLE variable for CMSNANO
 mvaFall17V2Iso_WP90 is an NTUPLE variable for CMSNANO
  pfRelIso03_all is an NTUPLE variable for CMSNANO
         tightId is an NTUPLE variable for CMSNANO
  pfRelIso04_all is an NTUPLE variable for CMSNANO
  Parsing finished.==
We have 6 CutLang Cuts, 6 CutLang objects and 0 Bins
TRGe:1  TRGm:0
 => 3 BP_4
	 REGION/ALGO:baselineHistos
This is a run with name: nominal algo:baselineHistos.
==Parsing started:
           jetID is an NTUPLE variable for CMSNANO
   btagDeepFlavB is an NTUPLE variable for CMSNANO
   btagDeepFlavB is an NTUPLE variable for CMSNANO
 mvaFall17V2Iso_WP90 is an NTUPLE variable for CMSNANO
  pfRelIso03_all is an NTUPLE variable for CMSNANO
         tightId is an NTUPLE variable for CMSNANO
  pfRelIso04_all is an NTUPLE variable for CMSNANO
  Parsing finished.==
We have 23 CutLang Cuts, 6 CutLang objects and 0 Bins
TRGe:1  TRGm:0
 => 4 BP_5
	 REGION/ALGO:channelChi2
This is a run with name: nominal algo:channelChi2.
==Parsing started:
           jetID is an NTUPLE variable for CMSNANO
   btagDeepFlavB is an NTUPLE variable for CMSNANO
   btagDeepFlavB is an NTUPLE variable for CMSNANO
 mvaFall17V2Iso_WP90 is an NTUPLE variable for CMSNANO
  pfRelIso03_all is an NTUPLE variable for CMSNANO
         tightId is an NTUPLE variable for CMSNANO
  pfRelIso04_all is an NTUPLE variable for CMSNANO
  Parsing finished.==
We have 28 CutLang Cuts, 6 CutLang objects and 0 Bins
TRGe:1  TRGm:0
 => 5 BP_6
End of analysis initialization
number of entries 372392
starting entry 0
Processing event 0
Processing event 5000
Processing event 10000
Processing event 15000
Processing event 20000
Processing event 25000
Processing event 30000
Processing event 35000
Processing event 40000
Processing event 45000
Processing event 50000
Processing event 55000
Processing event 60000
Processing event 65000
Processing event 70000
Processing event 75000
Processing event 80000
Processing event 85000
Processing event 90000
Processing event 95000
Processing event 100000
Processing event 105000
Processing event 110000
Processing event 115000
Processing event 120000
Processing event 125000
Processing event 130000
Processing event 135000
Processing event 140000
Processing event 145000
Processing event 150000
Processing event 155000
Processing event 160000
Processing event 165000
Processing event 170000
Processing event 175000
Processing event 180000
Processing event 185000
Processing event 190000
Processing event 195000
Processing event 200000
Processing event 205000
Processing event 210000
Processing event 215000
Processing event 220000
Processing event 225000
Processing event 230000
Processing event 235000
Processing event 240000
Processing event 245000
Processing event 250000
Processing event 255000
Processing event 260000
Processing event 265000
Processing event 270000
Processing event 275000
Processing event 280000
Processing event 285000
Processing event 290000
Processing event 295000
Processing event 300000
Processing event 305000
Processing event 310000
Processing event 315000
Processing event 320000
Processing event 325000
Processing event 330000
Processing event 335000
Processing event 340000
Processing event 345000
Processing event 350000
Processing event 355000
Processing event 360000
Processing event 365000
Processing event 370000
Efficiencies for analysis : BP_1
						presel	Based on 372392 events:
                                                               ALL :      1 +-         0 evt:   372392
                                                   size(jets) >= 6 : 0.1483 +-  0.000582 evt:    55212
                                                  size(bjets) >= 2 : 0.07993 +-   0.00115 evt:     4413
                                                  pT(jets[5]) > 40 : 0.6186 +-   0.00731 evt:     2730
                                                size(leptons) == 0 : 0.9971 +-   0.00103 evt:     2722
					 --> Overall efficiency	 =  0.731 % +-  0.014 %
Bins for analysis : BP_1
saving...	saved.
BP_1 finalized.
Efficiencies for analysis : BP_2
						baselineForHTHisto	Based on 372392 events:
                                                               ALL :      1 +-         0 evt:   372392
                                                   size(jets) >= 6 : 0.1483 +-  0.000582 evt:    55212
                                                  size(bjets) >= 2 : 0.07993 +-   0.00115 evt:     4413
                                                  pT(jets[5]) > 40 : 0.6186 +-   0.00731 evt:     2730
                                                size(leptons) == 0 : 0.9971 +-   0.00103 evt:     2722
                                           [Histo] jetHTbeforeHTCu :      1 +-         0 evt:     2722
                                                          HT > 500 :      1 +-         0 evt:     2722
                                            [Histo] jetHTafterHTCu :      1 +-         0 evt:     2722
					 --> Overall efficiency	 =  0.731 % +-  0.014 %
Bins for analysis : BP_2
saving...	saved.
BP_2 finalized.
Efficiencies for analysis : BP_3
						baselineForWHisto	Based on 372392 events:
                                                               ALL :      1 +-         0 evt:   372392
                                                   size(jets) >= 6 : 0.1483 +-  0.000582 evt:    55212
                                                  size(bjets) >= 2 : 0.07993 +-   0.00115 evt:     4413
                                                  pT(jets[5]) > 40 : 0.6186 +-   0.00731 evt:     2730
                                                size(leptons) == 0 : 0.9971 +-   0.00103 evt:     2722
                                                          HT > 500 :      1 +-         0 evt:     2722
					 --> Overall efficiency	 =  0.731 % +-  0.014 %
Bins for analysis : BP_3
saving...	saved.
BP_3 finalized.
Efficiencies for analysis : BP_4
						baseline	Based on 372392 events:
                                                               ALL :      1 +-         0 evt:   372392
                                                   size(jets) >= 6 : 0.1483 +-  0.000582 evt:    55212
                                                  size(bjets) >= 2 : 0.07993 +-   0.00115 evt:     4413
                                                  pT(jets[5]) > 40 : 0.6186 +-   0.00731 evt:     2730
                                                size(leptons) == 0 : 0.9971 +-   0.00103 evt:     2722
                                                          HT > 500 :      1 +-         0 evt:     2722
					 --> Overall efficiency	 =  0.731 % +-  0.014 %
Bins for analysis : BP_4
saving...	saved.
BP_4 finalized.
Efficiencies for analysis : BP_5
						baselineHistos	Based on 372392 events:
                                                               ALL :      1 +-         0 evt:   372392
                                                   size(jets) >= 6 : 0.1483 +-  0.000582 evt:    55212
                                                  size(bjets) >= 2 : 0.07993 +-   0.00115 evt:     4413
                                                  pT(jets[5]) > 40 : 0.6186 +-   0.00731 evt:     2730
                                                size(leptons) == 0 : 0.9971 +-   0.00103 evt:     2722
                                                          HT > 500 :      1 +-         0 evt:     2722
                                               [Histo] histo_njets :      1 +-         0 evt:     2722
                                              [Histo] histo_nbjets :      1 +-         0 evt:     2722
                                              [Histo] histo_nljets :      1 +-         0 evt:     2722
                                                  [Histo] hjet01pt :      1 +-         0 evt:     2722
                                                  [Histo] hjet02pt :      1 +-         0 evt:     2722
                                                  [Histo] hjet03pt :      1 +-         0 evt:     2722
                                                  [Histo] hjet04pt :      1 +-         0 evt:     2722
                                                  [Histo] hjet05pt :      1 +-         0 evt:     2722
                                                  [Histo] hjet06pt :      1 +-         0 evt:     2722
                                                  [Histo] hjet01et :      1 +-         0 evt:     2722
                                                  [Histo] hjet02et :      1 +-         0 evt:     2722
                                                  [Histo] hjet03et :      1 +-         0 evt:     2722
                                                  [Histo] hjet04et :      1 +-         0 evt:     2722
                                                  [Histo] hjet05et :      1 +-         0 evt:     2722
                                                  [Histo] hjet06et :      1 +-         0 evt:     2722
                                                      [Histo] jetH :      1 +-         0 evt:     2722
                                                     [Histo] jetBH :      1 +-         0 evt:     2722
					 --> Overall efficiency	 =  0.731 % +-  0.014 %
Bins for analysis : BP_5
saving...	saved.
BP_5 finalized.
Efficiencies for analysis : BP_6
						channelChi2	Based on 372392 events:
                                                               ALL :      1 +-         0 evt:   372392
                                                   size(jets) >= 6 : 0.1483 +-  0.000582 evt:    55212
                                                  size(bjets) >= 2 : 0.07993 +-   0.00115 evt:     4413
                                                  pT(jets[5]) > 40 : 0.6186 +-   0.00731 evt:     2730
                                                size(leptons) == 0 : 0.9971 +-   0.00103 evt:     2722
                                                          HT > 500 :      1 +-         0 evt:     2722
                                                  size(bjets) >= 4 : 0.02314 +-   0.00288 evt:       63
                                                       chi2HH ~= 0 :      1 +-         0 evt:       63
                                               [Histo] histo_njets :      1 +-         0 evt:       63
                                              [Histo] histo_nbjets :      1 +-         0 evt:       63
                                              [Histo] histo_nljets :      1 +-         0 evt:       63
                                                  [Histo] hjet01pt :      1 +-         0 evt:       63
                                                  [Histo] hjet02pt :      1 +-         0 evt:       63
                                                  [Histo] hjet03pt :      1 +-         0 evt:       63
                                                  [Histo] hjet04pt :      1 +-         0 evt:       63
                                                  [Histo] hjet05pt :      1 +-         0 evt:       63
                                                  [Histo] hjet06pt :      1 +-         0 evt:       63
                                                  [Histo] hjet01et :      1 +-         0 evt:       63
                                                  [Histo] hjet02et :      1 +-         0 evt:       63
                                                  [Histo] hjet03et :      1 +-         0 evt:       63
                                                  [Histo] hjet04et :      1 +-         0 evt:       63
                                                  [Histo] hjet05et :      1 +-         0 evt:       63
                                                  [Histo] hjet06et :      1 +-         0 evt:       63
                                                      [Histo] jetH :      1 +-         0 evt:       63
                                                     [Histo] jetBH :      1 +-         0 evt:       63
                                                    [Histo] hchi2H :      1 +-         0 evt:       63
                                                    [Histo] hmH1cn :      1 +-         0 evt:       63
                                                    [Histo] hmH2cn :      1 +-         0 evt:       63
					 --> Overall efficiency	 = 0.0169 % +- 0.00213 %
Bins for analysis : BP_6
saving...	saved.
BP_6 finalized.
finished.
input file Closed.
end CLA single. Output file:  histoOut-ttHH_had_v2_4.root
