[31mroot://xrootd-cms.infn.it//store/mc/RunIISummer20UL17NanoAODv9/QCD_HT2000toInf_TuneCP5_PSWeights_13TeV-madgraph-pythia8/NANOAODSIM/106X_mc2017_realistic_v9-v1/30000/8C564393-140D-9E4C-ACA4-26F09D712EEC.root does not exist.
(B[mAnalysis with Multiple Regions
A region, ID:  0 named:            [presel] 	 is defined in lines from 1 to 8
A region, ID:  1 named:[baselineForHTHisto] 	 is defined in lines from 8 to 14
   this region depends on: presel
A region, ID:  2 named: [baselineForWHisto] 	 is defined in lines from 14 to 18
   this region depends on: presel
A region, ID:  3 named:          [baseline] 	 is defined in lines from 18 to 22
   this region depends on: presel
A region, ID:  4 named:    [baselineHistos] 	 is defined in lines from 22 to 42
   this region depends on: baseline
A region, ID:  5 named:       [channelChi2] 	 is defined in lines from 42 to 66
   this region depends on: baseline
/afs/cern.ch/user/j/junghyun/ttHH_analysis/test/CMSSW_12_6_5/src/CutLang/CLA/CLA.exe root://xrootd-cms.infn.it//store/mc/RunIISummer20UL17NanoAODv9/QCD_HT2000toInf_TuneCP5_PSWeights_13TeV-madgraph-pythia8/NANOAODSIM/106X_mc2017_realistic_v9-v1/30000/8C564393-140D-9E4C-ACA4-26F09D712EEC.root -inp CMSNANO -BP 6 -EVT 0 -V 5000 -ST 0 -S 0 w
CLA v2.50.0	compiled on Tue Jan 23 20:13:46 CET 2024	 
Analysis run count is 6
~Now using CMS NanoAOD files.~~~~~~ beta!
Processing tree: Events	 Addr:0x5235270
Processing tree: LuminosityBlocks	 Addr:0x523f620
Processing tree: Runs	 Addr:0x520c460
Processing tree: MetaData	 Addr:0x5203420
Processing tree: ParameterSets	 Addr:0x44cc030
open root://xrootd-cms.infn.it//store/mc/RunIISummer20UL17NanoAODv9/QCD_HT2000toInf_TuneCP5_PSWeights_13TeV-madgraph-pythia8/NANOAODSIM/106X_mc2017_realistic_v9-v1/30000/8C564393-140D-9E4C-ACA4-26F09D712EEC.root
RetVal:1
initialized with the chain...60850
 #systematic included:0
	 REGION/ALGO:presel
This is a run with name: nominal algo:presel.
==Parsing started:
           jetID is an NTUPLE variable for CMSNANO
   btagDeepFlavB is an NTUPLE variable for CMSNANO
   btagDeepFlavB is an NTUPLE variable for CMSNANO
 mvaFall17V2Iso_WP90 is an NTUPLE variable for CMSNANO
  pfRelIso03_all is an NTUPLE variable for CMSNANO
         tightId is an NTUPLE variable for CMSNANO
  pfRelIso04_all is an NTUPLE variable for CMSNANO
  Parsing finished.==
We have 5 CutLang Cuts, 6 CutLang objects and 0 Bins
TRGe:1  TRGm:0
 => 0 BP_1
	 REGION/ALGO:baselineForHTHisto
This is a run with name: nominal algo:baselineForHTHisto.
==Parsing started:
           jetID is an NTUPLE variable for CMSNANO
   btagDeepFlavB is an NTUPLE variable for CMSNANO
   btagDeepFlavB is an NTUPLE variable for CMSNANO
 mvaFall17V2Iso_WP90 is an NTUPLE variable for CMSNANO
  pfRelIso03_all is an NTUPLE variable for CMSNANO
         tightId is an NTUPLE variable for CMSNANO
  pfRelIso04_all is an NTUPLE variable for CMSNANO
  Parsing finished.==
We have 8 CutLang Cuts, 6 CutLang objects and 0 Bins
TRGe:1  TRGm:0
 => 1 BP_2
	 REGION/ALGO:baselineForWHisto
This is a run with name: nominal algo:baselineForWHisto.
==Parsing started:
           jetID is an NTUPLE variable for CMSNANO
   btagDeepFlavB is an NTUPLE variable for CMSNANO
   btagDeepFlavB is an NTUPLE variable for CMSNANO
 mvaFall17V2Iso_WP90 is an NTUPLE variable for CMSNANO
  pfRelIso03_all is an NTUPLE variable for CMSNANO
         tightId is an NTUPLE variable for CMSNANO
  pfRelIso04_all is an NTUPLE variable for CMSNANO
  Parsing finished.==
We have 6 CutLang Cuts, 6 CutLang objects and 0 Bins
TRGe:1  TRGm:0
 => 2 BP_3
	 REGION/ALGO:baseline
This is a run with name: nominal algo:baseline.
==Parsing started:
           jetID is an NTUPLE variable for CMSNANO
   btagDeepFlavB is an NTUPLE variable for CMSNANO
   btagDeepFlavB is an NTUPLE variable for CMSNANO
 mvaFall17V2Iso_WP90 is an NTUPLE variable for CMSNANO
  pfRelIso03_all is an NTUPLE variable for CMSNANO
         tightId is an NTUPLE variable for CMSNANO
  pfRelIso04_all is an NTUPLE variable for CMSNANO
  Parsing finished.==
We have 6 CutLang Cuts, 6 CutLang objects and 0 Bins
TRGe:1  TRGm:0
 => 3 BP_4
	 REGION/ALGO:baselineHistos
This is a run with name: nominal algo:baselineHistos.
==Parsing started:
           jetID is an NTUPLE variable for CMSNANO
   btagDeepFlavB is an NTUPLE variable for CMSNANO
   btagDeepFlavB is an NTUPLE variable for CMSNANO
 mvaFall17V2Iso_WP90 is an NTUPLE variable for CMSNANO
  pfRelIso03_all is an NTUPLE variable for CMSNANO
         tightId is an NTUPLE variable for CMSNANO
  pfRelIso04_all is an NTUPLE variable for CMSNANO
  Parsing finished.==
We have 23 CutLang Cuts, 6 CutLang objects and 0 Bins
TRGe:1  TRGm:0
 => 4 BP_5
	 REGION/ALGO:channelChi2
This is a run with name: nominal algo:channelChi2.
==Parsing started:
           jetID is an NTUPLE variable for CMSNANO
   btagDeepFlavB is an NTUPLE variable for CMSNANO
   btagDeepFlavB is an NTUPLE variable for CMSNANO
 mvaFall17V2Iso_WP90 is an NTUPLE variable for CMSNANO
  pfRelIso03_all is an NTUPLE variable for CMSNANO
         tightId is an NTUPLE variable for CMSNANO
  pfRelIso04_all is an NTUPLE variable for CMSNANO
  Parsing finished.==
We have 28 CutLang Cuts, 6 CutLang objects and 0 Bins
TRGe:1  TRGm:0
 => 5 BP_6
End of analysis initialization
number of entries 60850
starting entry 0
Processing event 0
Processing event 5000
Processing event 10000
Processing event 15000
Processing event 20000
Processing event 25000
Processing event 30000
Processing event 35000
Processing event 40000
Processing event 45000
Processing event 50000
Processing event 55000
Processing event 60000
Efficiencies for analysis : BP_1
						presel	Based on 60850 events:
                                                               ALL :      1 +-         0 evt:    60850
                                                   size(jets) >= 6 : 0.2126 +-   0.00166 evt:    12936
                                                  size(bjets) >= 2 :   0.11 +-   0.00275 evt:     1423
                                                  pT(jets[5]) > 40 : 0.7112 +-     0.012 evt:     1012
                                                size(leptons) == 0 :  0.997 +-   0.00171 evt:     1009
					 --> Overall efficiency	 =   1.66 % +- 0.0518 %
Bins for analysis : BP_1
saving...	saved.
BP_1 finalized.
Efficiencies for analysis : BP_2
						baselineForHTHisto	Based on 60850 events:
                                                               ALL :      1 +-         0 evt:    60850
                                                   size(jets) >= 6 : 0.2126 +-   0.00166 evt:    12936
                                                  size(bjets) >= 2 :   0.11 +-   0.00275 evt:     1423
                                                  pT(jets[5]) > 40 : 0.7112 +-     0.012 evt:     1012
                                                size(leptons) == 0 :  0.997 +-   0.00171 evt:     1009
                                           [Histo] jetHTbeforeHTCu :      1 +-         0 evt:     1009
                                                          HT > 500 :      1 +-         0 evt:     1009
                                            [Histo] jetHTafterHTCu :      1 +-         0 evt:     1009
					 --> Overall efficiency	 =   1.66 % +- 0.0518 %
Bins for analysis : BP_2
saving...	saved.
BP_2 finalized.
Efficiencies for analysis : BP_3
						baselineForWHisto	Based on 60850 events:
                                                               ALL :      1 +-         0 evt:    60850
                                                   size(jets) >= 6 : 0.2126 +-   0.00166 evt:    12936
                                                  size(bjets) >= 2 :   0.11 +-   0.00275 evt:     1423
                                                  pT(jets[5]) > 40 : 0.7112 +-     0.012 evt:     1012
                                                size(leptons) == 0 :  0.997 +-   0.00171 evt:     1009
                                                          HT > 500 :      1 +-         0 evt:     1009
					 --> Overall efficiency	 =   1.66 % +- 0.0518 %
Bins for analysis : BP_3
saving...	saved.
BP_3 finalized.
Efficiencies for analysis : BP_4
						baseline	Based on 60850 events:
                                                               ALL :      1 +-         0 evt:    60850
                                                   size(jets) >= 6 : 0.2126 +-   0.00166 evt:    12936
                                                  size(bjets) >= 2 :   0.11 +-   0.00275 evt:     1423
                                                  pT(jets[5]) > 40 : 0.7112 +-     0.012 evt:     1012
                                                size(leptons) == 0 :  0.997 +-   0.00171 evt:     1009
                                                          HT > 500 :      1 +-         0 evt:     1009
					 --> Overall efficiency	 =   1.66 % +- 0.0518 %
Bins for analysis : BP_4
saving...	saved.
BP_4 finalized.
Efficiencies for analysis : BP_5
						baselineHistos	Based on 60850 events:
                                                               ALL :      1 +-         0 evt:    60850
                                                   size(jets) >= 6 : 0.2126 +-   0.00166 evt:    12936
                                                  size(bjets) >= 2 :   0.11 +-   0.00275 evt:     1423
                                                  pT(jets[5]) > 40 : 0.7112 +-     0.012 evt:     1012
                                                size(leptons) == 0 :  0.997 +-   0.00171 evt:     1009
                                                          HT > 500 :      1 +-         0 evt:     1009
                                               [Histo] histo_njets :      1 +-         0 evt:     1009
                                              [Histo] histo_nbjets :      1 +-         0 evt:     1009
                                              [Histo] histo_nljets :      1 +-         0 evt:     1009
                                                  [Histo] hjet01pt :      1 +-         0 evt:     1009
                                                  [Histo] hjet02pt :      1 +-         0 evt:     1009
                                                  [Histo] hjet03pt :      1 +-         0 evt:     1009
                                                  [Histo] hjet04pt :      1 +-         0 evt:     1009
                                                  [Histo] hjet05pt :      1 +-         0 evt:     1009
                                                  [Histo] hjet06pt :      1 +-         0 evt:     1009
                                                  [Histo] hjet01et :      1 +-         0 evt:     1009
                                                  [Histo] hjet02et :      1 +-         0 evt:     1009
                                                  [Histo] hjet03et :      1 +-         0 evt:     1009
                                                  [Histo] hjet04et :      1 +-         0 evt:     1009
                                                  [Histo] hjet05et :      1 +-         0 evt:     1009
                                                  [Histo] hjet06et :      1 +-         0 evt:     1009
                                                      [Histo] jetH :      1 +-         0 evt:     1009
                                                     [Histo] jetBH :      1 +-         0 evt:     1009
					 --> Overall efficiency	 =   1.66 % +- 0.0518 %
Bins for analysis : BP_5
saving...	saved.
BP_5 finalized.
Efficiencies for analysis : BP_6
						channelChi2	Based on 60850 events:
                                                               ALL :      1 +-         0 evt:    60850
                                                   size(jets) >= 6 : 0.2126 +-   0.00166 evt:    12936
                                                  size(bjets) >= 2 :   0.11 +-   0.00275 evt:     1423
                                                  pT(jets[5]) > 40 : 0.7112 +-     0.012 evt:     1012
                                                size(leptons) == 0 :  0.997 +-   0.00171 evt:     1009
                                                          HT > 500 :      1 +-         0 evt:     1009
                                                  size(bjets) >= 4 : 0.02973 +-   0.00535 evt:       30
                                                       chi2HH ~= 0 :      1 +-         0 evt:       30
                                               [Histo] histo_njets :      1 +-         0 evt:       30
                                              [Histo] histo_nbjets :      1 +-         0 evt:       30
                                              [Histo] histo_nljets :      1 +-         0 evt:       30
                                                  [Histo] hjet01pt :      1 +-         0 evt:       30
                                                  [Histo] hjet02pt :      1 +-         0 evt:       30
                                                  [Histo] hjet03pt :      1 +-         0 evt:       30
                                                  [Histo] hjet04pt :      1 +-         0 evt:       30
                                                  [Histo] hjet05pt :      1 +-         0 evt:       30
                                                  [Histo] hjet06pt :      1 +-         0 evt:       30
                                                  [Histo] hjet01et :      1 +-         0 evt:       30
                                                  [Histo] hjet02et :      1 +-         0 evt:       30
                                                  [Histo] hjet03et :      1 +-         0 evt:       30
                                                  [Histo] hjet04et :      1 +-         0 evt:       30
                                                  [Histo] hjet05et :      1 +-         0 evt:       30
                                                  [Histo] hjet06et :      1 +-         0 evt:       30
                                                      [Histo] jetH :      1 +-         0 evt:       30
                                                     [Histo] jetBH :      1 +-         0 evt:       30
                                                    [Histo] hchi2H :      1 +-         0 evt:       30
                                                    [Histo] hmH1cn :      1 +-         0 evt:       30
                                                    [Histo] hmH2cn :      1 +-         0 evt:       30
					 --> Overall efficiency	 = 0.0493 % +-  0.009 %
Bins for analysis : BP_6
saving...	saved.
BP_6 finalized.
finished.
input file Closed.
end CLA single. Output file:  histoOut-ttHH_had_v2_4.root
