[31mroot://xrootd-cms.infn.it//store/mc/RunIISummer20UL17NanoAODv9/QCD_HT1000to1500_TuneCP5_PSWeights_13TeV-madgraph-pythia8/NANOAODSIM/106X_mc2017_realistic_v9-v1/30000/48ECC640-6C8F-1841-93F9-03B25B8AE63B.root does not exist.
(B[mAnalysis with Multiple Regions
A region, ID:  0 named:            [presel] 	 is defined in lines from 1 to 8
A region, ID:  1 named:[baselineForHTHisto] 	 is defined in lines from 8 to 14
   this region depends on: presel
A region, ID:  2 named: [baselineForWHisto] 	 is defined in lines from 14 to 18
   this region depends on: presel
A region, ID:  3 named:          [baseline] 	 is defined in lines from 18 to 22
   this region depends on: presel
A region, ID:  4 named:    [baselineHistos] 	 is defined in lines from 22 to 42
   this region depends on: baseline
A region, ID:  5 named:       [channelChi2] 	 is defined in lines from 42 to 66
   this region depends on: baseline
/afs/cern.ch/user/j/junghyun/ttHH_analysis/test/CMSSW_12_6_5/src/CutLang/CLA/CLA.exe root://xrootd-cms.infn.it//store/mc/RunIISummer20UL17NanoAODv9/QCD_HT1000to1500_TuneCP5_PSWeights_13TeV-madgraph-pythia8/NANOAODSIM/106X_mc2017_realistic_v9-v1/30000/48ECC640-6C8F-1841-93F9-03B25B8AE63B.root -inp CMSNANO -BP 6 -EVT 0 -V 5000 -ST 0 -S 0 w
CLA v2.50.0	compiled on Tue Jan 23 20:13:46 CET 2024	 
Analysis run count is 6
~Now using CMS NanoAOD files.~~~~~~ beta!
Processing tree: Events	 Addr:0x6d77bd0
Processing tree: LuminosityBlocks	 Addr:0x6d77d30
Processing tree: Runs	 Addr:0x6ce7d10
Processing tree: MetaData	 Addr:0x6cf4640
Processing tree: ParameterSets	 Addr:0x6cf7360
open root://xrootd-cms.infn.it//store/mc/RunIISummer20UL17NanoAODv9/QCD_HT1000to1500_TuneCP5_PSWeights_13TeV-madgraph-pythia8/NANOAODSIM/106X_mc2017_realistic_v9-v1/30000/48ECC640-6C8F-1841-93F9-03B25B8AE63B.root
RetVal:1
initialized with the chain...151529
 #systematic included:0
	 REGION/ALGO:presel
This is a run with name: nominal algo:presel.
==Parsing started:
           jetID is an NTUPLE variable for CMSNANO
   btagDeepFlavB is an NTUPLE variable for CMSNANO
   btagDeepFlavB is an NTUPLE variable for CMSNANO
 mvaFall17V2Iso_WP90 is an NTUPLE variable for CMSNANO
  pfRelIso03_all is an NTUPLE variable for CMSNANO
         tightId is an NTUPLE variable for CMSNANO
  pfRelIso04_all is an NTUPLE variable for CMSNANO
  Parsing finished.==
We have 5 CutLang Cuts, 6 CutLang objects and 0 Bins
TRGe:1  TRGm:0
 => 0 BP_1
	 REGION/ALGO:baselineForHTHisto
This is a run with name: nominal algo:baselineForHTHisto.
==Parsing started:
           jetID is an NTUPLE variable for CMSNANO
   btagDeepFlavB is an NTUPLE variable for CMSNANO
   btagDeepFlavB is an NTUPLE variable for CMSNANO
 mvaFall17V2Iso_WP90 is an NTUPLE variable for CMSNANO
  pfRelIso03_all is an NTUPLE variable for CMSNANO
         tightId is an NTUPLE variable for CMSNANO
  pfRelIso04_all is an NTUPLE variable for CMSNANO
  Parsing finished.==
We have 8 CutLang Cuts, 6 CutLang objects and 0 Bins
TRGe:1  TRGm:0
 => 1 BP_2
	 REGION/ALGO:baselineForWHisto
This is a run with name: nominal algo:baselineForWHisto.
==Parsing started:
           jetID is an NTUPLE variable for CMSNANO
   btagDeepFlavB is an NTUPLE variable for CMSNANO
   btagDeepFlavB is an NTUPLE variable for CMSNANO
 mvaFall17V2Iso_WP90 is an NTUPLE variable for CMSNANO
  pfRelIso03_all is an NTUPLE variable for CMSNANO
         tightId is an NTUPLE variable for CMSNANO
  pfRelIso04_all is an NTUPLE variable for CMSNANO
  Parsing finished.==
We have 6 CutLang Cuts, 6 CutLang objects and 0 Bins
TRGe:1  TRGm:0
 => 2 BP_3
	 REGION/ALGO:baseline
This is a run with name: nominal algo:baseline.
==Parsing started:
           jetID is an NTUPLE variable for CMSNANO
   btagDeepFlavB is an NTUPLE variable for CMSNANO
   btagDeepFlavB is an NTUPLE variable for CMSNANO
 mvaFall17V2Iso_WP90 is an NTUPLE variable for CMSNANO
  pfRelIso03_all is an NTUPLE variable for CMSNANO
         tightId is an NTUPLE variable for CMSNANO
  pfRelIso04_all is an NTUPLE variable for CMSNANO
  Parsing finished.==
We have 6 CutLang Cuts, 6 CutLang objects and 0 Bins
TRGe:1  TRGm:0
 => 3 BP_4
	 REGION/ALGO:baselineHistos
This is a run with name: nominal algo:baselineHistos.
==Parsing started:
           jetID is an NTUPLE variable for CMSNANO
   btagDeepFlavB is an NTUPLE variable for CMSNANO
   btagDeepFlavB is an NTUPLE variable for CMSNANO
 mvaFall17V2Iso_WP90 is an NTUPLE variable for CMSNANO
  pfRelIso03_all is an NTUPLE variable for CMSNANO
         tightId is an NTUPLE variable for CMSNANO
  pfRelIso04_all is an NTUPLE variable for CMSNANO
  Parsing finished.==
We have 23 CutLang Cuts, 6 CutLang objects and 0 Bins
TRGe:1  TRGm:0
 => 4 BP_5
	 REGION/ALGO:channelChi2
This is a run with name: nominal algo:channelChi2.
==Parsing started:
           jetID is an NTUPLE variable for CMSNANO
   btagDeepFlavB is an NTUPLE variable for CMSNANO
   btagDeepFlavB is an NTUPLE variable for CMSNANO
 mvaFall17V2Iso_WP90 is an NTUPLE variable for CMSNANO
  pfRelIso03_all is an NTUPLE variable for CMSNANO
         tightId is an NTUPLE variable for CMSNANO
  pfRelIso04_all is an NTUPLE variable for CMSNANO
  Parsing finished.==
We have 28 CutLang Cuts, 6 CutLang objects and 0 Bins
TRGe:1  TRGm:0
 => 5 BP_6
End of analysis initialization
number of entries 151529
starting entry 0
Processing event 0
Processing event 5000
Processing event 10000
Processing event 15000
Processing event 20000
Processing event 25000
Processing event 30000
Processing event 35000
Processing event 40000
Processing event 45000
Processing event 50000
Processing event 55000
Processing event 60000
Processing event 65000
Processing event 70000
Processing event 75000
Processing event 80000
Processing event 85000
Processing event 90000
Processing event 95000
Processing event 100000
Processing event 105000
Processing event 110000
Processing event 115000
Processing event 120000
Processing event 125000
Processing event 130000
Processing event 135000
Processing event 140000
Processing event 145000
Processing event 150000
Efficiencies for analysis : BP_1
						presel	Based on 151529 events:
                                                               ALL :      1 +-         0 evt:   151529
                                                   size(jets) >= 6 : 0.1486 +-  0.000914 evt:    22519
                                                  size(bjets) >= 2 : 0.07958 +-    0.0018 evt:     1792
                                                  pT(jets[5]) > 40 : 0.6161 +-    0.0115 evt:     1104
                                                size(leptons) == 0 : 0.9955 +-   0.00202 evt:     1099
					 --> Overall efficiency	 =  0.725 % +- 0.0218 %
Bins for analysis : BP_1
saving...	saved.
BP_1 finalized.
Efficiencies for analysis : BP_2
						baselineForHTHisto	Based on 151529 events:
                                                               ALL :      1 +-         0 evt:   151529
                                                   size(jets) >= 6 : 0.1486 +-  0.000914 evt:    22519
                                                  size(bjets) >= 2 : 0.07958 +-    0.0018 evt:     1792
                                                  pT(jets[5]) > 40 : 0.6161 +-    0.0115 evt:     1104
                                                size(leptons) == 0 : 0.9955 +-   0.00202 evt:     1099
                                           [Histo] jetHTbeforeHTCu :      1 +-         0 evt:     1099
                                                          HT > 500 :      1 +-         0 evt:     1099
                                            [Histo] jetHTafterHTCu :      1 +-         0 evt:     1099
					 --> Overall efficiency	 =  0.725 % +- 0.0218 %
Bins for analysis : BP_2
saving...	saved.
BP_2 finalized.
Efficiencies for analysis : BP_3
						baselineForWHisto	Based on 151529 events:
                                                               ALL :      1 +-         0 evt:   151529
                                                   size(jets) >= 6 : 0.1486 +-  0.000914 evt:    22519
                                                  size(bjets) >= 2 : 0.07958 +-    0.0018 evt:     1792
                                                  pT(jets[5]) > 40 : 0.6161 +-    0.0115 evt:     1104
                                                size(leptons) == 0 : 0.9955 +-   0.00202 evt:     1099
                                                          HT > 500 :      1 +-         0 evt:     1099
					 --> Overall efficiency	 =  0.725 % +- 0.0218 %
Bins for analysis : BP_3
saving...	saved.
BP_3 finalized.
Efficiencies for analysis : BP_4
						baseline	Based on 151529 events:
                                                               ALL :      1 +-         0 evt:   151529
                                                   size(jets) >= 6 : 0.1486 +-  0.000914 evt:    22519
                                                  size(bjets) >= 2 : 0.07958 +-    0.0018 evt:     1792
                                                  pT(jets[5]) > 40 : 0.6161 +-    0.0115 evt:     1104
                                                size(leptons) == 0 : 0.9955 +-   0.00202 evt:     1099
                                                          HT > 500 :      1 +-         0 evt:     1099
					 --> Overall efficiency	 =  0.725 % +- 0.0218 %
Bins for analysis : BP_4
saving...	saved.
BP_4 finalized.
Efficiencies for analysis : BP_5
						baselineHistos	Based on 151529 events:
                                                               ALL :      1 +-         0 evt:   151529
                                                   size(jets) >= 6 : 0.1486 +-  0.000914 evt:    22519
                                                  size(bjets) >= 2 : 0.07958 +-    0.0018 evt:     1792
                                                  pT(jets[5]) > 40 : 0.6161 +-    0.0115 evt:     1104
                                                size(leptons) == 0 : 0.9955 +-   0.00202 evt:     1099
                                                          HT > 500 :      1 +-         0 evt:     1099
                                               [Histo] histo_njets :      1 +-         0 evt:     1099
                                              [Histo] histo_nbjets :      1 +-         0 evt:     1099
                                              [Histo] histo_nljets :      1 +-         0 evt:     1099
                                                  [Histo] hjet01pt :      1 +-         0 evt:     1099
                                                  [Histo] hjet02pt :      1 +-         0 evt:     1099
                                                  [Histo] hjet03pt :      1 +-         0 evt:     1099
                                                  [Histo] hjet04pt :      1 +-         0 evt:     1099
                                                  [Histo] hjet05pt :      1 +-         0 evt:     1099
                                                  [Histo] hjet06pt :      1 +-         0 evt:     1099
                                                  [Histo] hjet01et :      1 +-         0 evt:     1099
                                                  [Histo] hjet02et :      1 +-         0 evt:     1099
                                                  [Histo] hjet03et :      1 +-         0 evt:     1099
                                                  [Histo] hjet04et :      1 +-         0 evt:     1099
                                                  [Histo] hjet05et :      1 +-         0 evt:     1099
                                                  [Histo] hjet06et :      1 +-         0 evt:     1099
                                                      [Histo] jetH :      1 +-         0 evt:     1099
                                                     [Histo] jetBH :      1 +-         0 evt:     1099
					 --> Overall efficiency	 =  0.725 % +- 0.0218 %
Bins for analysis : BP_5
saving...	saved.
BP_5 finalized.
Efficiencies for analysis : BP_6
						channelChi2	Based on 151529 events:
                                                               ALL :      1 +-         0 evt:   151529
                                                   size(jets) >= 6 : 0.1486 +-  0.000914 evt:    22519
                                                  size(bjets) >= 2 : 0.07958 +-    0.0018 evt:     1792
                                                  pT(jets[5]) > 40 : 0.6161 +-    0.0115 evt:     1104
                                                size(leptons) == 0 : 0.9955 +-   0.00202 evt:     1099
                                                          HT > 500 :      1 +-         0 evt:     1099
                                                  size(bjets) >= 4 : 0.02366 +-   0.00458 evt:       26
                                                       chi2HH ~= 0 :      1 +-         0 evt:       26
                                               [Histo] histo_njets :      1 +-         0 evt:       26
                                              [Histo] histo_nbjets :      1 +-         0 evt:       26
                                              [Histo] histo_nljets :      1 +-         0 evt:       26
                                                  [Histo] hjet01pt :      1 +-         0 evt:       26
                                                  [Histo] hjet02pt :      1 +-         0 evt:       26
                                                  [Histo] hjet03pt :      1 +-         0 evt:       26
                                                  [Histo] hjet04pt :      1 +-         0 evt:       26
                                                  [Histo] hjet05pt :      1 +-         0 evt:       26
                                                  [Histo] hjet06pt :      1 +-         0 evt:       26
                                                  [Histo] hjet01et :      1 +-         0 evt:       26
                                                  [Histo] hjet02et :      1 +-         0 evt:       26
                                                  [Histo] hjet03et :      1 +-         0 evt:       26
                                                  [Histo] hjet04et :      1 +-         0 evt:       26
                                                  [Histo] hjet05et :      1 +-         0 evt:       26
                                                  [Histo] hjet06et :      1 +-         0 evt:       26
                                                      [Histo] jetH :      1 +-         0 evt:       26
                                                     [Histo] jetBH :      1 +-         0 evt:       26
                                                    [Histo] hchi2H :      1 +-         0 evt:       26
                                                    [Histo] hmH1cn :      1 +-         0 evt:       26
                                                    [Histo] hmH2cn :      1 +-         0 evt:       26
					 --> Overall efficiency	 = 0.0172 % +- 0.00336 %
Bins for analysis : BP_6
saving...	saved.
BP_6 finalized.
finished.
input file Closed.
end CLA single. Output file:  histoOut-ttHH_had_v2_4.root
