000 (5057451.000.000) 02/07 22:35:46 Job submitted from host: <188.185.121.235:9618?addrs=188.185.121.235-9618+[2001-1458-d00-49--100-36e]-9618&alias=bigbird22.cern.ch&noUDP&sock=schedd_849351_b7ee>
...
000 (5057451.001.000) 02/07 22:35:46 Job submitted from host: <188.185.121.235:9618?addrs=188.185.121.235-9618+[2001-1458-d00-49--100-36e]-9618&alias=bigbird22.cern.ch&noUDP&sock=schedd_849351_b7ee>
...
000 (5057451.002.000) 02/07 22:35:46 Job submitted from host: <188.185.121.235:9618?addrs=188.185.121.235-9618+[2001-1458-d00-49--100-36e]-9618&alias=bigbird22.cern.ch&noUDP&sock=schedd_849351_b7ee>
...
000 (5057451.003.000) 02/07 22:35:46 Job submitted from host: <188.185.121.235:9618?addrs=188.185.121.235-9618+[2001-1458-d00-49--100-36e]-9618&alias=bigbird22.cern.ch&noUDP&sock=schedd_849351_b7ee>
...
000 (5057451.004.000) 02/07 22:35:46 Job submitted from host: <188.185.121.235:9618?addrs=188.185.121.235-9618+[2001-1458-d00-49--100-36e]-9618&alias=bigbird22.cern.ch&noUDP&sock=schedd_849351_b7ee>
...
040 (5057451.000.000) 02/07 23:07:03 Started transferring input files
	Transferring to host: <188.184.163.163:9618?addrs=188.184.163.163-9618+[2001-1458-301-4d--100-9d]-9618&alias=b9s12p8406.cern.ch&noUDP&sock=slot1_22_386267_cb74_23934>
...
040 (5057451.001.000) 02/07 23:07:03 Started transferring input files
	Transferring to host: <188.184.165.114:9618?addrs=188.184.165.114-9618+[2001-1458-301-51--100-6d]-9618&alias=b9s14p6427.cern.ch&noUDP&sock=slot1_47_78742_9cbb_22587>
...
040 (5057451.000.000) 02/07 23:07:03 Finished transferring input files
...
040 (5057451.001.000) 02/07 23:07:03 Finished transferring input files
...
001 (5057451.000.000) 02/07 23:07:04 Job executing on host: <188.184.163.163:9618?addrs=188.184.163.163-9618+[2001-1458-301-4d--100-9d]-9618&alias=b9s12p8406.cern.ch&noUDP&sock=startd_386227_2ced>
...
001 (5057451.001.000) 02/07 23:07:04 Job executing on host: <188.184.165.114:9618?addrs=188.184.165.114-9618+[2001-1458-301-51--100-6d]-9618&alias=b9s14p6427.cern.ch&noUDP&sock=startd_78704_f9e5>
...
040 (5057451.002.000) 02/07 23:07:04 Started transferring input files
	Transferring to host: <188.184.164.200:9618?addrs=188.184.164.200-9618+[2001-1458-301-4e--100-c2]-9618&alias=b9s13p0942.cern.ch&noUDP&sock=slot1_48_6002_b3ad_6875>
...
040 (5057451.002.000) 02/07 23:07:04 Finished transferring input files
...
040 (5057451.004.000) 02/07 23:07:05 Started transferring input files
	Transferring to host: <128.142.192.158:9618?addrs=128.142.192.158-9618+[2001-1458-301-56--100-1a]-9618&alias=b9g18p6902.cern.ch&noUDP&sock=slot1_48_3455996_9372_1969>
...
040 (5057451.004.000) 02/07 23:07:05 Finished transferring input files
...
001 (5057451.002.000) 02/07 23:07:05 Job executing on host: <188.184.164.200:9618?addrs=188.184.164.200-9618+[2001-1458-301-4e--100-c2]-9618&alias=b9s13p0942.cern.ch&noUDP&sock=startd_5961_5423>
...
040 (5057451.003.000) 02/07 23:07:06 Started transferring input files
	Transferring to host: <128.142.192.160:9618?addrs=128.142.192.160-9618+[2001-1458-301-56--100-1c]-9618&alias=b9g18p7324.cern.ch&noUDP&sock=slot1_9_6580_f485_17493>
...
040 (5057451.003.000) 02/07 23:07:06 Finished transferring input files
...
001 (5057451.004.000) 02/07 23:07:06 Job executing on host: <128.142.192.158:9618?addrs=128.142.192.158-9618+[2001-1458-301-56--100-1a]-9618&alias=b9g18p6902.cern.ch&noUDP&sock=startd_9651_5c9b>
...
001 (5057451.003.000) 02/07 23:07:07 Job executing on host: <128.142.192.160:9618?addrs=128.142.192.160-9618+[2001-1458-301-56--100-1c]-9618&alias=b9g18p7324.cern.ch&noUDP&sock=startd_5841_04c5>
...
006 (5057451.000.000) 02/07 23:07:13 Image size of job updated: 224364
	220  -  MemoryUsage of job (MB)
	224308  -  ResidentSetSize of job (KB)
...
006 (5057451.001.000) 02/07 23:07:13 Image size of job updated: 481336
	470  -  MemoryUsage of job (MB)
	481136  -  ResidentSetSize of job (KB)
...
006 (5057451.002.000) 02/07 23:07:14 Image size of job updated: 15996
	16  -  MemoryUsage of job (MB)
	15488  -  ResidentSetSize of job (KB)
...
006 (5057451.004.000) 02/07 23:07:15 Image size of job updated: 445256
	435  -  MemoryUsage of job (MB)
	445256  -  ResidentSetSize of job (KB)
...
006 (5057451.003.000) 02/07 23:07:16 Image size of job updated: 456772
	447  -  MemoryUsage of job (MB)
	456772  -  ResidentSetSize of job (KB)
...
006 (5057451.001.000) 02/07 23:09:25 Image size of job updated: 534152
	470  -  MemoryUsage of job (MB)
	481136  -  ResidentSetSize of job (KB)
...
040 (5057451.001.000) 02/07 23:09:25 Started transferring output files
...
040 (5057451.001.000) 02/07 23:09:25 Finished transferring output files
...
005 (5057451.001.000) 02/07 23:09:25 Job terminated.
	(1) Normal termination (return value 0)
		Usr 0 00:00:11, Sys 0 00:00:03  -  Run Remote Usage
		Usr 0 00:00:00, Sys 0 00:00:00  -  Run Local Usage
		Usr 0 00:00:11, Sys 0 00:00:03  -  Total Remote Usage
		Usr 0 00:00:00, Sys 0 00:00:00  -  Total Local Usage
	22120  -  Run Bytes Sent By Job
	10917  -  Run Bytes Received By Job
	22120  -  Total Bytes Sent By Job
	10917  -  Total Bytes Received By Job
	Partitionable Resources :    Usage  Request Allocated 
	   Cpus                 :        0        1         1 
	   Disk (KB)            :      124        1   2872311 
	   Memory (MB)          :      470     2000      2000 

	Job terminated of its own accord at 2024-02-07T22:09:25Z.
...
006 (5057451.002.000) 02/07 23:10:48 Image size of job updated: 493244
	293  -  MemoryUsage of job (MB)
	299644  -  ResidentSetSize of job (KB)
...
040 (5057451.002.000) 02/07 23:10:48 Started transferring output files
...
040 (5057451.002.000) 02/07 23:10:49 Finished transferring output files
...
005 (5057451.002.000) 02/07 23:10:49 Job terminated.
	(1) Normal termination (return value 0)
		Usr 0 00:00:18, Sys 0 00:00:03  -  Run Remote Usage
		Usr 0 00:00:00, Sys 0 00:00:00  -  Run Local Usage
		Usr 0 00:00:18, Sys 0 00:00:03  -  Total Remote Usage
		Usr 0 00:00:00, Sys 0 00:00:00  -  Total Local Usage
	24717  -  Run Bytes Sent By Job
	10917  -  Run Bytes Received By Job
	24717  -  Total Bytes Sent By Job
	10917  -  Total Bytes Received By Job
	Partitionable Resources :    Usage  Request Allocated 
	   Cpus                 :     0.10        1         1 
	   Disk (KB)            :   112           1   2938513 
	   Memory (MB)          :   293        2000      2000 

	Job terminated of its own accord at 2024-02-07T22:10:48Z.
...
006 (5057451.003.000) 02/07 23:11:44 Image size of job updated: 543348
	447  -  MemoryUsage of job (MB)
	456772  -  ResidentSetSize of job (KB)
...
040 (5057451.003.000) 02/07 23:11:44 Started transferring output files
...
040 (5057451.003.000) 02/07 23:11:44 Finished transferring output files
...
005 (5057451.003.000) 02/07 23:11:44 Job terminated.
	(1) Normal termination (return value 0)
		Usr 0 00:00:19, Sys 0 00:00:03  -  Run Remote Usage
		Usr 0 00:00:00, Sys 0 00:00:00  -  Run Local Usage
		Usr 0 00:00:19, Sys 0 00:00:03  -  Total Remote Usage
		Usr 0 00:00:00, Sys 0 00:00:00  -  Total Local Usage
	24714  -  Run Bytes Sent By Job
	10917  -  Run Bytes Received By Job
	24714  -  Total Bytes Sent By Job
	10917  -  Total Bytes Received By Job
	Partitionable Resources :    Usage  Request Allocated 
	   Cpus                 :                 1         1 
	   Disk (KB)            :      105        1   2712734 
	   Memory (MB)          :      447     2000      2000 

	Job terminated of its own accord at 2024-02-07T22:11:44Z.
...
006 (5057451.000.000) 02/07 23:12:14 Image size of job updated: 554488
	538  -  MemoryUsage of job (MB)
	550480  -  ResidentSetSize of job (KB)
...
006 (5057451.004.000) 02/07 23:12:16 Image size of job updated: 528744
	517  -  MemoryUsage of job (MB)
	528744  -  ResidentSetSize of job (KB)
...
040 (5057451.004.000) 02/07 23:14:36 Started transferring output files
...
040 (5057451.004.000) 02/07 23:14:36 Finished transferring output files
...
005 (5057451.004.000) 02/07 23:14:36 Job terminated.
	(1) Normal termination (return value 0)
		Usr 0 00:00:29, Sys 0 00:00:04  -  Run Remote Usage
		Usr 0 00:00:00, Sys 0 00:00:00  -  Run Local Usage
		Usr 0 00:00:29, Sys 0 00:00:04  -  Total Remote Usage
		Usr 0 00:00:00, Sys 0 00:00:00  -  Total Local Usage
	24717  -  Run Bytes Sent By Job
	10917  -  Run Bytes Received By Job
	24717  -  Total Bytes Sent By Job
	10917  -  Total Bytes Received By Job
	Partitionable Resources :    Usage  Request Allocated 
	   Cpus                 :     0.01        1         1 
	   Disk (KB)            :   243           1   2928051 
	   Memory (MB)          :   517        2000      2000 

	Job terminated of its own accord at 2024-02-07T22:14:36Z.
...
006 (5057451.000.000) 02/07 23:17:15 Image size of job updated: 554488
	539  -  MemoryUsage of job (MB)
	551420  -  ResidentSetSize of job (KB)
...
040 (5057451.000.000) 02/08 01:19:51 Started transferring output files
...
040 (5057451.000.000) 02/08 01:19:51 Finished transferring output files
...
005 (5057451.000.000) 02/08 01:19:51 Job terminated.
	(1) Normal termination (return value 0)
		Usr 0 00:14:26, Sys 0 00:00:47  -  Run Remote Usage
		Usr 0 00:00:00, Sys 0 00:00:00  -  Run Local Usage
		Usr 0 00:14:26, Sys 0 00:00:47  -  Total Remote Usage
		Usr 0 00:00:00, Sys 0 00:00:00  -  Total Local Usage
	23724  -  Run Bytes Sent By Job
	10917  -  Run Bytes Received By Job
	23724  -  Total Bytes Sent By Job
	10917  -  Total Bytes Received By Job
	Partitionable Resources :    Usage  Request Allocated 
	   Cpus                 :     0.05        1         1 
	   Disk (KB)            : 14054           1   2956356 
	   Memory (MB)          :   539        2000      2000 

	Job terminated of its own accord at 2024-02-08T00:19:51Z.
...
