000 (5057448.000.000) 02/07 22:35:43 Job submitted from host: <188.185.121.235:9618?addrs=188.185.121.235-9618+[2001-1458-d00-49--100-36e]-9618&alias=bigbird22.cern.ch&noUDP&sock=schedd_849351_b7ee>
...
000 (5057448.001.000) 02/07 22:35:43 Job submitted from host: <188.185.121.235:9618?addrs=188.185.121.235-9618+[2001-1458-d00-49--100-36e]-9618&alias=bigbird22.cern.ch&noUDP&sock=schedd_849351_b7ee>
...
000 (5057448.002.000) 02/07 22:35:43 Job submitted from host: <188.185.121.235:9618?addrs=188.185.121.235-9618+[2001-1458-d00-49--100-36e]-9618&alias=bigbird22.cern.ch&noUDP&sock=schedd_849351_b7ee>
...
000 (5057448.003.000) 02/07 22:35:43 Job submitted from host: <188.185.121.235:9618?addrs=188.185.121.235-9618+[2001-1458-d00-49--100-36e]-9618&alias=bigbird22.cern.ch&noUDP&sock=schedd_849351_b7ee>
...
000 (5057448.004.000) 02/07 22:35:43 Job submitted from host: <188.185.121.235:9618?addrs=188.185.121.235-9618+[2001-1458-d00-49--100-36e]-9618&alias=bigbird22.cern.ch&noUDP&sock=schedd_849351_b7ee>
...
000 (5057448.005.000) 02/07 22:35:43 Job submitted from host: <188.185.121.235:9618?addrs=188.185.121.235-9618+[2001-1458-d00-49--100-36e]-9618&alias=bigbird22.cern.ch&noUDP&sock=schedd_849351_b7ee>
...
000 (5057448.006.000) 02/07 22:35:43 Job submitted from host: <188.185.121.235:9618?addrs=188.185.121.235-9618+[2001-1458-d00-49--100-36e]-9618&alias=bigbird22.cern.ch&noUDP&sock=schedd_849351_b7ee>
...
000 (5057448.007.000) 02/07 22:35:43 Job submitted from host: <188.185.121.235:9618?addrs=188.185.121.235-9618+[2001-1458-d00-49--100-36e]-9618&alias=bigbird22.cern.ch&noUDP&sock=schedd_849351_b7ee>
...
000 (5057448.008.000) 02/07 22:35:43 Job submitted from host: <188.185.121.235:9618?addrs=188.185.121.235-9618+[2001-1458-d00-49--100-36e]-9618&alias=bigbird22.cern.ch&noUDP&sock=schedd_849351_b7ee>
...
040 (5057448.000.000) 02/07 23:06:56 Started transferring input files
	Transferring to host: <128.142.63.98:9618?addrs=128.142.63.98-9618+[2001-1458-301-38--100-5f]-9618&alias=b9s08p3434.cern.ch&noUDP&sock=slot1_13_628565_a7b1_24574>
...
040 (5057448.001.000) 02/07 23:06:56 Started transferring input files
	Transferring to host: <128.142.60.86:9618?addrs=128.142.60.86-9618+[2001-1458-301-22--100-55]-9618&alias=b9s05p3487.cern.ch&noUDP&sock=slot1_1_732816_ea61_31741>
...
040 (5057448.002.000) 02/07 23:06:56 Started transferring input files
	Transferring to host: <128.142.60.71:9618?addrs=128.142.60.71-9618+[2001-1458-301-22--100-46]-9618&alias=b9s05p8768.cern.ch&noUDP&sock=slot1_15_415956_618c_23342>
...
040 (5057448.000.000) 02/07 23:06:56 Finished transferring input files
...
040 (5057448.001.000) 02/07 23:06:56 Finished transferring input files
...
040 (5057448.002.000) 02/07 23:06:56 Finished transferring input files
...
040 (5057448.003.000) 02/07 23:06:57 Started transferring input files
	Transferring to host: <128.142.194.204:9618?addrs=128.142.194.204-9618+[2001-1458-301-13--100-4c]-9618&alias=b9g30p5347.cern.ch&noUDP&sock=slot1_8_8638_0098_127614>
...
040 (5057448.003.000) 02/07 23:06:57 Finished transferring input files
...
040 (5057448.004.000) 02/07 23:06:57 Started transferring input files
	Transferring to host: <128.142.60.110:9618?addrs=128.142.60.110-9618+[2001-1458-301-22--100-6d]-9618&alias=b9s05p5752.cern.ch&noUDP&sock=slot1_11_3088_8677_16074>
...
040 (5057448.004.000) 02/07 23:06:57 Finished transferring input files
...
001 (5057448.001.000) 02/07 23:06:57 Job executing on host: <128.142.60.86:9618?addrs=128.142.60.86-9618+[2001-1458-301-22--100-55]-9618&alias=b9s05p3487.cern.ch&noUDP&sock=startd_732777_a694>
...
001 (5057448.000.000) 02/07 23:06:57 Job executing on host: <128.142.63.98:9618?addrs=128.142.63.98-9618+[2001-1458-301-38--100-5f]-9618&alias=b9s08p3434.cern.ch&noUDP&sock=startd_628527_d264>
...
040 (5057448.005.000) 02/07 23:06:57 Started transferring input files
	Transferring to host: <128.142.61.70:9618?addrs=128.142.61.70-9618+[2001-1458-301-23--100-45]-9618&alias=b9s06p3834.cern.ch&noUDP&sock=slot1_19_54953_1c14_23718>
...
040 (5057448.005.000) 02/07 23:06:57 Finished transferring input files
...
001 (5057448.002.000) 02/07 23:06:57 Job executing on host: <128.142.60.71:9618?addrs=128.142.60.71-9618+[2001-1458-301-22--100-46]-9618&alias=b9s05p8768.cern.ch&noUDP&sock=startd_415918_bb5d>
...
001 (5057448.003.000) 02/07 23:06:58 Job executing on host: <128.142.194.204:9618?addrs=128.142.194.204-9618+[2001-1458-301-13--100-4c]-9618&alias=b9g30p5347.cern.ch&noUDP&sock=startd_7375_370d>
...
040 (5057448.006.000) 02/07 23:06:58 Started transferring input files
	Transferring to host: <128.142.60.82:9618?addrs=128.142.60.82-9618+[2001-1458-301-22--100-51]-9618&alias=b9s05p6351.cern.ch&noUDP&sock=slot1_9_399880_627e_23406>
...
040 (5057448.006.000) 02/07 23:06:58 Finished transferring input files
...
040 (5057448.007.000) 02/07 23:06:58 Started transferring input files
	Transferring to host: <128.142.194.145:9618?addrs=128.142.194.145-9618+[2001-1458-301-13--100-11]-9618&alias=b9g30p1324.cern.ch&noUDP&sock=slot1_19_9182_4cae_60549>
...
040 (5057448.007.000) 02/07 23:06:58 Finished transferring input files
...
040 (5057448.008.000) 02/07 23:06:58 Started transferring input files
	Transferring to host: <188.184.162.35:9618?addrs=188.184.162.35-9618+[2001-1458-301-4a--100-1d]-9618&alias=b9s11p8105.cern.ch&noUDP&sock=slot1_9_433065_3824_23359>
...
040 (5057448.008.000) 02/07 23:06:58 Finished transferring input files
...
001 (5057448.004.000) 02/07 23:06:58 Job executing on host: <128.142.60.110:9618?addrs=128.142.60.110-9618+[2001-1458-301-22--100-6d]-9618&alias=b9s05p5752.cern.ch&noUDP&sock=startd_2891_9063>
...
001 (5057448.005.000) 02/07 23:06:58 Job executing on host: <128.142.61.70:9618?addrs=128.142.61.70-9618+[2001-1458-301-23--100-45]-9618&alias=b9s06p3834.cern.ch&noUDP&sock=startd_54913_5439>
...
001 (5057448.006.000) 02/07 23:06:59 Job executing on host: <128.142.60.82:9618?addrs=128.142.60.82-9618+[2001-1458-301-22--100-51]-9618&alias=b9s05p6351.cern.ch&noUDP&sock=startd_399842_eedc>
...
001 (5057448.007.000) 02/07 23:06:59 Job executing on host: <128.142.194.145:9618?addrs=128.142.194.145-9618+[2001-1458-301-13--100-11]-9618&alias=b9g30p1324.cern.ch&noUDP&sock=startd_8047_26b2>
...
001 (5057448.008.000) 02/07 23:06:59 Job executing on host: <188.184.162.35:9618?addrs=188.184.162.35-9618+[2001-1458-301-4a--100-1d]-9618&alias=b9s11p8105.cern.ch&noUDP&sock=startd_433026_659c>
...
006 (5057448.003.000) 02/07 23:07:06 Image size of job updated: 476056
	465  -  MemoryUsage of job (MB)
	476056  -  ResidentSetSize of job (KB)
...
006 (5057448.004.000) 02/07 23:07:06 Image size of job updated: 408916
	400  -  MemoryUsage of job (MB)
	408916  -  ResidentSetSize of job (KB)
...
006 (5057448.000.000) 02/07 23:07:06 Image size of job updated: 475012
	463  -  MemoryUsage of job (MB)
	473760  -  ResidentSetSize of job (KB)
...
006 (5057448.001.000) 02/07 23:07:06 Image size of job updated: 476976
	466  -  MemoryUsage of job (MB)
	476248  -  ResidentSetSize of job (KB)
...
006 (5057448.002.000) 02/07 23:07:06 Image size of job updated: 462096
	452  -  MemoryUsage of job (MB)
	462096  -  ResidentSetSize of job (KB)
...
006 (5057448.006.000) 02/07 23:07:07 Image size of job updated: 469360
	458  -  MemoryUsage of job (MB)
	468780  -  ResidentSetSize of job (KB)
...
006 (5057448.007.000) 02/07 23:07:07 Image size of job updated: 476220
	465  -  MemoryUsage of job (MB)
	475508  -  ResidentSetSize of job (KB)
...
006 (5057448.008.000) 02/07 23:07:07 Image size of job updated: 460152
	450  -  MemoryUsage of job (MB)
	460152  -  ResidentSetSize of job (KB)
...
006 (5057448.005.000) 02/07 23:07:07 Image size of job updated: 249868
	244  -  MemoryUsage of job (MB)
	249700  -  ResidentSetSize of job (KB)
...
006 (5057448.004.000) 02/07 23:09:05 Image size of job updated: 531352
	400  -  MemoryUsage of job (MB)
	408916  -  ResidentSetSize of job (KB)
...
040 (5057448.004.000) 02/07 23:09:05 Started transferring output files
...
040 (5057448.004.000) 02/07 23:09:05 Finished transferring output files
...
005 (5057448.004.000) 02/07 23:09:05 Job terminated.
	(1) Normal termination (return value 0)
		Usr 0 00:00:05, Sys 0 00:00:03  -  Run Remote Usage
		Usr 0 00:00:00, Sys 0 00:00:00  -  Run Local Usage
		Usr 0 00:00:05, Sys 0 00:00:03  -  Total Remote Usage
		Usr 0 00:00:00, Sys 0 00:00:00  -  Total Local Usage
	22120  -  Run Bytes Sent By Job
	10917  -  Run Bytes Received By Job
	22120  -  Total Bytes Sent By Job
	10917  -  Total Bytes Received By Job
	Partitionable Resources :    Usage  Request Allocated 
	   Cpus                 :        0        1         1 
	   Disk (KB)            :      112        1   2913024 
	   Memory (MB)          :      400     2000      2000 

	Job terminated of its own accord at 2024-02-07T22:09:05Z.
...
006 (5057448.000.000) 02/07 23:09:25 Image size of job updated: 524012
	463  -  MemoryUsage of job (MB)
	473760  -  ResidentSetSize of job (KB)
...
040 (5057448.000.000) 02/07 23:09:25 Started transferring output files
...
040 (5057448.000.000) 02/07 23:09:25 Finished transferring output files
...
005 (5057448.000.000) 02/07 23:09:25 Job terminated.
	(1) Normal termination (return value 0)
		Usr 0 00:00:06, Sys 0 00:00:03  -  Run Remote Usage
		Usr 0 00:00:00, Sys 0 00:00:00  -  Run Local Usage
		Usr 0 00:00:06, Sys 0 00:00:03  -  Total Remote Usage
		Usr 0 00:00:00, Sys 0 00:00:00  -  Total Local Usage
	22120  -  Run Bytes Sent By Job
	10917  -  Run Bytes Received By Job
	22120  -  Total Bytes Sent By Job
	10917  -  Total Bytes Received By Job
	Partitionable Resources :    Usage  Request Allocated 
	   Cpus                 :        0        1         1 
	   Disk (KB)            :      113        1   2889203 
	   Memory (MB)          :      463     2000      2000 

	Job terminated of its own accord at 2024-02-07T22:09:25Z.
...
040 (5057448.003.000) 02/07 23:10:29 Started transferring output files
...
040 (5057448.003.000) 02/07 23:10:29 Finished transferring output files
...
005 (5057448.003.000) 02/07 23:10:29 Job terminated.
	(1) Normal termination (return value 0)
		Usr 0 00:00:05, Sys 0 00:00:02  -  Run Remote Usage
		Usr 0 00:00:00, Sys 0 00:00:00  -  Run Local Usage
		Usr 0 00:00:05, Sys 0 00:00:02  -  Total Remote Usage
		Usr 0 00:00:00, Sys 0 00:00:00  -  Total Local Usage
	22120  -  Run Bytes Sent By Job
	10917  -  Run Bytes Received By Job
	22120  -  Total Bytes Sent By Job
	10917  -  Total Bytes Received By Job
	Partitionable Resources :    Usage  Request Allocated 
	   Cpus                 :     0.01        1         1 
	   Disk (KB)            :   105           1   2355736 
	   Memory (MB)          :   465        2000      2000 

	Job terminated of its own accord at 2024-02-07T22:10:29Z.
...
006 (5057448.006.000) 02/07 23:12:07 Image size of job updated: 543960
	531  -  MemoryUsage of job (MB)
	542972  -  ResidentSetSize of job (KB)
...
006 (5057448.008.000) 02/07 23:12:07 Image size of job updated: 544116
	531  -  MemoryUsage of job (MB)
	543636  -  ResidentSetSize of job (KB)
...
006 (5057448.007.000) 02/07 23:12:07 Image size of job updated: 541176
	528  -  MemoryUsage of job (MB)
	540048  -  ResidentSetSize of job (KB)
...
006 (5057448.002.000) 02/07 23:12:07 Image size of job updated: 542032
	529  -  MemoryUsage of job (MB)
	540960  -  ResidentSetSize of job (KB)
...
006 (5057448.001.000) 02/07 23:12:07 Image size of job updated: 540232
	527  -  MemoryUsage of job (MB)
	539452  -  ResidentSetSize of job (KB)
...
006 (5057448.005.000) 02/07 23:12:08 Image size of job updated: 540624
	528  -  MemoryUsage of job (MB)
	539672  -  ResidentSetSize of job (KB)
...
006 (5057448.002.000) 02/07 23:17:08 Image size of job updated: 542360
	529  -  MemoryUsage of job (MB)
	541400  -  ResidentSetSize of job (KB)
...
006 (5057448.001.000) 02/07 23:17:08 Image size of job updated: 541164
	528  -  MemoryUsage of job (MB)
	540160  -  ResidentSetSize of job (KB)
...
006 (5057448.006.000) 02/07 23:17:08 Image size of job updated: 544060
	531  -  MemoryUsage of job (MB)
	543320  -  ResidentSetSize of job (KB)
...
006 (5057448.008.000) 02/07 23:17:08 Image size of job updated: 544564
	532  -  MemoryUsage of job (MB)
	543812  -  ResidentSetSize of job (KB)
...
006 (5057448.007.000) 02/07 23:17:08 Image size of job updated: 541492
	528  -  MemoryUsage of job (MB)
	540356  -  ResidentSetSize of job (KB)
...
006 (5057448.005.000) 02/07 23:17:09 Image size of job updated: 540936
	528  -  MemoryUsage of job (MB)
	539844  -  ResidentSetSize of job (KB)
...
006 (5057448.001.000) 02/07 23:17:15 Image size of job updated: 541560
	528  -  MemoryUsage of job (MB)
	540160  -  ResidentSetSize of job (KB)
...
040 (5057448.001.000) 02/07 23:17:15 Started transferring output files
...
040 (5057448.001.000) 02/07 23:17:15 Finished transferring output files
...
005 (5057448.001.000) 02/07 23:17:15 Job terminated.
	(1) Normal termination (return value 0)
		Usr 0 00:00:21, Sys 0 00:00:04  -  Run Remote Usage
		Usr 0 00:00:00, Sys 0 00:00:00  -  Run Local Usage
		Usr 0 00:00:21, Sys 0 00:00:04  -  Total Remote Usage
		Usr 0 00:00:00, Sys 0 00:00:00  -  Total Local Usage
	22219  -  Run Bytes Sent By Job
	10917  -  Run Bytes Received By Job
	22219  -  Total Bytes Sent By Job
	10917  -  Total Bytes Received By Job
	Partitionable Resources :    Usage  Request Allocated 
	   Cpus                 :     0.01        1         1 
	   Disk (KB)            :   825           1   3026600 
	   Memory (MB)          :   528        2000      2000 

	Job terminated of its own accord at 2024-02-07T22:17:15Z.
...
006 (5057448.002.000) 02/07 23:22:08 Image size of job updated: 543664
	530  -  MemoryUsage of job (MB)
	541920  -  ResidentSetSize of job (KB)
...
006 (5057448.006.000) 02/07 23:22:09 Image size of job updated: 544404
	531  -  MemoryUsage of job (MB)
	543380  -  ResidentSetSize of job (KB)
...
006 (5057448.008.000) 02/07 23:22:09 Image size of job updated: 546584
	532  -  MemoryUsage of job (MB)
	544592  -  ResidentSetSize of job (KB)
...
006 (5057448.007.000) 02/07 23:22:09 Image size of job updated: 542004
	529  -  MemoryUsage of job (MB)
	540760  -  ResidentSetSize of job (KB)
...
006 (5057448.005.000) 02/07 23:22:09 Image size of job updated: 541336
	528  -  MemoryUsage of job (MB)
	540524  -  ResidentSetSize of job (KB)
...
006 (5057448.002.000) 02/07 23:27:08 Image size of job updated: 543664
	530  -  MemoryUsage of job (MB)
	542328  -  ResidentSetSize of job (KB)
...
006 (5057448.006.000) 02/07 23:27:09 Image size of job updated: 544736
	532  -  MemoryUsage of job (MB)
	544284  -  ResidentSetSize of job (KB)
...
006 (5057448.008.000) 02/07 23:27:09 Image size of job updated: 546584
	533  -  MemoryUsage of job (MB)
	545052  -  ResidentSetSize of job (KB)
...
006 (5057448.007.000) 02/07 23:27:09 Image size of job updated: 542272
	529  -  MemoryUsage of job (MB)
	541560  -  ResidentSetSize of job (KB)
...
006 (5057448.005.000) 02/07 23:27:09 Image size of job updated: 541784
	529  -  MemoryUsage of job (MB)
	540988  -  ResidentSetSize of job (KB)
...
006 (5057448.005.000) 02/07 23:30:17 Image size of job updated: 543932
	529  -  MemoryUsage of job (MB)
	540988  -  ResidentSetSize of job (KB)
...
040 (5057448.005.000) 02/07 23:30:17 Started transferring output files
...
040 (5057448.005.000) 02/07 23:30:17 Finished transferring output files
...
005 (5057448.005.000) 02/07 23:30:17 Job terminated.
	(1) Normal termination (return value 0)
		Usr 0 00:00:59, Sys 0 00:00:12  -  Run Remote Usage
		Usr 0 00:00:00, Sys 0 00:00:00  -  Run Local Usage
		Usr 0 00:00:59, Sys 0 00:00:12  -  Total Remote Usage
		Usr 0 00:00:00, Sys 0 00:00:00  -  Total Local Usage
	22357  -  Run Bytes Sent By Job
	10917  -  Run Bytes Received By Job
	22357  -  Total Bytes Sent By Job
	10917  -  Total Bytes Received By Job
	Partitionable Resources :    Usage  Request Allocated 
	   Cpus                 :     0.01        1         1 
	   Disk (KB)            :  1697           1   2979172 
	   Memory (MB)          :   529        2000      2000 

	Job terminated of its own accord at 2024-02-07T22:30:17Z.
...
006 (5057448.006.000) 02/07 23:32:09 Image size of job updated: 545048
	532  -  MemoryUsage of job (MB)
	544284  -  ResidentSetSize of job (KB)
...
006 (5057448.002.000) 02/07 23:32:09 Image size of job updated: 543776
	531  -  MemoryUsage of job (MB)
	542808  -  ResidentSetSize of job (KB)
...
006 (5057448.008.000) 02/07 23:32:10 Image size of job updated: 546584
	533  -  MemoryUsage of job (MB)
	545148  -  ResidentSetSize of job (KB)
...
006 (5057448.007.000) 02/07 23:32:10 Image size of job updated: 543888
	529  -  MemoryUsage of job (MB)
	541592  -  ResidentSetSize of job (KB)
...
006 (5057448.002.000) 02/07 23:37:10 Image size of job updated: 545308
	531  -  MemoryUsage of job (MB)
	543688  -  ResidentSetSize of job (KB)
...
006 (5057448.006.000) 02/07 23:37:10 Image size of job updated: 546616
	532  -  MemoryUsage of job (MB)
	544624  -  ResidentSetSize of job (KB)
...
006 (5057448.008.000) 02/07 23:37:11 Image size of job updated: 546584
	533  -  MemoryUsage of job (MB)
	545652  -  ResidentSetSize of job (KB)
...
006 (5057448.007.000) 02/07 23:37:11 Image size of job updated: 543888
	530  -  MemoryUsage of job (MB)
	542336  -  ResidentSetSize of job (KB)
...
006 (5057448.002.000) 02/07 23:42:10 Image size of job updated: 545308
	531  -  MemoryUsage of job (MB)
	543728  -  ResidentSetSize of job (KB)
...
006 (5057448.006.000) 02/07 23:42:11 Image size of job updated: 546616
	533  -  MemoryUsage of job (MB)
	545156  -  ResidentSetSize of job (KB)
...
006 (5057448.008.000) 02/07 23:42:11 Image size of job updated: 546928
	534  -  MemoryUsage of job (MB)
	545964  -  ResidentSetSize of job (KB)
...
006 (5057448.007.000) 02/07 23:42:11 Image size of job updated: 543960
	530  -  MemoryUsage of job (MB)
	542336  -  ResidentSetSize of job (KB)
...
006 (5057448.006.000) 02/07 23:43:37 Image size of job updated: 547440
	533  -  MemoryUsage of job (MB)
	545156  -  ResidentSetSize of job (KB)
...
040 (5057448.006.000) 02/07 23:43:37 Started transferring output files
...
040 (5057448.006.000) 02/07 23:43:37 Finished transferring output files
...
005 (5057448.006.000) 02/07 23:43:37 Job terminated.
	(1) Normal termination (return value 0)
		Usr 0 00:00:53, Sys 0 00:00:09  -  Run Remote Usage
		Usr 0 00:00:00, Sys 0 00:00:00  -  Run Local Usage
		Usr 0 00:00:53, Sys 0 00:00:09  -  Total Remote Usage
		Usr 0 00:00:00, Sys 0 00:00:00  -  Total Local Usage
	22426  -  Run Bytes Sent By Job
	10917  -  Run Bytes Received By Job
	22426  -  Total Bytes Sent By Job
	10917  -  Total Bytes Received By Job
	Partitionable Resources :    Usage  Request Allocated 
	   Cpus                 :     0.01        1         1 
	   Disk (KB)            :  2274           1   2918973 
	   Memory (MB)          :   533        2000      2000 

	Job terminated of its own accord at 2024-02-07T22:43:37Z.
...
006 (5057448.008.000) 02/07 23:47:11 Image size of job updated: 547260
	534  -  MemoryUsage of job (MB)
	545964  -  ResidentSetSize of job (KB)
...
040 (5057448.002.000) 02/07 23:48:14 Started transferring output files
...
040 (5057448.002.000) 02/07 23:48:14 Finished transferring output files
...
005 (5057448.002.000) 02/07 23:48:14 Job terminated.
	(1) Normal termination (return value 0)
		Usr 0 00:01:21, Sys 0 00:00:12  -  Run Remote Usage
		Usr 0 00:00:00, Sys 0 00:00:00  -  Run Local Usage
		Usr 0 00:01:21, Sys 0 00:00:12  -  Total Remote Usage
		Usr 0 00:00:00, Sys 0 00:00:00  -  Total Local Usage
	22596  -  Run Bytes Sent By Job
	10917  -  Run Bytes Received By Job
	22596  -  Total Bytes Sent By Job
	10917  -  Total Bytes Received By Job
	Partitionable Resources :    Usage  Request Allocated 
	   Cpus                 :     0.09        1         1 
	   Disk (KB)            :  3610           1   2976479 
	   Memory (MB)          :   531        2000      2000 

	Job terminated of its own accord at 2024-02-07T22:48:14Z.
...
040 (5057448.008.000) 02/08 00:11:55 Started transferring output files
...
040 (5057448.008.000) 02/08 00:11:55 Finished transferring output files
...
005 (5057448.008.000) 02/08 00:11:55 Job terminated.
	(1) Normal termination (return value 0)
		Usr 0 00:03:25, Sys 0 00:00:14  -  Run Remote Usage
		Usr 0 00:00:00, Sys 0 00:00:00  -  Run Local Usage
		Usr 0 00:03:25, Sys 0 00:00:14  -  Total Remote Usage
		Usr 0 00:00:00, Sys 0 00:00:00  -  Total Local Usage
	22857  -  Run Bytes Sent By Job
	10917  -  Run Bytes Received By Job
	22857  -  Total Bytes Sent By Job
	10917  -  Total Bytes Received By Job
	Partitionable Resources :    Usage  Request Allocated 
	   Cpus                 :     0.01        1         1 
	   Disk (KB)            :  5226           1   2960341 
	   Memory (MB)          :   534        2000      2000 

	Job terminated of its own accord at 2024-02-07T23:11:55Z.
...
040 (5057448.007.000) 02/08 00:58:49 Started transferring output files
...
040 (5057448.007.000) 02/08 00:58:49 Finished transferring output files
...
005 (5057448.007.000) 02/08 00:58:49 Job terminated.
	(1) Normal termination (return value 0)
		Usr 0 00:04:16, Sys 0 00:00:29  -  Run Remote Usage
		Usr 0 00:00:00, Sys 0 00:00:00  -  Run Local Usage
		Usr 0 00:04:16, Sys 0 00:00:29  -  Total Remote Usage
		Usr 0 00:00:00, Sys 0 00:00:00  -  Total Local Usage
	23484  -  Run Bytes Sent By Job
	10917  -  Run Bytes Received By Job
	23484  -  Total Bytes Sent By Job
	10917  -  Total Bytes Received By Job
	Partitionable Resources :    Usage  Request Allocated 
	   Cpus                 :     0.14        1         1 
	   Disk (KB)            :  9740           1   2706439 
	   Memory (MB)          :   530        2000      2000 

	Job terminated of its own accord at 2024-02-07T23:58:49Z.
...
