000 (5057447.000.000) 02/07 22:35:42 Job submitted from host: <188.185.121.235:9618?addrs=188.185.121.235-9618+[2001-1458-d00-49--100-36e]-9618&alias=bigbird22.cern.ch&noUDP&sock=schedd_849351_b7ee>
...
000 (5057447.001.000) 02/07 22:35:42 Job submitted from host: <188.185.121.235:9618?addrs=188.185.121.235-9618+[2001-1458-d00-49--100-36e]-9618&alias=bigbird22.cern.ch&noUDP&sock=schedd_849351_b7ee>
...
000 (5057447.002.000) 02/07 22:35:42 Job submitted from host: <188.185.121.235:9618?addrs=188.185.121.235-9618+[2001-1458-d00-49--100-36e]-9618&alias=bigbird22.cern.ch&noUDP&sock=schedd_849351_b7ee>
...
000 (5057447.003.000) 02/07 22:35:42 Job submitted from host: <188.185.121.235:9618?addrs=188.185.121.235-9618+[2001-1458-d00-49--100-36e]-9618&alias=bigbird22.cern.ch&noUDP&sock=schedd_849351_b7ee>
...
000 (5057447.004.000) 02/07 22:35:42 Job submitted from host: <188.185.121.235:9618?addrs=188.185.121.235-9618+[2001-1458-d00-49--100-36e]-9618&alias=bigbird22.cern.ch&noUDP&sock=schedd_849351_b7ee>
...
000 (5057447.005.000) 02/07 22:35:42 Job submitted from host: <188.185.121.235:9618?addrs=188.185.121.235-9618+[2001-1458-d00-49--100-36e]-9618&alias=bigbird22.cern.ch&noUDP&sock=schedd_849351_b7ee>
...
000 (5057447.006.000) 02/07 22:35:42 Job submitted from host: <188.185.121.235:9618?addrs=188.185.121.235-9618+[2001-1458-d00-49--100-36e]-9618&alias=bigbird22.cern.ch&noUDP&sock=schedd_849351_b7ee>
...
000 (5057447.007.000) 02/07 22:35:42 Job submitted from host: <188.185.121.235:9618?addrs=188.185.121.235-9618+[2001-1458-d00-49--100-36e]-9618&alias=bigbird22.cern.ch&noUDP&sock=schedd_849351_b7ee>
...
000 (5057447.008.000) 02/07 22:35:42 Job submitted from host: <188.185.121.235:9618?addrs=188.185.121.235-9618+[2001-1458-d00-49--100-36e]-9618&alias=bigbird22.cern.ch&noUDP&sock=schedd_849351_b7ee>
...
000 (5057447.009.000) 02/07 22:35:42 Job submitted from host: <188.185.121.235:9618?addrs=188.185.121.235-9618+[2001-1458-d00-49--100-36e]-9618&alias=bigbird22.cern.ch&noUDP&sock=schedd_849351_b7ee>
...
000 (5057447.010.000) 02/07 22:35:42 Job submitted from host: <188.185.121.235:9618?addrs=188.185.121.235-9618+[2001-1458-d00-49--100-36e]-9618&alias=bigbird22.cern.ch&noUDP&sock=schedd_849351_b7ee>
...
000 (5057447.011.000) 02/07 22:35:42 Job submitted from host: <188.185.121.235:9618?addrs=188.185.121.235-9618+[2001-1458-d00-49--100-36e]-9618&alias=bigbird22.cern.ch&noUDP&sock=schedd_849351_b7ee>
...
000 (5057447.012.000) 02/07 22:35:42 Job submitted from host: <188.185.121.235:9618?addrs=188.185.121.235-9618+[2001-1458-d00-49--100-36e]-9618&alias=bigbird22.cern.ch&noUDP&sock=schedd_849351_b7ee>
...
000 (5057447.013.000) 02/07 22:35:42 Job submitted from host: <188.185.121.235:9618?addrs=188.185.121.235-9618+[2001-1458-d00-49--100-36e]-9618&alias=bigbird22.cern.ch&noUDP&sock=schedd_849351_b7ee>
...
000 (5057447.014.000) 02/07 22:35:42 Job submitted from host: <188.185.121.235:9618?addrs=188.185.121.235-9618+[2001-1458-d00-49--100-36e]-9618&alias=bigbird22.cern.ch&noUDP&sock=schedd_849351_b7ee>
...
000 (5057447.015.000) 02/07 22:35:42 Job submitted from host: <188.185.121.235:9618?addrs=188.185.121.235-9618+[2001-1458-d00-49--100-36e]-9618&alias=bigbird22.cern.ch&noUDP&sock=schedd_849351_b7ee>
...
000 (5057447.016.000) 02/07 22:35:42 Job submitted from host: <188.185.121.235:9618?addrs=188.185.121.235-9618+[2001-1458-d00-49--100-36e]-9618&alias=bigbird22.cern.ch&noUDP&sock=schedd_849351_b7ee>
...
000 (5057447.017.000) 02/07 22:35:42 Job submitted from host: <188.185.121.235:9618?addrs=188.185.121.235-9618+[2001-1458-d00-49--100-36e]-9618&alias=bigbird22.cern.ch&noUDP&sock=schedd_849351_b7ee>
...
000 (5057447.018.000) 02/07 22:35:42 Job submitted from host: <188.185.121.235:9618?addrs=188.185.121.235-9618+[2001-1458-d00-49--100-36e]-9618&alias=bigbird22.cern.ch&noUDP&sock=schedd_849351_b7ee>
...
000 (5057447.019.000) 02/07 22:35:42 Job submitted from host: <188.185.121.235:9618?addrs=188.185.121.235-9618+[2001-1458-d00-49--100-36e]-9618&alias=bigbird22.cern.ch&noUDP&sock=schedd_849351_b7ee>
...
000 (5057447.020.000) 02/07 22:35:42 Job submitted from host: <188.185.121.235:9618?addrs=188.185.121.235-9618+[2001-1458-d00-49--100-36e]-9618&alias=bigbird22.cern.ch&noUDP&sock=schedd_849351_b7ee>
...
000 (5057447.021.000) 02/07 22:35:42 Job submitted from host: <188.185.121.235:9618?addrs=188.185.121.235-9618+[2001-1458-d00-49--100-36e]-9618&alias=bigbird22.cern.ch&noUDP&sock=schedd_849351_b7ee>
...
000 (5057447.022.000) 02/07 22:35:42 Job submitted from host: <188.185.121.235:9618?addrs=188.185.121.235-9618+[2001-1458-d00-49--100-36e]-9618&alias=bigbird22.cern.ch&noUDP&sock=schedd_849351_b7ee>
...
000 (5057447.023.000) 02/07 22:35:42 Job submitted from host: <188.185.121.235:9618?addrs=188.185.121.235-9618+[2001-1458-d00-49--100-36e]-9618&alias=bigbird22.cern.ch&noUDP&sock=schedd_849351_b7ee>
...
000 (5057447.024.000) 02/07 22:35:42 Job submitted from host: <188.185.121.235:9618?addrs=188.185.121.235-9618+[2001-1458-d00-49--100-36e]-9618&alias=bigbird22.cern.ch&noUDP&sock=schedd_849351_b7ee>
...
000 (5057447.025.000) 02/07 22:35:42 Job submitted from host: <188.185.121.235:9618?addrs=188.185.121.235-9618+[2001-1458-d00-49--100-36e]-9618&alias=bigbird22.cern.ch&noUDP&sock=schedd_849351_b7ee>
...
040 (5057447.000.000) 02/07 23:06:47 Started transferring input files
	Transferring to host: <188.184.160.115:9618?addrs=188.184.160.115-9618+[2001-1458-301-48--100-6d]-9618&alias=b9s09p8747.cern.ch&noUDP&sock=slot1_24_489835_d1e8_22878>
...
040 (5057447.001.000) 02/07 23:06:47 Started transferring input files
	Transferring to host: <188.184.163.170:9618?addrs=188.184.163.170-9618+[2001-1458-301-4d--100-a4]-9618&alias=b9s12p1621.cern.ch&noUDP&sock=slot1_18_3882602_1876_1825>
...
040 (5057447.001.000) 02/07 23:06:47 Finished transferring input files
...
040 (5057447.000.000) 02/07 23:06:47 Finished transferring input files
...
040 (5057447.003.000) 02/07 23:06:48 Started transferring input files
	Transferring to host: <128.142.248.165:9618?addrs=128.142.248.165-9618+[2001-1458-301-73--100-a4]-9618&alias=b9g23p9031.cern.ch&noUDP&sock=slot1_12_2133936_b4f1_17314>
...
040 (5057447.003.000) 02/07 23:06:48 Finished transferring input files
...
040 (5057447.002.000) 02/07 23:06:48 Started transferring input files
	Transferring to host: <188.184.163.127:9618?addrs=188.184.163.127-9618+[2001-1458-301-4d--100-79]-9618&alias=b9s12p7620.cern.ch&noUDP&sock=slot1_27_51547_4649_22816>
...
040 (5057447.002.000) 02/07 23:06:48 Finished transferring input files
...
040 (5057447.004.000) 02/07 23:06:48 Started transferring input files
	Transferring to host: <188.184.160.171:9618?addrs=188.184.160.171-9618+[2001-1458-301-48--100-a5]-9618&alias=b9s09p9984.cern.ch&noUDP&sock=slot1_19_1124881_2d08_22022>
...
040 (5057447.004.000) 02/07 23:06:48 Finished transferring input files
...
001 (5057447.001.000) 02/07 23:06:48 Job executing on host: <188.184.163.170:9618?addrs=188.184.163.170-9618+[2001-1458-301-4d--100-a4]-9618&alias=b9s12p1621.cern.ch&noUDP&sock=startd_425773_7133>
...
001 (5057447.000.000) 02/07 23:06:48 Job executing on host: <188.184.160.115:9618?addrs=188.184.160.115-9618+[2001-1458-301-48--100-6d]-9618&alias=b9s09p8747.cern.ch&noUDP&sock=startd_489797_94b6>
...
040 (5057447.006.000) 02/07 23:06:49 Started transferring input files
	Transferring to host: <188.184.162.21:9618?addrs=188.184.162.21-9618+[2001-1458-301-4a--100-f]-9618&alias=b9s11p0051.cern.ch&noUDP&sock=slot1_21_255197_1f63_24210>
...
040 (5057447.006.000) 02/07 23:06:49 Finished transferring input files
...
040 (5057447.005.000) 02/07 23:06:49 Started transferring input files
	Transferring to host: <188.184.163.124:9618?addrs=188.184.163.124-9618+[2001-1458-301-4d--100-76]-9618&alias=b9s12p9081.cern.ch&noUDP&sock=slot1_10_479003_b230_23738>
...
040 (5057447.005.000) 02/07 23:06:49 Finished transferring input files
...
001 (5057447.003.000) 02/07 23:06:49 Job executing on host: <128.142.248.165:9618?addrs=128.142.248.165-9618+[2001-1458-301-73--100-a4]-9618&alias=b9g23p9031.cern.ch&noUDP&sock=startd_118632_4359>
...
040 (5057447.007.000) 02/07 23:06:49 Started transferring input files
	Transferring to host: <188.184.160.88:9618?addrs=188.184.160.88-9618+[2001-1458-301-48--100-52]-9618&alias=b9s09p8991.cern.ch&noUDP&sock=slot1_11_1997340_77be_18757>
...
040 (5057447.007.000) 02/07 23:06:49 Finished transferring input files
...
001 (5057447.002.000) 02/07 23:06:49 Job executing on host: <188.184.163.127:9618?addrs=188.184.163.127-9618+[2001-1458-301-4d--100-79]-9618&alias=b9s12p7620.cern.ch&noUDP&sock=startd_51507_18a7>
...
001 (5057447.004.000) 02/07 23:06:49 Job executing on host: <188.184.160.171:9618?addrs=188.184.160.171-9618+[2001-1458-301-48--100-a5]-9618&alias=b9s09p9984.cern.ch&noUDP&sock=startd_1124843_50e8>
...
001 (5057447.006.000) 02/07 23:06:50 Job executing on host: <188.184.162.21:9618?addrs=188.184.162.21-9618+[2001-1458-301-4a--100-f]-9618&alias=b9s11p0051.cern.ch&noUDP&sock=startd_255158_be4b>
...
001 (5057447.005.000) 02/07 23:06:50 Job executing on host: <188.184.163.124:9618?addrs=188.184.163.124-9618+[2001-1458-301-4d--100-76]-9618&alias=b9s12p9081.cern.ch&noUDP&sock=startd_478964_0b40>
...
040 (5057447.012.000) 02/07 23:06:50 Started transferring input files
	Transferring to host: <128.142.60.158:9618?addrs=128.142.60.158-9618+[2001-1458-301-22--100-9d]-9618&alias=b9s05p2505.cern.ch&noUDP&sock=slot1_28_701367_4002_30750>
...
040 (5057447.012.000) 02/07 23:06:50 Finished transferring input files
...
001 (5057447.007.000) 02/07 23:06:50 Job executing on host: <188.184.160.88:9618?addrs=188.184.160.88-9618+[2001-1458-301-48--100-52]-9618&alias=b9s09p8991.cern.ch&noUDP&sock=startd_140766_5897>
...
040 (5057447.008.000) 02/07 23:06:50 Started transferring input files
	Transferring to host: <188.184.165.67:9618?addrs=188.184.165.67-9618+[2001-1458-301-51--100-3e]-9618&alias=b9s14p8016.cern.ch&noUDP&sock=slot1_15_551132_1a05_23685>
...
040 (5057447.008.000) 02/07 23:06:50 Finished transferring input files
...
040 (5057447.009.000) 02/07 23:06:50 Started transferring input files
	Transferring to host: <188.184.164.123:9618?addrs=188.184.164.123-9618+[2001-1458-301-4e--100-75]-9618&alias=b9s13p1486.cern.ch&noUDP&sock=slot1_9_2865067_a334_22187>
...
040 (5057447.009.000) 02/07 23:06:50 Finished transferring input files
...
040 (5057447.010.000) 02/07 23:06:50 Started transferring input files
	Transferring to host: <188.184.163.130:9618?addrs=188.184.163.130-9618+[2001-1458-301-4d--100-7c]-9618&alias=b9s12p3290.cern.ch&noUDP&sock=slot1_34_569642_1235_23465>
...
040 (5057447.010.000) 02/07 23:06:50 Finished transferring input files
...
001 (5057447.012.000) 02/07 23:06:51 Job executing on host: <128.142.60.158:9618?addrs=128.142.60.158-9618+[2001-1458-301-22--100-9d]-9618&alias=b9s05p2505.cern.ch&noUDP&sock=startd_701329_f03d>
...
040 (5057447.011.000) 02/07 23:06:51 Started transferring input files
	Transferring to host: <128.142.132.111:9618?addrs=128.142.132.111-9618+[2001-1458-301-5a--100-63]-9618&alias=b9g12p3298.cern.ch&noUDP&sock=slot1_3_2727_2b08_1652>
...
040 (5057447.011.000) 02/07 23:06:51 Finished transferring input files
...
001 (5057447.008.000) 02/07 23:06:51 Job executing on host: <188.184.165.67:9618?addrs=188.184.165.67-9618+[2001-1458-301-51--100-3e]-9618&alias=b9s14p8016.cern.ch&noUDP&sock=startd_551094_3975>
...
001 (5057447.009.000) 02/07 23:06:51 Job executing on host: <188.184.164.123:9618?addrs=188.184.164.123-9618+[2001-1458-301-4e--100-75]-9618&alias=b9s13p1486.cern.ch&noUDP&sock=startd_212507_b474>
...
001 (5057447.010.000) 02/07 23:06:51 Job executing on host: <188.184.163.130:9618?addrs=188.184.163.130-9618+[2001-1458-301-4d--100-7c]-9618&alias=b9s12p3290.cern.ch&noUDP&sock=startd_569603_dbe2>
...
040 (5057447.014.000) 02/07 23:06:52 Started transferring input files
	Transferring to host: <128.142.132.114:9618?addrs=128.142.132.114-9618+[2001-1458-301-5a--100-66]-9618&alias=b9g12p6157.cern.ch&noUDP&sock=slot1_4_5131_00ea_1597>
...
040 (5057447.014.000) 02/07 23:06:52 Finished transferring input files
...
001 (5057447.011.000) 02/07 23:06:52 Job executing on host: <128.142.132.111:9618?addrs=128.142.132.111-9618+[2001-1458-301-5a--100-63]-9618&alias=b9g12p3298.cern.ch&noUDP&sock=startd_2309_5c44>
...
040 (5057447.015.000) 02/07 23:06:52 Started transferring input files
	Transferring to host: <128.142.131.112:9618?addrs=128.142.131.112-9618+[2001-1458-301-59--100-64]-9618&alias=b9g11p7594.cern.ch&noUDP&sock=slot1_33_2878_8fae_54555>
...
040 (5057447.015.000) 02/07 23:06:52 Finished transferring input files
...
040 (5057447.016.000) 02/07 23:06:52 Started transferring input files
	Transferring to host: <128.142.137.78:9618?addrs=128.142.137.78-9618+[2001-1458-301-5e--100-42]-9618&alias=b9g19p6043.cern.ch&noUDP&sock=slot1_44_703636_f73e_78134>
...
040 (5057447.016.000) 02/07 23:06:52 Finished transferring input files
...
040 (5057447.013.000) 02/07 23:06:52 Started transferring input files
	Transferring to host: <128.142.137.69:9618?addrs=128.142.137.69-9618+[2001-1458-301-5e--100-39]-9618&alias=b9g19p7817.cern.ch&noUDP&sock=slot1_15_2786_bd2a_6869>
...
040 (5057447.013.000) 02/07 23:06:52 Finished transferring input files
...
040 (5057447.018.000) 02/07 23:06:53 Started transferring input files
	Transferring to host: <128.142.63.92:9618?addrs=128.142.63.92-9618+[2001-1458-301-38--100-59]-9618&alias=b9s08p9714.cern.ch&noUDP&sock=slot1_22_2947_2d91_20307>
...
040 (5057447.018.000) 02/07 23:06:53 Finished transferring input files
...
001 (5057447.014.000) 02/07 23:06:53 Job executing on host: <128.142.132.114:9618?addrs=128.142.132.114-9618+[2001-1458-301-5a--100-66]-9618&alias=b9g12p6157.cern.ch&noUDP&sock=startd_3790_3407>
...
040 (5057447.019.000) 02/07 23:06:53 Started transferring input files
	Transferring to host: <128.142.194.228:9618?addrs=128.142.194.228-9618+[2001-1458-301-13--100-64]-9618&alias=b9g30p3420.cern.ch&noUDP&sock=slot1_17_146330_78f8_139473>
...
040 (5057447.019.000) 02/07 23:06:53 Finished transferring input files
...
001 (5057447.015.000) 02/07 23:06:53 Job executing on host: <128.142.131.112:9618?addrs=128.142.131.112-9618+[2001-1458-301-59--100-64]-9618&alias=b9g11p7594.cern.ch&noUDP&sock=startd_2548_4b67>
...
040 (5057447.017.000) 02/07 23:06:53 Started transferring input files
	Transferring to host: <128.142.193.194:9618?addrs=128.142.193.194-9618+[2001-1458-301-8--100-3e]-9618&alias=b9g21p9155.cern.ch&noUDP&sock=slot1_27_3077278_7c0a_19007>
...
040 (5057447.017.000) 02/07 23:06:53 Finished transferring input files
...
001 (5057447.016.000) 02/07 23:06:53 Job executing on host: <128.142.137.78:9618?addrs=128.142.137.78-9618+[2001-1458-301-5e--100-42]-9618&alias=b9g19p6043.cern.ch&noUDP&sock=startd_121209_dee9>
...
001 (5057447.013.000) 02/07 23:06:53 Job executing on host: <128.142.137.69:9618?addrs=128.142.137.69-9618+[2001-1458-301-5e--100-39]-9618&alias=b9g19p7817.cern.ch&noUDP&sock=startd_2367_24c2>
...
001 (5057447.018.000) 02/07 23:06:54 Job executing on host: <128.142.63.92:9618?addrs=128.142.63.92-9618+[2001-1458-301-38--100-59]-9618&alias=b9s08p9714.cern.ch&noUDP&sock=startd_2908_397f>
...
001 (5057447.019.000) 02/07 23:06:54 Job executing on host: <128.142.194.228:9618?addrs=128.142.194.228-9618+[2001-1458-301-13--100-64]-9618&alias=b9g30p3420.cern.ch&noUDP&sock=startd_134564_4a38>
...
040 (5057447.022.000) 02/07 23:06:54 Started transferring input files
	Transferring to host: <128.142.194.142:9618?addrs=128.142.194.142-9618+[2001-1458-301-13--100-e]-9618&alias=b9g30p6183.cern.ch&noUDP&sock=slot1_16_8030_9c80_61173>
...
040 (5057447.022.000) 02/07 23:06:54 Finished transferring input files
...
040 (5057447.021.000) 02/07 23:06:54 Started transferring input files
	Transferring to host: <188.184.160.76:9618?addrs=188.184.160.76-9618+[2001-1458-301-48--100-46]-9618&alias=b9s09p9451.cern.ch&noUDP&sock=slot1_2_528747_d816_24249>
...
040 (5057447.021.000) 02/07 23:06:54 Finished transferring input files
...
040 (5057447.020.000) 02/07 23:06:54 Started transferring input files
	Transferring to host: <128.142.61.22:9618?addrs=128.142.61.22-9618+[2001-1458-301-23--100-15]-9618&alias=b9s06p7005.cern.ch&noUDP&sock=slot1_39_229456_426c_23456>
...
040 (5057447.020.000) 02/07 23:06:54 Finished transferring input files
...
001 (5057447.017.000) 02/07 23:06:54 Job executing on host: <128.142.193.194:9618?addrs=128.142.193.194-9618+[2001-1458-301-8--100-3e]-9618&alias=b9g21p9155.cern.ch&noUDP&sock=startd_8837_0683>
...
040 (5057447.024.000) 02/07 23:06:55 Started transferring input files
	Transferring to host: <128.142.194.140:9618?addrs=128.142.194.140-9618+[2001-1458-301-13--100-c]-9618&alias=b9g30p8940.cern.ch&noUDP&sock=slot1_18_14692_97cf_60389>
...
040 (5057447.024.000) 02/07 23:06:55 Finished transferring input files
...
040 (5057447.023.000) 02/07 23:06:55 Started transferring input files
	Transferring to host: <128.142.60.129:9618?addrs=128.142.60.129-9618+[2001-1458-301-22--100-80]-9618&alias=b9s05p9866.cern.ch&noUDP&sock=slot1_15_537622_159f_23082>
...
040 (5057447.023.000) 02/07 23:06:55 Finished transferring input files
...
001 (5057447.022.000) 02/07 23:06:55 Job executing on host: <128.142.194.142:9618?addrs=128.142.194.142-9618+[2001-1458-301-13--100-e]-9618&alias=b9g30p6183.cern.ch&noUDP&sock=startd_6852_7b05>
...
040 (5057447.025.000) 02/07 23:06:55 Started transferring input files
	Transferring to host: <128.142.63.86:9618?addrs=128.142.63.86-9618+[2001-1458-301-38--100-53]-9618&alias=b9s08p5438.cern.ch&noUDP&sock=slot1_6_546152_3dba_23854>
...
040 (5057447.025.000) 02/07 23:06:55 Finished transferring input files
...
001 (5057447.021.000) 02/07 23:06:55 Job executing on host: <188.184.160.76:9618?addrs=188.184.160.76-9618+[2001-1458-301-48--100-46]-9618&alias=b9s09p9451.cern.ch&noUDP&sock=startd_528706_eb29>
...
001 (5057447.020.000) 02/07 23:06:55 Job executing on host: <128.142.61.22:9618?addrs=128.142.61.22-9618+[2001-1458-301-23--100-15]-9618&alias=b9s06p7005.cern.ch&noUDP&sock=startd_229417_8ef2>
...
001 (5057447.024.000) 02/07 23:06:56 Job executing on host: <128.142.194.140:9618?addrs=128.142.194.140-9618+[2001-1458-301-13--100-c]-9618&alias=b9g30p8940.cern.ch&noUDP&sock=startd_13484_7b1d>
...
001 (5057447.023.000) 02/07 23:06:56 Job executing on host: <128.142.60.129:9618?addrs=128.142.60.129-9618+[2001-1458-301-22--100-80]-9618&alias=b9s05p9866.cern.ch&noUDP&sock=startd_537583_cd5f>
...
001 (5057447.025.000) 02/07 23:06:56 Job executing on host: <128.142.63.86:9618?addrs=128.142.63.86-9618+[2001-1458-301-38--100-53]-9618&alias=b9s08p5438.cern.ch&noUDP&sock=startd_546114_5bd1>
...
006 (5057447.003.000) 02/07 23:06:57 Image size of job updated: 505272
	493  -  MemoryUsage of job (MB)
	504120  -  ResidentSetSize of job (KB)
...
006 (5057447.002.000) 02/07 23:06:57 Image size of job updated: 431796
	422  -  MemoryUsage of job (MB)
	431796  -  ResidentSetSize of job (KB)
...
006 (5057447.001.000) 02/07 23:06:57 Image size of job updated: 290196
	284  -  MemoryUsage of job (MB)
	290196  -  ResidentSetSize of job (KB)
...
006 (5057447.000.000) 02/07 23:06:57 Image size of job updated: 464532
	454  -  MemoryUsage of job (MB)
	464532  -  ResidentSetSize of job (KB)
...
006 (5057447.006.000) 02/07 23:06:58 Image size of job updated: 481432
	470  -  MemoryUsage of job (MB)
	481032  -  ResidentSetSize of job (KB)
...
006 (5057447.005.000) 02/07 23:06:58 Image size of job updated: 187848
	179  -  MemoryUsage of job (MB)
	182868  -  ResidentSetSize of job (KB)
...
006 (5057447.007.000) 02/07 23:06:58 Image size of job updated: 248928
	244  -  MemoryUsage of job (MB)
	248840  -  ResidentSetSize of job (KB)
...
006 (5057447.004.000) 02/07 23:06:58 Image size of job updated: 267180
	261  -  MemoryUsage of job (MB)
	267164  -  ResidentSetSize of job (KB)
...
006 (5057447.012.000) 02/07 23:06:59 Image size of job updated: 143776
	140  -  MemoryUsage of job (MB)
	143264  -  ResidentSetSize of job (KB)
...
006 (5057447.008.000) 02/07 23:06:59 Image size of job updated: 482664
	471  -  MemoryUsage of job (MB)
	482156  -  ResidentSetSize of job (KB)
...
006 (5057447.011.000) 02/07 23:07:00 Image size of job updated: 209240
	205  -  MemoryUsage of job (MB)
	209240  -  ResidentSetSize of job (KB)
...
006 (5057447.009.000) 02/07 23:07:00 Image size of job updated: 297144
	291  -  MemoryUsage of job (MB)
	297144  -  ResidentSetSize of job (KB)
...
006 (5057447.010.000) 02/07 23:07:00 Image size of job updated: 249048
	243  -  MemoryUsage of job (MB)
	248812  -  ResidentSetSize of job (KB)
...
006 (5057447.014.000) 02/07 23:07:01 Image size of job updated: 187608
	184  -  MemoryUsage of job (MB)
	187608  -  ResidentSetSize of job (KB)
...
006 (5057447.018.000) 02/07 23:07:02 Image size of job updated: 492044
	480  -  MemoryUsage of job (MB)
	491108  -  ResidentSetSize of job (KB)
...
006 (5057447.019.000) 02/07 23:07:02 Image size of job updated: 434376
	425  -  MemoryUsage of job (MB)
	434376  -  ResidentSetSize of job (KB)
...
006 (5057447.015.000) 02/07 23:07:02 Image size of job updated: 175844
	172  -  MemoryUsage of job (MB)
	175844  -  ResidentSetSize of job (KB)
...
006 (5057447.016.000) 02/07 23:07:02 Image size of job updated: 128580
	126  -  MemoryUsage of job (MB)
	128580  -  ResidentSetSize of job (KB)
...
006 (5057447.013.000) 02/07 23:07:02 Image size of job updated: 116988
	115  -  MemoryUsage of job (MB)
	116988  -  ResidentSetSize of job (KB)
...
006 (5057447.017.000) 02/07 23:07:03 Image size of job updated: 215712
	211  -  MemoryUsage of job (MB)
	215712  -  ResidentSetSize of job (KB)
...
006 (5057447.024.000) 02/07 23:07:04 Image size of job updated: 478088
	467  -  MemoryUsage of job (MB)
	478088  -  ResidentSetSize of job (KB)
...
006 (5057447.023.000) 02/07 23:07:04 Image size of job updated: 495256
	484  -  MemoryUsage of job (MB)
	495256  -  ResidentSetSize of job (KB)
...
006 (5057447.022.000) 02/07 23:07:04 Image size of job updated: 485572
	474  -  MemoryUsage of job (MB)
	485200  -  ResidentSetSize of job (KB)
...
006 (5057447.021.000) 02/07 23:07:04 Image size of job updated: 381648
	373  -  MemoryUsage of job (MB)
	381648  -  ResidentSetSize of job (KB)
...
006 (5057447.020.000) 02/07 23:07:04 Image size of job updated: 493204
	482  -  MemoryUsage of job (MB)
	493156  -  ResidentSetSize of job (KB)
...
006 (5057447.025.000) 02/07 23:07:05 Image size of job updated: 494256
	482  -  MemoryUsage of job (MB)
	492760  -  ResidentSetSize of job (KB)
...
006 (5057447.007.000) 02/07 23:08:01 Image size of job updated: 523396
	352  -  MemoryUsage of job (MB)
	359484  -  ResidentSetSize of job (KB)
...
040 (5057447.007.000) 02/07 23:08:01 Started transferring output files
...
040 (5057447.007.000) 02/07 23:08:01 Finished transferring output files
...
005 (5057447.007.000) 02/07 23:08:01 Job terminated.
	(1) Normal termination (return value 0)
		Usr 0 00:00:09, Sys 0 00:00:03  -  Run Remote Usage
		Usr 0 00:00:00, Sys 0 00:00:00  -  Run Local Usage
		Usr 0 00:00:09, Sys 0 00:00:03  -  Total Remote Usage
		Usr 0 00:00:00, Sys 0 00:00:00  -  Total Local Usage
	24707  -  Run Bytes Sent By Job
	10929  -  Run Bytes Received By Job
	24707  -  Total Bytes Sent By Job
	10929  -  Total Bytes Received By Job
	Partitionable Resources :    Usage  Request Allocated 
	   Cpus                 :        0        1         1 
	   Disk (KB)            :      112        1   2937166 
	   Memory (MB)          :      352     2000      2000 

	Job terminated of its own accord at 2024-02-07T22:08:01Z.
...
040 (5057447.019.000) 02/07 23:08:39 Started transferring output files
...
040 (5057447.019.000) 02/07 23:08:39 Finished transferring output files
...
005 (5057447.019.000) 02/07 23:08:39 Job terminated.
	(1) Normal termination (return value 0)
		Usr 0 00:00:05, Sys 0 00:00:02  -  Run Remote Usage
		Usr 0 00:00:00, Sys 0 00:00:00  -  Run Local Usage
		Usr 0 00:00:05, Sys 0 00:00:02  -  Total Remote Usage
		Usr 0 00:00:00, Sys 0 00:00:00  -  Total Local Usage
	24701  -  Run Bytes Sent By Job
	10929  -  Run Bytes Received By Job
	24701  -  Total Bytes Sent By Job
	10929  -  Total Bytes Received By Job
	Partitionable Resources :    Usage  Request Allocated 
	   Cpus                 :                 1         1 
	   Disk (KB)            :      105        1   2622437 
	   Memory (MB)          :      425     2000      2000 

	Job terminated of its own accord at 2024-02-07T22:08:39Z.
...
006 (5057447.022.000) 02/07 23:09:30 Image size of job updated: 543264
	474  -  MemoryUsage of job (MB)
	485200  -  ResidentSetSize of job (KB)
...
040 (5057447.022.000) 02/07 23:09:30 Started transferring output files
...
040 (5057447.022.000) 02/07 23:09:30 Finished transferring output files
...
005 (5057447.022.000) 02/07 23:09:30 Job terminated.
	(1) Normal termination (return value 0)
		Usr 0 00:00:14, Sys 0 00:00:02  -  Run Remote Usage
		Usr 0 00:00:00, Sys 0 00:00:00  -  Run Local Usage
		Usr 0 00:00:14, Sys 0 00:00:02  -  Total Remote Usage
		Usr 0 00:00:00, Sys 0 00:00:00  -  Total Local Usage
	24754  -  Run Bytes Sent By Job
	10929  -  Run Bytes Received By Job
	24754  -  Total Bytes Sent By Job
	10929  -  Total Bytes Received By Job
	Partitionable Resources :    Usage  Request Allocated 
	   Cpus                 :                 1         1 
	   Disk (KB)            :      132        1   1144548 
	   Memory (MB)          :      474     2000      2000 

	Job terminated of its own accord at 2024-02-07T22:09:30Z.
...
006 (5057447.011.000) 02/07 23:10:12 Image size of job updated: 359128
	351  -  MemoryUsage of job (MB)
	359128  -  ResidentSetSize of job (KB)
...
040 (5057447.011.000) 02/07 23:10:12 Started transferring output files
...
040 (5057447.011.000) 02/07 23:10:13 Finished transferring output files
...
005 (5057447.011.000) 02/07 23:10:13 Job terminated.
	(1) Normal termination (return value 0)
		Usr 0 00:00:10, Sys 0 00:00:02  -  Run Remote Usage
		Usr 0 00:00:00, Sys 0 00:00:00  -  Run Local Usage
		Usr 0 00:00:10, Sys 0 00:00:02  -  Total Remote Usage
		Usr 0 00:00:00, Sys 0 00:00:00  -  Total Local Usage
	24701  -  Run Bytes Sent By Job
	10929  -  Run Bytes Received By Job
	24701  -  Total Bytes Sent By Job
	10929  -  Total Bytes Received By Job
	Partitionable Resources :    Usage  Request Allocated 
	   Cpus                 :     0.00        1         1 
	   Disk (KB)            :   112           1   1834130 
	   Memory (MB)          :   351        2000      2000 

	Job terminated of its own accord at 2024-02-07T22:10:12Z.
...
006 (5057447.017.000) 02/07 23:11:32 Image size of job updated: 357740
	350  -  MemoryUsage of job (MB)
	357740  -  ResidentSetSize of job (KB)
...
040 (5057447.017.000) 02/07 23:11:32 Started transferring output files
...
040 (5057447.017.000) 02/07 23:11:32 Finished transferring output files
...
005 (5057447.017.000) 02/07 23:11:32 Job terminated.
	(1) Normal termination (return value 0)
		Usr 0 00:00:25, Sys 0 00:00:03  -  Run Remote Usage
		Usr 0 00:00:00, Sys 0 00:00:00  -  Run Local Usage
		Usr 0 00:00:25, Sys 0 00:00:03  -  Total Remote Usage
		Usr 0 00:00:00, Sys 0 00:00:00  -  Total Local Usage
	24723  -  Run Bytes Sent By Job
	10929  -  Run Bytes Received By Job
	24723  -  Total Bytes Sent By Job
	10929  -  Total Bytes Received By Job
	Partitionable Resources :    Usage  Request Allocated 
	   Cpus                 :                 1         1 
	   Disk (KB)            :      104        1   1272244 
	   Memory (MB)          :      350     2000      2000 

	Job terminated of its own accord at 2024-02-07T22:11:32Z.
...
006 (5057447.003.000) 02/07 23:11:57 Image size of job updated: 558592
	545  -  MemoryUsage of job (MB)
	557740  -  ResidentSetSize of job (KB)
...
006 (5057447.002.000) 02/07 23:11:57 Image size of job updated: 545040
	532  -  MemoryUsage of job (MB)
	543884  -  ResidentSetSize of job (KB)
...
006 (5057447.001.000) 02/07 23:11:58 Image size of job updated: 566688
	553  -  MemoryUsage of job (MB)
	565912  -  ResidentSetSize of job (KB)
...
006 (5057447.000.000) 02/07 23:11:58 Image size of job updated: 557504
	544  -  MemoryUsage of job (MB)
	556316  -  ResidentSetSize of job (KB)
...
006 (5057447.006.000) 02/07 23:11:58 Image size of job updated: 539292
	526  -  MemoryUsage of job (MB)
	538280  -  ResidentSetSize of job (KB)
...
006 (5057447.005.000) 02/07 23:11:58 Image size of job updated: 519892
	479  -  MemoryUsage of job (MB)
	490300  -  ResidentSetSize of job (KB)
...
006 (5057447.012.000) 02/07 23:11:59 Image size of job updated: 196828
	192  -  MemoryUsage of job (MB)
	196272  -  ResidentSetSize of job (KB)
...
006 (5057447.004.000) 02/07 23:11:59 Image size of job updated: 540844
	528  -  MemoryUsage of job (MB)
	540356  -  ResidentSetSize of job (KB)
...
006 (5057447.008.000) 02/07 23:12:00 Image size of job updated: 549344
	535  -  MemoryUsage of job (MB)
	547092  -  ResidentSetSize of job (KB)
...
006 (5057447.014.000) 02/07 23:12:01 Image size of job updated: 542164
	530  -  MemoryUsage of job (MB)
	542164  -  ResidentSetSize of job (KB)
...
006 (5057447.009.000) 02/07 23:12:01 Image size of job updated: 552720
	538  -  MemoryUsage of job (MB)
	550076  -  ResidentSetSize of job (KB)
...
006 (5057447.010.000) 02/07 23:12:01 Image size of job updated: 535412
	523  -  MemoryUsage of job (MB)
	534864  -  ResidentSetSize of job (KB)
...
006 (5057447.018.000) 02/07 23:12:02 Image size of job updated: 560264
	545  -  MemoryUsage of job (MB)
	557944  -  ResidentSetSize of job (KB)
...
006 (5057447.016.000) 02/07 23:12:03 Image size of job updated: 540944
	529  -  MemoryUsage of job (MB)
	540944  -  ResidentSetSize of job (KB)
...
006 (5057447.013.000) 02/07 23:12:03 Image size of job updated: 551736
	539  -  MemoryUsage of job (MB)
	551736  -  ResidentSetSize of job (KB)
...
006 (5057447.015.000) 02/07 23:12:03 Image size of job updated: 537064
	525  -  MemoryUsage of job (MB)
	537064  -  ResidentSetSize of job (KB)
...
006 (5057447.024.000) 02/07 23:12:04 Image size of job updated: 542332
	529  -  MemoryUsage of job (MB)
	541284  -  ResidentSetSize of job (KB)
...
006 (5057447.023.000) 02/07 23:12:04 Image size of job updated: 551688
	538  -  MemoryUsage of job (MB)
	550720  -  ResidentSetSize of job (KB)
...
006 (5057447.021.000) 02/07 23:12:05 Image size of job updated: 561624
	549  -  MemoryUsage of job (MB)
	561360  -  ResidentSetSize of job (KB)
...
006 (5057447.020.000) 02/07 23:12:05 Image size of job updated: 561760
	530  -  MemoryUsage of job (MB)
	542004  -  ResidentSetSize of job (KB)
...
006 (5057447.025.000) 02/07 23:12:06 Image size of job updated: 550196
	537  -  MemoryUsage of job (MB)
	549324  -  ResidentSetSize of job (KB)
...
006 (5057447.006.000) 02/07 23:14:02 Image size of job updated: 541472
	526  -  MemoryUsage of job (MB)
	538280  -  ResidentSetSize of job (KB)
...
040 (5057447.006.000) 02/07 23:14:02 Started transferring output files
...
040 (5057447.006.000) 02/07 23:14:02 Finished transferring output files
...
005 (5057447.006.000) 02/07 23:14:02 Job terminated.
	(1) Normal termination (return value 0)
		Usr 0 00:00:48, Sys 0 00:00:05  -  Run Remote Usage
		Usr 0 00:00:00, Sys 0 00:00:00  -  Run Local Usage
		Usr 0 00:00:48, Sys 0 00:00:05  -  Total Remote Usage
		Usr 0 00:00:00, Sys 0 00:00:00  -  Total Local Usage
	22303  -  Run Bytes Sent By Job
	10929  -  Run Bytes Received By Job
	22303  -  Total Bytes Sent By Job
	10929  -  Total Bytes Received By Job
	Partitionable Resources :    Usage  Request Allocated 
	   Cpus                 :     0.23        1         1 
	   Disk (KB)            :  1337           1   2998360 
	   Memory (MB)          :   526        2000      2000 

	Job terminated of its own accord at 2024-02-07T22:14:02Z.
...
006 (5057447.004.000) 02/07 23:15:23 Image size of job updated: 542488
	528  -  MemoryUsage of job (MB)
	540356  -  ResidentSetSize of job (KB)
...
040 (5057447.004.000) 02/07 23:15:23 Started transferring output files
...
040 (5057447.004.000) 02/07 23:15:23 Finished transferring output files
...
005 (5057447.004.000) 02/07 23:15:23 Job terminated.
	(1) Normal termination (return value 0)
		Usr 0 00:01:17, Sys 0 00:00:06  -  Run Remote Usage
		Usr 0 00:00:00, Sys 0 00:00:00  -  Run Local Usage
		Usr 0 00:01:17, Sys 0 00:00:06  -  Total Remote Usage
		Usr 0 00:00:00, Sys 0 00:00:00  -  Total Local Usage
	22349  -  Run Bytes Sent By Job
	10929  -  Run Bytes Received By Job
	22349  -  Total Bytes Sent By Job
	10929  -  Total Bytes Received By Job
	Partitionable Resources :    Usage  Request Allocated 
	   Cpus                 :     0.16        1         1 
	   Disk (KB)            :  1465           1   2965609 
	   Memory (MB)          :   528        2000      2000 

	Job terminated of its own accord at 2024-02-07T22:15:23Z.
...
006 (5057447.001.000) 02/07 23:16:58 Image size of job updated: 568840
	553  -  MemoryUsage of job (MB)
	566252  -  ResidentSetSize of job (KB)
...
006 (5057447.002.000) 02/07 23:16:58 Image size of job updated: 545960
	533  -  MemoryUsage of job (MB)
	545024  -  ResidentSetSize of job (KB)
...
006 (5057447.003.000) 02/07 23:16:58 Image size of job updated: 560244
	546  -  MemoryUsage of job (MB)
	558244  -  ResidentSetSize of job (KB)
...
006 (5057447.012.000) 02/07 23:17:00 Image size of job updated: 199500
	193  -  MemoryUsage of job (MB)
	197364  -  ResidentSetSize of job (KB)
...
006 (5057447.008.000) 02/07 23:17:01 Image size of job updated: 549932
	536  -  MemoryUsage of job (MB)
	548144  -  ResidentSetSize of job (KB)
...
006 (5057447.014.000) 02/07 23:17:02 Image size of job updated: 543700
	531  -  MemoryUsage of job (MB)
	543700  -  ResidentSetSize of job (KB)
...
006 (5057447.009.000) 02/07 23:17:02 Image size of job updated: 552964
	539  -  MemoryUsage of job (MB)
	551632  -  ResidentSetSize of job (KB)
...
006 (5057447.010.000) 02/07 23:17:02 Image size of job updated: 535508
	523  -  MemoryUsage of job (MB)
	534864  -  ResidentSetSize of job (KB)
...
006 (5057447.013.000) 02/07 23:17:03 Image size of job updated: 552560
	540  -  MemoryUsage of job (MB)
	552560  -  ResidentSetSize of job (KB)
...
006 (5057447.018.000) 02/07 23:17:03 Image size of job updated: 560264
	546  -  MemoryUsage of job (MB)
	558796  -  ResidentSetSize of job (KB)
...
006 (5057447.024.000) 02/07 23:17:05 Image size of job updated: 542676
	530  -  MemoryUsage of job (MB)
	541744  -  ResidentSetSize of job (KB)
...
006 (5057447.023.000) 02/07 23:17:05 Image size of job updated: 553816
	539  -  MemoryUsage of job (MB)
	551672  -  ResidentSetSize of job (KB)
...
006 (5057447.021.000) 02/07 23:17:06 Image size of job updated: 563208
	550  -  MemoryUsage of job (MB)
	562452  -  ResidentSetSize of job (KB)
...
006 (5057447.025.000) 02/07 23:17:07 Image size of job updated: 552908
	539  -  MemoryUsage of job (MB)
	550940  -  ResidentSetSize of job (KB)
...
006 (5057447.002.000) 02/07 23:21:59 Image size of job updated: 546508
	533  -  MemoryUsage of job (MB)
	545024  -  ResidentSetSize of job (KB)
...
006 (5057447.003.000) 02/07 23:21:59 Image size of job updated: 560244
	546  -  MemoryUsage of job (MB)
	558720  -  ResidentSetSize of job (KB)
...
006 (5057447.001.000) 02/07 23:21:59 Image size of job updated: 569008
	554  -  MemoryUsage of job (MB)
	566756  -  ResidentSetSize of job (KB)
...
006 (5057447.012.000) 02/07 23:22:01 Image size of job updated: 199500
	193  -  MemoryUsage of job (MB)
	197568  -  ResidentSetSize of job (KB)
...
006 (5057447.008.000) 02/07 23:22:01 Image size of job updated: 551608
	537  -  MemoryUsage of job (MB)
	549368  -  ResidentSetSize of job (KB)
...
006 (5057447.014.000) 02/07 23:22:02 Image size of job updated: 544560
	532  -  MemoryUsage of job (MB)
	544560  -  ResidentSetSize of job (KB)
...
006 (5057447.009.000) 02/07 23:22:02 Image size of job updated: 554224
	540  -  MemoryUsage of job (MB)
	552852  -  ResidentSetSize of job (KB)
...
006 (5057447.018.000) 02/07 23:22:03 Image size of job updated: 561496
	547  -  MemoryUsage of job (MB)
	559752  -  ResidentSetSize of job (KB)
...
006 (5057447.013.000) 02/07 23:22:04 Image size of job updated: 553464
	541  -  MemoryUsage of job (MB)
	553464  -  ResidentSetSize of job (KB)
...
006 (5057447.024.000) 02/07 23:22:05 Image size of job updated: 543260
	530  -  MemoryUsage of job (MB)
	542620  -  ResidentSetSize of job (KB)
...
006 (5057447.023.000) 02/07 23:22:05 Image size of job updated: 554824
	541  -  MemoryUsage of job (MB)
	553048  -  ResidentSetSize of job (KB)
...
006 (5057447.021.000) 02/07 23:22:06 Image size of job updated: 564548
	551  -  MemoryUsage of job (MB)
	563564  -  ResidentSetSize of job (KB)
...
006 (5057447.025.000) 02/07 23:22:07 Image size of job updated: 554344
	540  -  MemoryUsage of job (MB)
	552196  -  ResidentSetSize of job (KB)
...
006 (5057447.003.000) 02/07 23:26:59 Image size of job updated: 560244
	547  -  MemoryUsage of job (MB)
	559296  -  ResidentSetSize of job (KB)
...
006 (5057447.001.000) 02/07 23:27:00 Image size of job updated: 569008
	554  -  MemoryUsage of job (MB)
	566948  -  ResidentSetSize of job (KB)
...
006 (5057447.012.000) 02/07 23:27:01 Image size of job updated: 200140
	194  -  MemoryUsage of job (MB)
	198276  -  ResidentSetSize of job (KB)
...
006 (5057447.008.000) 02/07 23:27:01 Image size of job updated: 552780
	538  -  MemoryUsage of job (MB)
	550820  -  ResidentSetSize of job (KB)
...
006 (5057447.014.000) 02/07 23:27:02 Image size of job updated: 546148
	534  -  MemoryUsage of job (MB)
	546148  -  ResidentSetSize of job (KB)
...
006 (5057447.009.000) 02/07 23:27:02 Image size of job updated: 555768
	542  -  MemoryUsage of job (MB)
	554648  -  ResidentSetSize of job (KB)
...
006 (5057447.018.000) 02/07 23:27:03 Image size of job updated: 561496
	548  -  MemoryUsage of job (MB)
	560160  -  ResidentSetSize of job (KB)
...
006 (5057447.013.000) 02/07 23:27:05 Image size of job updated: 554808
	542  -  MemoryUsage of job (MB)
	554808  -  ResidentSetSize of job (KB)
...
006 (5057447.024.000) 02/07 23:27:05 Image size of job updated: 543776
	531  -  MemoryUsage of job (MB)
	543052  -  ResidentSetSize of job (KB)
...
006 (5057447.023.000) 02/07 23:27:05 Image size of job updated: 555424
	541  -  MemoryUsage of job (MB)
	553812  -  ResidentSetSize of job (KB)
...
006 (5057447.021.000) 02/07 23:27:06 Image size of job updated: 566356
	552  -  MemoryUsage of job (MB)
	565176  -  ResidentSetSize of job (KB)
...
006 (5057447.025.000) 02/07 23:27:07 Image size of job updated: 555148
	541  -  MemoryUsage of job (MB)
	553704  -  ResidentSetSize of job (KB)
...
040 (5057447.014.000) 02/07 23:27:08 Started transferring output files
...
040 (5057447.014.000) 02/07 23:27:08 Finished transferring output files
...
005 (5057447.014.000) 02/07 23:27:08 Job terminated.
	(1) Normal termination (return value 0)
		Usr 0 00:03:28, Sys 0 00:00:13  -  Run Remote Usage
		Usr 0 00:00:00, Sys 0 00:00:00  -  Run Local Usage
		Usr 0 00:03:28, Sys 0 00:00:13  -  Total Remote Usage
		Usr 0 00:00:00, Sys 0 00:00:00  -  Total Local Usage
	25177  -  Run Bytes Sent By Job
	10929  -  Run Bytes Received By Job
	25177  -  Total Bytes Sent By Job
	10929  -  Total Bytes Received By Job
	Partitionable Resources :    Usage  Request Allocated 
	   Cpus                 :     0.07        1         1 
	   Disk (KB)            :  5005           1   1764516 
	   Memory (MB)          :   534        2000      2000 

	Job terminated of its own accord at 2024-02-07T22:27:08Z.
...
006 (5057447.003.000) 02/07 23:31:59 Image size of job updated: 560808
	547  -  MemoryUsage of job (MB)
	559756  -  ResidentSetSize of job (KB)
...
006 (5057447.001.000) 02/07 23:32:00 Image size of job updated: 570084
	555  -  MemoryUsage of job (MB)
	567764  -  ResidentSetSize of job (KB)
...
006 (5057447.012.000) 02/07 23:32:02 Image size of job updated: 200780
	195  -  MemoryUsage of job (MB)
	198724  -  ResidentSetSize of job (KB)
...
006 (5057447.008.000) 02/07 23:32:02 Image size of job updated: 553876
	539  -  MemoryUsage of job (MB)
	551912  -  ResidentSetSize of job (KB)
...
006 (5057447.009.000) 02/07 23:32:03 Image size of job updated: 557240
	544  -  MemoryUsage of job (MB)
	556508  -  ResidentSetSize of job (KB)
...
006 (5057447.018.000) 02/07 23:32:04 Image size of job updated: 561496
	548  -  MemoryUsage of job (MB)
	560976  -  ResidentSetSize of job (KB)
...
006 (5057447.016.000) 02/07 23:32:05 Image size of job updated: 541080
	529  -  MemoryUsage of job (MB)
	541080  -  ResidentSetSize of job (KB)
...
006 (5057447.013.000) 02/07 23:32:05 Image size of job updated: 555896
	543  -  MemoryUsage of job (MB)
	555896  -  ResidentSetSize of job (KB)
...
006 (5057447.024.000) 02/07 23:32:06 Image size of job updated: 544076
	531  -  MemoryUsage of job (MB)
	543220  -  ResidentSetSize of job (KB)
...
006 (5057447.023.000) 02/07 23:32:06 Image size of job updated: 556572
	542  -  MemoryUsage of job (MB)
	554620  -  ResidentSetSize of job (KB)
...
006 (5057447.021.000) 02/07 23:32:07 Image size of job updated: 567116
	554  -  MemoryUsage of job (MB)
	566608  -  ResidentSetSize of job (KB)
...
006 (5057447.025.000) 02/07 23:32:08 Image size of job updated: 557188
	543  -  MemoryUsage of job (MB)
	555164  -  ResidentSetSize of job (KB)
...
006 (5057447.024.000) 02/07 23:35:18 Image size of job updated: 546512
	531  -  MemoryUsage of job (MB)
	543220  -  ResidentSetSize of job (KB)
...
040 (5057447.024.000) 02/07 23:35:18 Started transferring output files
...
040 (5057447.024.000) 02/07 23:35:18 Finished transferring output files
...
005 (5057447.024.000) 02/07 23:35:18 Job terminated.
	(1) Normal termination (return value 0)
		Usr 0 00:00:51, Sys 0 00:00:05  -  Run Remote Usage
		Usr 0 00:00:00, Sys 0 00:00:00  -  Run Local Usage
		Usr 0 00:00:51, Sys 0 00:00:05  -  Total Remote Usage
		Usr 0 00:00:00, Sys 0 00:00:00  -  Total Local Usage
	24938  -  Run Bytes Sent By Job
	10929  -  Run Bytes Received By Job
	24938  -  Total Bytes Sent By Job
	10929  -  Total Bytes Received By Job
	Partitionable Resources :    Usage  Request Allocated 
	   Cpus                 :     0.02        1         1 
	   Disk (KB)            :  2332           1   2656316 
	   Memory (MB)          :   531        2000      2000 

	Job terminated of its own accord at 2024-02-07T22:35:18Z.
...
006 (5057447.008.000) 02/07 23:35:36 Image size of job updated: 555660
	539  -  MemoryUsage of job (MB)
	551912  -  ResidentSetSize of job (KB)
...
040 (5057447.008.000) 02/07 23:35:36 Started transferring output files
...
040 (5057447.008.000) 02/07 23:35:36 Finished transferring output files
...
005 (5057447.008.000) 02/07 23:35:36 Job terminated.
	(1) Normal termination (return value 0)
		Usr 0 00:04:09, Sys 0 00:00:19  -  Run Remote Usage
		Usr 0 00:00:00, Sys 0 00:00:00  -  Run Local Usage
		Usr 0 00:04:09, Sys 0 00:00:19  -  Total Remote Usage
		Usr 0 00:00:00, Sys 0 00:00:00  -  Total Local Usage
	25369  -  Run Bytes Sent By Job
	10929  -  Run Bytes Received By Job
	25369  -  Total Bytes Sent By Job
	10929  -  Total Bytes Received By Job
	Partitionable Resources :    Usage  Request Allocated 
	   Cpus                 :     0.30        1         1 
	   Disk (KB)            :  6245           1   2922788 
	   Memory (MB)          :   539        2000      2000 

	Job terminated of its own accord at 2024-02-07T22:35:36Z.
...
006 (5057447.001.000) 02/07 23:37:00 Image size of job updated: 570180
	555  -  MemoryUsage of job (MB)
	567884  -  ResidentSetSize of job (KB)
...
006 (5057447.003.000) 02/07 23:37:01 Image size of job updated: 560980
	548  -  MemoryUsage of job (MB)
	560220  -  ResidentSetSize of job (KB)
...
006 (5057447.012.000) 02/07 23:37:03 Image size of job updated: 201108
	195  -  MemoryUsage of job (MB)
	199200  -  ResidentSetSize of job (KB)
...
006 (5057447.009.000) 02/07 23:37:04 Image size of job updated: 558768
	545  -  MemoryUsage of job (MB)
	558064  -  ResidentSetSize of job (KB)
...
006 (5057447.018.000) 02/07 23:37:05 Image size of job updated: 563472
	549  -  MemoryUsage of job (MB)
	561516  -  ResidentSetSize of job (KB)
...
006 (5057447.013.000) 02/07 23:37:06 Image size of job updated: 557976
	545  -  MemoryUsage of job (MB)
	557976  -  ResidentSetSize of job (KB)
...
006 (5057447.023.000) 02/07 23:37:07 Image size of job updated: 557024
	543  -  MemoryUsage of job (MB)
	555128  -  ResidentSetSize of job (KB)
...
006 (5057447.021.000) 02/07 23:37:08 Image size of job updated: 568716
	555  -  MemoryUsage of job (MB)
	568256  -  ResidentSetSize of job (KB)
...
006 (5057447.025.000) 02/07 23:37:09 Image size of job updated: 557904
	544  -  MemoryUsage of job (MB)
	556632  -  ResidentSetSize of job (KB)
...
006 (5057447.001.000) 02/07 23:42:01 Image size of job updated: 570432
	555  -  MemoryUsage of job (MB)
	568108  -  ResidentSetSize of job (KB)
...
006 (5057447.003.000) 02/07 23:42:01 Image size of job updated: 561584
	548  -  MemoryUsage of job (MB)
	560804  -  ResidentSetSize of job (KB)
...
006 (5057447.012.000) 02/07 23:42:03 Image size of job updated: 201108
	195  -  MemoryUsage of job (MB)
	199640  -  ResidentSetSize of job (KB)
...
006 (5057447.009.000) 02/07 23:42:04 Image size of job updated: 560760
	547  -  MemoryUsage of job (MB)
	559848  -  ResidentSetSize of job (KB)
...
006 (5057447.018.000) 02/07 23:42:05 Image size of job updated: 564268
	550  -  MemoryUsage of job (MB)
	562336  -  ResidentSetSize of job (KB)
...
006 (5057447.013.000) 02/07 23:42:07 Image size of job updated: 558760
	546  -  MemoryUsage of job (MB)
	558760  -  ResidentSetSize of job (KB)
...
006 (5057447.023.000) 02/07 23:42:07 Image size of job updated: 558252
	544  -  MemoryUsage of job (MB)
	556520  -  ResidentSetSize of job (KB)
...
006 (5057447.021.000) 02/07 23:42:08 Image size of job updated: 570084
	556  -  MemoryUsage of job (MB)
	569096  -  ResidentSetSize of job (KB)
...
006 (5057447.025.000) 02/07 23:42:09 Image size of job updated: 559384
	546  -  MemoryUsage of job (MB)
	558400  -  ResidentSetSize of job (KB)
...
006 (5057447.025.000) 02/07 23:44:58 Image size of job updated: 559676
	546  -  MemoryUsage of job (MB)
	558400  -  ResidentSetSize of job (KB)
...
040 (5057447.025.000) 02/07 23:44:58 Started transferring output files
...
040 (5057447.025.000) 02/07 23:44:58 Finished transferring output files
...
005 (5057447.025.000) 02/07 23:44:58 Job terminated.
	(1) Normal termination (return value 0)
		Usr 0 00:03:22, Sys 0 00:00:23  -  Run Remote Usage
		Usr 0 00:00:00, Sys 0 00:00:00  -  Run Local Usage
		Usr 0 00:03:22, Sys 0 00:00:23  -  Total Remote Usage
		Usr 0 00:00:00, Sys 0 00:00:00  -  Total Local Usage
	25753  -  Run Bytes Sent By Job
	10929  -  Run Bytes Received By Job
	25753  -  Total Bytes Sent By Job
	10929  -  Total Bytes Received By Job
	Partitionable Resources :    Usage  Request Allocated 
	   Cpus                 :     0.06        1         1 
	   Disk (KB)            : 10214           1   2855033 
	   Memory (MB)          :   546        2000      2000 

	Job terminated of its own accord at 2024-02-07T22:44:58Z.
...
006 (5057447.009.000) 02/07 23:46:18 Image size of job updated: 560992
	547  -  MemoryUsage of job (MB)
	560104  -  ResidentSetSize of job (KB)
...
040 (5057447.009.000) 02/07 23:46:18 Started transferring output files
...
040 (5057447.009.000) 02/07 23:46:18 Finished transferring output files
...
005 (5057447.009.000) 02/07 23:46:18 Job terminated.
	(1) Normal termination (return value 0)
		Usr 0 00:08:28, Sys 0 00:00:24  -  Run Remote Usage
		Usr 0 00:00:00, Sys 0 00:00:00  -  Run Local Usage
		Usr 0 00:08:28, Sys 0 00:00:24  -  Total Remote Usage
		Usr 0 00:00:00, Sys 0 00:00:00  -  Total Local Usage
	25921  -  Run Bytes Sent By Job
	10929  -  Run Bytes Received By Job
	25921  -  Total Bytes Sent By Job
	10929  -  Total Bytes Received By Job
	Partitionable Resources :    Usage  Request Allocated 
	   Cpus                 :     0.26        1         1 
	   Disk (KB)            : 11174           1   3095029 
	   Memory (MB)          :   547        2000      2000 

	Job terminated of its own accord at 2024-02-07T22:46:18Z.
...
006 (5057447.001.000) 02/07 23:47:01 Image size of job updated: 570828
	555  -  MemoryUsage of job (MB)
	568108  -  ResidentSetSize of job (KB)
...
006 (5057447.003.000) 02/07 23:47:01 Image size of job updated: 561664
	548  -  MemoryUsage of job (MB)
	560804  -  ResidentSetSize of job (KB)
...
006 (5057447.012.000) 02/07 23:47:03 Image size of job updated: 201108
	196  -  MemoryUsage of job (MB)
	200008  -  ResidentSetSize of job (KB)
...
006 (5057447.021.000) 02/07 23:47:08 Image size of job updated: 571572
	556  -  MemoryUsage of job (MB)
	569096  -  ResidentSetSize of job (KB)
...
006 (5057447.012.000) 02/07 23:52:04 Image size of job updated: 201704
	197  -  MemoryUsage of job (MB)
	200952  -  ResidentSetSize of job (KB)
...
006 (5057447.012.000) 02/07 23:57:05 Image size of job updated: 201920
	197  -  MemoryUsage of job (MB)
	201416  -  ResidentSetSize of job (KB)
...
040 (5057447.005.000) 02/07 23:59:18 Started transferring output files
...
040 (5057447.005.000) 02/07 23:59:18 Finished transferring output files
...
005 (5057447.005.000) 02/07 23:59:18 Job terminated.
	(1) Normal termination (return value 0)
		Usr 0 00:09:09, Sys 0 00:00:24  -  Run Remote Usage
		Usr 0 00:00:00, Sys 0 00:00:00  -  Run Local Usage
		Usr 0 00:09:09, Sys 0 00:00:24  -  Total Remote Usage
		Usr 0 00:00:00, Sys 0 00:00:00  -  Total Local Usage
	25999  -  Run Bytes Sent By Job
	10929  -  Run Bytes Received By Job
	25999  -  Total Bytes Sent By Job
	10929  -  Total Bytes Received By Job
	Partitionable Resources :    Usage  Request Allocated 
	   Cpus                 :     0.09        1         1 
	   Disk (KB)            : 12975           1   3050535 
	   Memory (MB)          :   479        2000      2000 

	Job terminated of its own accord at 2024-02-07T22:59:18Z.
...
006 (5057447.012.000) 02/08 00:02:05 Image size of job updated: 203472
	197  -  MemoryUsage of job (MB)
	201416  -  ResidentSetSize of job (KB)
...
006 (5057447.012.000) 02/08 00:07:05 Image size of job updated: 204108
	198  -  MemoryUsage of job (MB)
	201800  -  ResidentSetSize of job (KB)
...
006 (5057447.012.000) 02/08 00:12:06 Image size of job updated: 204108
	198  -  MemoryUsage of job (MB)
	202516  -  ResidentSetSize of job (KB)
...
006 (5057447.012.000) 02/08 00:17:06 Image size of job updated: 204108
	198  -  MemoryUsage of job (MB)
	202704  -  ResidentSetSize of job (KB)
...
040 (5057447.002.000) 02/08 00:18:18 Started transferring output files
...
040 (5057447.002.000) 02/08 00:18:18 Finished transferring output files
...
005 (5057447.002.000) 02/08 00:18:18 Job terminated.
	(1) Normal termination (return value 0)
		Usr 0 00:11:55, Sys 0 00:00:31  -  Run Remote Usage
		Usr 0 00:00:00, Sys 0 00:00:00  -  Run Local Usage
		Usr 0 00:11:55, Sys 0 00:00:31  -  Total Remote Usage
		Usr 0 00:00:00, Sys 0 00:00:00  -  Total Local Usage
	26455  -  Run Bytes Sent By Job
	10929  -  Run Bytes Received By Job
	26455  -  Total Bytes Sent By Job
	10929  -  Total Bytes Received By Job
	Partitionable Resources :    Usage  Request Allocated 
	   Cpus                 :     0.05        1         1 
	   Disk (KB)            : 17808           1   2985678 
	   Memory (MB)          :   533        2000      2000 

	Job terminated of its own accord at 2024-02-07T23:18:18Z.
...
006 (5057447.012.000) 02/08 00:22:06 Image size of job updated: 205292
	199  -  MemoryUsage of job (MB)
	203380  -  ResidentSetSize of job (KB)
...
006 (5057447.012.000) 02/08 00:27:07 Image size of job updated: 205292
	199  -  MemoryUsage of job (MB)
	203592  -  ResidentSetSize of job (KB)
...
040 (5057447.016.000) 02/08 00:27:35 Started transferring output files
...
040 (5057447.016.000) 02/08 00:27:35 Finished transferring output files
...
005 (5057447.016.000) 02/08 00:27:35 Job terminated.
	(1) Normal termination (return value 0)
		Usr 0 00:08:53, Sys 0 00:00:36  -  Run Remote Usage
		Usr 0 00:00:00, Sys 0 00:00:00  -  Run Local Usage
		Usr 0 00:08:53, Sys 0 00:00:36  -  Total Remote Usage
		Usr 0 00:00:00, Sys 0 00:00:00  -  Total Local Usage
	25993  -  Run Bytes Sent By Job
	10929  -  Run Bytes Received By Job
	25993  -  Total Bytes Sent By Job
	10929  -  Total Bytes Received By Job
	Partitionable Resources :    Usage  Request Allocated 
	   Cpus                 :     0.33        1         1 
	   Disk (KB)            : 13199           1   1505178 
	   Memory (MB)          :   529        2000      2000 

	Job terminated of its own accord at 2024-02-07T23:27:35Z.
...
040 (5057447.020.000) 02/08 00:27:51 Started transferring output files
...
040 (5057447.020.000) 02/08 00:27:51 Finished transferring output files
...
005 (5057447.020.000) 02/08 00:27:51 Job terminated.
	(1) Normal termination (return value 0)
		Usr 0 00:09:10, Sys 0 00:00:53  -  Run Remote Usage
		Usr 0 00:00:00, Sys 0 00:00:00  -  Run Local Usage
		Usr 0 00:09:10, Sys 0 00:00:53  -  Total Remote Usage
		Usr 0 00:00:00, Sys 0 00:00:00  -  Total Local Usage
	27025  -  Run Bytes Sent By Job
	10929  -  Run Bytes Received By Job
	27025  -  Total Bytes Sent By Job
	10929  -  Total Bytes Received By Job
	Partitionable Resources :    Usage  Request Allocated 
	   Cpus                 :     0.16        1         1 
	   Disk (KB)            : 23450           1   2927325 
	   Memory (MB)          :   530        2000      2000 

	Job terminated of its own accord at 2024-02-07T23:27:51Z.
...
006 (5057447.012.000) 02/08 00:32:08 Image size of job updated: 227764
	221  -  MemoryUsage of job (MB)
	226212  -  ResidentSetSize of job (KB)
...
006 (5057447.012.000) 02/08 00:37:08 Image size of job updated: 227764
	222  -  MemoryUsage of job (MB)
	226680  -  ResidentSetSize of job (KB)
...
006 (5057447.012.000) 02/08 00:42:08 Image size of job updated: 227920
	222  -  MemoryUsage of job (MB)
	227120  -  ResidentSetSize of job (KB)
...
006 (5057447.012.000) 02/08 00:47:09 Image size of job updated: 230676
	223  -  MemoryUsage of job (MB)
	228176  -  ResidentSetSize of job (KB)
...
006 (5057447.012.000) 02/08 00:52:10 Image size of job updated: 230676
	224  -  MemoryUsage of job (MB)
	228864  -  ResidentSetSize of job (KB)
...
040 (5057447.023.000) 02/08 00:52:47 Started transferring output files
...
040 (5057447.023.000) 02/08 00:52:47 Finished transferring output files
...
005 (5057447.023.000) 02/08 00:52:47 Job terminated.
	(1) Normal termination (return value 0)
		Usr 0 00:05:21, Sys 0 00:00:36  -  Run Remote Usage
		Usr 0 00:00:00, Sys 0 00:00:00  -  Run Local Usage
		Usr 0 00:05:21, Sys 0 00:00:36  -  Total Remote Usage
		Usr 0 00:00:00, Sys 0 00:00:00  -  Total Local Usage
	26449  -  Run Bytes Sent By Job
	10929  -  Run Bytes Received By Job
	26449  -  Total Bytes Sent By Job
	10929  -  Total Bytes Received By Job
	Partitionable Resources :    Usage  Request Allocated 
	   Cpus                 :     0.01        1         1 
	   Disk (KB)            : 17872           1   2951482 
	   Memory (MB)          :   544        2000      2000 

	Job terminated of its own accord at 2024-02-07T23:52:47Z.
...
040 (5057447.021.000) 02/08 00:53:58 Started transferring output files
...
040 (5057447.021.000) 02/08 00:53:58 Finished transferring output files
...
005 (5057447.021.000) 02/08 00:53:58 Job terminated.
	(1) Normal termination (return value 0)
		Usr 0 00:16:42, Sys 0 00:00:44  -  Run Remote Usage
		Usr 0 00:00:00, Sys 0 00:00:00  -  Run Local Usage
		Usr 0 00:16:42, Sys 0 00:00:44  -  Total Remote Usage
		Usr 0 00:00:00, Sys 0 00:00:00  -  Total Local Usage
	24933  -  Run Bytes Sent By Job
	10929  -  Run Bytes Received By Job
	24933  -  Total Bytes Sent By Job
	10929  -  Total Bytes Received By Job
	Partitionable Resources :    Usage  Request Allocated 
	   Cpus                 :     0.29        1         1 
	   Disk (KB)            : 28249           1   2982658 
	   Memory (MB)          :   556        2000      2000 

	Job terminated of its own accord at 2024-02-07T23:53:58Z.
...
040 (5057447.013.000) 02/08 00:57:54 Started transferring output files
...
040 (5057447.013.000) 02/08 00:57:54 Finished transferring output files
...
005 (5057447.013.000) 02/08 00:57:54 Job terminated.
	(1) Normal termination (return value 0)
		Usr 0 00:12:49, Sys 0 00:00:56  -  Run Remote Usage
		Usr 0 00:00:00, Sys 0 00:00:00  -  Run Local Usage
		Usr 0 00:12:49, Sys 0 00:00:56  -  Total Remote Usage
		Usr 0 00:00:00, Sys 0 00:00:00  -  Total Local Usage
	26569  -  Run Bytes Sent By Job
	10929  -  Run Bytes Received By Job
	26569  -  Total Bytes Sent By Job
	10929  -  Total Bytes Received By Job
	Partitionable Resources :    Usage  Request Allocated 
	   Cpus                 :     0.02        1         1 
	   Disk (KB)            : 18968           1   1792193 
	   Memory (MB)          :   546        2000      2000 

	Job terminated of its own accord at 2024-02-07T23:57:54Z.
...
006 (5057447.012.000) 02/08 01:07:11 Image size of job updated: 230676
	224  -  MemoryUsage of job (MB)
	229080  -  ResidentSetSize of job (KB)
...
040 (5057447.015.000) 02/08 01:07:19 Started transferring output files
...
040 (5057447.015.000) 02/08 01:07:19 Finished transferring output files
...
005 (5057447.015.000) 02/08 01:07:19 Job terminated.
	(1) Normal termination (return value 0)
		Usr 0 00:07:26, Sys 0 00:00:26  -  Run Remote Usage
		Usr 0 00:00:00, Sys 0 00:00:00  -  Run Local Usage
		Usr 0 00:07:26, Sys 0 00:00:26  -  Total Remote Usage
		Usr 0 00:00:00, Sys 0 00:00:00  -  Total Local Usage
	25777  -  Run Bytes Sent By Job
	10929  -  Run Bytes Received By Job
	25777  -  Total Bytes Sent By Job
	10929  -  Total Bytes Received By Job
	Partitionable Resources :    Usage  Request Allocated 
	   Cpus                 :     0.01        1         1 
	   Disk (KB)            : 11350           1   1570704 
	   Memory (MB)          :   525        2000      2000 

	Job terminated of its own accord at 2024-02-08T00:07:19Z.
...
006 (5057447.012.000) 02/08 01:12:12 Image size of job updated: 230676
	225  -  MemoryUsage of job (MB)
	229676  -  ResidentSetSize of job (KB)
...
006 (5057447.012.000) 02/08 01:17:12 Image size of job updated: 230788
	225  -  MemoryUsage of job (MB)
	230204  -  ResidentSetSize of job (KB)
...
006 (5057447.012.000) 02/08 01:22:12 Image size of job updated: 232648
	226  -  MemoryUsage of job (MB)
	230620  -  ResidentSetSize of job (KB)
...
006 (5057447.012.000) 02/08 01:27:13 Image size of job updated: 232992
	226  -  MemoryUsage of job (MB)
	230820  -  ResidentSetSize of job (KB)
...
006 (5057447.012.000) 02/08 01:32:14 Image size of job updated: 233592
	227  -  MemoryUsage of job (MB)
	231520  -  ResidentSetSize of job (KB)
...
006 (5057447.012.000) 02/08 01:37:14 Image size of job updated: 234140
	227  -  MemoryUsage of job (MB)
	231952  -  ResidentSetSize of job (KB)
...
006 (5057447.012.000) 02/08 01:42:14 Image size of job updated: 234724
	227  -  MemoryUsage of job (MB)
	232168  -  ResidentSetSize of job (KB)
...
006 (5057447.012.000) 02/08 01:47:15 Image size of job updated: 235084
	228  -  MemoryUsage of job (MB)
	232628  -  ResidentSetSize of job (KB)
...
040 (5057447.010.000) 02/08 01:49:35 Started transferring output files
...
040 (5057447.010.000) 02/08 01:49:35 Finished transferring output files
...
005 (5057447.010.000) 02/08 01:49:35 Job terminated.
	(1) Normal termination (return value 0)
		Usr 0 00:09:53, Sys 0 00:00:38  -  Run Remote Usage
		Usr 0 00:00:00, Sys 0 00:00:00  -  Run Local Usage
		Usr 0 00:09:53, Sys 0 00:00:38  -  Total Remote Usage
		Usr 0 00:00:00, Sys 0 00:00:00  -  Total Local Usage
	26113  -  Run Bytes Sent By Job
	10929  -  Run Bytes Received By Job
	26113  -  Total Bytes Sent By Job
	10929  -  Total Bytes Received By Job
	Partitionable Resources :    Usage  Request Allocated 
	   Cpus                 :     0.04        1         1 
	   Disk (KB)            : 14463           1   2941540 
	   Memory (MB)          :   523        2000      2000 

	Job terminated of its own accord at 2024-02-08T00:49:35Z.
...
006 (5057447.012.000) 02/08 01:52:15 Image size of job updated: 235316
	228  -  MemoryUsage of job (MB)
	233016  -  ResidentSetSize of job (KB)
...
006 (5057447.012.000) 02/08 01:57:15 Image size of job updated: 235508
	229  -  MemoryUsage of job (MB)
	233712  -  ResidentSetSize of job (KB)
...
006 (5057447.012.000) 02/08 02:02:16 Image size of job updated: 236224
	229  -  MemoryUsage of job (MB)
	234152  -  ResidentSetSize of job (KB)
...
006 (5057447.012.000) 02/08 02:07:17 Image size of job updated: 236824
	230  -  MemoryUsage of job (MB)
	234556  -  ResidentSetSize of job (KB)
...
006 (5057447.012.000) 02/08 02:12:17 Image size of job updated: 236824
	230  -  MemoryUsage of job (MB)
	235284  -  ResidentSetSize of job (KB)
...
040 (5057447.018.000) 02/08 02:16:31 Started transferring output files
...
040 (5057447.018.000) 02/08 02:16:31 Finished transferring output files
...
005 (5057447.018.000) 02/08 02:16:31 Job terminated.
	(1) Normal termination (return value 0)
		Usr 0 00:08:14, Sys 0 00:00:57  -  Run Remote Usage
		Usr 0 00:00:00, Sys 0 00:00:00  -  Run Local Usage
		Usr 0 00:08:14, Sys 0 00:00:57  -  Total Remote Usage
		Usr 0 00:00:00, Sys 0 00:00:00  -  Total Local Usage
	27121  -  Run Bytes Sent By Job
	10929  -  Run Bytes Received By Job
	27121  -  Total Bytes Sent By Job
	10929  -  Total Bytes Received By Job
	Partitionable Resources :    Usage  Request Allocated 
	   Cpus                 :     0.01        1         1 
	   Disk (KB)            : 24042           1   2855932 
	   Memory (MB)          :   550        2000      2000 

	Job terminated of its own accord at 2024-02-08T01:16:31Z.
...
006 (5057447.012.000) 02/08 02:17:18 Image size of job updated: 236824
	230  -  MemoryUsage of job (MB)
	235472  -  ResidentSetSize of job (KB)
...
006 (5057447.012.000) 02/08 02:22:19 Image size of job updated: 238404
	231  -  MemoryUsage of job (MB)
	235976  -  ResidentSetSize of job (KB)
...
006 (5057447.012.000) 02/08 02:27:19 Image size of job updated: 240456
	231  -  MemoryUsage of job (MB)
	236380  -  ResidentSetSize of job (KB)
...
006 (5057447.012.000) 02/08 02:32:19 Image size of job updated: 240456
	232  -  MemoryUsage of job (MB)
	236768  -  ResidentSetSize of job (KB)
...
006 (5057447.012.000) 02/08 02:37:20 Image size of job updated: 240456
	232  -  MemoryUsage of job (MB)
	237100  -  ResidentSetSize of job (KB)
...
006 (5057447.012.000) 02/08 02:42:21 Image size of job updated: 240456
	233  -  MemoryUsage of job (MB)
	237704  -  ResidentSetSize of job (KB)
...
040 (5057447.001.000) 02/08 02:46:59 Started transferring output files
...
040 (5057447.001.000) 02/08 02:46:59 Finished transferring output files
...
005 (5057447.001.000) 02/08 02:47:00 Job terminated.
	(1) Normal termination (return value 0)
		Usr 0 00:19:26, Sys 0 00:00:51  -  Run Remote Usage
		Usr 0 00:00:00, Sys 0 00:00:00  -  Run Local Usage
		Usr 0 00:19:26, Sys 0 00:00:51  -  Total Remote Usage
		Usr 0 00:00:00, Sys 0 00:00:00  -  Total Local Usage
	28087  -  Run Bytes Sent By Job
	10929  -  Run Bytes Received By Job
	28087  -  Total Bytes Sent By Job
	10929  -  Total Bytes Received By Job
	Partitionable Resources :    Usage  Request Allocated 
	   Cpus                 :     0.00        1         1 
	   Disk (KB)            : 26019           1   3019872 
	   Memory (MB)          :   555        2000      2000 

	Job terminated of its own accord at 2024-02-08T01:46:59Z.
...
006 (5057447.012.000) 02/08 02:47:21 Image size of job updated: 241036
	234  -  MemoryUsage of job (MB)
	238800  -  ResidentSetSize of job (KB)
...
006 (5057447.012.000) 02/08 02:52:22 Image size of job updated: 241176
	234  -  MemoryUsage of job (MB)
	239284  -  ResidentSetSize of job (KB)
...
006 (5057447.012.000) 02/08 02:57:09 Image size of job updated: 350048
	238  -  MemoryUsage of job (MB)
	243432  -  ResidentSetSize of job (KB)
...
040 (5057447.012.000) 02/08 02:57:09 Started transferring output files
...
040 (5057447.012.000) 02/08 02:57:09 Finished transferring output files
...
005 (5057447.012.000) 02/08 02:57:09 Job terminated.
	(1) Normal termination (return value 0)
		Usr 0 00:05:49, Sys 0 00:00:41  -  Run Remote Usage
		Usr 0 00:00:00, Sys 0 00:00:00  -  Run Local Usage
		Usr 0 00:05:49, Sys 0 00:00:41  -  Total Remote Usage
		Usr 0 00:00:00, Sys 0 00:00:00  -  Total Local Usage
	26641  -  Run Bytes Sent By Job
	10929  -  Run Bytes Received By Job
	26641  -  Total Bytes Sent By Job
	10929  -  Total Bytes Received By Job
	Partitionable Resources :    Usage  Request Allocated 
	   Cpus                 :     0.02        1         1 
	   Disk (KB)            : 19640           1   2990880 
	   Memory (MB)          :   238        2000      2000 

	Job terminated of its own accord at 2024-02-08T01:57:09Z.
...
040 (5057447.003.000) 02/08 04:19:43 Started transferring output files
...
040 (5057447.003.000) 02/08 04:19:44 Finished transferring output files
...
005 (5057447.003.000) 02/08 04:19:44 Job terminated.
	(1) Normal termination (return value 0)
		Usr 0 00:11:52, Sys 0 00:00:38  -  Run Remote Usage
		Usr 0 00:00:00, Sys 0 00:00:00  -  Run Local Usage
		Usr 0 00:11:52, Sys 0 00:00:38  -  Total Remote Usage
		Usr 0 00:00:00, Sys 0 00:00:00  -  Total Local Usage
	27583  -  Run Bytes Sent By Job
	10929  -  Run Bytes Received By Job
	27583  -  Total Bytes Sent By Job
	10929  -  Total Bytes Received By Job
	Partitionable Resources :    Usage  Request Allocated 
	   Cpus                 :     0.01        1         1 
	   Disk (KB)            : 29172           1   2802697 
	   Memory (MB)          :   548        2000      2000 

	Job terminated of its own accord at 2024-02-08T03:19:43Z.
...
040 (5057447.000.000) 02/08 05:03:00 Started transferring output files
...
040 (5057447.000.000) 02/08 05:03:00 Finished transferring output files
...
005 (5057447.000.000) 02/08 05:03:00 Job terminated.
	(1) Normal termination (return value 0)
		Usr 0 00:13:53, Sys 0 00:00:45  -  Run Remote Usage
		Usr 0 00:00:00, Sys 0 00:00:00  -  Run Local Usage
		Usr 0 00:13:53, Sys 0 00:00:45  -  Total Remote Usage
		Usr 0 00:00:00, Sys 0 00:00:00  -  Total Local Usage
	27943  -  Run Bytes Sent By Job
	10929  -  Run Bytes Received By Job
	27943  -  Total Bytes Sent By Job
	10929  -  Total Bytes Received By Job
	Partitionable Resources :    Usage  Request Allocated 
	   Cpus                 :     0.03        1         1 
	   Disk (KB)            : 33052           1   2780993 
	   Memory (MB)          :   544        2000      2000 

	Job terminated of its own accord at 2024-02-08T04:03:00Z.
...
