[31mroot://xrootd-cms.infn.it//store/mc/RunIISummer20UL17NanoAODv9/QCD_HT300to500_TuneCP5_13TeV-madgraphMLM-pythia8/NANOAODSIM/106X_mc2017_realistic_v9-v1/2820000/32CBB730-D569-7E46-84B3-87051BE00FD9.root does not exist.
(B[mAnalysis with Multiple Regions
A region, ID:  0 named:            [presel] 	 is defined in lines from 1 to 8
A region, ID:  1 named:[baselineForHTHisto] 	 is defined in lines from 8 to 14
   this region depends on: presel
A region, ID:  2 named: [baselineForWHisto] 	 is defined in lines from 14 to 21
   this region depends on: presel
A region, ID:  3 named:          [baseline] 	 is defined in lines from 21 to 28
   this region depends on: presel
A region, ID:  4 named:    [baselineHistos] 	 is defined in lines from 28 to 49
   this region depends on: baseline
A region, ID:  5 named:       [channelChi2] 	 is defined in lines from 49 to 75
   this region depends on: baseline
/afs/cern.ch/user/j/junghyun/ttHH_analysis/test/CMSSW_12_6_5/src/CutLang/CLA/CLA.exe root://xrootd-cms.infn.it//store/mc/RunIISummer20UL17NanoAODv9/QCD_HT300to500_TuneCP5_13TeV-madgraphMLM-pythia8/NANOAODSIM/106X_mc2017_realistic_v9-v1/2820000/32CBB730-D569-7E46-84B3-87051BE00FD9.root -inp CMSNANO -BP 6 -EVT 0 -V 5000 -ST 0 -S 0 w
CLA v2.50.0	compiled on Tue Jan 23 20:13:46 CET 2024	 
Analysis run count is 6
~Now using CMS NanoAOD files.~~~~~~ beta!
Processing tree: Events	 Addr:0x53fcdd0
Processing tree: LuminosityBlocks	 Addr:0x5eb1780
Processing tree: Runs	 Addr:0x5c92bb0
Processing tree: MetaData	 Addr:0x5b58df0
Processing tree: ParameterSets	 Addr:0x53f1f90
open root://xrootd-cms.infn.it//store/mc/RunIISummer20UL17NanoAODv9/QCD_HT300to500_TuneCP5_13TeV-madgraphMLM-pythia8/NANOAODSIM/106X_mc2017_realistic_v9-v1/2820000/32CBB730-D569-7E46-84B3-87051BE00FD9.root
RetVal:1
initialized with the chain...52353
 #systematic included:0
	 REGION/ALGO:presel
This is a run with name: nominal algo:presel.
==Parsing started:
           jetID is an NTUPLE variable for CMSNANO
         jetPUid is an NTUPLE variable for CMSNANO
   btagDeepFlavB is an NTUPLE variable for CMSNANO
   btagDeepFlavB is an NTUPLE variable for CMSNANO
   btagDeepFlavB is an NTUPLE variable for CMSNANO
   btagDeepFlavB is an NTUPLE variable for CMSNANO
 mvaFall17V2Iso_WP90 is an NTUPLE variable for CMSNANO
  pfRelIso03_all is an NTUPLE variable for CMSNANO
         tightId is an NTUPLE variable for CMSNANO
  pfRelIso04_all is an NTUPLE variable for CMSNANO
  Parsing finished.==
We have 5 CutLang Cuts, 13 CutLang objects and 0 Bins
TRGe:1  TRGm:0
 => 0 BP_1
	 REGION/ALGO:baselineForHTHisto
This is a run with name: nominal algo:baselineForHTHisto.
==Parsing started:
           jetID is an NTUPLE variable for CMSNANO
         jetPUid is an NTUPLE variable for CMSNANO
   btagDeepFlavB is an NTUPLE variable for CMSNANO
   btagDeepFlavB is an NTUPLE variable for CMSNANO
   btagDeepFlavB is an NTUPLE variable for CMSNANO
   btagDeepFlavB is an NTUPLE variable for CMSNANO
 mvaFall17V2Iso_WP90 is an NTUPLE variable for CMSNANO
  pfRelIso03_all is an NTUPLE variable for CMSNANO
         tightId is an NTUPLE variable for CMSNANO
  pfRelIso04_all is an NTUPLE variable for CMSNANO
  Parsing finished.==
We have 8 CutLang Cuts, 13 CutLang objects and 0 Bins
TRGe:1  TRGm:0
 => 1 BP_2
	 REGION/ALGO:baselineForWHisto
This is a run with name: nominal algo:baselineForWHisto.
==Parsing started:
           jetID is an NTUPLE variable for CMSNANO
         jetPUid is an NTUPLE variable for CMSNANO
   btagDeepFlavB is an NTUPLE variable for CMSNANO
   btagDeepFlavB is an NTUPLE variable for CMSNANO
   btagDeepFlavB is an NTUPLE variable for CMSNANO
   btagDeepFlavB is an NTUPLE variable for CMSNANO
 mvaFall17V2Iso_WP90 is an NTUPLE variable for CMSNANO
  pfRelIso03_all is an NTUPLE variable for CMSNANO
         tightId is an NTUPLE variable for CMSNANO
  pfRelIso04_all is an NTUPLE variable for CMSNANO
  Parsing finished.==
We have 9 CutLang Cuts, 13 CutLang objects and 0 Bins
TRGe:1  TRGm:0
 => 2 BP_3
	 REGION/ALGO:baseline
This is a run with name: nominal algo:baseline.
==Parsing started:
           jetID is an NTUPLE variable for CMSNANO
         jetPUid is an NTUPLE variable for CMSNANO
   btagDeepFlavB is an NTUPLE variable for CMSNANO
   btagDeepFlavB is an NTUPLE variable for CMSNANO
   btagDeepFlavB is an NTUPLE variable for CMSNANO
   btagDeepFlavB is an NTUPLE variable for CMSNANO
 mvaFall17V2Iso_WP90 is an NTUPLE variable for CMSNANO
  pfRelIso03_all is an NTUPLE variable for CMSNANO
         tightId is an NTUPLE variable for CMSNANO
  pfRelIso04_all is an NTUPLE variable for CMSNANO
  Parsing finished.==
We have 9 CutLang Cuts, 13 CutLang objects and 0 Bins
TRGe:1  TRGm:0
 => 3 BP_4
	 REGION/ALGO:baselineHistos
This is a run with name: nominal algo:baselineHistos.
==Parsing started:
           jetID is an NTUPLE variable for CMSNANO
         jetPUid is an NTUPLE variable for CMSNANO
   btagDeepFlavB is an NTUPLE variable for CMSNANO
   btagDeepFlavB is an NTUPLE variable for CMSNANO
   btagDeepFlavB is an NTUPLE variable for CMSNANO
   btagDeepFlavB is an NTUPLE variable for CMSNANO
 mvaFall17V2Iso_WP90 is an NTUPLE variable for CMSNANO
  pfRelIso03_all is an NTUPLE variable for CMSNANO
         tightId is an NTUPLE variable for CMSNANO
  pfRelIso04_all is an NTUPLE variable for CMSNANO
  Parsing finished.==
We have 26 CutLang Cuts, 13 CutLang objects and 0 Bins
TRGe:1  TRGm:0
 => 4 BP_5
	 REGION/ALGO:channelChi2
This is a run with name: nominal algo:channelChi2.
==Parsing started:
           jetID is an NTUPLE variable for CMSNANO
         jetPUid is an NTUPLE variable for CMSNANO
   btagDeepFlavB is an NTUPLE variable for CMSNANO
   btagDeepFlavB is an NTUPLE variable for CMSNANO
   btagDeepFlavB is an NTUPLE variable for CMSNANO
   btagDeepFlavB is an NTUPLE variable for CMSNANO
 mvaFall17V2Iso_WP90 is an NTUPLE variable for CMSNANO
  pfRelIso03_all is an NTUPLE variable for CMSNANO
         tightId is an NTUPLE variable for CMSNANO
  pfRelIso04_all is an NTUPLE variable for CMSNANO
  Parsing finished.==
We have 32 CutLang Cuts, 13 CutLang objects and 0 Bins
TRGe:1  TRGm:0
 => 5 BP_6
End of analysis initialization
number of entries 52353
starting entry 0
Processing event 0
Processing event 5000
Processing event 10000
Processing event 15000
Processing event 20000
Processing event 25000
Processing event 30000
Processing event 35000
Processing event 40000
Processing event 45000
Processing event 50000
Efficiencies for analysis : BP_1
						presel	Based on 52353 events:
                                                               ALL :      1 +-         0 evt:    52353
                                                   size(jets) >= 6 : 0.6199 +-   0.00212 evt:    32455
                                                  size(bjets) >= 4 : 0.04455 +-   0.00115 evt:     1446
                                                  pT(jets[5]) > 40 : 0.5754 +-     0.013 evt:      832
                                                size(leptons) == 0 : 0.9904 +-   0.00338 evt:      824
					 --> Overall efficiency	 =   1.57 % +- 0.0544 %
Bins for analysis : BP_1
saving...	saved.
BP_1 finalized.
Efficiencies for analysis : BP_2
						baselineForHTHisto	Based on 52353 events:
                                                               ALL :      1 +-         0 evt:    52353
                                                   size(jets) >= 6 : 0.6199 +-   0.00212 evt:    32455
                                                  size(bjets) >= 4 : 0.04455 +-   0.00115 evt:     1446
                                                  pT(jets[5]) > 40 : 0.5754 +-     0.013 evt:      832
                                                size(leptons) == 0 : 0.9904 +-   0.00338 evt:      824
                                           [Histo] jetHTbeforeHTCu :      1 +-         0 evt:      824
                                                          HT > 500 : 0.1007 +-    0.0105 evt:       83
                                            [Histo] jetHTafterHTCu :      1 +-         0 evt:       83
					 --> Overall efficiency	 =  0.159 % +- 0.0174 %
Bins for analysis : BP_2
saving...	saved.
BP_2 finalized.
Efficiencies for analysis : BP_3
						baselineForWHisto	Based on 52353 events:
                                                               ALL :      1 +-         0 evt:    52353
                                                   size(jets) >= 6 : 0.6199 +-   0.00212 evt:    32455
                                                  size(bjets) >= 4 : 0.04455 +-   0.00115 evt:     1446
                                                  pT(jets[5]) > 40 : 0.5754 +-     0.013 evt:      832
                                                size(leptons) == 0 : 0.9904 +-   0.00338 evt:      824
                                                          HT > 500 : 0.1007 +-    0.0105 evt:       83
                                              size(lightjets) >= 2 :      1 +-         0 evt:       83
                                                 m(Wcand) ~= 80.37 :      1 +-         0 evt:       83
                                                    [Histo] hmWcan :      1 +-         0 evt:       83
					 --> Overall efficiency	 =  0.159 % +- 0.0174 %
Bins for analysis : BP_3
saving...	saved.
BP_3 finalized.
Efficiencies for analysis : BP_4
						baseline	Based on 52353 events:
                                                               ALL :      1 +-         0 evt:    52353
                                                   size(jets) >= 6 : 0.6199 +-   0.00212 evt:    32455
                                                  size(bjets) >= 4 : 0.04455 +-   0.00115 evt:     1446
                                                  pT(jets[5]) > 40 : 0.5754 +-     0.013 evt:      832
                                                size(leptons) == 0 : 0.9904 +-   0.00338 evt:      824
                                                          HT > 500 : 0.1007 +-    0.0105 evt:       83
                                              size(lightjets) >= 2 :      1 +-         0 evt:       83
                                                 m(Wcand) ~= 80.37 :      1 +-         0 evt:       83
                                                m(Wcand) [] 30 250 : 0.9639 +-    0.0205 evt:       80
					 --> Overall efficiency	 =  0.153 % +- 0.0171 %
Bins for analysis : BP_4
saving...	saved.
BP_4 finalized.
Efficiencies for analysis : BP_5
						baselineHistos	Based on 52353 events:
                                                               ALL :      1 +-         0 evt:    52353
                                                   size(jets) >= 6 : 0.6199 +-   0.00212 evt:    32455
                                                  size(bjets) >= 4 : 0.04455 +-   0.00115 evt:     1446
                                                  pT(jets[5]) > 40 : 0.5754 +-     0.013 evt:      832
                                                size(leptons) == 0 : 0.9904 +-   0.00338 evt:      824
                                                          HT > 500 : 0.1007 +-    0.0105 evt:       83
                                              size(lightjets) >= 2 :      1 +-         0 evt:       83
                                                 m(Wcand) ~= 80.37 :      1 +-         0 evt:       83
                                                m(Wcand) [] 30 250 : 0.9639 +-    0.0205 evt:       80
                                               [Histo] histo_njets :      1 +-         0 evt:       80
                                              [Histo] histo_nbjets :      1 +-         0 evt:       80
                                              [Histo] histo_nljets :      1 +-         0 evt:       80
                                                  [Histo] hjet01pt :      1 +-         0 evt:       80
                                                  [Histo] hjet02pt :      1 +-         0 evt:       80
                                                  [Histo] hjet03pt :      1 +-         0 evt:       80
                                                  [Histo] hjet04pt :      1 +-         0 evt:       80
                                                  [Histo] hjet05pt :      1 +-         0 evt:       80
                                                  [Histo] hjet06pt :      1 +-         0 evt:       80
                                                  [Histo] hjet01et :      1 +-         0 evt:       80
                                                  [Histo] hjet02et :      1 +-         0 evt:       80
                                                  [Histo] hjet03et :      1 +-         0 evt:       80
                                                  [Histo] hjet04et :      1 +-         0 evt:       80
                                                  [Histo] hjet05et :      1 +-         0 evt:       80
                                                  [Histo] hjet06et :      1 +-         0 evt:       80
                                                      [Histo] jetH :      1 +-         0 evt:       80
                                                     [Histo] jetBH :      1 +-         0 evt:       80
					 --> Overall efficiency	 =  0.153 % +- 0.0171 %
Bins for analysis : BP_5
saving...	saved.
BP_5 finalized.
Efficiencies for analysis : BP_6
						channelChi2	Based on 52353 events:
                                                               ALL :      1 +-         0 evt:    52353
                                                   size(jets) >= 6 : 0.6199 +-   0.00212 evt:    32455
                                                  size(bjets) >= 4 : 0.04455 +-   0.00115 evt:     1446
                                                  pT(jets[5]) > 40 : 0.5754 +-     0.013 evt:      832
                                                size(leptons) == 0 : 0.9904 +-   0.00338 evt:      824
                                                          HT > 500 : 0.1007 +-    0.0105 evt:       83
                                              size(lightjets) >= 2 :      1 +-         0 evt:       83
                                                 m(Wcand) ~= 80.37 :      1 +-         0 evt:       83
                                                m(Wcand) [] 30 250 : 0.9639 +-    0.0205 evt:       80
                                                  size(bjets) >= 4 :      1 +-         0 evt:       80
                                                       chi2HH ~= 0 :      1 +-         0 evt:       80
                                               [Histo] histo_njets :      1 +-         0 evt:       80
                                              [Histo] histo_nbjets :      1 +-         0 evt:       80
                                              [Histo] histo_nljets :      1 +-         0 evt:       80
                                                  [Histo] hjet01pt :      1 +-         0 evt:       80
                                                  [Histo] hjet02pt :      1 +-         0 evt:       80
                                                  [Histo] hjet03pt :      1 +-         0 evt:       80
                                                  [Histo] hjet04pt :      1 +-         0 evt:       80
                                                  [Histo] hjet05pt :      1 +-         0 evt:       80
                                                  [Histo] hjet06pt :      1 +-         0 evt:       80
                                                  [Histo] hjet01et :      1 +-         0 evt:       80
                                                  [Histo] hjet02et :      1 +-         0 evt:       80
                                                  [Histo] hjet03et :      1 +-         0 evt:       80
                                                  [Histo] hjet04et :      1 +-         0 evt:       80
                                                  [Histo] hjet05et :      1 +-         0 evt:       80
                                                  [Histo] hjet06et :      1 +-         0 evt:       80
                                                      [Histo] jetH :      1 +-         0 evt:       80
                                                     [Histo] jetBH :      1 +-         0 evt:       80
                                                    [Histo] hchi2H :      1 +-         0 evt:       80
                                                    [Histo] hmH1cn :      1 +-         0 evt:       80
                                                    [Histo] hmH2cn :      1 +-         0 evt:       80
[Save] ttHHcsv csv pT(jets[0]) pT(jets[1]) pT(jets[2]) pT(jets[3]) :      1 +-         0 evt:       80
					 --> Overall efficiency	 =  0.153 % +- 0.0171 %
Bins for analysis : BP_6
saving...	saved.
BP_6 finalized.
finished.
input file Closed.
end CLA single. Output file:  histoOut-ttHH_had_v2_6.root
