[31mroot://xrootd-cms.infn.it//store/mc/RunIISummer20UL17NanoAODv9/TTWH_TuneCP5_13TeV-madgraph-pythia8/NANOAODSIM/106X_mc2017_realistic_v9-v2/270000/1C35B5CE-9881-0C40-982D-69854D54ACC7.root does not exist.
(B[mAnalysis with Multiple Regions
A region, ID:  0 named:            [presel] 	 is defined in lines from 1 to 8
A region, ID:  1 named:[baselineForHTHisto] 	 is defined in lines from 8 to 14
   this region depends on: presel
A region, ID:  2 named: [baselineForWHisto] 	 is defined in lines from 14 to 21
   this region depends on: presel
A region, ID:  3 named:          [baseline] 	 is defined in lines from 21 to 28
   this region depends on: presel
A region, ID:  4 named:    [baselineHistos] 	 is defined in lines from 28 to 49
   this region depends on: baseline
A region, ID:  5 named:       [channelChi2] 	 is defined in lines from 49 to 75
   this region depends on: baseline
/afs/cern.ch/user/j/junghyun/ttHH_analysis/test/CMSSW_12_6_5/src/CutLang/CLA/CLA.exe root://xrootd-cms.infn.it//store/mc/RunIISummer20UL17NanoAODv9/TTWH_TuneCP5_13TeV-madgraph-pythia8/NANOAODSIM/106X_mc2017_realistic_v9-v2/270000/1C35B5CE-9881-0C40-982D-69854D54ACC7.root -inp CMSNANO -BP 6 -EVT 0 -V 5000 -ST 0 -S 0 w
CLA v2.50.0	compiled on Tue Jan 23 20:13:46 CET 2024	 
Analysis run count is 6
~Now using CMS NanoAOD files.~~~~~~ beta!
Processing tree: Events	 Addr:0x609d110
Processing tree: LuminosityBlocks	 Addr:0x59958c0
Processing tree: Runs	 Addr:0x6226bd0
Processing tree: MetaData	 Addr:0x61fa7f0
Processing tree: ParameterSets	 Addr:0x598bcd0
open root://xrootd-cms.infn.it//store/mc/RunIISummer20UL17NanoAODv9/TTWH_TuneCP5_13TeV-madgraph-pythia8/NANOAODSIM/106X_mc2017_realistic_v9-v2/270000/1C35B5CE-9881-0C40-982D-69854D54ACC7.root
RetVal:1
initialized with the chain...6000
 #systematic included:0
	 REGION/ALGO:presel
This is a run with name: nominal algo:presel.
==Parsing started:
           jetID is an NTUPLE variable for CMSNANO
         jetPUid is an NTUPLE variable for CMSNANO
   btagDeepFlavB is an NTUPLE variable for CMSNANO
   btagDeepFlavB is an NTUPLE variable for CMSNANO
   btagDeepFlavB is an NTUPLE variable for CMSNANO
   btagDeepFlavB is an NTUPLE variable for CMSNANO
 mvaFall17V2Iso_WP90 is an NTUPLE variable for CMSNANO
  pfRelIso03_all is an NTUPLE variable for CMSNANO
         tightId is an NTUPLE variable for CMSNANO
  pfRelIso04_all is an NTUPLE variable for CMSNANO
  Parsing finished.==
We have 5 CutLang Cuts, 13 CutLang objects and 0 Bins
TRGe:1  TRGm:0
 => 0 BP_1
	 REGION/ALGO:baselineForHTHisto
This is a run with name: nominal algo:baselineForHTHisto.
==Parsing started:
           jetID is an NTUPLE variable for CMSNANO
         jetPUid is an NTUPLE variable for CMSNANO
   btagDeepFlavB is an NTUPLE variable for CMSNANO
   btagDeepFlavB is an NTUPLE variable for CMSNANO
   btagDeepFlavB is an NTUPLE variable for CMSNANO
   btagDeepFlavB is an NTUPLE variable for CMSNANO
 mvaFall17V2Iso_WP90 is an NTUPLE variable for CMSNANO
  pfRelIso03_all is an NTUPLE variable for CMSNANO
         tightId is an NTUPLE variable for CMSNANO
  pfRelIso04_all is an NTUPLE variable for CMSNANO
  Parsing finished.==
We have 8 CutLang Cuts, 13 CutLang objects and 0 Bins
TRGe:1  TRGm:0
 => 1 BP_2
	 REGION/ALGO:baselineForWHisto
This is a run with name: nominal algo:baselineForWHisto.
==Parsing started:
           jetID is an NTUPLE variable for CMSNANO
         jetPUid is an NTUPLE variable for CMSNANO
   btagDeepFlavB is an NTUPLE variable for CMSNANO
   btagDeepFlavB is an NTUPLE variable for CMSNANO
   btagDeepFlavB is an NTUPLE variable for CMSNANO
   btagDeepFlavB is an NTUPLE variable for CMSNANO
 mvaFall17V2Iso_WP90 is an NTUPLE variable for CMSNANO
  pfRelIso03_all is an NTUPLE variable for CMSNANO
         tightId is an NTUPLE variable for CMSNANO
  pfRelIso04_all is an NTUPLE variable for CMSNANO
  Parsing finished.==
We have 9 CutLang Cuts, 13 CutLang objects and 0 Bins
TRGe:1  TRGm:0
 => 2 BP_3
	 REGION/ALGO:baseline
This is a run with name: nominal algo:baseline.
==Parsing started:
           jetID is an NTUPLE variable for CMSNANO
         jetPUid is an NTUPLE variable for CMSNANO
   btagDeepFlavB is an NTUPLE variable for CMSNANO
   btagDeepFlavB is an NTUPLE variable for CMSNANO
   btagDeepFlavB is an NTUPLE variable for CMSNANO
   btagDeepFlavB is an NTUPLE variable for CMSNANO
 mvaFall17V2Iso_WP90 is an NTUPLE variable for CMSNANO
  pfRelIso03_all is an NTUPLE variable for CMSNANO
         tightId is an NTUPLE variable for CMSNANO
  pfRelIso04_all is an NTUPLE variable for CMSNANO
  Parsing finished.==
We have 9 CutLang Cuts, 13 CutLang objects and 0 Bins
TRGe:1  TRGm:0
 => 3 BP_4
	 REGION/ALGO:baselineHistos
This is a run with name: nominal algo:baselineHistos.
==Parsing started:
           jetID is an NTUPLE variable for CMSNANO
         jetPUid is an NTUPLE variable for CMSNANO
   btagDeepFlavB is an NTUPLE variable for CMSNANO
   btagDeepFlavB is an NTUPLE variable for CMSNANO
   btagDeepFlavB is an NTUPLE variable for CMSNANO
   btagDeepFlavB is an NTUPLE variable for CMSNANO
 mvaFall17V2Iso_WP90 is an NTUPLE variable for CMSNANO
  pfRelIso03_all is an NTUPLE variable for CMSNANO
         tightId is an NTUPLE variable for CMSNANO
  pfRelIso04_all is an NTUPLE variable for CMSNANO
  Parsing finished.==
We have 26 CutLang Cuts, 13 CutLang objects and 0 Bins
TRGe:1  TRGm:0
 => 4 BP_5
	 REGION/ALGO:channelChi2
This is a run with name: nominal algo:channelChi2.
==Parsing started:
           jetID is an NTUPLE variable for CMSNANO
         jetPUid is an NTUPLE variable for CMSNANO
   btagDeepFlavB is an NTUPLE variable for CMSNANO
   btagDeepFlavB is an NTUPLE variable for CMSNANO
   btagDeepFlavB is an NTUPLE variable for CMSNANO
   btagDeepFlavB is an NTUPLE variable for CMSNANO
 mvaFall17V2Iso_WP90 is an NTUPLE variable for CMSNANO
  pfRelIso03_all is an NTUPLE variable for CMSNANO
         tightId is an NTUPLE variable for CMSNANO
  pfRelIso04_all is an NTUPLE variable for CMSNANO
  Parsing finished.==
We have 32 CutLang Cuts, 13 CutLang objects and 0 Bins
TRGe:1  TRGm:0
 => 5 BP_6
End of analysis initialization
number of entries 6000
starting entry 0
Processing event 0
Processing event 5000
Efficiencies for analysis : BP_1
						presel	Based on 6000 events:
                                                               ALL :      1 +-         0 evt:     6000
                                                   size(jets) >= 6 : 0.9883 +-   0.00139 evt:     5930
                                                  size(bjets) >= 4 : 0.8243 +-   0.00494 evt:     4888
                                                  pT(jets[5]) > 40 : 0.5264 +-   0.00714 evt:     2573
                                                size(leptons) == 0 :  0.548 +-   0.00981 evt:     1410
					 --> Overall efficiency	 =   23.5 % +-  0.547 %
Bins for analysis : BP_1
saving...	saved.
BP_1 finalized.
Efficiencies for analysis : BP_2
						baselineForHTHisto	Based on 6000 events:
                                                               ALL :      1 +-         0 evt:     6000
                                                   size(jets) >= 6 : 0.9883 +-   0.00139 evt:     5930
                                                  size(bjets) >= 4 : 0.8243 +-   0.00494 evt:     4888
                                                  pT(jets[5]) > 40 : 0.5264 +-   0.00714 evt:     2573
                                                size(leptons) == 0 :  0.548 +-   0.00981 evt:     1410
                                           [Histo] jetHTbeforeHTCu :      1 +-         0 evt:     1410
                                                          HT > 500 : 0.8837 +-   0.00854 evt:     1246
                                            [Histo] jetHTafterHTCu :      1 +-         0 evt:     1246
					 --> Overall efficiency	 =   20.8 % +-  0.524 %
Bins for analysis : BP_2
saving...	saved.
BP_2 finalized.
Efficiencies for analysis : BP_3
						baselineForWHisto	Based on 6000 events:
                                                               ALL :      1 +-         0 evt:     6000
                                                   size(jets) >= 6 : 0.9883 +-   0.00139 evt:     5930
                                                  size(bjets) >= 4 : 0.8243 +-   0.00494 evt:     4888
                                                  pT(jets[5]) > 40 : 0.5264 +-   0.00714 evt:     2573
                                                size(leptons) == 0 :  0.548 +-   0.00981 evt:     1410
                                                          HT > 500 : 0.8837 +-   0.00854 evt:     1246
                                              size(lightjets) >= 2 : 0.9976 +-   0.00139 evt:     1243
                                                 m(Wcand) ~= 80.37 :      1 +-         0 evt:     1243
                                                    [Histo] hmWcan :      1 +-         0 evt:     1243
					 --> Overall efficiency	 =   20.7 % +-  0.523 %
Bins for analysis : BP_3
saving...	saved.
BP_3 finalized.
Efficiencies for analysis : BP_4
						baseline	Based on 6000 events:
                                                               ALL :      1 +-         0 evt:     6000
                                                   size(jets) >= 6 : 0.9883 +-   0.00139 evt:     5930
                                                  size(bjets) >= 4 : 0.8243 +-   0.00494 evt:     4888
                                                  pT(jets[5]) > 40 : 0.5264 +-   0.00714 evt:     2573
                                                size(leptons) == 0 :  0.548 +-   0.00981 evt:     1410
                                                          HT > 500 : 0.8837 +-   0.00854 evt:     1246
                                              size(lightjets) >= 2 : 0.9976 +-   0.00139 evt:     1243
                                                 m(Wcand) ~= 80.37 :      1 +-         0 evt:     1243
                                                m(Wcand) [] 30 250 : 0.9662 +-   0.00512 evt:     1201
					 --> Overall efficiency	 =     20 % +-  0.517 %
Bins for analysis : BP_4
saving...	saved.
BP_4 finalized.
Efficiencies for analysis : BP_5
						baselineHistos	Based on 6000 events:
                                                               ALL :      1 +-         0 evt:     6000
                                                   size(jets) >= 6 : 0.9883 +-   0.00139 evt:     5930
                                                  size(bjets) >= 4 : 0.8243 +-   0.00494 evt:     4888
                                                  pT(jets[5]) > 40 : 0.5264 +-   0.00714 evt:     2573
                                                size(leptons) == 0 :  0.548 +-   0.00981 evt:     1410
                                                          HT > 500 : 0.8837 +-   0.00854 evt:     1246
                                              size(lightjets) >= 2 : 0.9976 +-   0.00139 evt:     1243
                                                 m(Wcand) ~= 80.37 :      1 +-         0 evt:     1243
                                                m(Wcand) [] 30 250 : 0.9662 +-   0.00512 evt:     1201
                                               [Histo] histo_njets :      1 +-         0 evt:     1201
                                              [Histo] histo_nbjets :      1 +-         0 evt:     1201
                                              [Histo] histo_nljets :      1 +-         0 evt:     1201
                                                  [Histo] hjet01pt :      1 +-         0 evt:     1201
                                                  [Histo] hjet02pt :      1 +-         0 evt:     1201
                                                  [Histo] hjet03pt :      1 +-         0 evt:     1201
                                                  [Histo] hjet04pt :      1 +-         0 evt:     1201
                                                  [Histo] hjet05pt :      1 +-         0 evt:     1201
                                                  [Histo] hjet06pt :      1 +-         0 evt:     1201
                                                  [Histo] hjet01et :      1 +-         0 evt:     1201
                                                  [Histo] hjet02et :      1 +-         0 evt:     1201
                                                  [Histo] hjet03et :      1 +-         0 evt:     1201
                                                  [Histo] hjet04et :      1 +-         0 evt:     1201
                                                  [Histo] hjet05et :      1 +-         0 evt:     1201
                                                  [Histo] hjet06et :      1 +-         0 evt:     1201
                                                      [Histo] jetH :      1 +-         0 evt:     1201
                                                     [Histo] jetBH :      1 +-         0 evt:     1201
					 --> Overall efficiency	 =     20 % +-  0.517 %
Bins for analysis : BP_5
saving...	saved.
BP_5 finalized.
Efficiencies for analysis : BP_6
						channelChi2	Based on 6000 events:
                                                               ALL :      1 +-         0 evt:     6000
                                                   size(jets) >= 6 : 0.9883 +-   0.00139 evt:     5930
                                                  size(bjets) >= 4 : 0.8243 +-   0.00494 evt:     4888
                                                  pT(jets[5]) > 40 : 0.5264 +-   0.00714 evt:     2573
                                                size(leptons) == 0 :  0.548 +-   0.00981 evt:     1410
                                                          HT > 500 : 0.8837 +-   0.00854 evt:     1246
                                              size(lightjets) >= 2 : 0.9976 +-   0.00139 evt:     1243
                                                 m(Wcand) ~= 80.37 :      1 +-         0 evt:     1243
                                                m(Wcand) [] 30 250 : 0.9662 +-   0.00512 evt:     1201
                                                  size(bjets) >= 4 :      1 +-         0 evt:     1201
                                                       chi2HH ~= 0 :      1 +-         0 evt:     1201
                                               [Histo] histo_njets :      1 +-         0 evt:     1201
                                              [Histo] histo_nbjets :      1 +-         0 evt:     1201
                                              [Histo] histo_nljets :      1 +-         0 evt:     1201
                                                  [Histo] hjet01pt :      1 +-         0 evt:     1201
                                                  [Histo] hjet02pt :      1 +-         0 evt:     1201
                                                  [Histo] hjet03pt :      1 +-         0 evt:     1201
                                                  [Histo] hjet04pt :      1 +-         0 evt:     1201
                                                  [Histo] hjet05pt :      1 +-         0 evt:     1201
                                                  [Histo] hjet06pt :      1 +-         0 evt:     1201
                                                  [Histo] hjet01et :      1 +-         0 evt:     1201
                                                  [Histo] hjet02et :      1 +-         0 evt:     1201
                                                  [Histo] hjet03et :      1 +-         0 evt:     1201
                                                  [Histo] hjet04et :      1 +-         0 evt:     1201
                                                  [Histo] hjet05et :      1 +-         0 evt:     1201
                                                  [Histo] hjet06et :      1 +-         0 evt:     1201
                                                      [Histo] jetH :      1 +-         0 evt:     1201
                                                     [Histo] jetBH :      1 +-         0 evt:     1201
                                                    [Histo] hchi2H :      1 +-         0 evt:     1201
                                                    [Histo] hmH1cn :      1 +-         0 evt:     1201
                                                    [Histo] hmH2cn :      1 +-         0 evt:     1201
[Save] ttHHcsv csv pT(jets[0]) pT(jets[1]) pT(jets[2]) pT(jets[3]) :      1 +-         0 evt:     1201
					 --> Overall efficiency	 =     20 % +-  0.517 %
Bins for analysis : BP_6
saving...	saved.
BP_6 finalized.
finished.
input file Closed.
end CLA single. Output file:  histoOut-ttHH_had_v2_6.root
