[31mroot://xrootd-cms.infn.it///store/mc/RunIISummer20UL17NanoAODv9/TTZToBB_TuneCP5_13TeV-amcatnlo-pythia8/NANOAODSIM/106X_mc2017_realistic_v9-v2/30000/64976C0C-0B10-E348-9AF5-A94C258AB5C7.root does not exist.
(B[mAnalysis with Multiple Regions
A region, ID:  0 named:            [presel] 	 is defined in lines from 1 to 8
A region, ID:  1 named:[baselineForHTHisto] 	 is defined in lines from 8 to 14
   this region depends on: presel
A region, ID:  2 named: [baselineForWHisto] 	 is defined in lines from 14 to 21
   this region depends on: presel
A region, ID:  3 named:          [baseline] 	 is defined in lines from 21 to 28
   this region depends on: presel
A region, ID:  4 named:    [baselineHistos] 	 is defined in lines from 28 to 49
   this region depends on: baseline
A region, ID:  5 named:       [channelChi2] 	 is defined in lines from 49 to 75
   this region depends on: baseline
/afs/cern.ch/user/j/junghyun/ttHH_analysis/test/CMSSW_12_6_5/src/CutLang/CLA/CLA.exe root://xrootd-cms.infn.it///store/mc/RunIISummer20UL17NanoAODv9/TTZToBB_TuneCP5_13TeV-amcatnlo-pythia8/NANOAODSIM/106X_mc2017_realistic_v9-v2/30000/64976C0C-0B10-E348-9AF5-A94C258AB5C7.root -inp CMSNANO -BP 6 -EVT 0 -V 5000 -ST 0 -S 0 w
CLA v2.50.0	compiled on Tue Jan 23 20:13:46 CET 2024	 
Analysis run count is 6
~Now using CMS NanoAOD files.~~~~~~ beta!
Processing tree: Events	 Addr:0x4a22590
Processing tree: LuminosityBlocks	 Addr:0x4c43300
Processing tree: Runs	 Addr:0x4a51f40
Processing tree: MetaData	 Addr:0x4a25640
Processing tree: ParameterSets	 Addr:0x41bfd10
open root://xrootd-cms.infn.it///store/mc/RunIISummer20UL17NanoAODv9/TTZToBB_TuneCP5_13TeV-amcatnlo-pythia8/NANOAODSIM/106X_mc2017_realistic_v9-v2/30000/64976C0C-0B10-E348-9AF5-A94C258AB5C7.root
RetVal:1
initialized with the chain...2000
 #systematic included:0
	 REGION/ALGO:presel
This is a run with name: nominal algo:presel.
==Parsing started:
           jetID is an NTUPLE variable for CMSNANO
         jetPUid is an NTUPLE variable for CMSNANO
   btagDeepFlavB is an NTUPLE variable for CMSNANO
   btagDeepFlavB is an NTUPLE variable for CMSNANO
   btagDeepFlavB is an NTUPLE variable for CMSNANO
   btagDeepFlavB is an NTUPLE variable for CMSNANO
 mvaFall17V2Iso_WP90 is an NTUPLE variable for CMSNANO
  pfRelIso03_all is an NTUPLE variable for CMSNANO
         tightId is an NTUPLE variable for CMSNANO
  pfRelIso04_all is an NTUPLE variable for CMSNANO
  Parsing finished.==
We have 5 CutLang Cuts, 13 CutLang objects and 0 Bins
TRGe:1  TRGm:0
 => 0 BP_1
	 REGION/ALGO:baselineForHTHisto
This is a run with name: nominal algo:baselineForHTHisto.
==Parsing started:
           jetID is an NTUPLE variable for CMSNANO
         jetPUid is an NTUPLE variable for CMSNANO
   btagDeepFlavB is an NTUPLE variable for CMSNANO
   btagDeepFlavB is an NTUPLE variable for CMSNANO
   btagDeepFlavB is an NTUPLE variable for CMSNANO
   btagDeepFlavB is an NTUPLE variable for CMSNANO
 mvaFall17V2Iso_WP90 is an NTUPLE variable for CMSNANO
  pfRelIso03_all is an NTUPLE variable for CMSNANO
         tightId is an NTUPLE variable for CMSNANO
  pfRelIso04_all is an NTUPLE variable for CMSNANO
  Parsing finished.==
We have 8 CutLang Cuts, 13 CutLang objects and 0 Bins
TRGe:1  TRGm:0
 => 1 BP_2
	 REGION/ALGO:baselineForWHisto
This is a run with name: nominal algo:baselineForWHisto.
==Parsing started:
           jetID is an NTUPLE variable for CMSNANO
         jetPUid is an NTUPLE variable for CMSNANO
   btagDeepFlavB is an NTUPLE variable for CMSNANO
   btagDeepFlavB is an NTUPLE variable for CMSNANO
   btagDeepFlavB is an NTUPLE variable for CMSNANO
   btagDeepFlavB is an NTUPLE variable for CMSNANO
 mvaFall17V2Iso_WP90 is an NTUPLE variable for CMSNANO
  pfRelIso03_all is an NTUPLE variable for CMSNANO
         tightId is an NTUPLE variable for CMSNANO
  pfRelIso04_all is an NTUPLE variable for CMSNANO
  Parsing finished.==
We have 9 CutLang Cuts, 13 CutLang objects and 0 Bins
TRGe:1  TRGm:0
 => 2 BP_3
	 REGION/ALGO:baseline
This is a run with name: nominal algo:baseline.
==Parsing started:
           jetID is an NTUPLE variable for CMSNANO
         jetPUid is an NTUPLE variable for CMSNANO
   btagDeepFlavB is an NTUPLE variable for CMSNANO
   btagDeepFlavB is an NTUPLE variable for CMSNANO
   btagDeepFlavB is an NTUPLE variable for CMSNANO
   btagDeepFlavB is an NTUPLE variable for CMSNANO
 mvaFall17V2Iso_WP90 is an NTUPLE variable for CMSNANO
  pfRelIso03_all is an NTUPLE variable for CMSNANO
         tightId is an NTUPLE variable for CMSNANO
  pfRelIso04_all is an NTUPLE variable for CMSNANO
  Parsing finished.==
We have 9 CutLang Cuts, 13 CutLang objects and 0 Bins
TRGe:1  TRGm:0
 => 3 BP_4
	 REGION/ALGO:baselineHistos
This is a run with name: nominal algo:baselineHistos.
==Parsing started:
           jetID is an NTUPLE variable for CMSNANO
         jetPUid is an NTUPLE variable for CMSNANO
   btagDeepFlavB is an NTUPLE variable for CMSNANO
   btagDeepFlavB is an NTUPLE variable for CMSNANO
   btagDeepFlavB is an NTUPLE variable for CMSNANO
   btagDeepFlavB is an NTUPLE variable for CMSNANO
 mvaFall17V2Iso_WP90 is an NTUPLE variable for CMSNANO
  pfRelIso03_all is an NTUPLE variable for CMSNANO
         tightId is an NTUPLE variable for CMSNANO
  pfRelIso04_all is an NTUPLE variable for CMSNANO
  Parsing finished.==
We have 26 CutLang Cuts, 13 CutLang objects and 0 Bins
TRGe:1  TRGm:0
 => 4 BP_5
	 REGION/ALGO:channelChi2
This is a run with name: nominal algo:channelChi2.
==Parsing started:
           jetID is an NTUPLE variable for CMSNANO
         jetPUid is an NTUPLE variable for CMSNANO
   btagDeepFlavB is an NTUPLE variable for CMSNANO
   btagDeepFlavB is an NTUPLE variable for CMSNANO
   btagDeepFlavB is an NTUPLE variable for CMSNANO
   btagDeepFlavB is an NTUPLE variable for CMSNANO
 mvaFall17V2Iso_WP90 is an NTUPLE variable for CMSNANO
  pfRelIso03_all is an NTUPLE variable for CMSNANO
         tightId is an NTUPLE variable for CMSNANO
  pfRelIso04_all is an NTUPLE variable for CMSNANO
  Parsing finished.==
We have 32 CutLang Cuts, 13 CutLang objects and 0 Bins
TRGe:1  TRGm:0
 => 5 BP_6
End of analysis initialization
number of entries 2000
starting entry 0
Processing event 0
Efficiencies for analysis : BP_1
						presel	Based on 2000 events:
                                                               ALL :      1 +-         0 evt:     2000
                                                   size(jets) >= 6 :  0.978 +-   0.00328 evt:     1956
                                                  size(bjets) >= 4 : 0.9177 +-   0.00621 evt:     1795
                                                  pT(jets[5]) > 40 : 0.4735 +-    0.0118 evt:      850
                                                size(leptons) == 0 : 0.6906 +-    0.0159 evt:      587
					 --> Overall efficiency	 =   29.3 % +-   1.02 %
Bins for analysis : BP_1
saving...	saved.
BP_1 finalized.
Efficiencies for analysis : BP_2
						baselineForHTHisto	Based on 2000 events:
                                                               ALL :      1 +-         0 evt:     2000
                                                   size(jets) >= 6 :  0.978 +-   0.00328 evt:     1956
                                                  size(bjets) >= 4 : 0.9177 +-   0.00621 evt:     1795
                                                  pT(jets[5]) > 40 : 0.4735 +-    0.0118 evt:      850
                                                size(leptons) == 0 : 0.6906 +-    0.0159 evt:      587
                                           [Histo] jetHTbeforeHTCu :      1 +-         0 evt:      587
                                                          HT > 500 : 0.7206 +-    0.0185 evt:      423
                                            [Histo] jetHTafterHTCu :      1 +-         0 evt:      423
					 --> Overall efficiency	 =   21.1 % +-  0.913 %
Bins for analysis : BP_2
saving...	saved.
BP_2 finalized.
Efficiencies for analysis : BP_3
						baselineForWHisto	Based on 2000 events:
                                                               ALL :      1 +-         0 evt:     2000
                                                   size(jets) >= 6 :  0.978 +-   0.00328 evt:     1956
                                                  size(bjets) >= 4 : 0.9177 +-   0.00621 evt:     1795
                                                  pT(jets[5]) > 40 : 0.4735 +-    0.0118 evt:      850
                                                size(leptons) == 0 : 0.6906 +-    0.0159 evt:      587
                                                          HT > 500 : 0.7206 +-    0.0185 evt:      423
                                              size(lightjets) >= 2 : 0.9976 +-   0.00236 evt:      422
                                                 m(Wcand) ~= 80.37 :      1 +-         0 evt:      422
                                                    [Histo] hmWcan :      1 +-         0 evt:      422
					 --> Overall efficiency	 =   21.1 % +-  0.912 %
Bins for analysis : BP_3
saving...	saved.
BP_3 finalized.
Efficiencies for analysis : BP_4
						baseline	Based on 2000 events:
                                                               ALL :      1 +-         0 evt:     2000
                                                   size(jets) >= 6 :  0.978 +-   0.00328 evt:     1956
                                                  size(bjets) >= 4 : 0.9177 +-   0.00621 evt:     1795
                                                  pT(jets[5]) > 40 : 0.4735 +-    0.0118 evt:      850
                                                size(leptons) == 0 : 0.6906 +-    0.0159 evt:      587
                                                          HT > 500 : 0.7206 +-    0.0185 evt:      423
                                              size(lightjets) >= 2 : 0.9976 +-   0.00236 evt:      422
                                                 m(Wcand) ~= 80.37 :      1 +-         0 evt:      422
                                                m(Wcand) [] 30 250 : 0.9455 +-    0.0111 evt:      399
					 --> Overall efficiency	 =     20 % +-  0.894 %
Bins for analysis : BP_4
saving...	saved.
BP_4 finalized.
Efficiencies for analysis : BP_5
						baselineHistos	Based on 2000 events:
                                                               ALL :      1 +-         0 evt:     2000
                                                   size(jets) >= 6 :  0.978 +-   0.00328 evt:     1956
                                                  size(bjets) >= 4 : 0.9177 +-   0.00621 evt:     1795
                                                  pT(jets[5]) > 40 : 0.4735 +-    0.0118 evt:      850
                                                size(leptons) == 0 : 0.6906 +-    0.0159 evt:      587
                                                          HT > 500 : 0.7206 +-    0.0185 evt:      423
                                              size(lightjets) >= 2 : 0.9976 +-   0.00236 evt:      422
                                                 m(Wcand) ~= 80.37 :      1 +-         0 evt:      422
                                                m(Wcand) [] 30 250 : 0.9455 +-    0.0111 evt:      399
                                               [Histo] histo_njets :      1 +-         0 evt:      399
                                              [Histo] histo_nbjets :      1 +-         0 evt:      399
                                              [Histo] histo_nljets :      1 +-         0 evt:      399
                                                  [Histo] hjet01pt :      1 +-         0 evt:      399
                                                  [Histo] hjet02pt :      1 +-         0 evt:      399
                                                  [Histo] hjet03pt :      1 +-         0 evt:      399
                                                  [Histo] hjet04pt :      1 +-         0 evt:      399
                                                  [Histo] hjet05pt :      1 +-         0 evt:      399
                                                  [Histo] hjet06pt :      1 +-         0 evt:      399
                                                  [Histo] hjet01et :      1 +-         0 evt:      399
                                                  [Histo] hjet02et :      1 +-         0 evt:      399
                                                  [Histo] hjet03et :      1 +-         0 evt:      399
                                                  [Histo] hjet04et :      1 +-         0 evt:      399
                                                  [Histo] hjet05et :      1 +-         0 evt:      399
                                                  [Histo] hjet06et :      1 +-         0 evt:      399
                                                      [Histo] jetH :      1 +-         0 evt:      399
                                                     [Histo] jetBH :      1 +-         0 evt:      399
					 --> Overall efficiency	 =     20 % +-  0.894 %
Bins for analysis : BP_5
saving...	saved.
BP_5 finalized.
Efficiencies for analysis : BP_6
						channelChi2	Based on 2000 events:
                                                               ALL :      1 +-         0 evt:     2000
                                                   size(jets) >= 6 :  0.978 +-   0.00328 evt:     1956
                                                  size(bjets) >= 4 : 0.9177 +-   0.00621 evt:     1795
                                                  pT(jets[5]) > 40 : 0.4735 +-    0.0118 evt:      850
                                                size(leptons) == 0 : 0.6906 +-    0.0159 evt:      587
                                                          HT > 500 : 0.7206 +-    0.0185 evt:      423
                                              size(lightjets) >= 2 : 0.9976 +-   0.00236 evt:      422
                                                 m(Wcand) ~= 80.37 :      1 +-         0 evt:      422
                                                m(Wcand) [] 30 250 : 0.9455 +-    0.0111 evt:      399
                                                  size(bjets) >= 4 :      1 +-         0 evt:      399
                                                       chi2HH ~= 0 :      1 +-         0 evt:      399
                                               [Histo] histo_njets :      1 +-         0 evt:      399
                                              [Histo] histo_nbjets :      1 +-         0 evt:      399
                                              [Histo] histo_nljets :      1 +-         0 evt:      399
                                                  [Histo] hjet01pt :      1 +-         0 evt:      399
                                                  [Histo] hjet02pt :      1 +-         0 evt:      399
                                                  [Histo] hjet03pt :      1 +-         0 evt:      399
                                                  [Histo] hjet04pt :      1 +-         0 evt:      399
                                                  [Histo] hjet05pt :      1 +-         0 evt:      399
                                                  [Histo] hjet06pt :      1 +-         0 evt:      399
                                                  [Histo] hjet01et :      1 +-         0 evt:      399
                                                  [Histo] hjet02et :      1 +-         0 evt:      399
                                                  [Histo] hjet03et :      1 +-         0 evt:      399
                                                  [Histo] hjet04et :      1 +-         0 evt:      399
                                                  [Histo] hjet05et :      1 +-         0 evt:      399
                                                  [Histo] hjet06et :      1 +-         0 evt:      399
                                                      [Histo] jetH :      1 +-         0 evt:      399
                                                     [Histo] jetBH :      1 +-         0 evt:      399
                                                    [Histo] hchi2H :      1 +-         0 evt:      399
                                                    [Histo] hmH1cn :      1 +-         0 evt:      399
                                                    [Histo] hmH2cn :      1 +-         0 evt:      399
[Save] ttHHcsv csv pT(jets[0]) pT(jets[1]) pT(jets[2]) pT(jets[3]) :      1 +-         0 evt:      399
					 --> Overall efficiency	 =     20 % +-  0.894 %
Bins for analysis : BP_6
saving...	saved.
BP_6 finalized.
finished.
input file Closed.
end CLA single. Output file:  histoOut-ttHH_had_v2_6.root
